*[name]tree[x]41[z]1[height]1.4[diam]1.4
*[name]tree[x]43[z]1[height]2.5[diam]2.1
*[name]tree[x]45[z]1[height]1.0[diam]0.9
*[name]tree[x]47[z]1[height]1.5[diam]1.4
*[name]tree_barren[x]17[z]2[height]2.9[diam]2.8
*[name]tree[x]34[z]2[height]1.8[diam]1.4
*[name]flag[x]42[z]2[height]1.0[diam]1.0
*[name]tree[x]49[z]2[height]2.5[diam]2.4
*[name]flag[x]50[z]2[height]1.0[diam]1.0
*[name]tree[x]53[z]2[height]1.4[diam]1.3
*[name]tree_barren[x]56[z]2[height]2.9[diam]2.4
*[name]shrub[x]12[z]3[height]0.7[diam]0.7
*[name]tree[x]32[z]3[height]1.4[diam]1.1
*[name]flag[x]44[z]3[height]1.0[diam]1.0
*[name]flag[x]46[z]3[height]1.0[diam]1.0
*[name]flag[x]48[z]3[height]1.0[diam]1.0
*[name]tree_barren[x]77[z]3[height]2.4[diam]2.4
*[name]shrub[x]86[z]3[height]1.2[diam]1.1
*[name]shrub[x]22[z]4[height]0.3[diam]0.3
*[name]tree[x]35[z]4[height]2.1[diam]1.7
*[name]flag[x]40[z]4[height]1.0[diam]1.0
*[name]tree[x]43[z]4[height]1.0[diam]0.7
*[name]tree[x]56[z]4[height]1.1[diam]0.9
*[name]tree[x]58[z]4[height]1.7[diam]1.4
*[name]flag[x]39[z]5[height]1.0[diam]1.0
*[name]flag[x]41[z]5[height]1.0[diam]1.0
*[name]tree[x]50[z]5[height]2.2[diam]1.6
*[name]flag[x]51[z]5[height]1.0[diam]1.0
*[name]tree[x]53[z]5[height]1.2[diam]1.2
*[name]shrub[x]69[z]5[height]1.1[diam]1.0
*[name]tree[x]32[z]6[height]2.4[diam]2.3
*[name]tree_barren[x]34[z]6[height]2.6[diam]2.1
*[name]tree[x]37[z]6[height]1.4[diam]1.3
*[name]finish[x]45[z]6[height]6.0[diam]9.0
*[name]flag[x]54[z]7[height]1.0[diam]1.0
*[name]tree[x]56[z]7[height]2.1[diam]2.0
*[name]tree[x]7[z]8[height]1.8[diam]1.4
*[name]tree[x]17[z]8[height]2.4[diam]2.0
*[name]tree[x]33[z]8[height]1.0[diam]1.0
*[name]flag[x]38[z]8[height]1.0[diam]1.0
*[name]flag[x]51[z]8[height]1.0[diam]1.0
*[name]tree[x]58[z]8[height]1.0[diam]0.8
*[name]tree_barren[x]22[z]9[height]2.2[diam]2.2
*[name]tree[x]29[z]9[height]1.7[diam]1.6
*[name]tree[x]31[z]9[height]0.9[diam]0.9
*[name]shrub[x]51[z]9[height]0.3[diam]0.3
*[name]tree[x]61[z]9[height]1.2[diam]1.2
*[name]shrub[x]38[z]10[height]1.0[diam]0.9
*[name]tree[x]63[z]10[height]1.9[diam]1.7
*[name]tree[x]27[z]11[height]1.8[diam]1.6
*[name]tree_barren[x]34[z]11[height]1.6[diam]1.4
*[name]flag[x]38[z]11[height]1.0[diam]1.0
*[name]flag[x]53[z]11[height]1.0[diam]1.0
*[name]shrub[x]54[z]11[height]0.3[diam]0.3
*[name]tree[x]80[z]11[height]1.1[diam]1.0
*[name]tree_barren[x]85[z]11[height]2.3[diam]2.2
*[name]shrub[x]3[z]12[height]0.4[diam]0.3
*[name]tree[x]37[z]12[height]1.1[diam]0.9
*[name]tree[x]57[z]12[height]1.7[diam]1.5
*[name]tree_barren[x]59[z]12[height]2.0[diam]1.6
*[name]tree[x]12[z]13[height]1.5[diam]1.1
*[name]tree[x]33[z]13[height]0.7[diam]0.7
*[name]tree[x]57[z]13[height]2.5[diam]1.8
*[name]tree[x]60[z]13[height]1.2[diam]1.0
*[name]tree[x]61[z]13[height]2.4[diam]1.7
*[name]tree[x]72[z]13[height]2.5[diam]2.2
*[name]tree[x]27[z]14[height]1.8[diam]1.6
*[name]tree[x]29[z]14[height]1.1[diam]0.8
*[name]shrub[x]34[z]14[height]0.4[diam]0.3
*[name]flag[x]39[z]14[height]1.0[diam]1.0
*[name]flag[x]51[z]14[height]1.0[diam]1.0
*[name]tree[x]63[z]14[height]2.2[diam]1.8
*[name]tree[x]64[z]14[height]0.9[diam]0.8
*[name]tree[x]72[z]14[height]1.0[diam]0.8
*[name]tree[x]56[z]15[height]0.9[diam]0.8
*[name]tree[x]37[z]16[height]1.6[diam]1.5
*[name]tree[x]60[z]16[height]2.4[diam]1.8
*[name]shrub[x]20[z]17[height]1.2[diam]1.0
*[name]tree[x]24[z]17[height]1.0[diam]0.8
*[name]tree[x]31[z]17[height]0.7[diam]0.5
*[name]tree[x]54[z]17[height]0.9[diam]0.7
*[name]tree[x]62[z]17[height]1.6[diam]1.2
*[name]tree[x]82[z]17[height]1.3[diam]1.1
*[name]shrub[x]88[z]17[height]0.9[diam]0.9
*[name]tree[x]24[z]18[height]0.9[diam]0.9
*[name]tree[x]57[z]18[height]2.5[diam]1.9
*[name]tree[x]58[z]18[height]1.1[diam]1.1
*[name]tree[x]27[z]19[height]1.7[diam]1.4
*[name]tree[x]34[z]19[height]1.2[diam]1.2
*[name]flag[x]39[z]19[height]1.0[diam]1.0
*[name]flag[x]49[z]19[height]1.0[diam]1.0
*[name]tree[x]56[z]19[height]1.9[diam]1.6
*[name]tree[x]62[z]19[height]1.2[diam]0.9
*[name]tree[x]76[z]19[height]1.1[diam]0.9
*[name]tree[x]28[z]20[height]1.1[diam]0.9
*[name]shrub[x]52[z]20[height]0.9[diam]0.8
*[name]shrub[x]68[z]20[height]0.6[diam]0.5
*[name]shrub[x]72[z]20[height]0.9[diam]0.8
*[name]tree[x]76[z]20[height]0.7[diam]0.6
*[name]tree[x]23[z]21[height]1.5[diam]1.3
*[name]tree[x]28[z]21[height]2.0[diam]1.6
*[name]tree[x]32[z]21[height]1.4[diam]1.3
*[name]tree[x]36[z]21[height]0.8[diam]0.7
*[name]tree[x]37[z]21[height]0.9[diam]0.8
*[name]tree[x]60[z]21[height]1.0[diam]0.9
*[name]tree[x]23[z]22[height]2.1[diam]1.8
*[name]tree[x]32[z]22[height]1.7[diam]1.4
*[name]flag[x]40[z]22[height]1.0[diam]1.0
*[name]herring[x]44[z]22[height]1.0[diam]1.0
*[name]tree[x]56[z]22[height]2.5[diam]2.4
*[name]tree[x]64[z]22[height]1.8[diam]1.4
*[name]tree[x]34[z]23[height]0.8[diam]0.8
*[name]tree[x]57[z]23[height]1.6[diam]1.5
*[name]tree[x]63[z]23[height]1.3[diam]1.2
*[name]tree[x]5[z]24[height]1.6[diam]1.2
*[name]tree_barren[x]16[z]24[height]1.3[diam]1.1
*[name]tree[x]25[z]24[height]1.1[diam]1.0
*[name]tree[x]52[z]24[height]2.5[diam]1.8
*[name]tree[x]30[z]25[height]2.3[diam]1.9
*[name]tree[x]39[z]25[height]2.4[diam]2.4
*[name]herring[x]44[z]25[height]1.0[diam]1.0
*[name]flag[x]49[z]25[height]1.0[diam]1.0
*[name]tree[x]58[z]25[height]2.0[diam]1.5
*[name]tree[x]84[z]25[height]1.3[diam]1.3
*[name]tree[x]26[z]26[height]2.2[diam]1.7
*[name]tree[x]34[z]26[height]1.4[diam]1.2
*[name]flag[x]40[z]26[height]1.0[diam]1.0
*[name]tree[x]54[z]26[height]1.8[diam]1.5
*[name]tree[x]23[z]27[height]1.1[diam]0.8
*[name]tree[x]32[z]27[height]1.9[diam]1.5
*[name]shrub[x]51[z]27[height]0.5[diam]0.4
*[name]tree[x]61[z]27[height]0.9[diam]0.8
*[name]tree[x]72[z]27[height]2.4[diam]2.2
*[name]tree[x]27[z]28[height]1.7[diam]1.3
*[name]tree[x]36[z]28[height]1.1[diam]1.0
*[name]tree[x]37[z]28[height]2.3[diam]1.8
*[name]tree[x]38[z]28[height]2.2[diam]2.0
*[name]herring[x]44[z]28[height]1.0[diam]1.0
*[name]tree[x]57[z]28[height]1.8[diam]1.7
*[name]tree[x]34[z]29[height]2.1[diam]1.7
*[name]tree[x]64[z]29[height]2.2[diam]1.7
*[name]shrub[x]68[z]29[height]0.6[diam]0.5
*[name]flag[x]39[z]30[height]1.0[diam]1.0
*[name]tree[x]55[z]30[height]1.2[diam]1.1
*[name]tree[x]79[z]30[height]0.7[diam]0.7
*[name]tree_barren[x]24[z]31[height]1.0[diam]0.8
*[name]tree[x]29[z]31[height]1.1[diam]1.1
*[name]herring[x]44[z]31[height]1.0[diam]1.0
*[name]flag[x]48[z]31[height]1.0[diam]1.0
*[name]tree[x]79[z]31[height]1.8[diam]1.5
*[name]tree[x]29[z]32[height]2.4[diam]2.3
*[name]tree[x]33[z]32[height]2.5[diam]2.4
*[name]tree[x]37[z]32[height]1.5[diam]1.3
*[name]tree[x]50[z]32[height]0.8[diam]0.8
*[name]tree[x]67[z]32[height]1.3[diam]1.0
*[name]tree_barren[x]15[z]33[height]2.9[diam]2.2
*[name]tree_barren[x]27[z]33[height]2.5[diam]2.2
*[name]herring[x]44[z]33[height]1.0[diam]1.0
*[name]tree[x]63[z]33[height]2.4[diam]2.1
*[name]shrub[x]22[z]34[height]1.2[diam]1.1
*[name]tree[x]33[z]34[height]1.9[diam]1.5
*[name]tree_barren[x]57[z]34[height]1.8[diam]1.3
*[name]tree_barren[x]74[z]34[height]2.9[diam]2.5
*[name]shrub[x]5[z]35[height]1.2[diam]0.9
*[name]tree[x]33[z]35[height]2.2[diam]1.7
*[name]herring[x]44[z]35[height]1.0[diam]1.0
*[name]flag[x]48[z]35[height]1.0[diam]1.0
*[name]tree[x]51[z]35[height]2.3[diam]1.9
*[name]tree[x]53[z]35[height]2.0[diam]1.9
*[name]tree_barren[x]65[z]35[height]1.3[diam]1.2
*[name]tree[x]30[z]36[height]2.0[diam]1.9
*[name]tree[x]38[z]36[height]1.2[diam]1.1
*[name]flag[x]40[z]36[height]1.0[diam]1.0
*[name]tree[x]28[z]37[height]1.4[diam]1.3
*[name]shrub[x]34[z]37[height]1.1[diam]0.9
*[name]tree[x]57[z]37[height]2.2[diam]2.0
*[name]shrub[x]68[z]37[height]1.2[diam]1.1
*[name]tree[x]28[z]38[height]1.0[diam]1.0
*[name]tree_barren[x]59[z]38[height]2.0[diam]2.0
*[name]tree[x]64[z]38[height]0.9[diam]0.7
*[name]tree[x]85[z]38[height]2.4[diam]1.8
*[name]shrub[x]18[z]39[height]0.8[diam]0.8
*[name]shrub[x]38[z]39[height]0.5[diam]0.4
*[name]tree[x]50[z]39[height]1.0[diam]0.7
*[name]tree[x]55[z]39[height]2.1[diam]2.1
*[name]tree[x]24[z]40[height]2.3[diam]1.7
*[name]tree[x]27[z]40[height]1.8[diam]1.7
*[name]tree[x]34[z]40[height]2.1[diam]2.0
*[name]flag[x]48[z]40[height]1.0[diam]1.0
*[name]tree[x]52[z]40[height]1.6[diam]1.2
*[name]tree[x]29[z]41[height]1.7[diam]1.4
*[name]tree[x]36[z]41[height]1.7[diam]1.4
*[name]tree[x]51[z]41[height]0.7[diam]0.6
*[name]tree[x]56[z]41[height]1.0[diam]0.8
*[name]tree_barren[x]66[z]41[height]1.8[diam]1.7
*[name]tree[x]82[z]41[height]0.8[diam]0.8
*[name]tree_barren[x]11[z]42[height]2.5[diam]1.8
*[name]tree[x]32[z]42[height]2.0[diam]1.6
*[name]tree[x]39[z]42[height]2.4[diam]2.4
*[name]tree[x]54[z]42[height]1.9[diam]1.4
*[name]tree_barren[x]68[z]42[height]3.0[diam]2.5
*[name]tree[x]24[z]43[height]0.8[diam]0.7
*[name]tree[x]27[z]43[height]1.6[diam]1.4
*[name]tree[x]29[z]43[height]1.7[diam]1.3
*[name]flag[x]41[z]43[height]1.0[diam]1.0
*[name]tree[x]50[z]43[height]1.8[diam]1.3
*[name]tree_barren[x]55[z]43[height]1.8[diam]1.4
*[name]tree[x]36[z]44[height]1.5[diam]1.1
*[name]tree[x]39[z]44[height]1.9[diam]1.6
*[name]tree[x]62[z]44[height]1.8[diam]1.7
*[name]tree_barren[x]75[z]44[height]2.3[diam]1.7
*[name]tree_barren[x]21[z]45[height]2.2[diam]2.1
*[name]tree[x]53[z]45[height]1.9[diam]1.6
*[name]tree[x]57[z]45[height]2.2[diam]1.8
*[name]tree_barren[x]28[z]46[height]2.5[diam]2.4
*[name]tree_barren[x]33[z]46[height]1.5[diam]1.3
*[name]flag[x]50[z]46[height]1.0[diam]1.0
*[name]tree[x]29[z]47[height]2.4[diam]2.0
*[name]tree_barren[x]30[z]47[height]2.8[diam]2.0
*[name]tree[x]57[z]47[height]1.1[diam]0.9
*[name]tree[x]60[z]47[height]2.0[diam]1.9
*[name]tree[x]6[z]48[height]1.9[diam]1.5
*[name]shrub[x]16[z]48[height]1.1[diam]0.8
*[name]tree[x]26[z]48[height]1.7[diam]1.4
*[name]tree_barren[x]29[z]48[height]1.2[diam]0.9
*[name]tree_barren[x]32[z]48[height]2.6[diam]2.4
*[name]tree[x]40[z]48[height]0.9[diam]0.7
*[name]tree[x]54[z]48[height]2.3[diam]2.1
*[name]shrub[x]68[z]48[height]0.6[diam]0.5
*[name]tree[x]28[z]49[height]1.1[diam]0.8
*[name]tree_barren[x]33[z]49[height]3.0[diam]2.1
*[name]flag[x]41[z]49[height]1.0[diam]1.0
*[name]tree[x]63[z]49[height]2.4[diam]1.9
*[name]shrub[x]23[z]50[height]0.7[diam]0.7
*[name]tree[x]35[z]50[height]1.9[diam]1.5
*[name]tree[x]37[z]50[height]2.3[diam]2.3
*[name]tree[x]81[z]50[height]2.1[diam]1.8
*[name]tree_barren[x]29[z]51[height]2.4[diam]2.0
*[name]tree_barren[x]30[z]51[height]0.8[diam]0.7
*[name]tree_barren[x]32[z]51[height]2.1[diam]1.8
*[name]flag[x]55[z]51[height]1.0[diam]1.0
*[name]tree_barren[x]88[z]51[height]2.9[diam]2.7
*[name]tree[x]26[z]52[height]2.2[diam]2.1
*[name]tree[x]36[z]52[height]1.7[diam]1.7
*[name]tree[x]39[z]52[height]1.1[diam]0.9
*[name]tree[x]58[z]52[height]2.1[diam]1.8
*[name]tree_barren[x]74[z]52[height]0.8[diam]0.5
*[name]tree[x]28[z]53[height]1.9[diam]1.8
*[name]tree[x]60[z]53[height]0.7[diam]0.6
*[name]shrub[x]65[z]53[height]0.6[diam]0.5
*[name]tree[x]24[z]54[height]1.5[diam]1.5
*[name]tree_barren[x]31[z]54[height]2.7[diam]2.2
*[name]tree_barren[x]34[z]54[height]2.8[diam]2.5
*[name]tree[x]40[z]54[height]0.7[diam]0.6
*[name]flag[x]44[z]54[height]1.0[diam]1.0
*[name]tree[x]37[z]55[height]0.8[diam]0.6
*[name]flag[x]57[z]55[height]1.0[diam]1.0
*[name]tree[x]15[z]56[height]1.1[diam]1.0
*[name]tree_barren[x]30[z]56[height]2.2[diam]1.7
*[name]tree_barren[x]33[z]56[height]1.7[diam]1.5
*[name]tree[x]33[z]57[height]2.5[diam]1.8
*[name]tree[x]38[z]57[height]1.5[diam]1.2
*[name]shrub[x]73[z]57[height]0.7[diam]0.5
*[name]tree[x]26[z]58[height]2.1[diam]1.7
*[name]tree[x]28[z]58[height]1.1[diam]0.9
*[name]tree_barren[x]34[z]58[height]1.7[diam]1.4
*[name]tree_barren[x]37[z]58[height]0.8[diam]0.7
*[name]tree_barren[x]3[z]59[height]2.6[diam]2.2
*[name]tree[x]41[z]59[height]2.0[diam]1.9
*[name]tree_barren[x]44[z]59[height]2.7[diam]2.4
*[name]flag[x]47[z]60[height]1.0[diam]1.0
*[name]tree_barren[x]34[z]61[height]1.5[diam]1.5
*[name]herring[x]54[z]61[height]1.0[diam]1.0
*[name]flag[x]59[z]61[height]1.0[diam]1.0
*[name]tree[x]66[z]61[height]1.2[diam]1.0
*[name]tree[x]8[z]62[height]2.3[diam]2.0
*[name]shrub[x]21[z]62[height]0.4[diam]0.3
*[name]tree_barren[x]29[z]62[height]2.6[diam]2.3
*[name]tree_barren[x]32[z]62[height]0.8[diam]0.7
*[name]tree_barren[x]39[z]62[height]2.0[diam]1.7
*[name]tree[x]60[z]62[height]0.7[diam]0.7
*[name]shrub[x]86[z]62[height]0.9[diam]0.9
*[name]tree[x]26[z]63[height]1.5[diam]1.4
*[name]tree_barren[x]33[z]63[height]1.3[diam]1.3
*[name]tree_barren[x]38[z]63[height]1.3[diam]1.0
*[name]tree_barren[x]37[z]64[height]2.2[diam]1.6
*[name]tree[x]42[z]64[height]2.0[diam]1.6
*[name]tree[x]44[z]64[height]2.0[diam]1.8
*[name]flag[x]48[z]64[height]1.0[diam]1.0
*[name]tree[x]64[z]64[height]0.7[diam]0.6
*[name]tree[x]74[z]64[height]1.5[diam]1.2
*[name]tree_barren[x]30[z]66[height]1.9[diam]1.6
*[name]tree[x]31[z]66[height]2.5[diam]2.2
*[name]tree_barren[x]33[z]66[height]2.7[diam]2.6
*[name]tree[x]40[z]66[height]0.9[diam]0.9
*[name]tree[x]13[z]67[height]1.8[diam]1.7
*[name]shrub[x]17[z]67[height]0.6[diam]0.6
*[name]tree[x]24[z]67[height]1.9[diam]1.4
*[name]flag[x]59[z]67[height]1.0[diam]1.0
*[name]tree[x]61[z]67[height]1.6[diam]1.2
*[name]tree[x]28[z]68[height]2.4[diam]2.3
*[name]tree[x]36[z]68[height]0.7[diam]0.5
*[name]tree[x]42[z]68[height]0.7[diam]0.6
*[name]flag[x]46[z]68[height]1.0[diam]1.0
*[name]tree[x]79[z]68[height]1.1[diam]1.0
*[name]tree[x]38[z]69[height]0.8[diam]0.8
*[name]tree[x]39[z]69[height]1.2[diam]0.9
*[name]tree[x]59[z]69[height]0.8[diam]0.8
*[name]shrub[x]66[z]69[height]0.8[diam]0.7
*[name]tree_barren[x]33[z]70[height]1.0[diam]0.9
*[name]shrub[x]56[z]70[height]0.5[diam]0.4
*[name]flag[x]56[z]71[height]1.0[diam]1.0
*[name]tree[x]25[z]72[height]1.3[diam]1.0
*[name]tree[x]31[z]72[height]2.3[diam]2.3
*[name]tree[x]35[z]72[height]0.8[diam]0.7
*[name]tree[x]39[z]72[height]1.9[diam]1.8
*[name]flag[x]43[z]72[height]1.0[diam]1.0
*[name]tree[x]61[z]72[height]1.1[diam]0.9
*[name]shrub[x]27[z]73[height]1.2[diam]0.9
*[name]shrub[x]38[z]73[height]1.2[diam]0.8
*[name]flag[x]55[z]73[height]1.0[diam]1.0
*[name]tree[x]4[z]74[height]1.4[diam]1.4
*[name]tree[x]20[z]74[height]2.0[diam]1.8
*[name]tree[x]31[z]74[height]2.0[diam]1.8
*[name]tree[x]60[z]74[height]1.9[diam]1.4
*[name]tree[x]29[z]75[height]2.4[diam]2.2
*[name]tree[x]34[z]75[height]2.1[diam]1.8
*[name]tree[x]36[z]75[height]1.4[diam]1.3
*[name]flag[x]40[z]75[height]1.0[diam]1.0
*[name]tree_barren[x]66[z]75[height]0.8[diam]0.7
*[name]tree[x]74[z]75[height]2.4[diam]1.9
*[name]flag[x]53[z]76[height]1.0[diam]1.0
*[name]tree[x]28[z]77[height]0.7[diam]0.7
*[name]flag[x]38[z]77[height]1.0[diam]1.0
*[name]tree[x]56[z]77[height]1.2[diam]0.9
*[name]tree[x]32[z]78[height]0.7[diam]0.7
*[name]shrub[x]35[z]78[height]0.3[diam]0.2
*[name]herring[x]45[z]78[height]1.0[diam]1.0
*[name]flag[x]51[z]78[height]1.0[diam]1.0
*[name]tree[x]60[z]78[height]0.9[diam]0.9
*[name]tree[x]64[z]78[height]1.7[diam]1.3
*[name]tree[x]32[z]79[height]0.6[diam]0.6
*[name]flag[x]36[z]79[height]1.0[diam]1.0
*[name]tree[x]57[z]79[height]0.8[diam]0.7
*[name]shrub[x]86[z]79[height]0.9[diam]0.9
*[name]tree[x]52[z]80[height]1.6[diam]1.3
*[name]tree[x]12[z]81[height]2.2[diam]1.8
*[name]tree[x]24[z]81[height]0.8[diam]0.8
*[name]flag[x]34[z]81[height]1.0[diam]1.0
*[name]flag[x]48[z]81[height]1.0[diam]1.0
*[name]tree[x]54[z]81[height]2.4[diam]2.0
*[name]tree[x]61[z]81[height]1.6[diam]1.6
*[name]tree[x]28[z]82[height]0.9[diam]0.8
*[name]shrub[x]68[z]82[height]0.5[diam]0.4
*[name]tree[x]28[z]83[height]1.2[diam]1.0
*[name]flag[x]32[z]83[height]1.0[diam]1.0
*[name]tree[x]52[z]83[height]1.4[diam]1.1
*[name]tree[x]56[z]83[height]1.7[diam]1.4
*[name]tree_barren[x]59[z]83[height]2.3[diam]2.1
*[name]flag[x]47[z]84[height]1.0[diam]1.0
*[name]flag[x]30[z]85[height]1.0[diam]1.0
*[name]tree[x]50[z]85[height]1.3[diam]1.0
*[name]tree_barren[x]61[z]85[height]2.6[diam]2.2
*[name]tree[x]64[z]85[height]1.0[diam]1.0
*[name]tree[x]53[z]86[height]0.8[diam]0.8
*[name]tree[x]26[z]87[height]2.0[diam]1.8
*[name]flag[x]45[z]87[height]1.0[diam]1.0
*[name]tree[x]56[z]87[height]1.1[diam]0.9
*[name]flag[x]30[z]88[height]1.0[diam]1.0
*[name]tree[x]49[z]88[height]0.7[diam]0.6
*[name]tree[x]70[z]88[height]1.0[diam]0.9
*[name]tree[x]80[z]88[height]2.2[diam]2.1
*[name]shrub[x]13[z]89[height]1.1[diam]0.8
*[name]shrub[x]20[z]89[height]0.5[diam]0.4
*[name]flag[x]44[z]89[height]1.0[diam]1.0
*[name]tree[x]55[z]89[height]1.1[diam]0.9
*[name]tree_barren[x]60[z]89[height]2.4[diam]2.2
*[name]tree_barren[x]63[z]89[height]2.6[diam]2.1
*[name]tree[x]81[z]89[height]0.6[diam]0.5
*[name]shrub[x]51[z]90[height]0.3[diam]0.3
*[name]tree[x]55[z]90[height]2.0[diam]1.9
*[name]tree[x]24[z]91[height]2.0[diam]2.0
*[name]flag[x]30[z]91[height]1.0[diam]1.0
*[name]tree[x]46[z]91[height]2.1[diam]2.0
*[name]tree_barren[x]49[z]91[height]2.6[diam]2.3
*[name]shrub[x]53[z]91[height]0.7[diam]0.5
*[name]tree_barren[x]56[z]91[height]0.9[diam]0.7
*[name]flag[x]42[z]92[height]1.0[diam]1.0
*[name]tree_barren[x]63[z]92[height]1.7[diam]1.3
*[name]shrub[x]51[z]93[height]0.7[diam]0.5
*[name]tree_barren[x]60[z]93[height]2.9[diam]2.3
*[name]shrub[x]65[z]93[height]0.6[diam]0.4
*[name]herring[x]36[z]94[height]1.0[diam]1.0
*[name]tree[x]43[z]94[height]1.6[diam]1.4
*[name]tree[x]46[z]94[height]1.8[diam]1.4
*[name]shrub[x]57[z]94[height]0.4[diam]0.4
*[name]shrub[x]25[z]95[height]0.8[diam]0.6
*[name]tree[x]29[z]95[height]2.3[diam]2.1
*[name]flag[x]31[z]95[height]1.0[diam]1.0
*[name]tree[x]49[z]95[height]1.6[diam]1.5
*[name]tree_barren[x]54[z]95[height]1.7[diam]1.3
*[name]tree_barren[x]61[z]95[height]2.1[diam]1.6
*[name]flag[x]32[z]96[height]1.0[diam]1.0
*[name]tree[x]11[z]97[height]0.8[diam]0.7
*[name]tree_barren[x]28[z]97[height]2.3[diam]2.0
*[name]tree_barren[x]52[z]97[height]1.9[diam]1.7
*[name]tree_barren[x]60[z]97[height]3.0[diam]2.9
*[name]tree_barren[x]64[z]97[height]2.9[diam]2.4
*[name]tree[x]88[z]97[height]1.0[diam]1.0
*[name]tree[x]89[z]97[height]2.0[diam]1.8
*[name]flag[x]42[z]98[height]1.0[diam]1.0
*[name]tree_barren[x]44[z]98[height]0.8[diam]0.6
*[name]tree[x]47[z]98[height]0.8[diam]0.7
*[name]tree_barren[x]54[z]98[height]1.9[diam]1.5
*[name]tree_barren[x]58[z]98[height]0.9[diam]0.6
*[name]tree[x]77[z]98[height]1.4[diam]1.4
*[name]tree[x]26[z]99[height]1.8[diam]1.8
*[name]tree[x]5[z]100[height]1.8[diam]1.3
*[name]shrub[x]18[z]100[height]0.5[diam]0.4
*[name]shrub[x]32[z]100[height]0.5[diam]0.4
*[name]flag[x]43[z]100[height]1.0[diam]1.0
*[name]tree[x]49[z]100[height]1.8[diam]1.7
*[name]tree[x]50[z]100[height]2.3[diam]1.7
*[name]tree_barren[x]53[z]100[height]2.1[diam]2.0
*[name]tree_barren[x]55[z]100[height]0.9[diam]0.7
*[name]tree_barren[x]62[z]100[height]1.4[diam]1.1
*[name]tree[x]47[z]101[height]1.4[diam]1.0
*[name]tree_barren[x]57[z]101[height]2.6[diam]2.2
*[name]flag[x]45[z]102[height]1.0[diam]1.0
*[name]tree[x]50[z]102[height]1.1[diam]1.1
*[name]shrub[x]70[z]102[height]0.4[diam]0.3
*[name]tree[x]29[z]103[height]0.9[diam]0.7
*[name]flag[x]33[z]103[height]1.0[diam]1.0
*[name]tree[x]47[z]103[height]2.2[diam]2.0
*[name]tree[x]50[z]103[height]0.8[diam]0.7
*[name]tree[x]53[z]103[height]1.6[diam]1.4
*[name]tree_barren[x]57[z]103[height]1.9[diam]1.8
*[name]tree_barren[x]60[z]103[height]2.7[diam]2.5
*[name]tree_barren[x]62[z]103[height]0.9[diam]0.8
*[name]tree[x]70[z]103[height]1.8[diam]1.8
*[name]tree[x]16[z]104[height]1.8[diam]1.4
*[name]tree[x]47[z]104[height]2.1[diam]1.9
*[name]flag[x]46[z]105[height]1.0[diam]1.0
*[name]tree[x]26[z]106[height]2.1[diam]1.5
*[name]tree[x]49[z]106[height]2.4[diam]1.8
*[name]shrub[x]52[z]106[height]0.4[diam]0.4
*[name]shrub[x]56[z]106[height]0.9[diam]0.7
*[name]tree_barren[x]61[z]106[height]2.2[diam]2.0
*[name]flag[x]34[z]107[height]1.0[diam]1.0
*[name]tree[x]57[z]107[height]0.9[diam]0.9
*[name]tree_barren[x]60[z]107[height]2.6[diam]1.9
*[name]tree[x]79[z]107[height]1.3[diam]1.2
*[name]tree[x]31[z]108[height]1.6[diam]1.5
*[name]tree[x]32[z]108[height]1.7[diam]1.2
*[name]flag[x]48[z]108[height]1.0[diam]1.0
*[name]tree[x]53[z]108[height]1.7[diam]1.4
*[name]tree[x]62[z]108[height]2.1[diam]1.9
*[name]tree[x]28[z]109[height]2.4[diam]2.0
*[name]tree[x]51[z]109[height]1.8[diam]1.6
*[name]flag[x]36[z]110[height]1.0[diam]1.0
*[name]flag[x]49[z]110[height]1.0[diam]1.0
*[name]tree[x]61[z]110[height]1.8[diam]1.5
*[name]tree[x]33[z]111[height]1.0[diam]0.8
*[name]tree[x]53[z]111[height]1.6[diam]1.2
*[name]tree[x]55[z]111[height]1.8[diam]1.6
*[name]tree_barren[x]58[z]111[height]2.7[diam]2.2
*[name]tree[x]27[z]112[height]2.5[diam]2.1
*[name]tree[x]12[z]113[height]2.5[diam]1.9
*[name]flag[x]38[z]113[height]1.0[diam]1.0
*[name]flag[x]50[z]113[height]1.0[diam]1.0
*[name]tree[x]58[z]113[height]1.2[diam]1.1
*[name]tree[x]60[z]113[height]1.0[diam]0.9
*[name]tree[x]63[z]113[height]1.9[diam]1.8
*[name]tree[x]31[z]114[height]1.5[diam]1.2
*[name]tree[x]70[z]114[height]2.1[diam]1.5
*[name]tree[x]29[z]115[height]2.0[diam]1.7
*[name]tree[x]54[z]115[height]2.0[diam]1.8
*[name]shrub[x]5[z]116[height]1.2[diam]1.0
*[name]tree[x]34[z]116[height]1.0[diam]0.9
*[name]herring[x]45[z]116[height]1.0[diam]1.0
*[name]shrub[x]56[z]116[height]1.0[diam]0.8
*[name]shrub[x]64[z]116[height]0.3[diam]0.3
*[name]tree[x]19[z]117[height]1.6[diam]1.5
*[name]shrub[x]25[z]117[height]1.1[diam]0.9
*[name]shrub[x]37[z]117[height]1.1[diam]1.1
*[name]flag[x]38[z]117[height]1.0[diam]1.0
*[name]flag[x]39[z]117[height]1.0[diam]1.0
*[name]flag[x]53[z]117[height]1.0[diam]1.0
*[name]tree[x]61[z]117[height]2.4[diam]2.3
*[name]tree[x]27[z]118[height]0.7[diam]0.5
*[name]tree[x]32[z]118[height]2.0[diam]1.5
*[name]tree[x]81[z]118[height]2.2[diam]1.9
*[name]tree[x]64[z]119[height]2.4[diam]1.9
*[name]tree[x]81[z]119[height]1.9[diam]1.8
*[name]flag[x]41[z]120[height]1.0[diam]1.0
*[name]flag[x]54[z]120[height]1.0[diam]1.0
*[name]tree_barren[x]61[z]120[height]1.7[diam]1.4
*[name]shrub[x]67[z]120[height]0.5[diam]0.4
*[name]tree[x]29[z]121[height]0.8[diam]0.6
*[name]shrub[x]34[z]121[height]0.7[diam]0.6
*[name]tree[x]59[z]121[height]2.2[diam]1.7
*[name]tree[x]63[z]121[height]1.9[diam]1.9
*[name]tree[x]28[z]122[height]1.7[diam]1.3
*[name]tree[x]32[z]122[height]1.6[diam]1.4
*[name]tree[x]38[z]122[height]1.8[diam]1.5
*[name]flag[x]43[z]123[height]1.0[diam]1.0
*[name]shrub[x]18[z]124[height]0.6[diam]0.6
*[name]tree[x]39[z]124[height]1.3[diam]1.1
*[name]flag[x]56[z]124[height]1.0[diam]1.0
*[name]tree[x]61[z]124[height]2.1[diam]1.5
*[name]tree_barren[x]10[z]125[height]2.2[diam]2.0
*[name]tree[x]36[z]125[height]1.6[diam]1.4
*[name]tree[x]25[z]126[height]2.4[diam]1.9
*[name]tree[x]29[z]126[height]1.1[diam]0.9
*[name]tree[x]32[z]126[height]1.9[diam]1.6
*[name]flag[x]44[z]126[height]1.0[diam]1.0
*[name]tree[x]64[z]126[height]1.6[diam]1.5
*[name]tree[x]74[z]126[height]2.0[diam]2.0
*[name]tree[x]39[z]127[height]0.7[diam]0.6
*[name]flag[x]57[z]127[height]1.0[diam]1.0
*[name]tree[x]61[z]127[height]1.1[diam]1.0
*[name]tree[x]27[z]128[height]1.5[diam]1.4
*[name]tree[x]32[z]128[height]2.4[diam]2.4
*[name]tree[x]34[z]128[height]1.3[diam]1.1
*[name]tree_barren[x]44[z]128[height]1.7[diam]1.6
*[name]tree_barren[x]18[z]129[height]1.1[diam]1.0
*[name]tree[x]34[z]129[height]0.9[diam]0.8
*[name]tree[x]61[z]129[height]2.3[diam]2.1
*[name]tree[x]63[z]129[height]1.6[diam]1.4
*[name]tree[x]28[z]130[height]1.3[diam]1.1
*[name]tree[x]42[z]130[height]1.8[diam]1.6
*[name]flag[x]46[z]130[height]1.0[diam]1.0
*[name]herring[x]52[z]130[height]1.0[diam]1.0
*[name]tree_barren[x]66[z]130[height]2.7[diam]2.2
*[name]tree[x]22[z]131[height]0.9[diam]0.7
*[name]shrub[x]25[z]131[height]0.3[diam]0.3
*[name]tree[x]39[z]131[height]1.4[diam]1.0
*[name]flag[x]57[z]131[height]1.0[diam]1.0
*[name]tree[x]77[z]131[height]1.5[diam]1.4
*[name]tree[x]28[z]132[height]2.1[diam]2.1
*[name]tree[x]32[z]133[height]1.6[diam]1.5
*[name]tree_barren[x]34[z]133[height]2.7[diam]2.6
*[name]flag[x]47[z]133[height]1.0[diam]1.0
*[name]herring[x]52[z]133[height]1.0[diam]1.0
*[name]tree[x]61[z]133[height]1.3[diam]1.0
*[name]tree[x]64[z]133[height]1.7[diam]1.4
*[name]tree[x]27[z]134[height]0.8[diam]0.7
*[name]tree[x]43[z]134[height]1.4[diam]1.4
*[name]flag[x]57[z]134[height]1.0[diam]1.0
*[name]tree[x]7[z]135[height]1.5[diam]1.5
*[name]tree[x]31[z]135[height]1.4[diam]1.3
*[name]tree[x]34[z]135[height]1.5[diam]1.1
*[name]tree[x]25[z]136[height]1.4[diam]1.2
*[name]tree[x]29[z]136[height]1.2[diam]1.1
*[name]tree[x]38[z]136[height]2.0[diam]1.6
*[name]tree[x]40[z]136[height]1.5[diam]1.1
*[name]tree[x]60[z]136[height]1.4[diam]1.4
*[name]tree[x]63[z]136[height]2.1[diam]1.6
*[name]tree[x]22[z]137[height]2.2[diam]1.8
*[name]tree[x]38[z]137[height]0.6[diam]0.6
*[name]herring[x]52[z]137[height]1.0[diam]1.0
*[name]tree[x]17[z]138[height]0.9[diam]0.7
*[name]tree[x]28[z]138[height]0.7[diam]0.6
*[name]tree[x]33[z]138[height]2.2[diam]1.7
*[name]tree[x]43[z]138[height]1.3[diam]1.1
*[name]tree[x]62[z]138[height]0.8[diam]0.8
*[name]tree[x]70[z]138[height]1.0[diam]0.9
*[name]tree_barren[x]45[z]139[height]2.2[diam]2.0
*[name]flag[x]47[z]139[height]1.0[diam]1.0
*[name]flag[x]57[z]139[height]1.0[diam]1.0
*[name]shrub[x]76[z]139[height]0.8[diam]0.6
*[name]tree[x]61[z]140[height]0.6[diam]0.6
*[name]shrub[x]65[z]140[height]0.9[diam]0.8
*[name]tree[x]61[z]141[height]1.0[diam]0.8
*[name]shrub[x]27[z]142[height]1.1[diam]1.0
*[name]tree[x]36[z]142[height]0.8[diam]0.7
*[name]tree[x]41[z]142[height]2.3[diam]2.3
*[name]shrub[x]46[z]142[height]1.1[diam]1.1
*[name]herring[x]52[z]142[height]1.0[diam]1.0
*[name]flag[x]57[z]142[height]1.0[diam]1.0
*[name]tree_barren[x]24[z]143[height]2.3[diam]1.7
*[name]tree[x]29[z]143[height]1.1[diam]1.0
*[name]tree[x]32[z]143[height]2.0[diam]1.5
*[name]tree[x]42[z]143[height]2.3[diam]1.7
*[name]flag[x]47[z]143[height]1.0[diam]1.0
*[name]tree[x]63[z]143[height]1.3[diam]1.3
*[name]shrub[x]69[z]143[height]1.2[diam]1.0
*[name]tree[x]39[z]144[height]1.6[diam]1.4
*[name]tree[x]61[z]144[height]1.1[diam]0.8
*[name]flag[x]57[z]145[height]1.0[diam]1.0
*[name]shrub[x]85[z]145[height]0.9[diam]0.7
*[name]tree[x]14[z]146[height]2.3[diam]1.9
*[name]tree[x]39[z]146[height]0.6[diam]0.5
*[name]flag[x]46[z]146[height]1.0[diam]1.0
*[name]tree_barren[x]14[z]147[height]1.9[diam]1.8
*[name]tree_barren[x]24[z]147[height]2.5[diam]2.2
*[name]tree_barren[x]28[z]147[height]1.9[diam]1.7
*[name]tree[x]33[z]147[height]1.7[diam]1.4
*[name]tree[x]34[z]147[height]1.7[diam]1.3
*[name]tree[x]39[z]147[height]1.5[diam]1.5
*[name]tree[x]60[z]147[height]2.5[diam]1.9
*[name]tree[x]63[z]147[height]2.4[diam]2.3
*[name]tree_barren[x]66[z]147[height]1.6[diam]1.3
*[name]shrub[x]19[z]148[height]1.1[diam]0.9
*[name]flag[x]43[z]148[height]1.0[diam]1.0
*[name]flag[x]56[z]148[height]1.0[diam]1.0
*[name]tree[x]34[z]150[height]2.4[diam]1.9
*[name]tree[x]60[z]150[height]2.4[diam]1.9
*[name]tree[x]63[z]150[height]1.3[diam]1.2
*[name]tree_barren[x]29[z]151[height]1.8[diam]1.4
*[name]tree[x]38[z]151[height]0.7[diam]0.6
*[name]flag[x]41[z]151[height]1.0[diam]1.0
*[name]flag[x]55[z]151[height]1.0[diam]1.0
*[name]tree_barren[x]26[z]152[height]1.6[diam]1.4
*[name]tree_barren[x]21[z]153[height]1.5[diam]1.1
*[name]tree[x]31[z]153[height]0.9[diam]0.9
*[name]tree[x]61[z]153[height]2.2[diam]2.0
*[name]tree[x]74[z]153[height]1.1[diam]0.9
*[name]tree_barren[x]32[z]154[height]2.9[diam]2.7
*[name]tree_barren[x]35[z]154[height]1.2[diam]1.2
*[name]flag[x]38[z]154[height]1.0[diam]1.0
*[name]flag[x]52[z]155[height]1.0[diam]1.0
*[name]tree[x]28[z]156[height]0.6[diam]0.5
*[name]shrub[x]33[z]156[height]1.0[diam]0.8
*[name]flag[x]37[z]156[height]1.0[diam]1.0
*[name]tree[x]82[z]156[height]1.5[diam]1.4
*[name]shrub[x]24[z]157[height]0.9[diam]0.8
*[name]tree[x]35[z]157[height]2.4[diam]2.2
*[name]tree[x]60[z]157[height]1.8[diam]1.4
*[name]tree[x]63[z]157[height]1.3[diam]0.9
*[name]tree[x]82[z]157[height]1.7[diam]1.4
*[name]tree_barren[x]28[z]158[height]2.0[diam]2.0
*[name]flag[x]49[z]158[height]1.0[diam]1.0
*[name]shrub[x]75[z]158[height]1.2[diam]1.1
*[name]tree[x]32[z]159[height]0.9[diam]0.7
*[name]flag[x]35[z]159[height]1.0[diam]1.0
*[name]tree[x]61[z]160[height]2.0[diam]2.0
*[name]tree[x]26[z]161[height]2.1[diam]2.1
*[name]flag[x]47[z]161[height]1.0[diam]1.0
*[name]tree_barren[x]5[z]162[height]1.5[diam]1.4
*[name]shrub[x]19[z]162[height]1.0[diam]0.8
*[name]tree[x]32[z]162[height]1.9[diam]1.8
*[name]tree[x]60[z]162[height]1.9[diam]1.6
*[name]tree_barren[x]24[z]163[height]1.0[diam]0.8
*[name]flag[x]44[z]163[height]1.0[diam]1.0
*[name]tree[x]63[z]163[height]0.8[diam]0.7
*[name]tree[x]60[z]164[height]1.7[diam]1.2
*[name]tree[x]28[z]165[height]1.6[diam]1.2
*[name]flag[x]32[z]165[height]1.0[diam]1.0
*[name]flag[x]41[z]165[height]1.0[diam]1.0
*[name]tree[x]86[z]165[height]1.3[diam]1.3
*[name]herring[x]35[z]166[height]1.0[diam]1.0
*[name]flag[x]39[z]166[height]1.0[diam]1.0
*[name]tree_barren[x]57[z]166[height]1.3[diam]1.3
*[name]tree_barren[x]62[z]166[height]1.4[diam]1.3
*[name]shrub[x]68[z]166[height]1.1[diam]0.9
*[name]tree_barren[x]28[z]167[height]2.2[diam]1.6
*[name]tree[x]51[z]167[height]1.2[diam]1.0
*[name]tree_barren[x]60[z]167[height]0.8[diam]0.6
*[name]tree[x]47[z]168[height]1.3[diam]1.1
*[name]tree[x]27[z]169[height]2.2[diam]1.7
*[name]tree_barren[x]60[z]169[height]2.7[diam]2.4
*[name]tree[x]74[z]169[height]2.3[diam]2.0
*[name]tree[x]8[z]170[height]2.5[diam]1.8
*[name]tree[x]29[z]170[height]2.0[diam]1.5
*[name]tree_barren[x]63[z]170[height]2.7[diam]2.2
*[name]shrub[x]29[z]171[height]0.4[diam]0.3
*[name]tree[x]44[z]171[height]1.5[diam]1.3
*[name]tree_barren[x]61[z]171[height]1.4[diam]1.2
*[name]tree[x]21[z]172[height]1.4[diam]1.2
*[name]flag[x]32[z]172[height]1.0[diam]1.0
*[name]herring[x]35[z]172[height]1.0[diam]1.0
*[name]flag[x]38[z]172[height]1.0[diam]1.0
*[name]shrub[x]54[z]172[height]0.7[diam]0.6
*[name]tree_barren[x]65[z]172[height]2.5[diam]1.9
*[name]tree[x]47[z]173[height]1.5[diam]1.1
*[name]tree_barren[x]63[z]173[height]2.0[diam]1.7
*[name]tree_barren[x]87[z]173[height]1.2[diam]1.1
*[name]tree[x]29[z]174[height]2.2[diam]1.6
*[name]tree_barren[x]57[z]174[height]0.9[diam]0.8
*[name]tree_barren[x]60[z]174[height]2.1[diam]2.0
*[name]tree[x]69[z]174[height]1.2[diam]1.0
*[name]tree[x]41[z]175[height]2.5[diam]1.8
*[name]tree_barren[x]52[z]175[height]2.2[diam]2.1
*[name]shrub[x]55[z]175[height]0.6[diam]0.5
*[name]tree_barren[x]61[z]176[height]1.3[diam]1.2
*[name]tree_barren[x]63[z]176[height]1.3[diam]1.1
*[name]tree[x]82[z]176[height]1.6[diam]1.4
*[name]tree_barren[x]27[z]177[height]0.9[diam]0.9
*[name]tree_barren[x]45[z]178[height]0.8[diam]0.8
*[name]tree_barren[x]47[z]178[height]1.1[diam]0.9
*[name]tree_barren[x]52[z]178[height]2.7[diam]2.5
*[name]tree_barren[x]62[z]178[height]2.9[diam]2.2
*[name]tree[x]25[z]179[height]1.8[diam]1.7
*[name]flag[x]31[z]179[height]1.0[diam]1.0
*[name]herring[x]35[z]179[height]1.0[diam]1.0
*[name]flag[x]39[z]179[height]1.0[diam]1.0
*[name]shrub[x]66[z]179[height]0.4[diam]0.4
*[name]tree_barren[x]57[z]180[height]1.9[diam]1.8
*[name]tree[x]60[z]180[height]1.8[diam]1.7
*[name]tree[x]62[z]180[height]1.2[diam]1.0
*[name]shrub[x]14[z]181[height]1.1[diam]1.0
*[name]tree_barren[x]62[z]181[height]1.7[diam]1.3
*[name]tree_barren[x]45[z]182[height]2.4[diam]2.2
*[name]tree_barren[x]50[z]182[height]2.8[diam]2.8
*[name]tree_barren[x]61[z]182[height]1.2[diam]1.0
*[name]shrub[x]75[z]182[height]0.9[diam]0.7
*[name]tree[x]28[z]183[height]1.4[diam]1.3
*[name]shrub[x]24[z]184[height]0.3[diam]0.3
*[name]flag[x]31[z]184[height]1.0[diam]1.0
*[name]flag[x]39[z]184[height]1.0[diam]1.0
*[name]tree_barren[x]47[z]184[height]1.1[diam]1.1
*[name]tree[x]62[z]184[height]1.1[diam]0.9
*[name]shrub[x]84[z]184[height]1.2[diam]1.2
*[name]tree_barren[x]28[z]185[height]2.9[diam]2.2
*[name]herring[x]35[z]185[height]1.0[diam]1.0
*[name]tree_barren[x]53[z]185[height]2.0[diam]1.7
*[name]tree[x]61[z]185[height]2.2[diam]1.7
*[name]tree[x]26[z]187[height]1.2[diam]0.9
*[name]tree[x]47[z]187[height]2.1[diam]1.6
*[name]tree[x]49[z]187[height]0.8[diam]0.6
*[name]tree[x]56[z]187[height]1.2[diam]1.1
*[name]tree[x]44[z]188[height]2.3[diam]1.8
*[name]tree[x]54[z]188[height]2.0[diam]1.5
*[name]tree[x]64[z]188[height]1.8[diam]1.5
*[name]flag[x]31[z]189[height]1.0[diam]1.0
*[name]flag[x]39[z]189[height]1.0[diam]1.0
*[name]tree[x]56[z]189[height]1.2[diam]0.9
*[name]shrub[x]71[z]189[height]0.4[diam]0.3
*[name]tree[x]76[z]189[height]1.8[diam]1.4
*[name]tree[x]29[z]190[height]1.2[diam]1.2
*[name]herring[x]35[z]190[height]1.0[diam]1.0
*[name]tree[x]51[z]190[height]1.4[diam]1.1
*[name]tree_barren[x]58[z]190[height]2.6[diam]2.1
*[name]tree[x]61[z]190[height]1.4[diam]1.2
*[name]tree[x]48[z]191[height]2.2[diam]1.7
*[name]tree[x]54[z]191[height]1.6[diam]1.2
*[name]flag[x]42[z]192[height]1.0[diam]1.0
*[name]tree[x]56[z]192[height]1.3[diam]1.0
*[name]tree_barren[x]63[z]192[height]1.3[diam]1.1
*[name]shrub[x]18[z]193[height]0.8[diam]0.7
*[name]flag[x]31[z]193[height]1.0[diam]1.0
*[name]tree[x]47[z]193[height]1.0[diam]0.8
*[name]tree[x]61[z]193[height]2.0[diam]2.0
*[name]tree[x]26[z]194[height]1.5[diam]1.2
*[name]shrub[x]67[z]194[height]0.6[diam]0.6
*[name]tree_barren[x]24[z]195[height]1.8[diam]1.5
*[name]tree[x]26[z]195[height]0.9[diam]0.7
*[name]shrub[x]30[z]195[height]0.9[diam]0.8
*[name]flag[x]44[z]195[height]1.0[diam]1.0
*[name]shrub[x]50[z]195[height]0.3[diam]0.2
*[name]tree_barren[x]56[z]195[height]2.5[diam]2.4
*[name]flag[x]33[z]196[height]1.0[diam]1.0
*[name]tree[x]59[z]196[height]1.4[diam]1.1
*[name]tree[x]62[z]196[height]1.0[diam]0.8
*[name]shrub[x]7[z]197[height]0.7[diam]0.6
*[name]tree[x]23[z]197[height]1.3[diam]1.2
*[name]shrub[x]54[z]197[height]0.3[diam]0.3
*[name]tree_barren[x]84[z]197[height]1.3[diam]1.1
*[name]shrub[x]26[z]199[height]0.4[diam]0.3
*[name]tree[x]31[z]199[height]2.4[diam]2.3
*[name]flag[x]47[z]199[height]1.0[diam]1.0
*[name]tree[x]51[z]199[height]1.4[diam]1.1
*[name]tree[x]60[z]199[height]1.2[diam]1.1
*[name]tree_barren[x]63[z]199[height]1.2[diam]1.1
*[name]tree_barren[x]71[z]199[height]1.2[diam]1.0
*[name]tree[x]29[z]200[height]2.3[diam]2.2
*[name]tree[x]32[z]200[height]2.2[diam]2.1
*[name]flag[x]35[z]200[height]1.0[diam]1.0
*[name]tree_barren[x]56[z]200[height]2.9[diam]2.6
*[name]tree[x]62[z]200[height]2.1[diam]1.7
*[name]tree[x]63[z]200[height]2.1[diam]2.1
*[name]shrub[x]34[z]201[height]0.8[diam]0.6
*[name]tree[x]77[z]201[height]1.9[diam]1.9
*[name]tree[x]31[z]202[height]0.7[diam]0.7
*[name]flag[x]48[z]202[height]1.0[diam]1.0
*[name]tree[x]53[z]202[height]1.6[diam]1.3
*[name]tree[x]60[z]202[height]1.1[diam]1.0
*[name]tree[x]63[z]202[height]2.0[diam]1.5
*[name]tree_barren[x]15[z]203[height]1.9[diam]1.4
*[name]tree_barren[x]28[z]203[height]2.0[diam]1.9
*[name]flag[x]38[z]203[height]1.0[diam]1.0
*[name]tree[x]50[z]203[height]2.3[diam]2.1
*[name]tree[x]22[z]205[height]1.7[diam]1.2
*[name]tree_barren[x]28[z]205[height]1.0[diam]0.8
*[name]tree[x]34[z]205[height]2.5[diam]2.4
*[name]shrub[x]54[z]205[height]0.6[diam]0.6
*[name]tree[x]62[z]205[height]1.6[diam]1.2
*[name]shrub[x]80[z]205[height]0.6[diam]0.5
*[name]tree[x]31[z]206[height]0.7[diam]0.7
*[name]tree[x]36[z]206[height]1.7[diam]1.6
*[name]flag[x]40[z]206[height]1.0[diam]1.0
*[name]herring[x]44[z]206[height]1.0[diam]1.0
*[name]flag[x]48[z]206[height]1.0[diam]1.0
*[name]tree_barren[x]57[z]206[height]2.5[diam]2.3
*[name]tree[x]60[z]206[height]1.5[diam]1.2
*[name]tree[x]36[z]207[height]2.3[diam]2.2
*[name]tree[x]51[z]207[height]2.4[diam]2.1
*[name]shrub[x]69[z]207[height]1.1[diam]1.0
*[name]tree_barren[x]29[z]208[height]2.4[diam]2.1
*[name]tree_barren[x]7[z]209[height]1.3[diam]1.2
*[name]tree[x]33[z]209[height]1.1[diam]1.0
*[name]tree[x]37[z]209[height]2.0[diam]1.7
*[name]tree_barren[x]54[z]209[height]1.3[diam]1.2
*[name]tree_barren[x]61[z]209[height]1.4[diam]1.2
*[name]tree_barren[x]46[z]210[height]2.3[diam]2.1
*[name]tree[x]74[z]210[height]1.9[diam]1.9
*[name]shrub[x]83[z]210[height]0.4[diam]0.4
*[name]shrub[x]24[z]211[height]1.1[diam]1.0
*[name]tree_barren[x]29[z]211[height]1.8[diam]1.7
*[name]flag[x]40[z]211[height]1.0[diam]1.0
*[name]herring[x]44[z]211[height]1.0[diam]1.0
*[name]flag[x]48[z]211[height]1.0[diam]1.0
*[name]tree[x]51[z]211[height]1.2[diam]1.2
*[name]tree[x]55[z]211[height]2.4[diam]1.9
*[name]tree_barren[x]63[z]211[height]2.4[diam]2.3
*[name]tree_barren[x]87[z]211[height]2.7[diam]2.4
*[name]tree_barren[x]26[z]212[height]1.5[diam]1.4
*[name]tree[x]34[z]212[height]0.9[diam]0.8
*[name]tree_barren[x]61[z]212[height]1.3[diam]1.1
*[name]flag[x]29[z]213[height]1.0[diam]1.0
*[name]tree[x]39[z]213[height]1.4[diam]1.0
*[name]tree_barren[x]46[z]213[height]2.4[diam]2.2
*[name]tree_barren[x]63[z]213[height]2.4[diam]1.7
*[name]shrub[x]65[z]213[height]0.5[diam]0.4
*[name]tree_barren[x]28[z]214[height]2.6[diam]2.5
*[name]tree_barren[x]32[z]214[height]1.6[diam]1.6
*[name]tree_barren[x]53[z]214[height]2.1[diam]1.6
*[name]tree_barren[x]34[z]215[height]2.2[diam]1.6
*[name]flag[x]40[z]215[height]1.0[diam]1.0
*[name]herring[x]44[z]215[height]1.0[diam]1.0
*[name]flag[x]48[z]215[height]1.0[diam]1.0
*[name]tree_barren[x]60[z]215[height]2.8[diam]2.8
*[name]tree[x]79[z]215[height]0.7[diam]0.7
*[name]tree[x]12[z]216[height]1.0[diam]0.9
*[name]tree[x]46[z]216[height]2.0[diam]1.5
*[name]tree_barren[x]56[z]216[height]1.6[diam]1.2
*[name]tree[x]84[z]216[height]1.9[diam]1.6
*[name]shrub[x]26[z]217[height]0.9[diam]0.9
*[name]flag[x]29[z]217[height]1.0[diam]1.0
*[name]tree_barren[x]32[z]217[height]2.8[diam]2.1
*[name]tree[x]37[z]217[height]2.4[diam]2.1
*[name]shrub[x]19[z]218[height]0.9[diam]0.9
*[name]tree[x]46[z]218[height]1.9[diam]1.9
*[name]shrub[x]51[z]218[height]0.4[diam]0.3
*[name]tree_barren[x]60[z]218[height]2.5[diam]2.1
*[name]tree_barren[x]64[z]218[height]1.8[diam]1.4
*[name]tree_barren[x]34[z]219[height]2.4[diam]1.8
*[name]flag[x]40[z]219[height]1.0[diam]1.0
*[name]herring[x]44[z]219[height]1.0[diam]1.0
*[name]flag[x]48[z]219[height]1.0[diam]1.0
*[name]tree[x]57[z]219[height]1.4[diam]1.3
*[name]tree_barren[x]29[z]220[height]0.9[diam]0.8
*[name]shrub[x]46[z]220[height]0.7[diam]0.6
*[name]tree[x]61[z]220[height]1.0[diam]0.8
*[name]tree[x]69[z]220[height]1.2[diam]1.1
*[name]tree[x]38[z]221[height]1.2[diam]1.2
*[name]shrub[x]56[z]221[height]0.4[diam]0.3
*[name]shrub[x]74[z]221[height]1.1[diam]0.8
*[name]tree_barren[x]33[z]222[height]1.0[diam]0.9
*[name]flag[x]40[z]222[height]1.0[diam]1.0
*[name]shrub[x]46[z]222[height]1.0[diam]0.9
*[name]flag[x]48[z]222[height]1.0[diam]1.0
*[name]tree[x]60[z]222[height]1.6[diam]1.3
*[name]flag[x]29[z]223[height]1.0[diam]1.0
*[name]tree[x]35[z]223[height]2.0[diam]1.7
*[name]shrub[x]51[z]223[height]1.2[diam]1.0
*[name]tree[x]7[z]224[height]0.7[diam]0.6
*[name]flag[x]48[z]224[height]1.0[diam]1.0
*[name]shrub[x]22[z]225[height]1.1[diam]1.0
*[name]shrub[x]30[z]225[height]0.8[diam]0.6
*[name]shrub[x]37[z]225[height]0.7[diam]0.6
*[name]flag[x]40[z]225[height]1.0[diam]1.0
*[name]tree[x]34[z]226[height]2.1[diam]2.0
*[name]shrub[x]57[z]226[height]1.1[diam]1.1
*[name]tree[x]62[z]226[height]0.9[diam]0.7
*[name]tree[x]76[z]226[height]1.8[diam]1.5
*[name]shrub[x]39[z]227[height]0.4[diam]0.4
*[name]flag[x]48[z]227[height]1.0[diam]1.0
*[name]tree[x]60[z]227[height]1.5[diam]1.1
*[name]tree[x]19[z]228[height]2.2[diam]1.9
*[name]flag[x]29[z]228[height]1.0[diam]1.0
*[name]flag[x]40[z]228[height]1.0[diam]1.0
*[name]tree[x]62[z]228[height]2.3[diam]2.1
*[name]shrub[x]69[z]228[height]0.6[diam]0.5
*[name]tree[x]58[z]229[height]0.7[diam]0.5
*[name]tree[x]33[z]230[height]2.5[diam]1.8
*[name]flag[x]48[z]230[height]1.0[diam]1.0
*[name]tree[x]61[z]230[height]1.7[diam]1.2
*[name]shrub[x]13[z]231[height]0.7[diam]0.6
*[name]tree[x]31[z]231[height]2.1[diam]2.1
*[name]flag[x]40[z]231[height]1.0[diam]1.0
*[name]tree[x]33[z]232[height]2.0[diam]1.6
*[name]tree[x]82[z]232[height]1.6[diam]1.3
*[name]tree[x]61[z]233[height]0.8[diam]0.7
*[name]tree[x]73[z]233[height]1.6[diam]1.2
*[name]tree[x]34[z]235[height]1.6[diam]1.2
*[name]start[x]44[z]235[height]6.0[diam]9.0
*[name]tree_barren[x]20[z]236[height]2.3[diam]2.0
*[name]tree[x]56[z]236[height]2.3[diam]1.7
