*[name]flag[x]12[z]1[height]1.0[diam]1.0
*[name]flag[x]18[z]1[height]1.0[diam]1.0
*[name]flag[x]23[z]1[height]1.0[diam]1.0
*[name]flag[x]32[z]1[height]1.0[diam]1.0
*[name]flag[x]9[z]2[height]1.0[diam]1.0
*[name]flag[x]27[z]2[height]1.0[diam]1.0
*[name]flag[x]5[z]3[height]1.0[diam]1.0
*[name]finish[x]20[z]4[height]6.0[diam]9.0
*[name]flag[x]35[z]4[height]1.0[diam]1.0
*[name]flag[x]4[z]6[height]1.0[diam]1.0
*[name]flag[x]36[z]6[height]1.0[diam]1.0
*[name]flag[x]2[z]14[height]1.0[diam]1.0
*[name]tree[x]32[z]14[height]2.7[diam]2.2
*[name]tree[x]17[z]15[height]3.0[diam]2.6
*[name]flag[x]36[z]15[height]1.0[diam]1.0
*[name]tree[x]17[z]19[height]3.6[diam]1.9
*[name]tree[x]32[z]19[height]3.7[diam]2.5
*[name]tree[x]3[z]20[height]2.4[diam]2.1
*[name]tree[x]23[z]23[height]2.6[diam]2.4
*[name]tree[x]30[z]23[height]3.4[diam]2.1
*[name]flag[x]2[z]24[height]1.0[diam]1.0
*[name]flag[x]35[z]24[height]1.0[diam]1.0
*[name]tree[x]3[z]25[height]2.6[diam]2.2
*[name]tree[x]11[z]27[height]3.6[diam]2.7
*[name]tree[x]26[z]27[height]2.1[diam]1.6
*[name]flag[x]5[z]31[height]1.0[diam]1.0
*[name]flag[x]36[z]32[height]1.0[diam]1.0
*[name]tree[x]28[z]37[height]2.1[diam]1.8
*[name]flag[x]7[z]40[height]1.0[diam]1.0
*[name]tree[x]24[z]40[height]3.8[diam]3.6
*[name]tree[x]14[z]42[height]2.1[diam]1.8
*[name]flag[x]36[z]42[height]1.0[diam]1.0
*[name]tree[x]14[z]45[height]3.2[diam]2.7
*[name]tree[x]32[z]46[height]2.1[diam]1.2
*[name]tree[x]18[z]47[height]2.9[diam]1.9
*[name]herring[x]27[z]47[height]1.0[diam]1.0
*[name]flag[x]5[z]49[height]1.0[diam]1.0
*[name]herring[x]9[z]49[height]1.0[diam]1.0
*[name]flag[x]34[z]50[height]1.0[diam]1.0
*[name]herring[x]18[z]51[height]1.0[diam]1.0
*[name]tree[x]12[z]52[height]3.6[diam]3.5
*[name]herring[x]18[z]55[height]1.0[diam]1.0
*[name]flag[x]3[z]57[height]1.0[diam]1.0
*[name]flag[x]34[z]58[height]1.0[diam]1.0
*[name]tree[x]4[z]62[height]2.1[diam]1.7
*[name]flag[x]3[z]67[height]1.0[diam]1.0
*[name]tree[x]4[z]67[height]2.0[diam]1.9
*[name]flag[x]35[z]67[height]1.0[diam]1.0
*[name]tree[x]36[z]67[height]3.9[diam]2.3
*[name]tree[x]4[z]72[height]3.3[diam]2.1
*[name]tree[x]36[z]72[height]2.1[diam]1.4
*[name]tree[x]36[z]74[height]3.0[diam]2.1
*[name]tree[x]10[z]76[height]4.0[diam]2.6
*[name]flag[x]3[z]77[height]1.0[diam]1.0
*[name]flag[x]35[z]77[height]1.0[diam]1.0
*[name]tree[x]10[z]79[height]3.7[diam]1.9
*[name]flag[x]3[z]80[height]1.0[diam]1.0
*[name]tree[x]31[z]80[height]3.6[diam]3.4
*[name]flag[x]35[z]80[height]1.0[diam]1.0
*[name]tree[x]18[z]84[height]3.6[diam]3.1
*[name]tree[x]28[z]84[height]3.5[diam]3.2
*[name]tree[x]19[z]86[height]2.9[diam]2.0
*[name]herring[x]23[z]95[height]1.0[diam]1.0
*[name]herring[x]5[z]101[height]1.0[diam]1.0
*[name]tree[x]14[z]101[height]3.0[diam]2.2
*[name]herring[x]33[z]101[height]1.0[diam]1.0
*[name]tree[x]11[z]105[height]3.1[diam]3.0
*[name]tree[x]36[z]110[height]3.6[diam]2.5
*[name]tree[x]18[z]111[height]3.8[diam]3.5
*[name]tree[x]4[z]112[height]4.0[diam]3.7
*[name]tree[x]28[z]112[height]3.5[diam]3.4
*[name]flag[x]0[z]114[height]1.0[diam]1.0
*[name]tree[x]37[z]114[height]2.1[diam]1.5
*[name]tree[x]1[z]115[height]2.3[diam]1.3
*[name]tree[x]19[z]115[height]3.5[diam]2.9
*[name]tree[x]27[z]116[height]3.0[diam]2.6
*[name]flag[x]38[z]116[height]1.0[diam]1.0
*[name]flag[x]0[z]124[height]1.0[diam]1.0
*[name]flag[x]38[z]126[height]1.0[diam]1.0
*[name]flag[x]0[z]134[height]1.0[diam]1.0
*[name]flag[x]38[z]134[height]1.0[diam]1.0
*[name]flag[x]0[z]144[height]1.0[diam]1.0
*[name]flag[x]38[z]144[height]1.0[diam]1.0
*[name]flag[x]0[z]154[height]1.0[diam]1.0
*[name]flag[x]38[z]154[height]1.0[diam]1.0
*[name]flag[x]0[z]155[height]1.0[diam]1.0
*[name]flag[x]11[z]155[height]1.0[diam]1.0
*[name]flag[x]16[z]155[height]1.0[diam]1.0
*[name]flag[x]24[z]155[height]1.0[diam]1.0
*[name]flag[x]28[z]155[height]1.0[diam]1.0
*[name]flag[x]38[z]155[height]1.0[diam]1.0
*[name]herring[x]21[z]156[height]1.0[diam]1.0
*[name]tree[x]16[z]159[height]4.0[diam]2.7
*[name]flag[x]0[z]160[height]1.0[diam]1.0
*[name]herring[x]34[z]160[height]1.0[diam]1.0
*[name]herring[x]6[z]161[height]1.0[diam]1.0
*[name]tree[x]25[z]161[height]3.6[diam]3.2
*[name]tree[x]29[z]166[height]2.5[diam]1.9
*[name]flag[x]37[z]166[height]1.0[diam]1.0
*[name]flag[x]0[z]170[height]1.0[diam]1.0
*[name]tree[x]13[z]171[height]3.0[diam]3.0
*[name]tree[x]26[z]172[height]2.8[diam]2.7
*[name]flag[x]37[z]176[height]1.0[diam]1.0
*[name]flag[x]1[z]179[height]1.0[diam]1.0
*[name]tree[x]15[z]181[height]2.7[diam]2.6
*[name]tree[x]3[z]186[height]2.8[diam]2.7
*[name]flag[x]37[z]186[height]1.0[diam]1.0
*[name]flag[x]0[z]188[height]1.0[diam]1.0
*[name]tree[x]12[z]189[height]3.7[diam]2.3
*[name]herring[x]20[z]189[height]1.0[diam]1.0
*[name]tree[x]39[z]189[height]2.6[diam]2.3
*[name]tree[x]31[z]192[height]2.2[diam]1.4
*[name]flag[x]37[z]196[height]1.0[diam]1.0
*[name]flag[x]1[z]197[height]1.0[diam]1.0
*[name]tree[x]2[z]198[height]3.3[diam]3.0
*[name]tree[x]38[z]203[height]2.4[diam]2.1
*[name]flag[x]23[z]204[height]1.0[diam]1.0
*[name]flag[x]16[z]205[height]1.0[diam]1.0
*[name]flag[x]37[z]206[height]1.0[diam]1.0
*[name]flag[x]1[z]207[height]1.0[diam]1.0
*[name]tree[x]13[z]209[height]2.5[diam]1.7
*[name]tree[x]2[z]210[height]3.6[diam]3.6
*[name]tree[x]28[z]210[height]2.1[diam]1.4
*[name]flag[x]27[z]211[height]1.0[diam]1.0
*[name]flag[x]13[z]212[height]1.0[diam]1.0
*[name]herring[x]34[z]212[height]1.0[diam]1.0
*[name]herring[x]6[z]215[height]1.0[diam]1.0
*[name]tree[x]38[z]215[height]3.5[diam]1.8
*[name]tree[x]12[z]216[height]3.3[diam]2.5
*[name]flag[x]37[z]216[height]1.0[diam]1.0
*[name]flag[x]1[z]217[height]1.0[diam]1.0
*[name]flag[x]12[z]221[height]1.0[diam]1.0
*[name]flag[x]27[z]221[height]1.0[diam]1.0
*[name]tree[x]29[z]221[height]3.7[diam]3.5
*[name]tree[x]11[z]222[height]2.2[diam]1.5
*[name]flag[x]37[z]226[height]1.0[diam]1.0
*[name]flag[x]1[z]227[height]1.0[diam]1.0
*[name]tree[x]29[z]227[height]3.7[diam]2.8
*[name]tree[x]38[z]227[height]2.6[diam]1.6
*[name]flag[x]11[z]230[height]1.0[diam]1.0
*[name]flag[x]26[z]230[height]1.0[diam]1.0
*[name]tree[x]2[z]231[height]2.8[diam]2.4
*[name]tree[x]29[z]234[height]2.3[diam]1.5
*[name]flag[x]36[z]235[height]1.0[diam]1.0
*[name]flag[x]1[z]237[height]1.0[diam]1.0
*[name]tree[x]13[z]237[height]3.8[diam]2.8
*[name]tree[x]37[z]237[height]2.0[diam]2.0
*[name]flag[x]25[z]239[height]1.0[diam]1.0
*[name]tree[x]27[z]239[height]3.5[diam]2.9
*[name]flag[x]11[z]240[height]1.0[diam]1.0
*[name]tree[x]13[z]242[height]3.6[diam]3.6
*[name]herring[x]7[z]244[height]1.0[diam]1.0
*[name]tree[x]25[z]244[height]2.7[diam]1.4
*[name]flag[x]35[z]244[height]1.0[diam]1.0
*[name]herring[x]31[z]245[height]1.0[diam]1.0
*[name]flag[x]2[z]246[height]1.0[diam]1.0
*[name]flag[x]22[z]246[height]1.0[diam]1.0
*[name]flag[x]14[z]247[height]1.0[diam]1.0
*[name]tree[x]22[z]249[height]2.7[diam]1.6
*[name]tree[x]16[z]250[height]2.1[diam]1.5
*[name]flag[x]31[z]251[height]1.0[diam]1.0
*[name]flag[x]19[z]253[height]1.0[diam]1.0
*[name]flag[x]17[z]254[height]1.0[diam]1.0
*[name]flag[x]4[z]255[height]1.0[diam]1.0
*[name]flag[x]27[z]257[height]1.0[diam]1.0
*[name]flag[x]8[z]262[height]1.0[diam]1.0
*[name]flag[x]23[z]263[height]1.0[diam]1.0
*[name]tree[x]25[z]263[height]3.0[diam]2.6
*[name]flag[x]27[z]265[height]1.0[diam]1.0
*[name]herring[x]18[z]266[height]1.0[diam]1.0
*[name]tree[x]29[z]266[height]2.9[diam]1.7
*[name]tree[x]11[z]267[height]2.6[diam]1.7
*[name]flag[x]10[z]268[height]1.0[diam]1.0
*[name]tree[x]11[z]269[height]2.0[diam]1.4
*[name]tree[x]33[z]270[height]3.3[diam]3.1
*[name]flag[x]31[z]271[height]1.0[diam]1.0
*[name]tree[x]9[z]272[height]3.7[diam]3.6
*[name]flag[x]6[z]274[height]1.0[diam]1.0
*[name]flag[x]18[z]274[height]1.0[diam]1.0
*[name]tree[x]22[z]274[height]2.2[diam]1.4
*[name]tree[x]7[z]275[height]3.3[diam]2.1
*[name]tree[x]35[z]276[height]3.1[diam]2.4
*[name]flag[x]23[z]277[height]1.0[diam]1.0
*[name]tree[x]5[z]278[height]3.4[diam]2.7
*[name]flag[x]35[z]278[height]1.0[diam]1.0
*[name]flag[x]14[z]280[height]1.0[diam]1.0
*[name]herring[x]30[z]281[height]1.0[diam]1.0
*[name]flag[x]4[z]282[height]1.0[diam]1.0
*[name]tree[x]14[z]282[height]3.0[diam]2.3
*[name]tree[x]37[z]282[height]2.4[diam]1.6
*[name]tree[x]4[z]283[height]2.9[diam]2.3
*[name]herring[x]9[z]283[height]1.0[diam]1.0
*[name]tree[x]26[z]284[height]2.8[diam]2.5
*[name]flag[x]26[z]285[height]1.0[diam]1.0
*[name]flag[x]12[z]288[height]1.0[diam]1.0
*[name]flag[x]35[z]288[height]1.0[diam]1.0
*[name]flag[x]2[z]290[height]1.0[diam]1.0
*[name]tree[x]3[z]291[height]3.5[diam]2.5
*[name]tree[x]14[z]291[height]2.5[diam]1.6
*[name]tree[x]26[z]292[height]2.4[diam]2.1
*[name]flag[x]26[z]295[height]1.0[diam]1.0
*[name]tree[x]36[z]295[height]2.8[diam]2.1
*[name]flag[x]13[z]297[height]1.0[diam]1.0
*[name]flag[x]35[z]298[height]1.0[diam]1.0
*[name]flag[x]2[z]300[height]1.0[diam]1.0
*[name]tree[x]15[z]301[height]2.0[diam]1.4
*[name]tree[x]3[z]302[height]3.7[diam]3.1
*[name]flag[x]26[z]305[height]1.0[diam]1.0
*[name]flag[x]15[z]306[height]1.0[diam]1.0
*[name]tree[x]26[z]306[height]2.6[diam]2.2
*[name]tree[x]17[z]307[height]3.3[diam]2.3
*[name]flag[x]34[z]307[height]1.0[diam]1.0
*[name]tree[x]4[z]308[height]3.9[diam]2.6
*[name]herring[x]30[z]308[height]1.0[diam]1.0
*[name]tree[x]36[z]308[height]3.3[diam]2.4
*[name]flag[x]3[z]309[height]1.0[diam]1.0
*[name]herring[x]11[z]309[height]1.0[diam]1.0
*[name]flag[x]22[z]311[height]1.0[diam]1.0
*[name]flag[x]19[z]312[height]1.0[diam]1.0
*[name]flag[x]7[z]316[height]1.0[diam]1.0
*[name]flag[x]34[z]317[height]1.0[diam]1.0
*[name]tree[x]25[z]319[height]3.7[diam]2.5
*[name]tree[x]28[z]320[height]2.1[diam]1.4
*[name]tree[x]11[z]321[height]3.7[diam]2.3
*[name]tree[x]15[z]321[height]3.4[diam]2.2
*[name]tree[x]36[z]321[height]3.7[diam]2.0
*[name]flag[x]11[z]322[height]1.0[diam]1.0
*[name]tree[x]25[z]323[height]2.2[diam]1.8
*[name]tree[x]28[z]323[height]3.0[diam]2.0
*[name]tree[x]34[z]324[height]3.8[diam]3.3
*[name]tree[x]25[z]327[height]2.1[diam]1.3
*[name]tree[x]28[z]327[height]2.4[diam]1.3
*[name]flag[x]34[z]327[height]1.0[diam]1.0
*[name]herring[x]19[z]329[height]1.0[diam]1.0
*[name]tree[x]32[z]329[height]3.4[diam]1.8
*[name]tree[x]7[z]330[height]3.5[diam]3.4
*[name]flag[x]12[z]331[height]1.0[diam]1.0
*[name]tree[x]28[z]331[height]3.6[diam]2.5
*[name]tree[x]14[z]332[height]2.7[diam]2.4
*[name]tree[x]25[z]333[height]3.4[diam]3.3
*[name]herring[x]30[z]333[height]1.0[diam]1.0
*[name]flag[x]35[z]333[height]1.0[diam]1.0
*[name]tree[x]28[z]336[height]2.5[diam]1.9
*[name]tree[x]25[z]337[height]2.7[diam]1.7
*[name]tree[x]35[z]338[height]3.8[diam]2.2
*[name]flag[x]10[z]340[height]1.0[diam]1.0
*[name]tree[x]12[z]340[height]3.2[diam]2.5
*[name]tree[x]24[z]342[height]2.9[diam]2.1
*[name]tree[x]28[z]342[height]3.4[diam]2.6
*[name]tree[x]34[z]343[height]2.1[diam]1.3
*[name]flag[x]36[z]343[height]1.0[diam]1.0
*[name]tree[x]36[z]346[height]3.7[diam]3.6
*[name]tree[x]25[z]347[height]3.9[diam]3.7
*[name]tree[x]28[z]347[height]2.5[diam]1.4
*[name]herring[x]32[z]347[height]1.0[diam]1.0
*[name]flag[x]10[z]350[height]1.0[diam]1.0
*[name]tree[x]36[z]350[height]3.9[diam]3.7
*[name]tree[x]28[z]353[height]2.5[diam]2.1
*[name]tree[x]25[z]354[height]3.8[diam]1.9
*[name]flag[x]35[z]354[height]1.0[diam]1.0
*[name]herring[x]19[z]355[height]1.0[diam]1.0
*[name]tree[x]36[z]355[height]2.1[diam]1.3
*[name]tree[x]36[z]358[height]3.6[diam]3.1
*[name]flag[x]9[z]359[height]1.0[diam]1.0
*[name]tree[x]25[z]359[height]2.4[diam]1.3
*[name]tree[x]28[z]359[height]2.6[diam]2.0
*[name]flag[x]35[z]362[height]1.0[diam]1.0
*[name]tree[x]25[z]363[height]2.7[diam]1.6
*[name]tree[x]36[z]363[height]3.4[diam]3.3
*[name]herring[x]18[z]365[height]1.0[diam]1.0
*[name]tree[x]25[z]367[height]3.6[diam]2.1
*[name]tree[x]36[z]367[height]2.8[diam]2.1
*[name]tree[x]28[z]368[height]3.3[diam]2.4
*[name]herring[x]32[z]368[height]1.0[diam]1.0
*[name]flag[x]9[z]369[height]1.0[diam]1.0
*[name]tree[x]26[z]371[height]3.4[diam]2.6
*[name]herring[x]19[z]372[height]1.0[diam]1.0
*[name]flag[x]35[z]372[height]1.0[diam]1.0
*[name]tree[x]36[z]372[height]2.8[diam]2.3
*[name]tree[x]28[z]373[height]2.9[diam]2.3
*[name]tree[x]14[z]377[height]3.6[diam]2.5
*[name]tree[x]26[z]377[height]3.1[diam]1.6
*[name]herring[x]32[z]377[height]1.0[diam]1.0
*[name]tree[x]21[z]378[height]2.1[diam]1.5
*[name]tree[x]36[z]378[height]2.1[diam]1.2
*[name]flag[x]9[z]379[height]1.0[diam]1.0
*[name]tree[x]29[z]379[height]3.3[diam]3.1
*[name]herring[x]18[z]380[height]1.0[diam]1.0
*[name]flag[x]35[z]381[height]1.0[diam]1.0
*[name]tree[x]22[z]383[height]3.8[diam]3.5
*[name]tree[x]37[z]383[height]3.8[diam]2.2
*[name]tree[x]26[z]384[height]2.8[diam]1.8
*[name]tree[x]36[z]385[height]2.8[diam]1.5
*[name]herring[x]33[z]386[height]1.0[diam]1.0
*[name]tree[x]14[z]387[height]2.4[diam]1.5
*[name]tree[x]19[z]387[height]2.5[diam]2.0
*[name]flag[x]8[z]388[height]1.0[diam]1.0
*[name]tree[x]28[z]388[height]3.4[diam]3.3
*[name]tree[x]36[z]388[height]2.1[diam]1.5
*[name]herring[x]18[z]389[height]1.0[diam]1.0
*[name]flag[x]36[z]389[height]1.0[diam]1.0
*[name]tree[x]26[z]392[height]2.9[diam]2.1
*[name]tree[x]36[z]394[height]2.1[diam]2.0
*[name]tree[x]27[z]395[height]2.2[diam]2.0
*[name]tree[x]14[z]396[height]2.5[diam]2.1
*[name]tree[x]20[z]396[height]3.8[diam]2.5
*[name]flag[x]9[z]397[height]1.0[diam]1.0
*[name]tree[x]29[z]397[height]2.1[diam]2.1
*[name]herring[x]33[z]397[height]1.0[diam]1.0
*[name]herring[x]18[z]398[height]1.0[diam]1.0
*[name]flag[x]37[z]398[height]1.0[diam]1.0
*[name]tree[x]36[z]400[height]2.8[diam]2.5
*[name]tree[x]27[z]401[height]3.7[diam]2.4
*[name]tree[x]26[z]404[height]3.2[diam]2.8
*[name]tree[x]37[z]406[height]3.0[diam]1.5
*[name]flag[x]9[z]407[height]1.0[diam]1.0
*[name]tree[x]26[z]407[height]2.0[diam]1.9
*[name]herring[x]34[z]408[height]1.0[diam]1.0
*[name]flag[x]37[z]408[height]1.0[diam]1.0
*[name]tree[x]16[z]409[height]2.3[diam]1.4
*[name]tree[x]25[z]412[height]2.1[diam]1.5
*[name]tree[x]12[z]414[height]3.7[diam]3.2
*[name]flag[x]10[z]416[height]1.0[diam]1.0
*[name]herring[x]19[z]416[height]1.0[diam]1.0
*[name]tree[x]26[z]416[height]2.6[diam]2.5
*[name]tree[x]22[z]417[height]2.3[diam]2.1
*[name]herring[x]34[z]418[height]1.0[diam]1.0
*[name]flag[x]37[z]418[height]1.0[diam]1.0
*[name]tree[x]15[z]421[height]2.7[diam]1.7
*[name]flag[x]13[z]424[height]1.0[diam]1.0
*[name]flag[x]35[z]426[height]1.0[diam]1.0
*[name]herring[x]31[z]427[height]1.0[diam]1.0
*[name]flag[x]16[z]431[height]1.0[diam]1.0
*[name]flag[x]31[z]432[height]1.0[diam]1.0
*[name]flag[x]28[z]437[height]1.0[diam]1.0
*[name]flag[x]16[z]439[height]1.0[diam]1.0
*[name]flag[x]31[z]442[height]1.0[diam]1.0
*[name]flag[x]12[z]445[height]1.0[diam]1.0
*[name]herring[x]23[z]445[height]1.0[diam]1.0
*[name]tree[x]20[z]447[height]3.3[diam]2.4
*[name]flag[x]36[z]448[height]1.0[diam]1.0
*[name]flag[x]6[z]450[height]1.0[diam]1.0
*[name]tree[x]20[z]450[height]2.2[diam]2.1
*[name]tree[x]25[z]450[height]2.2[diam]1.1
*[name]herring[x]8[z]451[height]1.0[diam]1.0
*[name]tree[x]18[z]453[height]2.4[diam]1.4
*[name]tree[x]25[z]453[height]2.0[diam]1.7
*[name]tree[x]29[z]454[height]3.8[diam]3.5
*[name]herring[x]6[z]457[height]1.0[diam]1.0
*[name]flag[x]37[z]457[height]1.0[diam]1.0
*[name]flag[x]3[z]458[height]1.0[diam]1.0
*[name]tree[x]23[z]458[height]3.9[diam]2.9
*[name]tree[x]18[z]459[height]3.2[diam]2.3
*[name]tree[x]28[z]460[height]3.1[diam]2.5
*[name]tree[x]23[z]461[height]2.5[diam]2.2
*[name]tree[x]31[z]461[height]3.7[diam]2.4
*[name]tree[x]17[z]463[height]2.2[diam]1.8
*[name]tree[x]23[z]465[height]2.2[diam]1.5
*[name]herring[x]6[z]466[height]1.0[diam]1.0
*[name]flag[x]4[z]467[height]1.0[diam]1.0
*[name]tree[x]27[z]467[height]3.2[diam]2.0
*[name]tree[x]31[z]467[height]2.3[diam]2.3
*[name]flag[x]37[z]467[height]1.0[diam]1.0
*[name]tree[x]19[z]469[height]3.0[diam]2.7
*[name]tree[x]24[z]471[height]2.8[diam]2.2
*[name]herring[x]27[z]471[height]1.0[diam]1.0
*[name]herring[x]19[z]473[height]1.0[diam]1.0
*[name]herring[x]9[z]474[height]1.0[diam]1.0
*[name]flag[x]7[z]475[height]1.0[diam]1.0
*[name]tree[x]29[z]475[height]3.5[diam]2.6
*[name]flag[x]36[z]476[height]1.0[diam]1.0
*[name]herring[x]13[z]480[height]1.0[diam]1.0
*[name]tree[x]30[z]480[height]3.2[diam]3.1
*[name]flag[x]11[z]482[height]1.0[diam]1.0
*[name]flag[x]36[z]484[height]1.0[diam]1.0
*[name]herring[x]20[z]486[height]1.0[diam]1.0
*[name]tree[x]2[z]487[height]3.2[diam]2.6
*[name]flag[x]7[z]489[height]1.0[diam]1.0
*[name]tree[x]5[z]490[height]3.2[diam]2.4
*[name]tree[x]2[z]494[height]2.9[diam]2.2
*[name]flag[x]35[z]494[height]1.0[diam]1.0
*[name]flag[x]3[z]495[height]1.0[diam]1.0
*[name]tree[x]2[z]498[height]2.0[diam]1.1
*[name]tree[x]3[z]502[height]3.9[diam]3.0
*[name]flag[x]37[z]503[height]1.0[diam]1.0
*[name]flag[x]2[z]504[height]1.0[diam]1.0
*[name]herring[x]34[z]505[height]1.0[diam]1.0
*[name]tree[x]1[z]507[height]3.3[diam]2.0
*[name]herring[x]10[z]507[height]1.0[diam]1.0
*[name]herring[x]27[z]507[height]1.0[diam]1.0
*[name]herring[x]20[z]508[height]1.0[diam]1.0
*[name]tree[x]3[z]512[height]2.5[diam]1.9
*[name]flag[x]37[z]513[height]1.0[diam]1.0
*[name]flag[x]2[z]514[height]1.0[diam]1.0
*[name]tree[x]1[z]516[height]3.1[diam]2.1
*[name]tree[x]3[z]519[height]2.3[diam]1.9
*[name]herring[x]8[z]519[height]1.0[diam]1.0
*[name]herring[x]28[z]520[height]1.0[diam]1.0
*[name]herring[x]36[z]520[height]1.0[diam]1.0
*[name]herring[x]20[z]522[height]1.0[diam]1.0
*[name]flag[x]38[z]522[height]1.0[diam]1.0
*[name]flag[x]1[z]523[height]1.0[diam]1.0
*[name]tree[x]1[z]524[height]3.5[diam]3.0
*[name]herring[x]6[z]527[height]1.0[diam]1.0
*[name]herring[x]17[z]528[height]1.0[diam]1.0
*[name]herring[x]28[z]528[height]1.0[diam]1.0
*[name]herring[x]36[z]528[height]1.0[diam]1.0
*[name]tree[x]2[z]529[height]3.8[diam]3.6
*[name]flag[x]38[z]531[height]1.0[diam]1.0
*[name]flag[x]0[z]532[height]1.0[diam]1.0
*[name]herring[x]6[z]533[height]1.0[diam]1.0
*[name]herring[x]16[z]533[height]1.0[diam]1.0
*[name]herring[x]28[z]533[height]1.0[diam]1.0
*[name]herring[x]36[z]533[height]1.0[diam]1.0
*[name]tree[x]1[z]534[height]3.4[diam]2.3
*[name]herring[x]6[z]538[height]1.0[diam]1.0
*[name]herring[x]16[z]539[height]1.0[diam]1.0
*[name]herring[x]29[z]540[height]1.0[diam]1.0
*[name]herring[x]36[z]540[height]1.0[diam]1.0
*[name]flag[x]1[z]541[height]1.0[diam]1.0
*[name]flag[x]38[z]541[height]1.0[diam]1.0
*[name]tree[x]1[z]548[height]3.5[diam]1.9
*[name]flag[x]1[z]550[height]1.0[diam]1.0
*[name]flag[x]38[z]551[height]1.0[diam]1.0
*[name]tree[x]2[z]552[height]3.9[diam]2.9
*[name]tree[x]1[z]555[height]3.1[diam]2.4
*[name]flag[x]2[z]558[height]1.0[diam]1.0
*[name]tree[x]2[z]560[height]2.9[diam]1.7
*[name]flag[x]38[z]560[height]1.0[diam]1.0
*[name]tree[x]4[z]565[height]2.3[diam]1.2
*[name]flag[x]3[z]567[height]1.0[diam]1.0
*[name]tree[x]1[z]568[height]3.3[diam]2.7
*[name]herring[x]36[z]569[height]1.0[diam]1.0
*[name]flag[x]38[z]570[height]1.0[diam]1.0
*[name]tree[x]3[z]571[height]3.2[diam]2.7
*[name]tree[x]39[z]572[height]3.3[diam]2.6
*[name]flag[x]6[z]575[height]1.0[diam]1.0
*[name]flag[x]38[z]578[height]1.0[diam]1.0
*[name]tree[x]39[z]580[height]2.4[diam]1.6
*[name]herring[x]34[z]581[height]1.0[diam]1.0
*[name]flag[x]38[z]583[height]1.0[diam]1.0
*[name]flag[x]7[z]584[height]1.0[diam]1.0
*[name]tree[x]38[z]584[height]3.5[diam]2.6
*[name]herring[x]10[z]588[height]1.0[diam]1.0
*[name]flag[x]32[z]588[height]1.0[diam]1.0
*[name]flag[x]3[z]590[height]1.0[diam]1.0
*[name]herring[x]15[z]590[height]1.0[diam]1.0
*[name]flag[x]25[z]591[height]1.0[diam]1.0
*[name]start[x]8[z]594[height]6.0[diam]9.0
*[name]flag[x]18[z]594[height]1.0[diam]1.0
*[name]flag[x]2[z]599[height]1.0[diam]1.0
*[name]flag[x]12[z]599[height]1.0[diam]1.0