*[name]finish[x]39[z]4[height]6.0[diam]9.0
*[name]herring[x]36[z]19[height]1.0[diam]1.0
*[name]flag[x]31[z]26[height]1.0[diam]1.0
*[name]flag[x]38[z]28[height]1.0[diam]1.0
*[name]herring[x]33[z]33[height]1.0[diam]1.0
*[name]flag[x]28[z]41[height]1.0[diam]1.0
*[name]flag[x]36[z]42[height]1.0[diam]1.0
*[name]herring[x]32[z]45[height]1.0[diam]1.0
*[name]flag[x]27[z]58[height]1.0[diam]1.0
*[name]flag[x]34[z]59[height]1.0[diam]1.0
*[name]flag[x]32[z]76[height]1.0[diam]1.0
*[name]flag[x]24[z]77[height]1.0[diam]1.0
*[name]flag[x]34[z]93[height]1.0[diam]1.0
*[name]flag[x]28[z]94[height]1.0[diam]1.0
*[name]herring[x]34[z]112[height]1.0[diam]1.0
*[name]flag[x]38[z]112[height]1.0[diam]1.0
*[name]flag[x]30[z]113[height]1.0[diam]1.0
*[name]herring[x]34[z]115[height]1.0[diam]1.0
*[name]herring[x]34[z]118[height]1.0[diam]1.0
*[name]flag[x]39[z]127[height]1.0[diam]1.0
*[name]flag[x]32[z]128[height]1.0[diam]1.0
*[name]flag[x]42[z]143[height]1.0[diam]1.0
*[name]flag[x]34[z]144[height]1.0[diam]1.0
*[name]herring[x]30[z]154[height]1.0[diam]1.0
*[name]herring[x]30[z]156[height]1.0[diam]1.0
*[name]herring[x]41[z]156[height]1.0[diam]1.0
*[name]flag[x]36[z]161[height]1.0[diam]1.0
*[name]flag[x]43[z]161[height]1.0[diam]1.0
*[name]flag[x]36[z]175[height]1.0[diam]1.0
*[name]flag[x]42[z]176[height]1.0[diam]1.0
*[name]flag[x]32[z]188[height]1.0[diam]1.0
*[name]herring[x]36[z]189[height]1.0[diam]1.0
*[name]flag[x]40[z]190[height]1.0[diam]1.0
*[name]herring[x]36[z]191[height]1.0[diam]1.0
*[name]herring[x]36[z]193[height]1.0[diam]1.0
*[name]flag[x]30[z]203[height]1.0[diam]1.0
*[name]flag[x]38[z]204[height]1.0[diam]1.0
*[name]flag[x]28[z]220[height]1.0[diam]1.0
*[name]flag[x]36[z]221[height]1.0[diam]1.0
*[name]flag[x]27[z]234[height]1.0[diam]1.0
*[name]flag[x]35[z]236[height]1.0[diam]1.0
*[name]flag[x]23[z]249[height]1.0[diam]1.0
*[name]herring[x]28[z]249[height]1.0[diam]1.0
*[name]flag[x]32[z]249[height]1.0[diam]1.0
*[name]herring[x]28[z]251[height]1.0[diam]1.0
*[name]herring[x]28[z]253[height]1.0[diam]1.0
*[name]flag[x]24[z]265[height]1.0[diam]1.0
*[name]flag[x]33[z]265[height]1.0[diam]1.0
*[name]flag[x]22[z]279[height]1.0[diam]1.0
*[name]herring[x]27[z]280[height]1.0[diam]1.0
*[name]flag[x]31[z]282[height]1.0[diam]1.0
*[name]herring[x]26[z]283[height]1.0[diam]1.0
*[name]herring[x]25[z]285[height]1.0[diam]1.0
*[name]herring[x]21[z]325[height]1.0[diam]1.0
*[name]herring[x]23[z]327[height]1.0[diam]1.0
*[name]herring[x]25[z]328[height]1.0[diam]1.0
*[name]herring[x]28[z]358[height]1.0[diam]1.0
*[name]herring[x]27[z]360[height]1.0[diam]1.0
*[name]herring[x]25[z]361[height]1.0[diam]1.0
*[name]flag[x]18[z]387[height]1.0[diam]1.0
*[name]flag[x]12[z]392[height]1.0[diam]1.0
*[name]herring[x]17[z]392[height]1.0[diam]1.0
*[name]herring[x]19[z]393[height]1.0[diam]1.0
*[name]herring[x]20[z]395[height]1.0[diam]1.0
*[name]herring[x]37[z]417[height]1.0[diam]1.0
*[name]herring[x]37[z]419[height]1.0[diam]1.0
*[name]float[x]34[z]434[height]1.0[diam]1.0
*[name]flag[x]31[z]436[height]1.0[diam]1.0
*[name]flag[x]37[z]440[height]1.0[diam]1.0
*[name]flag[x]27[z]453[height]1.0[diam]1.0
*[name]flag[x]33[z]453[height]1.0[diam]1.0
*[name]flag[x]27[z]469[height]1.0[diam]1.0
*[name]flag[x]33[z]469[height]1.0[diam]1.0
*[name]herring[x]30[z]482[height]1.0[diam]1.0
*[name]flag[x]34[z]483[height]1.0[diam]1.0
*[name]flag[x]27[z]484[height]1.0[diam]1.0
*[name]herring[x]32[z]494[height]1.0[diam]1.0
*[name]flag[x]36[z]498[height]1.0[diam]1.0
*[name]flag[x]30[z]500[height]1.0[diam]1.0
*[name]herring[x]35[z]503[height]1.0[diam]1.0
*[name]flag[x]42[z]514[height]1.0[diam]1.0
*[name]flag[x]35[z]516[height]1.0[diam]1.0
*[name]flag[x]45[z]529[height]1.0[diam]1.0
*[name]flag[x]38[z]530[height]1.0[diam]1.0
*[name]tree[x]55[z]530[height]2.9[diam]2.6
*[name]tree[x]58[z]531[height]2.3[diam]1.7
*[name]tree[x]52[z]532[height]2.5[diam]2.4
*[name]tree[x]39[z]533[height]3.1[diam]3.0
*[name]tree[x]47[z]533[height]3.0[diam]2.8
*[name]tree[x]55[z]533[height]3.5[diam]2.6
*[name]tree[x]50[z]535[height]2.7[diam]2.0
*[name]tree[x]53[z]536[height]3.2[diam]2.3
*[name]tree[x]56[z]536[height]3.8[diam]3.3
*[name]tree[x]32[z]538[height]3.8[diam]3.1
*[name]tree[x]38[z]539[height]2.7[diam]2.3
*[name]tree[x]53[z]539[height]3.9[diam]2.8
*[name]tree[x]57[z]539[height]3.9[diam]2.7
*[name]tree[x]49[z]540[height]3.7[diam]2.9
*[name]tree[x]56[z]541[height]3.8[diam]3.6
*[name]tree[x]34[z]542[height]2.4[diam]1.7
*[name]flag[x]48[z]542[height]1.0[diam]1.0
*[name]tree[x]53[z]542[height]3.4[diam]2.4
*[name]flag[x]41[z]543[height]1.0[diam]1.0
*[name]tree[x]36[z]545[height]3.6[diam]3.6
*[name]tree[x]39[z]545[height]2.5[diam]1.7
*[name]tree[x]58[z]545[height]3.8[diam]3.4
*[name]tree[x]34[z]546[height]2.4[diam]2.0
*[name]tree[x]50[z]546[height]2.5[diam]2.0
*[name]tree[x]53[z]546[height]2.2[diam]2.1
*[name]tree[x]26[z]547[height]4.0[diam]2.0
*[name]tree[x]31[z]547[height]3.3[diam]3.0
*[name]tree[x]37[z]547[height]3.3[diam]3.3
*[name]tree[x]55[z]547[height]3.1[diam]2.5
*[name]tree[x]33[z]549[height]2.8[diam]2.1
*[name]tree[x]42[z]549[height]2.0[diam]1.3
*[name]tree[x]36[z]550[height]2.2[diam]2.1
*[name]tree[x]54[z]550[height]2.3[diam]1.5
*[name]tree[x]58[z]551[height]2.5[diam]2.3
*[name]tree[x]50[z]552[height]3.4[diam]1.8
*[name]tree[x]19[z]553[height]3.6[diam]3.5
*[name]tree[x]27[z]553[height]2.9[diam]2.5
*[name]tree[x]31[z]553[height]3.5[diam]2.8
*[name]tree[x]35[z]553[height]2.8[diam]2.7
*[name]tree[x]37[z]553[height]2.5[diam]1.8
*[name]tree[x]39[z]553[height]3.8[diam]2.3
*[name]tree[x]57[z]553[height]3.0[diam]2.3
*[name]tree[x]33[z]554[height]2.2[diam]1.3
*[name]tree[x]53[z]554[height]3.0[diam]2.5
*[name]tree[x]24[z]555[height]3.6[diam]3.3
*[name]flag[x]41[z]555[height]1.0[diam]1.0
*[name]flag[x]49[z]555[height]1.0[diam]1.0
*[name]tree[x]33[z]556[height]2.4[diam]2.1
*[name]tree[x]36[z]556[height]2.2[diam]1.4
*[name]tree[x]17[z]557[height]3.4[diam]2.1
*[name]tree[x]25[z]557[height]3.2[diam]3.1
*[name]tree[x]35[z]557[height]2.2[diam]1.4
*[name]tree[x]38[z]557[height]2.0[diam]1.9
*[name]tree[x]56[z]557[height]2.5[diam]1.8
*[name]tree[x]58[z]557[height]3.2[diam]3.2
*[name]tree[x]32[z]558[height]2.2[diam]2.2
*[name]tree[x]41[z]558[height]3.9[diam]2.6
*[name]tree[x]51[z]558[height]2.9[diam]2.7
*[name]tree[x]28[z]559[height]3.1[diam]3.0
*[name]tree[x]39[z]559[height]2.7[diam]2.1
*[name]tree[x]48[z]559[height]2.3[diam]2.1
*[name]tree[x]31[z]560[height]2.5[diam]2.4
*[name]tree[x]33[z]560[height]3.4[diam]2.5
*[name]tree[x]36[z]560[height]3.4[diam]3.1
*[name]tree[x]53[z]560[height]3.5[diam]2.4
*[name]tree[x]38[z]561[height]2.1[diam]1.4
*[name]tree[x]56[z]561[height]2.7[diam]1.6
*[name]tree[x]20[z]562[height]3.2[diam]2.2
*[name]tree[x]29[z]562[height]2.1[diam]1.9
*[name]tree[x]35[z]562[height]3.7[diam]3.0
*[name]tree[x]39[z]562[height]3.6[diam]3.4
*[name]tree[x]23[z]563[height]3.3[diam]2.8
*[name]tree[x]32[z]563[height]2.5[diam]1.4
*[name]tree[x]36[z]563[height]3.1[diam]2.8
*[name]tree[x]41[z]563[height]2.2[diam]2.0
*[name]tree[x]57[z]563[height]2.7[diam]1.7
*[name]tree[x]28[z]564[height]3.4[diam]2.8
*[name]tree[x]39[z]564[height]2.3[diam]1.6
*[name]tree[x]52[z]564[height]2.2[diam]2.0
*[name]tree[x]55[z]564[height]2.4[diam]2.2
*[name]tree[x]27[z]565[height]2.5[diam]1.6
*[name]tree[x]29[z]565[height]2.3[diam]1.9
*[name]tree[x]32[z]565[height]2.9[diam]2.5
*[name]tree[x]36[z]565[height]2.0[diam]1.5
*[name]tree[x]28[z]566[height]3.1[diam]2.8
*[name]tree[x]34[z]566[height]2.2[diam]1.5
*[name]tree[x]39[z]566[height]3.5[diam]3.1
*[name]flag[x]51[z]566[height]1.0[diam]1.0
*[name]tree[x]22[z]567[height]2.1[diam]2.1
*[name]tree[x]26[z]567[height]3.7[diam]3.0
*[name]tree[x]35[z]567[height]3.5[diam]3.4
*[name]tree[x]41[z]567[height]3.1[diam]1.7
*[name]flag[x]44[z]567[height]1.0[diam]1.0
*[name]tree[x]56[z]567[height]2.3[diam]1.4
*[name]tree[x]16[z]568[height]3.5[diam]2.3
*[name]tree[x]24[z]568[height]3.3[diam]3.1
*[name]tree[x]29[z]568[height]2.3[diam]2.2
*[name]tree[x]33[z]568[height]3.4[diam]2.4
*[name]tree[x]36[z]568[height]2.3[diam]2.1
*[name]tree[x]39[z]568[height]2.1[diam]1.7
*[name]tree[x]58[z]568[height]3.1[diam]1.6
*[name]tree[x]26[z]569[height]2.1[diam]1.2
*[name]tree[x]37[z]569[height]3.8[diam]2.2
*[name]tree[x]46[z]569[height]2.9[diam]2.4
*[name]tree[x]53[z]569[height]3.9[diam]2.9
*[name]tree[x]20[z]570[height]3.3[diam]2.9
*[name]tree[x]28[z]570[height]2.3[diam]1.6
*[name]tree[x]31[z]570[height]3.4[diam]2.9
*[name]tree[x]35[z]570[height]3.0[diam]2.8
*[name]tree[x]41[z]570[height]3.8[diam]2.4
*[name]tree[x]24[z]571[height]2.3[diam]1.8
*[name]tree[x]39[z]571[height]2.3[diam]1.5
*[name]tree[x]54[z]571[height]2.9[diam]2.6
*[name]tree[x]9[z]572[height]3.5[diam]2.8
*[name]tree[x]25[z]572[height]3.3[diam]2.9
*[name]tree[x]29[z]572[height]2.4[diam]1.4
*[name]tree[x]38[z]572[height]3.7[diam]2.3
*[name]herring[x]48[z]572[height]1.0[diam]1.0
*[name]tree[x]57[z]572[height]2.6[diam]2.2
*[name]tree[x]14[z]573[height]2.9[diam]2.5
*[name]tree[x]31[z]573[height]2.7[diam]1.9
*[name]tree[x]36[z]573[height]2.5[diam]2.5
*[name]tree[x]34[z]574[height]2.3[diam]1.6
*[name]tree[x]42[z]574[height]2.8[diam]2.6
*[name]tree[x]20[z]575[height]2.1[diam]2.0
*[name]tree[x]22[z]575[height]3.5[diam]3.4
*[name]tree[x]24[z]575[height]2.3[diam]2.2
*[name]tree[x]26[z]575[height]3.0[diam]1.9
*[name]tree[x]29[z]575[height]2.4[diam]2.4
*[name]tree[x]36[z]575[height]2.2[diam]2.1
*[name]tree[x]40[z]575[height]3.0[diam]2.7
*[name]tree[x]54[z]575[height]3.5[diam]2.9
*[name]tree[x]56[z]575[height]3.9[diam]3.0
*[name]tree[x]32[z]576[height]3.9[diam]2.4
*[name]tree[x]39[z]576[height]2.6[diam]1.8
*[name]tree[x]16[z]577[height]4.0[diam]3.3
*[name]tree[x]35[z]577[height]3.5[diam]2.2
*[name]tree[x]43[z]577[height]3.3[diam]3.1
*[name]tree[x]58[z]577[height]3.2[diam]1.6
*[name]tree[x]20[z]578[height]3.6[diam]2.9
*[name]tree[x]24[z]578[height]3.8[diam]2.9
*[name]tree[x]31[z]578[height]3.2[diam]1.7
*[name]tree[x]55[z]578[height]2.9[diam]1.6
*[name]tree[x]7[z]579[height]2.7[diam]2.2
*[name]tree[x]25[z]579[height]2.0[diam]1.5
*[name]tree[x]29[z]579[height]3.2[diam]2.5
*[name]tree[x]36[z]579[height]2.4[diam]1.6
*[name]tree[x]39[z]579[height]2.5[diam]1.4
*[name]tree[x]41[z]579[height]3.8[diam]2.3
*[name]tree[x]50[z]579[height]2.8[diam]1.6
*[name]tree[x]18[z]580[height]3.1[diam]2.2
*[name]tree[x]22[z]580[height]3.6[diam]2.4
*[name]tree[x]28[z]580[height]3.2[diam]2.3
*[name]tree[x]55[z]580[height]2.5[diam]1.5
*[name]tree[x]32[z]581[height]2.9[diam]1.5
*[name]tree[x]38[z]581[height]3.7[diam]2.5
*[name]tree[x]12[z]582[height]3.1[diam]2.2
*[name]tree[x]18[z]582[height]2.9[diam]2.8
*[name]tree[x]21[z]582[height]3.1[diam]2.7
*[name]tree[x]25[z]582[height]3.3[diam]2.5
*[name]tree[x]35[z]582[height]2.4[diam]1.5
*[name]tree[x]43[z]582[height]2.2[diam]1.5
*[name]herring[x]48[z]582[height]1.0[diam]1.0
*[name]tree[x]57[z]582[height]3.2[diam]2.1
*[name]tree[x]27[z]583[height]3.1[diam]2.3
*[name]tree[x]30[z]583[height]3.1[diam]2.9
*[name]tree[x]40[z]583[height]3.3[diam]1.9
*[name]tree[x]4[z]584[height]2.6[diam]1.9
*[name]tree[x]32[z]584[height]2.9[diam]2.7
*[name]tree[x]54[z]584[height]3.9[diam]3.2
*[name]tree[x]57[z]584[height]2.2[diam]1.5
*[name]tree[x]23[z]585[height]3.3[diam]3.2
*[name]tree[x]26[z]585[height]3.6[diam]2.1
*[name]tree[x]34[z]585[height]2.8[diam]1.7
*[name]tree[x]37[z]585[height]2.3[diam]2.2
*[name]tree[x]41[z]585[height]4.0[diam]3.6
*[name]tree[x]59[z]585[height]2.9[diam]1.8
*[name]tree[x]16[z]586[height]2.1[diam]1.6
*[name]tree[x]24[z]586[height]3.2[diam]2.6
*[name]tree[x]28[z]586[height]3.8[diam]2.2
*[name]tree[x]32[z]586[height]2.2[diam]1.6
*[name]flag[x]43[z]586[height]1.0[diam]1.0
*[name]tree[x]11[z]587[height]2.2[diam]1.9
*[name]tree[x]19[z]587[height]3.1[diam]2.1
*[name]tree[x]21[z]587[height]2.6[diam]2.5
*[name]flag[x]51[z]587[height]1.0[diam]1.0
*[name]tree[x]54[z]587[height]2.5[diam]1.5
*[name]tree[x]57[z]587[height]3.2[diam]2.2
*[name]tree[x]6[z]588[height]3.3[diam]2.1
*[name]tree[x]18[z]588[height]2.6[diam]1.8
*[name]tree[x]36[z]588[height]2.9[diam]2.4
*[name]tree[x]39[z]588[height]3.3[diam]2.7
*[name]tree[x]21[z]589[height]3.2[diam]2.6
*[name]tree[x]25[z]589[height]2.8[diam]1.5
*[name]tree[x]27[z]589[height]3.7[diam]2.7
*[name]tree[x]31[z]589[height]3.2[diam]2.4
*[name]tree[x]37[z]589[height]2.1[diam]1.6
*[name]tree[x]42[z]589[height]3.3[diam]1.9
*[name]tree[x]45[z]589[height]3.8[diam]3.3
*[name]tree[x]55[z]589[height]3.9[diam]2.9
*[name]tree[x]33[z]590[height]2.2[diam]1.4
*[name]tree[x]18[z]591[height]2.8[diam]1.9
*[name]tree[x]23[z]591[height]3.0[diam]1.5
*[name]tree[x]29[z]591[height]3.3[diam]1.9
*[name]tree[x]31[z]591[height]2.6[diam]2.6
*[name]tree[x]35[z]591[height]3.1[diam]2.7
*[name]tree[x]57[z]591[height]3.2[diam]1.9
*[name]tree[x]12[z]592[height]2.8[diam]1.7
*[name]tree[x]19[z]592[height]3.7[diam]3.3
*[name]tree[x]22[z]592[height]2.5[diam]2.1
*[name]tree[x]38[z]592[height]2.5[diam]2.3
*[name]tree[x]41[z]592[height]2.3[diam]1.6
*[name]tree[x]52[z]592[height]2.7[diam]2.4
*[name]tree[x]56[z]592[height]3.0[diam]1.9
*[name]tree[x]15[z]593[height]3.1[diam]2.3
*[name]tree[x]25[z]593[height]3.4[diam]2.8
*[name]tree[x]28[z]593[height]3.5[diam]1.9
*[name]tree[x]33[z]593[height]3.9[diam]2.4
*[name]tree[x]59[z]593[height]2.3[diam]1.9
*[name]tree[x]9[z]594[height]2.6[diam]1.9
*[name]tree[x]18[z]594[height]3.2[diam]3.0
*[name]tree[x]22[z]594[height]2.5[diam]1.5
*[name]tree[x]30[z]594[height]2.1[diam]1.7
*[name]tree[x]36[z]594[height]2.8[diam]2.7
*[name]herring[x]46[z]594[height]1.0[diam]1.0
*[name]tree[x]54[z]594[height]2.9[diam]2.4
*[name]tree[x]38[z]595[height]3.1[diam]2.7
*[name]tree[x]57[z]595[height]3.0[diam]2.6
*[name]tree[x]13[z]596[height]2.1[diam]1.9
*[name]tree[x]17[z]596[height]3.1[diam]2.4
*[name]tree[x]20[z]596[height]2.2[diam]1.2
*[name]tree[x]26[z]596[height]2.0[diam]1.9
*[name]tree[x]33[z]596[height]3.4[diam]3.0
*[name]tree[x]51[z]596[height]3.9[diam]3.3
*[name]tree[x]2[z]597[height]3.9[diam]2.2
*[name]tree[x]28[z]597[height]2.6[diam]1.7
*[name]tree[x]30[z]597[height]3.2[diam]3.0
*[name]tree[x]57[z]597[height]2.2[diam]2.0
*[name]tree[x]5[z]598[height]2.2[diam]1.3
*[name]tree[x]16[z]598[height]2.9[diam]2.2
*[name]tree[x]23[z]598[height]2.1[diam]2.0
*[name]tree[x]36[z]598[height]2.4[diam]1.9
*[name]tree[x]44[z]598[height]3.2[diam]2.7
*[name]tree[x]53[z]598[height]2.7[diam]2.2
*[name]tree[x]11[z]599[height]3.2[diam]3.0
*[name]tree[x]13[z]599[height]2.3[diam]1.9
*[name]tree[x]20[z]599[height]2.0[diam]1.2
*[name]tree[x]33[z]599[height]3.1[diam]2.7
*[name]tree[x]54[z]599[height]3.8[diam]2.8
*[name]tree[x]22[z]600[height]2.8[diam]2.6
*[name]tree[x]25[z]600[height]3.2[diam]2.8
*[name]tree[x]29[z]600[height]2.2[diam]1.3
*[name]tree[x]56[z]600[height]3.3[diam]2.0
*[name]tree[x]13[z]601[height]2.0[diam]1.8
*[name]tree[x]17[z]601[height]2.8[diam]2.0
*[name]tree[x]37[z]601[height]2.6[diam]1.8
*[name]tree[x]50[z]601[height]2.7[diam]2.0
*[name]tree[x]52[z]601[height]2.1[diam]2.1
*[name]tree[x]19[z]602[height]2.4[diam]1.7
*[name]tree[x]26[z]602[height]3.1[diam]2.7
*[name]tree[x]33[z]602[height]2.7[diam]2.3
*[name]flag[x]40[z]602[height]1.0[diam]1.0
*[name]tree[x]58[z]602[height]2.9[diam]2.0
*[name]tree[x]4[z]603[height]3.7[diam]3.7
*[name]tree[x]9[z]603[height]2.1[diam]1.8
*[name]tree[x]21[z]603[height]3.0[diam]2.2
*[name]tree[x]28[z]603[height]3.1[diam]1.8
*[name]tree[x]31[z]603[height]2.4[diam]2.0
*[name]tree[x]53[z]603[height]2.7[diam]2.4
*[name]tree[x]15[z]604[height]3.7[diam]2.5
*[name]tree[x]24[z]604[height]3.2[diam]2.0
*[name]flag[x]50[z]604[height]1.0[diam]1.0
*[name]tree[x]56[z]604[height]3.6[diam]3.3
*[name]tree[x]7[z]605[height]3.4[diam]1.9
*[name]tree[x]11[z]605[height]2.7[diam]2.3
*[name]tree[x]13[z]605[height]2.2[diam]1.6
*[name]tree[x]22[z]605[height]2.3[diam]1.9
*[name]tree[x]27[z]605[height]2.6[diam]1.9
*[name]tree[x]33[z]605[height]2.6[diam]2.3
*[name]tree[x]36[z]605[height]3.7[diam]2.1
*[name]herring[x]45[z]605[height]1.0[diam]1.0
*[name]tree[x]58[z]605[height]3.5[diam]3.3
*[name]tree[x]9[z]606[height]3.8[diam]2.4
*[name]tree[x]15[z]606[height]2.8[diam]2.0
*[name]tree[x]18[z]606[height]2.7[diam]2.2
*[name]tree[x]20[z]606[height]2.2[diam]1.9
*[name]tree[x]31[z]606[height]2.8[diam]2.8
*[name]tree[x]54[z]606[height]2.1[diam]2.1
*[name]tree[x]27[z]607[height]2.5[diam]2.3
*[name]tree[x]50[z]607[height]3.7[diam]3.6
*[name]tree[x]7[z]608[height]4.0[diam]2.3
*[name]tree[x]12[z]608[height]3.4[diam]1.8
*[name]tree[x]21[z]608[height]3.4[diam]3.1
*[name]tree[x]24[z]608[height]3.4[diam]3.3
*[name]tree[x]55[z]608[height]2.7[diam]1.4
*[name]tree[x]57[z]608[height]3.4[diam]2.1
*[name]tree[x]8[z]609[height]2.4[diam]1.7
*[name]tree[x]17[z]609[height]2.2[diam]1.2
*[name]tree[x]36[z]609[height]3.4[diam]2.5
*[name]tree[x]41[z]609[height]3.1[diam]1.6
*[name]tree[x]53[z]609[height]2.1[diam]1.8
*[name]tree[x]3[z]610[height]3.5[diam]2.6
*[name]tree[x]10[z]610[height]3.3[diam]2.9
*[name]tree[x]14[z]610[height]3.0[diam]2.8
*[name]tree[x]20[z]610[height]3.2[diam]2.1
*[name]tree[x]23[z]610[height]3.6[diam]2.9
*[name]tree[x]27[z]610[height]3.0[diam]2.2
*[name]tree[x]30[z]610[height]3.3[diam]1.9
*[name]tree[x]33[z]610[height]2.7[diam]1.8
*[name]tree[x]45[z]610[height]2.3[diam]2.0
*[name]tree[x]49[z]610[height]2.7[diam]2.5
*[name]tree[x]59[z]610[height]3.9[diam]2.9
*[name]tree[x]18[z]611[height]2.6[diam]1.4
*[name]tree[x]55[z]611[height]3.2[diam]3.2
*[name]tree[x]6[z]612[height]3.1[diam]1.8
*[name]tree[x]14[z]612[height]2.1[diam]1.7
*[name]tree[x]21[z]612[height]3.6[diam]3.2
*[name]tree[x]25[z]612[height]2.2[diam]1.6
*[name]tree[x]52[z]612[height]3.1[diam]2.4
*[name]tree[x]10[z]613[height]2.6[diam]1.5
*[name]tree[x]12[z]613[height]3.8[diam]2.1
*[name]tree[x]15[z]613[height]3.5[diam]2.4
*[name]tree[x]31[z]613[height]3.2[diam]2.2
*[name]tree[x]36[z]613[height]3.2[diam]3.1
*[name]tree[x]58[z]613[height]3.4[diam]2.9
*[name]tree[x]6[z]614[height]3.4[diam]1.8
*[name]tree[x]18[z]614[height]3.2[diam]2.6
*[name]tree[x]28[z]614[height]3.1[diam]2.9
*[name]tree[x]33[z]614[height]3.4[diam]2.0
*[name]tree[x]59[z]614[height]3.7[diam]2.3
*[name]tree[x]8[z]615[height]2.6[diam]2.5
*[name]tree[x]11[z]615[height]3.7[diam]2.0
*[name]tree[x]15[z]615[height]3.3[diam]3.3
*[name]tree[x]22[z]615[height]3.1[diam]1.9
*[name]tree[x]24[z]615[height]3.1[diam]2.8
*[name]tree[x]48[z]615[height]2.7[diam]2.0
*[name]tree[x]53[z]615[height]3.9[diam]2.2
*[name]tree[x]55[z]615[height]3.7[diam]2.9
*[name]tree[x]3[z]616[height]3.0[diam]2.1
*[name]tree[x]5[z]616[height]3.1[diam]1.8
*[name]tree[x]13[z]616[height]2.3[diam]1.4
*[name]tree[x]27[z]616[height]2.5[diam]2.1
*[name]flag[x]35[z]616[height]1.0[diam]1.0
*[name]tree[x]16[z]617[height]3.8[diam]3.4
*[name]tree[x]19[z]617[height]3.2[diam]2.6
*[name]tree[x]31[z]617[height]3.9[diam]2.9
*[name]tree[x]51[z]617[height]3.7[diam]2.4
*[name]tree[x]57[z]617[height]2.7[diam]2.3
*[name]tree[x]7[z]618[height]2.8[diam]1.4
*[name]tree[x]9[z]618[height]3.3[diam]3.2
*[name]tree[x]14[z]618[height]2.5[diam]1.5
*[name]tree[x]4[z]619[height]3.5[diam]2.8
*[name]tree[x]11[z]619[height]3.3[diam]2.8
*[name]tree[x]15[z]619[height]3.4[diam]2.5
*[name]tree[x]17[z]619[height]2.6[diam]1.5
*[name]tree[x]21[z]619[height]3.8[diam]3.5
*[name]tree[x]24[z]619[height]2.8[diam]1.4
*[name]tree[x]41[z]619[height]2.2[diam]1.8
*[name]tree[x]46[z]619[height]3.5[diam]1.8
*[name]tree[x]49[z]619[height]2.8[diam]1.9
*[name]tree[x]55[z]619[height]3.2[diam]2.3
*[name]tree[x]9[z]620[height]3.6[diam]2.7
*[name]tree[x]28[z]620[height]3.3[diam]2.0
*[name]tree[x]19[z]621[height]2.4[diam]1.2
*[name]tree[x]31[z]621[height]2.4[diam]2.2
*[name]tree[x]9[z]622[height]3.9[diam]2.8
*[name]tree[x]12[z]622[height]2.1[diam]1.8
*[name]tree[x]22[z]622[height]2.1[diam]1.8
*[name]tree[x]25[z]622[height]2.8[diam]2.5
*[name]flag[x]44[z]622[height]1.0[diam]1.0
*[name]tree[x]52[z]622[height]2.3[diam]2.0
*[name]tree[x]4[z]623[height]3.9[diam]2.1
*[name]tree[x]6[z]623[height]3.0[diam]2.1
*[name]tree[x]15[z]623[height]2.2[diam]1.8
*[name]tree[x]26[z]623[height]4.0[diam]3.7
*[name]tree[x]38[z]623[height]3.2[diam]2.3
*[name]tree[x]20[z]624[height]2.4[diam]1.5
*[name]tree[x]47[z]624[height]3.6[diam]1.8
*[name]tree[x]1[z]625[height]3.4[diam]2.5
*[name]tree[x]6[z]626[height]2.4[diam]2.2
*[name]tree[x]8[z]626[height]3.0[diam]2.1
*[name]tree[x]14[z]626[height]3.4[diam]2.5
*[name]tree[x]17[z]626[height]3.6[diam]3.2
*[name]tree[x]24[z]626[height]2.3[diam]2.2
*[name]tree[x]42[z]626[height]2.9[diam]2.3
*[name]tree[x]2[z]627[height]3.3[diam]2.7
*[name]tree[x]11[z]627[height]2.5[diam]2.0
*[name]tree[x]7[z]628[height]3.4[diam]3.0
*[name]tree[x]19[z]628[height]4.0[diam]3.6
*[name]tree[x]14[z]629[height]2.8[diam]2.7
*[name]tree[x]17[z]629[height]3.3[diam]3.3
*[name]tree[x]23[z]629[height]2.7[diam]2.5
*[name]tree[x]4[z]630[height]2.4[diam]1.4
*[name]tree[x]9[z]630[height]3.7[diam]3.6
*[name]tree[x]21[z]630[height]3.3[diam]1.7
*[name]tree[x]12[z]631[height]3.6[diam]2.0
*[name]tree[x]18[z]631[height]2.8[diam]2.1
*[name]flag[x]26[z]631[height]1.0[diam]1.0
*[name]tree[x]2[z]632[height]3.2[diam]2.0
*[name]tree[x]6[z]632[height]2.5[diam]2.2
*[name]tree[x]10[z]632[height]2.2[diam]1.9
*[name]tree[x]15[z]632[height]2.7[diam]2.4
*[name]tree[x]9[z]633[height]2.7[diam]2.2
*[name]tree[x]20[z]633[height]2.8[diam]1.5
*[name]tree[x]5[z]634[height]2.8[diam]1.9
*[name]herring[x]28[z]634[height]1.0[diam]1.0
*[name]tree[x]12[z]635[height]3.7[diam]3.2
*[name]tree[x]17[z]635[height]2.7[diam]2.0
*[name]tree[x]2[z]636[height]3.5[diam]3.0
*[name]tree[x]4[z]636[height]2.7[diam]2.7
*[name]tree[x]9[z]636[height]3.7[diam]2.3
*[name]tree[x]14[z]636[height]3.8[diam]2.8
*[name]herring[x]26[z]636[height]1.0[diam]1.0
*[name]tree[x]7[z]637[height]2.5[diam]2.1
*[name]flag[x]30[z]637[height]1.0[diam]1.0
*[name]tree[x]4[z]638[height]3.3[diam]2.7
*[name]tree[x]12[z]638[height]2.3[diam]1.4
*[name]herring[x]24[z]638[height]1.0[diam]1.0
*[name]herring[x]44[z]638[height]1.0[diam]1.0
*[name]tree[x]2[z]640[height]3.8[diam]2.7
*[name]tree[x]8[z]640[height]2.0[diam]1.0
*[name]flag[x]17[z]640[height]1.0[diam]1.0
*[name]tree[x]4[z]641[height]2.3[diam]1.6
*[name]tree[x]14[z]641[height]3.6[diam]2.7
*[name]tree[x]11[z]642[height]3.9[diam]2.4
*[name]tree[x]6[z]643[height]3.1[diam]2.1
*[name]tree[x]8[z]643[height]3.2[diam]2.2
*[name]tree[x]2[z]644[height]2.2[diam]2.1
*[name]tree[x]12[z]645[height]3.8[diam]3.5
*[name]float[x]20[z]645[height]1.0[diam]1.0
*[name]tree[x]5[z]646[height]3.3[diam]2.0
*[name]tree[x]8[z]646[height]3.7[diam]2.8
*[name]tree[x]3[z]648[height]2.9[diam]2.5
*[name]herring[x]45[z]648[height]1.0[diam]1.0
*[name]tree[x]6[z]649[height]4.0[diam]3.4
*[name]tree[x]11[z]649[height]2.8[diam]2.3
*[name]tree[x]5[z]651[height]2.7[diam]2.1
*[name]tree[x]8[z]651[height]3.7[diam]2.4
*[name]tree[x]3[z]652[height]4.0[diam]3.8
*[name]tree[x]7[z]653[height]2.6[diam]1.5
*[name]tree[x]9[z]655[height]2.5[diam]1.4
*[name]herring[x]16[z]655[height]1.0[diam]1.0
*[name]tree[x]6[z]656[height]3.3[diam]2.0
*[name]herring[x]46[z]657[height]1.0[diam]1.0
*[name]herring[x]15[z]658[height]1.0[diam]1.0
*[name]flag[x]23[z]658[height]1.0[diam]1.0
*[name]tree_barren[x]9[z]662[height]2.6[diam]1.5
*[name]tree_barren[x]6[z]667[height]3.2[diam]3.0
*[name]herring[x]47[z]667[height]1.0[diam]1.0
*[name]tree_barren[x]9[z]669[height]3.1[diam]2.7
*[name]herring[x]20[z]672[height]1.0[diam]1.0
*[name]flag[x]11[z]673[height]1.0[diam]1.0
*[name]herring[x]20[z]675[height]1.0[diam]1.0
*[name]herring[x]48[z]675[height]1.0[diam]1.0
*[name]tree_barren[x]5[z]676[height]3.6[diam]2.6
*[name]tree_barren[x]8[z]676[height]3.1[diam]2.2
*[name]tree_barren[x]7[z]684[height]3.4[diam]2.4
*[name]herring[x]11[z]684[height]1.0[diam]1.0
*[name]herring[x]49[z]684[height]1.0[diam]1.0
*[name]flag[x]22[z]686[height]1.0[diam]1.0
*[name]herring[x]11[z]687[height]1.0[diam]1.0
*[name]herring[x]50[z]691[height]1.0[diam]1.0
*[name]tree_barren[x]7[z]696[height]3.8[diam]2.1
*[name]herring[x]50[z]698[height]1.0[diam]1.0
*[name]tree_barren[x]9[z]701[height]2.3[diam]2.2
*[name]herring[x]19[z]701[height]1.0[diam]1.0
*[name]flag[x]10[z]702[height]1.0[diam]1.0
*[name]herring[x]19[z]704[height]1.0[diam]1.0
*[name]tree_barren[x]8[z]706[height]3.6[diam]2.8
*[name]herring[x]51[z]709[height]1.0[diam]1.0
*[name]flag[x]21[z]714[height]1.0[diam]1.0
*[name]herring[x]13[z]715[height]1.0[diam]1.0
*[name]herring[x]13[z]718[height]1.0[diam]1.0
*[name]herring[x]51[z]718[height]1.0[diam]1.0
*[name]herring[x]52[z]727[height]1.0[diam]1.0
*[name]herring[x]21[z]728[height]1.0[diam]1.0
*[name]flag[x]12[z]730[height]1.0[diam]1.0
*[name]herring[x]21[z]732[height]1.0[diam]1.0
*[name]herring[x]53[z]736[height]1.0[diam]1.0
*[name]herring[x]14[z]745[height]1.0[diam]1.0
*[name]flag[x]24[z]745[height]1.0[diam]1.0
*[name]herring[x]14[z]747[height]1.0[diam]1.0
*[name]herring[x]53[z]747[height]1.0[diam]1.0
*[name]herring[x]53[z]755[height]1.0[diam]1.0
*[name]flag[x]13[z]759[height]1.0[diam]1.0
*[name]herring[x]53[z]764[height]1.0[diam]1.0
*[name]flag[x]30[z]766[height]1.0[diam]1.0
*[name]flag[x]18[z]773[height]1.0[diam]1.0
*[name]herring[x]53[z]776[height]1.0[diam]1.0
*[name]flag[x]33[z]782[height]1.0[diam]1.0
*[name]flag[x]24[z]785[height]1.0[diam]1.0
*[name]herring[x]51[z]786[height]1.0[diam]1.0
*[name]herring[x]31[z]790[height]1.0[diam]1.0
*[name]herring[x]32[z]792[height]1.0[diam]1.0
*[name]herring[x]33[z]794[height]1.0[diam]1.0
*[name]herring[x]50[z]794[height]1.0[diam]1.0
*[name]flag[x]38[z]797[height]1.0[diam]1.0
*[name]flag[x]29[z]800[height]1.0[diam]1.0
*[name]herring[x]49[z]803[height]1.0[diam]1.0
*[name]flag[x]34[z]821[height]1.0[diam]1.0
*[name]flag[x]46[z]821[height]1.0[diam]1.0
*[name]herring[x]39[z]831[height]1.0[diam]1.0
*[name]flag[x]37[z]838[height]1.0[diam]1.0
*[name]flag[x]47[z]839[height]1.0[diam]1.0
*[name]herring[x]40[z]845[height]1.0[diam]1.0
*[name]flag[x]33[z]852[height]1.0[diam]1.0
*[name]flag[x]47[z]853[height]1.0[diam]1.0
*[name]herring[x]43[z]854[height]1.0[diam]1.0
*[name]herring[x]37[z]861[height]1.0[diam]1.0
*[name]herring[x]42[z]868[height]1.0[diam]1.0
*[name]flag[x]30[z]873[height]1.0[diam]1.0
*[name]herring[x]35[z]875[height]1.0[diam]1.0
*[name]flag[x]45[z]875[height]1.0[diam]1.0
*[name]herring[x]40[z]883[height]1.0[diam]1.0
*[name]herring[x]33[z]889[height]1.0[diam]1.0
*[name]flag[x]26[z]894[height]1.0[diam]1.0
*[name]herring[x]38[z]896[height]1.0[diam]1.0
*[name]flag[x]44[z]897[height]1.0[diam]1.0
*[name]herring[x]31[z]902[height]1.0[diam]1.0
*[name]herring[x]36[z]908[height]1.0[diam]1.0
*[name]flag[x]23[z]914[height]1.0[diam]1.0
*[name]flag[x]39[z]917[height]1.0[diam]1.0
*[name]flag[x]19[z]958[height]1.0[diam]1.0
*[name]flag[x]26[z]958[height]1.0[diam]1.0
*[name]herring[x]23[z]959[height]1.0[diam]1.0
*[name]herring[x]23[z]962[height]1.0[diam]1.0
*[name]herring[x]22[z]967[height]1.0[diam]1.0
*[name]flag[x]17[z]972[height]1.0[diam]1.0
*[name]herring[x]21[z]972[height]1.0[diam]1.0
*[name]flag[x]24[z]973[height]1.0[diam]1.0
*[name]herring[x]20[z]978[height]1.0[diam]1.0
*[name]herring[x]19[z]985[height]1.0[diam]1.0
*[name]flag[x]15[z]986[height]1.0[diam]1.0
*[name]flag[x]23[z]986[height]1.0[diam]1.0
*[name]herring[x]19[z]994[height]1.0[diam]1.0
*[name]flag[x]14[z]1003[height]1.0[diam]1.0
*[name]flag[x]22[z]1003[height]1.0[diam]1.0
*[name]flag[x]22[z]1019[height]1.0[diam]1.0
*[name]flag[x]14[z]1020[height]1.0[diam]1.0
*[name]float[x]22[z]1035[height]1.0[diam]1.0
*[name]herring[x]24[z]1038[height]1.0[diam]1.0
*[name]herring[x]26[z]1041[height]1.0[diam]1.0
*[name]herring[x]38[z]1080[height]1.0[diam]1.0
*[name]herring[x]36[z]1082[height]1.0[diam]1.0
*[name]herring[x]19[z]1114[height]1.0[diam]1.0
*[name]herring[x]20[z]1117[height]1.0[diam]1.0
*[name]herring[x]28[z]1153[height]1.0[diam]1.0
*[name]herring[x]29[z]1156[height]1.0[diam]1.0
*[name]flag[x]24[z]1180[height]1.0[diam]1.0
*[name]flag[x]30[z]1181[height]1.0[diam]1.0
*[name]herring[x]26[z]1188[height]1.0[diam]1.0
*[name]herring[x]25[z]1191[height]1.0[diam]1.0
*[name]flag[x]20[z]1196[height]1.0[diam]1.0
*[name]flag[x]26[z]1197[height]1.0[diam]1.0
*[name]flag[x]15[z]1212[height]1.0[diam]1.0
*[name]flag[x]22[z]1214[height]1.0[diam]1.0
*[name]herring[x]16[z]1222[height]1.0[diam]1.0
*[name]herring[x]15[z]1225[height]1.0[diam]1.0
*[name]flag[x]11[z]1228[height]1.0[diam]1.0
*[name]flag[x]18[z]1230[height]1.0[diam]1.0
*[name]flag[x]8[z]1247[height]1.0[diam]1.0
*[name]flag[x]15[z]1248[height]1.0[diam]1.0
*[name]herring[x]11[z]1257[height]1.0[diam]1.0
*[name]herring[x]12[z]1260[height]1.0[diam]1.0
*[name]flag[x]16[z]1263[height]1.0[diam]1.0
*[name]flag[x]8[z]1266[height]1.0[diam]1.0
*[name]flag[x]19[z]1277[height]1.0[diam]1.0
*[name]flag[x]12[z]1279[height]1.0[diam]1.0
*[name]herring[x]16[z]1281[height]1.0[diam]1.0
*[name]herring[x]17[z]1284[height]1.0[diam]1.0
*[name]flag[x]22[z]1292[height]1.0[diam]1.0
*[name]flag[x]16[z]1294[height]1.0[diam]1.0
*[name]flag[x]25[z]1308[height]1.0[diam]1.0
*[name]flag[x]19[z]1310[height]1.0[diam]1.0
*[name]flag[x]30[z]1322[height]1.0[diam]1.0
*[name]flag[x]24[z]1324[height]1.0[diam]1.0
*[name]flag[x]37[z]1340[height]1.0[diam]1.0
*[name]flag[x]29[z]1341[height]1.0[diam]1.0
*[name]flag[x]38[z]1353[height]1.0[diam]1.0
*[name]flag[x]30[z]1354[height]1.0[diam]1.0
*[name]herring[x]34[z]1367[height]1.0[diam]1.0
*[name]flag[x]30[z]1371[height]1.0[diam]1.0
*[name]flag[x]37[z]1371[height]1.0[diam]1.0
*[name]herring[x]34[z]1373[height]1.0[diam]1.0
*[name]herring[x]34[z]1378[height]1.0[diam]1.0
*[name]herring[x]34[z]1383[height]1.0[diam]1.0
*[name]flag[x]30[z]1387[height]1.0[diam]1.0
*[name]flag[x]37[z]1387[height]1.0[diam]1.0
*[name]flag[x]30[z]1405[height]1.0[diam]1.0
*[name]flag[x]37[z]1405[height]1.0[diam]1.0
*[name]flag[x]38[z]1421[height]1.0[diam]1.0
*[name]flag[x]32[z]1423[height]1.0[diam]1.0
*[name]flag[x]34[z]1439[height]1.0[diam]1.0
*[name]flag[x]41[z]1439[height]1.0[diam]1.0
*[name]herring[x]39[z]1449[height]1.0[diam]1.0
*[name]herring[x]39[z]1452[height]1.0[diam]1.0
*[name]flag[x]35[z]1455[height]1.0[diam]1.0
*[name]herring[x]39[z]1455[height]1.0[diam]1.0
*[name]flag[x]41[z]1455[height]1.0[diam]1.0
*[name]herring[x]39[z]1458[height]1.0[diam]1.0
*[name]flag[x]33[z]1473[height]1.0[diam]1.0
*[name]flag[x]40[z]1473[height]1.0[diam]1.0
*[name]flag[x]32[z]1488[height]1.0[diam]1.0
*[name]flag[x]38[z]1490[height]1.0[diam]1.0
*[name]flag[x]25[z]1504[height]1.0[diam]1.0
*[name]flag[x]31[z]1506[height]1.0[diam]1.0
*[name]herring[x]24[z]1516[height]1.0[diam]1.0
*[name]flag[x]18[z]1519[height]1.0[diam]1.0
*[name]herring[x]22[z]1520[height]1.0[diam]1.0
*[name]flag[x]26[z]1521[height]1.0[diam]1.0
*[name]herring[x]20[z]1525[height]1.0[diam]1.0
*[name]herring[x]19[z]1529[height]1.0[diam]1.0
*[name]flag[x]14[z]1535[height]1.0[diam]1.0
*[name]flag[x]21[z]1536[height]1.0[diam]1.0
*[name]tree[x]13[z]1539[height]3.1[diam]1.8
*[name]float[x]17[z]1544[height]1.0[diam]1.0
*[name]tree_barren[x]13[z]1545[height]2.2[diam]1.5
*[name]flag[x]14[z]1548[height]1.0[diam]1.0
*[name]flag[x]21[z]1548[height]1.0[diam]1.0
*[name]flag[x]14[z]1563[height]1.0[diam]1.0
*[name]flag[x]21[z]1563[height]1.0[diam]1.0
*[name]herring[x]19[z]1569[height]1.0[diam]1.0
*[name]herring[x]20[z]1572[height]1.0[diam]1.0
*[name]herring[x]21[z]1575[height]1.0[diam]1.0
*[name]flag[x]24[z]1576[height]1.0[diam]1.0
*[name]flag[x]17[z]1578[height]1.0[diam]1.0
*[name]herring[x]22[z]1578[height]1.0[diam]1.0
*[name]tree[x]26[z]1580[height]2.9[diam]1.5
*[name]flag[x]28[z]1587[height]1.0[diam]1.0
*[name]flag[x]22[z]1590[height]1.0[diam]1.0
*[name]tree_barren[x]30[z]1590[height]2.6[diam]2.3
*[name]tree_barren[x]23[z]1594[height]2.4[diam]1.9
*[name]tree[x]26[z]1598[height]3.7[diam]3.4
*[name]flag[x]34[z]1602[height]1.0[diam]1.0
*[name]flag[x]28[z]1605[height]1.0[diam]1.0
*[name]flag[x]39[z]1616[height]1.0[diam]1.0
*[name]herring[x]34[z]1617[height]1.0[diam]1.0
*[name]flag[x]33[z]1618[height]1.0[diam]1.0
*[name]herring[x]35[z]1619[height]1.0[diam]1.0
*[name]herring[x]36[z]1621[height]1.0[diam]1.0
*[name]tree_barren[x]41[z]1621[height]3.6[diam]2.0
*[name]tree[x]42[z]1625[height]2.0[diam]1.4
*[name]flag[x]43[z]1632[height]1.0[diam]1.0
*[name]flag[x]36[z]1634[height]1.0[diam]1.0
*[name]tree_barren[x]43[z]1637[height]4.0[diam]3.1
*[name]tree_barren[x]35[z]1638[height]2.2[diam]1.9
*[name]tree[x]36[z]1642[height]2.1[diam]1.7
*[name]flag[x]44[z]1648[height]1.0[diam]1.0
*[name]flag[x]37[z]1649[height]1.0[diam]1.0
*[name]tree_barren[x]36[z]1658[height]2.4[diam]2.0
*[name]flag[x]44[z]1664[height]1.0[diam]1.0
*[name]flag[x]37[z]1665[height]1.0[diam]1.0
*[name]herring[x]41[z]1669[height]1.0[diam]1.0
*[name]herring[x]41[z]1672[height]1.0[diam]1.0
*[name]tree[x]44[z]1673[height]2.1[diam]1.2
*[name]herring[x]41[z]1675[height]1.0[diam]1.0
*[name]tree_barren[x]36[z]1678[height]3.7[diam]2.2
*[name]herring[x]41[z]1678[height]1.0[diam]1.0
*[name]flag[x]36[z]1682[height]1.0[diam]1.0
*[name]flag[x]44[z]1682[height]1.0[diam]1.0
*[name]flag[x]34[z]1695[height]1.0[diam]1.0
*[name]flag[x]41[z]1696[height]1.0[diam]1.0
*[name]tree[x]32[z]1698[height]2.0[diam]1.7
*[name]herring[x]37[z]1700[height]1.0[diam]1.0
*[name]herring[x]36[z]1703[height]1.0[diam]1.0
*[name]flag[x]29[z]1705[height]1.0[diam]1.0
*[name]herring[x]34[z]1705[height]1.0[diam]1.0
*[name]herring[x]32[z]1707[height]1.0[diam]1.0
*[name]flag[x]36[z]1708[height]1.0[diam]1.0
*[name]tree_barren[x]26[z]1712[height]3.4[diam]2.7
*[name]tree[x]35[z]1714[height]3.6[diam]3.2
*[name]flag[x]26[z]1718[height]1.0[diam]1.0
*[name]flag[x]33[z]1718[height]1.0[diam]1.0
*[name]tree_barren[x]35[z]1728[height]4.0[diam]2.5
*[name]flag[x]33[z]1730[height]1.0[diam]1.0
*[name]flag[x]26[z]1731[height]1.0[diam]1.0
*[name]herring[x]29[z]1732[height]1.0[diam]1.0
*[name]herring[x]29[z]1734[height]1.0[diam]1.0
*[name]herring[x]29[z]1736[height]1.0[diam]1.0
*[name]tree[x]34[z]1736[height]3.7[diam]2.4
*[name]tree[x]25[z]1737[height]2.0[diam]1.1
*[name]herring[x]29[z]1738[height]1.0[diam]1.0
*[name]tree_barren[x]23[z]1743[height]3.7[diam]3.4
*[name]flag[x]26[z]1745[height]1.0[diam]1.0
*[name]flag[x]34[z]1746[height]1.0[diam]1.0
*[name]tree[x]24[z]1749[height]3.8[diam]3.1
*[name]tree_barren[x]22[z]1753[height]3.9[diam]3.7
*[name]flag[x]24[z]1756[height]1.0[diam]1.0
*[name]herring[x]29[z]1756[height]1.0[diam]1.0
*[name]flag[x]32[z]1756[height]1.0[diam]1.0
*[name]herring[x]29[z]1758[height]1.0[diam]1.0
*[name]herring[x]29[z]1760[height]1.0[diam]1.0
*[name]tree_barren[x]33[z]1760[height]2.1[diam]2.0
*[name]tree[x]23[z]1761[height]3.0[diam]1.7
*[name]herring[x]29[z]1762[height]1.0[diam]1.0
*[name]flag[x]24[z]1766[height]1.0[diam]1.0
*[name]flag[x]32[z]1766[height]1.0[diam]1.0
*[name]tree_barren[x]22[z]1770[height]3.5[diam]2.6
*[name]flag[x]25[z]1776[height]1.0[diam]1.0
*[name]flag[x]32[z]1776[height]1.0[diam]1.0
*[name]start[x]28[z]1787[height]6.0[diam]9.0