*[name] Bronze Set [dir] bronze_set
*[name] Come Peces [dir] comepeces
*[name] Desperation [dir] desperation
*[name] El Reto [dir] el_reto
*[name] Follow the White Rabbit [dir] follow_white_rabbit
*[name] 60 herrings half pipe [dir] herrings_half_pipe
*[name] I Like Spike [dir] i_like_spike_2
*[name] Inception [dir] inception
*[name] Maze [dir] laberinto
*[name] Penguin's Day [dir] penguins_day
*[name] Pygoscelis adeliae [dir] pygoscelis_adeliae
*[name] Rock'n'Roll [dir] rock_n_roll
*[name] Slide or Fly [dir] slide_or_fly
*[name] Snow Run 1 [dir] snow_run_1
*[name] Snow Run 2 [dir] snow_run_2
*[name] The Long Ride [dir] the_long_ride
*[name] Touch the Moon [dir] touch_the_moon
*[name] Touristic Ride [dir] touristic_ride
*[name] TuXway [dir] tuxway
*[name] Twists [dir] twists
*[name] Tux's Wild Ride [dir] wild_ride
*[name] Wild West Chute Out [dir] wild_west_chute_out