# Polish translation maintained by woody
# In case of any problems or suggestions, please feel free to contact me at czajernia@gmail.com

# Please, don't change the idx

*[idx] 0 [engl] PRESS ANY KEY TO START [trans] NACIŚNIJ DOWOLNY KLAWISZ
*[idx] 1 [engl] Enter an event [trans] Rozpocznij grę
*[idx] 2 [engl] Practice [trans] Ćwiczenia
*[idx] 3 [engl] Configuration [trans] Ustawienia
*[idx] 4 [engl] Credits [trans] O autorach
*[idx] 5 [engl] Quit [trans] Wyjście
*[idx] 6 [engl] Select an event [trans] Wybierz rozgrywki
*[idx] 7 [engl] Select a cup [trans] Wybierz puchar
*[idx] 8 [engl] Back [trans] Wstecz
*[idx] 9 [engl] Continue [trans] Kontynuuj
*[idx] 10 [engl] You cannot enter this cup yet 
	[trans] Jeszcze nie możesz wystartować w tym pucharze

*[idx] 11 [engl] Herring: [trans] Śledzie:
*[idx] 12 [engl] Time: [trans] Czas:
*[idx] 13 [engl] Race! [trans] Start!
*[idx] 14 [engl] seconds [trans]
*[idx] 15 [engl] Ok [trans] OK
*[idx] 16 [engl] Congratulations! You won the cup! 
	[trans] Wygrałeś ten puchar!
*[idx] 17 [engl] You have reached level [trans] 
*[idx] 18 [engl] Sorry, you didn't advance [trans]
*[idx] 19 [engl] You don't have any lives left [trans] Nie masz już możliwych szansz.
*[idx] 20 [engl] Select a race [trans] Wybierz trasę

*[idx] 21 [engl] Failed, -1 Tuxlive [trans] 
*[idx] 22 [engl] Success, +/- 0 Tuxlive [trans]
*[idx] 23 [engl] Success, +1 Tuxlive [trans]
*[idx] 24 [engl] Success, +2 Tuxlive [trans]
*[idx] 25 [engl] Race aborted [trans] Wyścig przerwany
*[idx] 26 [engl] Score: [trans] Wynik:
*[idx] 27 [engl] points [trans]

*[idx] 28 [engl] Cancel [trans] Anuluj
*[idx] 29 [engl] Loading [trans] Ładowanie
*[idx] 30 [engl] Please wait... [trans] roszę Czekać...

*[idx] 31 [engl] Fullscreen: [trans] Pełny ekran:
*[idx] 32 [engl] Resolution: [trans] Rozdzielczość:
*[idx] 33 [engl] Music volume: [trans]
*[idx] 34 [engl] Sound volume: [trans]
*[idx] 35 [engl] Language: [trans] Język:
*[idx] 36 [engl] Level of detail: [trans] 
*[idx] 37 [engl] Contributed by: [trans] Stworzona przez:
*[idx] 38 [engl] Event: [trans] Rozgrywki:
*[idx] 39 [engl] Cup: [trans] Puchar:
*[idx] 40 [engl] Race Over [trans] Koniec wyścigu

*[idx] 41 [engl] For more configuration options, please edit the 
	[trans] 
*[idx] 42 [engl] file 'options.lst' and read the documentation. 
	[trans] 
