*[name] Bunny Hill [dir] bunny_hill
*[name] Twisty Slope [dir] twisty_slope
*[name] Bumpy Ride [dir] bumpy_ride
*[name] Explore The Mountains [dir] explore_mountains
*[name] Frozen Lakes [dir] frozen_lakes
*[name] Challenge One [dir] challenge_one
*[name] The Downhill Fear [dir] downhill_fear
*[name] In Search Of Vodka [dir] in_search_of_vodka
*[name] Hippo Run [dir] hippo_run
*[name] Who Says Penguins Can't Fly? [dir] penguins_cant_fly
*[name] Quiet River [dir] quiet_river
*[name] Frozen River [dir] frozen_river
*[name] Secret Valleys [dir] secret_valleys
*[name] The Chinese Wall [dir] chinese_wall
*[name] Wild Mountains [dir] wild_mountains
*[name] Keep Your Country Tidy [dir] keep_country_tidy
*[name] In The Search Of the Holy Grail [dir] holygrail
*[name] Milos Castle [dir] milos_castle
*[name] Path of Daggers [dir] path_of_daggers
*[name] This Means Thomething [dir] this_means_something
*[name] Tux At Home [dir] tux_at_home
*[name] Chragi's Gagiwaetter [dir] chragis_gagiwaetter