*[name]finish[x]15[z]3[height]6.0[diam]9.0
*[name]herring[x]15[z]12[height]1.0[diam]1.0
*[name]tree[x]56[z]22[height]3.6[diam]1.9
*[name]tree[x]50[z]28[height]3.5[diam]2.5
*[name]herring[x]20[z]29[height]1.0[diam]1.0
*[name]tree[x]53[z]31[height]2.4[diam]1.5
*[name]tree[x]49[z]35[height]2.6[diam]2.1
*[name]tree[x]53[z]39[height]3.5[diam]3.3
*[name]herring[x]23[z]40[height]1.0[diam]1.0
*[name]tree[x]56[z]49[height]3.7[diam]2.5
*[name]tree[x]5[z]52[height]3.2[diam]3.2
*[name]herring[x]27[z]53[height]1.0[diam]1.0
*[name]tree[x]10[z]57[height]3.9[diam]2.5
*[name]tree[x]52[z]58[height]3.6[diam]3.2
*[name]tree[x]7[z]60[height]2.7[diam]1.8
*[name]tree[x]10[z]61[height]3.6[diam]3.2
*[name]herring[x]36[z]62[height]1.0[diam]1.0
*[name]float[x]36[z]67[height]1.0[diam]1.0
*[name]tree[x]4[z]68[height]2.2[diam]1.5
*[name]tree[x]7[z]73[height]2.3[diam]2.0
*[name]tree[x]44[z]77[height]2.8[diam]1.8
*[name]herring[x]26[z]81[height]1.0[diam]1.0
*[name]tree[x]41[z]81[height]2.3[diam]1.2
*[name]tree[x]42[z]86[height]2.5[diam]2.4
*[name]tree[x]34[z]107[height]2.3[diam]2.3
*[name]herring[x]21[z]109[height]1.0[diam]1.0
*[name]tree[x]32[z]110[height]2.7[diam]1.8
*[name]tree[x]38[z]111[height]2.5[diam]2.1
*[name]tree[x]40[z]111[height]2.0[diam]1.0
*[name]tree[x]35[z]112[height]3.1[diam]2.9
*[name]tree[x]36[z]114[height]2.8[diam]1.6
*[name]tree[x]42[z]114[height]3.6[diam]2.5
*[name]tree[x]40[z]117[height]2.9[diam]2.3
*[name]tree[x]45[z]119[height]2.3[diam]2.0
*[name]tree[x]9[z]143[height]3.9[diam]3.7
*[name]tree[x]56[z]147[height]3.2[diam]1.7
*[name]herring[x]18[z]151[height]1.0[diam]1.0
*[name]tree[x]20[z]183[height]2.6[diam]2.2
*[name]herring[x]29[z]193[height]1.0[diam]1.0
*[name]herring[x]21[z]198[height]1.0[diam]1.0
*[name]float[x]23[z]202[height]1.0[diam]1.0
*[name]tree[x]38[z]205[height]3.6[diam]3.0
*[name]herring[x]22[z]214[height]1.0[diam]1.0
*[name]tree[x]35[z]217[height]2.1[diam]2.0
*[name]herring[x]26[z]222[height]1.0[diam]1.0
*[name]herring[x]47[z]243[height]1.0[diam]1.0
*[name]herring[x]44[z]266[height]1.0[diam]1.0
*[name]tree[x]3[z]267[height]3.5[diam]2.3
*[name]tree[x]3[z]270[height]3.8[diam]3.6
*[name]tree[x]15[z]290[height]2.5[diam]1.6
*[name]herring[x]47[z]293[height]1.0[diam]1.0
*[name]float[x]47[z]295[height]1.0[diam]1.0
*[name]tree_barren[x]47[z]303[height]2.5[diam]1.9
*[name]tree[x]28[z]312[height]3.7[diam]2.4
*[name]tree[x]55[z]321[height]3.1[diam]2.2
*[name]tree[x]26[z]324[height]2.2[diam]2.2
*[name]herring[x]45[z]326[height]1.0[diam]1.0
*[name]shrub[x]24[z]329[height]0.9[diam]0.9
*[name]tree[x]55[z]338[height]3.9[diam]2.5
*[name]herring[x]44[z]346[height]1.0[diam]1.0
*[name]herring[x]43[z]362[height]1.0[diam]1.0
*[name]herring[x]43[z]374[height]1.0[diam]1.0
*[name]shrub[x]40[z]420[height]1.2[diam]1.2
*[name]float[x]23[z]435[height]1.0[diam]1.0
*[name]herring[x]22[z]437[height]1.0[diam]1.0
*[name]tree[x]33[z]442[height]3.0[diam]2.2
*[name]herring[x]21[z]446[height]1.0[diam]1.0
*[name]tree[x]30[z]448[height]3.6[diam]2.6
*[name]tree[x]30[z]449[height]2.7[diam]1.9
*[name]tree[x]33[z]454[height]3.0[diam]2.5
*[name]herring[x]19[z]456[height]1.0[diam]1.0
*[name]tree[x]28[z]463[height]2.3[diam]1.5
*[name]herring[x]20[z]468[height]1.0[diam]1.0
*[name]herring[x]19[z]475[height]1.0[diam]1.0
*[name]tree[x]2[z]485[height]2.6[diam]1.5
*[name]tree[x]5[z]487[height]2.5[diam]1.3
*[name]herring[x]26[z]498[height]1.0[diam]1.0
*[name]tree[x]53[z]498[height]2.9[diam]1.7
*[name]tree[x]1[z]499[height]4.0[diam]3.4
*[name]herring[x]33[z]499[height]1.0[diam]1.0
*[name]herring[x]21[z]505[height]1.0[diam]1.0
*[name]herring[x]33[z]506[height]1.0[diam]1.0
*[name]herring[x]19[z]511[height]1.0[diam]1.0
*[name]tree[x]27[z]511[height]2.7[diam]1.7
*[name]herring[x]16[z]517[height]1.0[diam]1.0
*[name]herring[x]36[z]517[height]1.0[diam]1.0
*[name]tree[x]54[z]518[height]2.5[diam]1.6
*[name]tree[x]4[z]520[height]3.0[diam]2.7
*[name]tree[x]27[z]521[height]3.3[diam]2.7
*[name]herring[x]37[z]526[height]1.0[diam]1.0
*[name]tree[x]27[z]528[height]3.6[diam]2.1
*[name]tree[x]28[z]529[height]3.1[diam]1.7
*[name]herring[x]38[z]531[height]1.0[diam]1.0
*[name]tree[x]24[z]534[height]2.4[diam]1.3
*[name]tree[x]24[z]535[height]3.1[diam]1.6
*[name]tree[x]28[z]535[height]3.1[diam]2.9
*[name]tree[x]27[z]540[height]2.8[diam]1.5
*[name]tree[x]30[z]544[height]3.1[diam]2.4
*[name]herring[x]25[z]575[height]1.0[diam]1.0
*[name]herring[x]30[z]582[height]1.0[diam]1.0
*[name]float[x]34[z]583[height]1.0[diam]1.0
*[name]herring[x]35[z]585[height]1.0[diam]1.0
*[name]herring[x]38[z]592[height]1.0[diam]1.0
*[name]herring[x]38[z]600[height]1.0[diam]1.0
*[name]tree[x]6[z]602[height]2.7[diam]2.5
*[name]herring[x]36[z]605[height]1.0[diam]1.0
*[name]tree[x]3[z]612[height]3.4[diam]2.7
*[name]herring[x]30[z]612[height]1.0[diam]1.0
*[name]tree[x]3[z]613[height]3.9[diam]2.2
*[name]herring[x]31[z]634[height]1.0[diam]1.0
*[name]tree[x]17[z]641[height]3.5[diam]3.3
*[name]herring[x]33[z]651[height]1.0[diam]1.0
*[name]tree[x]50[z]653[height]3.8[diam]2.1
*[name]herring[x]34[z]663[height]1.0[diam]1.0
*[name]tree[x]53[z]677[height]2.3[diam]1.3
*[name]tree[x]36[z]698[height]2.7[diam]2.2
*[name]tree[x]32[z]700[height]4.0[diam]4.0
*[name]tree[x]33[z]700[height]2.5[diam]2.2
*[name]tree[x]39[z]700[height]2.4[diam]2.2
*[name]tree[x]36[z]702[height]3.7[diam]2.6
*[name]float[x]30[z]727[height]1.0[diam]1.0
*[name]tree[x]7[z]729[height]3.8[diam]2.7
*[name]herring[x]29[z]729[height]1.0[diam]1.0
*[name]tree[x]46[z]730[height]2.8[diam]2.0
*[name]herring[x]25[z]740[height]1.0[diam]1.0
*[name]herring[x]21[z]752[height]1.0[diam]1.0
*[name]herring[x]17[z]760[height]1.0[diam]1.0
*[name]tree[x]34[z]764[height]2.6[diam]2.4
*[name]tree[x]36[z]766[height]3.0[diam]2.8
*[name]tree[x]34[z]767[height]2.7[diam]2.5
*[name]tree[x]34[z]768[height]3.5[diam]1.8
*[name]tree[x]36[z]768[height]2.9[diam]2.4
*[name]herring[x]15[z]770[height]1.0[diam]1.0
*[name]herring[x]19[z]779[height]1.0[diam]1.0
*[name]herring[x]24[z]784[height]1.0[diam]1.0
*[name]herring[x]28[z]803[height]1.0[diam]1.0
*[name]herring[x]28[z]811[height]1.0[diam]1.0
*[name]herring[x]28[z]821[height]1.0[diam]1.0
*[name]herring[x]28[z]827[height]1.0[diam]1.0
*[name]float[x]28[z]830[height]1.0[diam]1.0
*[name]tree_barren[x]32[z]864[height]2.4[diam]1.4
*[name]herring[x]29[z]885[height]1.0[diam]1.0
*[name]herring[x]30[z]891[height]1.0[diam]1.0
*[name]tree[x]12[z]919[height]3.1[diam]1.7
*[name]tree[x]11[z]923[height]2.6[diam]2.2
*[name]tree[x]11[z]928[height]2.5[diam]2.1
*[name]herring[x]30[z]929[height]1.0[diam]1.0
*[name]float[x]30[z]931[height]1.0[diam]1.0
*[name]herring[x]30[z]941[height]1.0[diam]1.0
*[name]herring[x]30[z]948[height]1.0[diam]1.0
*[name]tree_barren[x]24[z]954[height]2.7[diam]1.7
*[name]herring[x]31[z]954[height]1.0[diam]1.0
*[name]tree_barren[x]26[z]963[height]3.3[diam]2.7
*[name]tree[x]15[z]986[height]2.1[diam]1.9
*[name]herring[x]26[z]995[height]1.0[diam]1.0
*[name]tree[x]9[z]996[height]2.9[diam]2.7
*[name]herring[x]25[z]1006[height]1.0[diam]1.0
*[name]tree[x]5[z]1010[height]2.5[diam]1.7
*[name]tree[x]42[z]1012[height]2.6[diam]2.2
*[name]herring[x]28[z]1017[height]1.0[diam]1.0
*[name]flag[x]14[z]1024[height]1.0[diam]1.0
*[name]herring[x]31[z]1025[height]1.0[diam]1.0
*[name]tree[x]46[z]1025[height]3.5[diam]2.9
*[name]float[x]31[z]1029[height]1.0[diam]1.0
*[name]flag[x]44[z]1035[height]1.0[diam]1.0
*[name]tree[x]12[z]1039[height]3.0[diam]1.8
*[name]herring[x]28[z]1048[height]1.0[diam]1.0
*[name]herring[x]26[z]1055[height]1.0[diam]1.0
*[name]flag[x]33[z]1058[height]1.0[diam]1.0
*[name]flag[x]13[z]1062[height]1.0[diam]1.0
*[name]herring[x]26[z]1066[height]1.0[diam]1.0
*[name]flag[x]32[z]1067[height]1.0[diam]1.0
*[name]herring[x]27[z]1072[height]1.0[diam]1.0
*[name]herring[x]29[z]1076[height]1.0[diam]1.0
*[name]herring[x]32[z]1080[height]1.0[diam]1.0
*[name]flag[x]40[z]1086[height]1.0[diam]1.0
*[name]herring[x]24[z]1097[height]1.0[diam]1.0
*[name]flag[x]41[z]1097[height]1.0[diam]1.0
*[name]herring[x]22[z]1103[height]1.0[diam]1.0
*[name]tree[x]41[z]1107[height]3.0[diam]2.8
*[name]herring[x]19[z]1108[height]1.0[diam]1.0
*[name]flag[x]32[z]1108[height]1.0[diam]1.0
*[name]herring[x]21[z]1117[height]1.0[diam]1.0
*[name]flag[x]33[z]1122[height]1.0[diam]1.0
*[name]herring[x]25[z]1124[height]1.0[diam]1.0
*[name]tree[x]49[z]1129[height]2.1[diam]1.3
*[name]herring[x]24[z]1131[height]1.0[diam]1.0
*[name]flag[x]29[z]1132[height]1.0[diam]1.0
*[name]herring[x]20[z]1137[height]1.0[diam]1.0
*[name]herring[x]20[z]1145[height]1.0[diam]1.0
*[name]float[x]20[z]1147[height]1.0[diam]1.0
*[name]flag[x]25[z]1147[height]1.0[diam]1.0
*[name]herring[x]24[z]1158[height]1.0[diam]1.0
*[name]flag[x]32[z]1158[height]1.0[diam]1.0
*[name]tree[x]42[z]1167[height]3.7[diam]2.8
*[name]tree[x]14[z]1178[height]3.8[diam]2.0
*[name]herring[x]20[z]1181[height]1.0[diam]1.0
*[name]flag[x]37[z]1184[height]1.0[diam]1.0
*[name]tree[x]15[z]1202[height]3.4[diam]2.5
*[name]herring[x]17[z]1212[height]1.0[diam]1.0
*[name]herring[x]36[z]1219[height]1.0[diam]1.0
*[name]herring[x]17[z]1220[height]1.0[diam]1.0
*[name]herring[x]42[z]1225[height]1.0[diam]1.0
*[name]tree[x]21[z]1227[height]2.4[diam]2.4
*[name]herring[x]18[z]1228[height]1.0[diam]1.0
*[name]tree[x]12[z]1234[height]2.4[diam]1.7
*[name]herring[x]18[z]1236[height]1.0[diam]1.0
*[name]tree[x]12[z]1240[height]3.3[diam]2.5
*[name]tree[x]34[z]1241[height]3.4[diam]2.2
*[name]tree_barren[x]42[z]1242[height]2.3[diam]2.0
*[name]tree[x]34[z]1243[height]2.3[diam]1.8
*[name]tree[x]33[z]1244[height]3.4[diam]2.3
*[name]tree[x]35[z]1244[height]3.8[diam]1.9
*[name]tree[x]27[z]1252[height]2.2[diam]1.8
*[name]flag[x]51[z]1256[height]1.0[diam]1.0
*[name]herring[x]38[z]1280[height]1.0[diam]1.0
*[name]float[x]37[z]1284[height]1.0[diam]1.0
*[name]tree[x]19[z]1285[height]3.3[diam]2.6
*[name]tree[x]54[z]1290[height]3.7[diam]2.2
*[name]herring[x]39[z]1296[height]1.0[diam]1.0
*[name]herring[x]42[z]1307[height]1.0[diam]1.0
*[name]tree[x]33[z]1309[height]2.8[diam]2.7
*[name]herring[x]18[z]1311[height]1.0[diam]1.0
*[name]tree[x]15[z]1312[height]2.8[diam]1.8
*[name]herring[x]44[z]1323[height]1.0[diam]1.0
*[name]tree[x]54[z]1324[height]2.9[diam]1.9
*[name]herring[x]19[z]1326[height]1.0[diam]1.0
*[name]flag[x]37[z]1327[height]1.0[diam]1.0
*[name]herring[x]19[z]1333[height]1.0[diam]1.0
*[name]flag[x]37[z]1335[height]1.0[diam]1.0
*[name]herring[x]44[z]1337[height]1.0[diam]1.0
*[name]herring[x]18[z]1343[height]1.0[diam]1.0
*[name]tree[x]29[z]1343[height]2.7[diam]1.6
*[name]flag[x]37[z]1347[height]1.0[diam]1.0
*[name]herring[x]46[z]1351[height]1.0[diam]1.0
*[name]herring[x]17[z]1353[height]1.0[diam]1.0
*[name]tree[x]23[z]1359[height]3.5[diam]2.7
*[name]tree[x]23[z]1362[height]2.3[diam]2.2
*[name]herring[x]46[z]1363[height]1.0[diam]1.0
*[name]herring[x]17[z]1364[height]1.0[diam]1.0
*[name]herring[x]17[z]1374[height]1.0[diam]1.0
*[name]tree[x]49[z]1377[height]4.0[diam]3.5
*[name]flag[x]35[z]1382[height]1.0[diam]1.0
*[name]herring[x]16[z]1384[height]1.0[diam]1.0
*[name]tree[x]1[z]1385[height]3.0[diam]2.5
*[name]tree[x]0[z]1390[height]2.1[diam]1.7
*[name]tree[x]3[z]1391[height]3.0[diam]1.8
*[name]herring[x]41[z]1393[height]1.0[diam]1.0
*[name]tree[x]1[z]1395[height]2.4[diam]1.4
*[name]tree[x]2[z]1395[height]3.2[diam]1.7
*[name]tree[x]22[z]1398[height]2.3[diam]1.9
*[name]tree[x]1[z]1400[height]3.4[diam]3.1
*[name]herring[x]37[z]1403[height]1.0[diam]1.0
*[name]tree[x]34[z]1409[height]2.5[diam]2.0
*[name]tree[x]33[z]1410[height]3.9[diam]3.3
*[name]herring[x]34[z]1412[height]1.0[diam]1.0
*[name]herring[x]34[z]1420[height]1.0[diam]1.0
*[name]tree[x]19[z]1421[height]3.0[diam]2.1
*[name]float[x]34[z]1423[height]1.0[diam]1.0
*[name]tree[x]22[z]1436[height]3.9[diam]3.8
*[name]tree[x]24[z]1438[height]3.4[diam]2.2
*[name]tree[x]22[z]1439[height]2.2[diam]1.6
*[name]tree[x]27[z]1440[height]3.6[diam]2.3
*[name]tree[x]24[z]1442[height]2.8[diam]2.5
*[name]tree[x]26[z]1442[height]2.0[diam]1.9
*[name]tree[x]29[z]1442[height]3.1[diam]1.6
*[name]tree[x]23[z]1443[height]3.0[diam]1.5
*[name]tree[x]26[z]1445[height]2.5[diam]2.1
*[name]flag[x]36[z]1447[height]1.0[diam]1.0
*[name]tree[x]23[z]1450[height]2.3[diam]2.2
*[name]flag[x]14[z]1452[height]1.0[diam]1.0
*[name]tree[x]49[z]1482[height]3.5[diam]2.3
*[name]herring[x]32[z]1486[height]1.0[diam]1.0
*[name]tree[x]23[z]1487[height]3.0[diam]2.2
*[name]tree[x]23[z]1488[height]2.3[diam]2.0
*[name]tree[x]23[z]1492[height]4.0[diam]2.2
*[name]herring[x]32[z]1495[height]1.0[diam]1.0
*[name]tree[x]7[z]1498[height]2.8[diam]2.1
*[name]tree[x]23[z]1498[height]3.0[diam]2.0
*[name]tree[x]54[z]1501[height]2.9[diam]1.7
*[name]tree[x]21[z]1503[height]3.2[diam]2.5
*[name]herring[x]33[z]1503[height]1.0[diam]1.0
*[name]tree[x]19[z]1509[height]3.3[diam]2.3
*[name]herring[x]35[z]1510[height]1.0[diam]1.0
*[name]herring[x]39[z]1515[height]1.0[diam]1.0
*[name]herring[x]41[z]1521[height]1.0[diam]1.0
*[name]float[x]31[z]1526[height]1.0[diam]1.0
*[name]tree[x]41[z]1541[height]3.6[diam]1.9
*[name]tree[x]40[z]1542[height]2.5[diam]2.3
*[name]herring[x]15[z]1543[height]1.0[diam]1.0
*[name]herring[x]9[z]1553[height]1.0[diam]1.0
*[name]tree[x]32[z]1564[height]3.8[diam]3.4
*[name]herring[x]13[z]1567[height]1.0[diam]1.0
*[name]flag[x]27[z]1577[height]1.0[diam]1.0
*[name]herring[x]17[z]1578[height]1.0[diam]1.0
*[name]flag[x]34[z]1590[height]1.0[diam]1.0
*[name]herring[x]25[z]1594[height]1.0[diam]1.0
*[name]herring[x]14[z]1600[height]1.0[diam]1.0
*[name]herring[x]32[z]1600[height]1.0[diam]1.0
*[name]flag[x]39[z]1602[height]1.0[diam]1.0
*[name]herring[x]14[z]1603[height]1.0[diam]1.0
*[name]herring[x]13[z]1606[height]1.0[diam]1.0
*[name]herring[x]13[z]1609[height]1.0[diam]1.0
*[name]flag[x]41[z]1613[height]1.0[diam]1.0
*[name]herring[x]38[z]1617[height]1.0[diam]1.0
*[name]tree[x]21[z]1619[height]3.8[diam]2.7
*[name]flag[x]41[z]1621[height]1.0[diam]1.0
*[name]tree[x]46[z]1623[height]3.6[diam]2.1
*[name]tree[x]9[z]1634[height]2.1[diam]2.1
*[name]float[x]33[z]1635[height]1.0[diam]1.0
*[name]herring[x]33[z]1639[height]1.0[diam]1.0
*[name]tree[x]40[z]1642[height]4.0[diam]3.6
*[name]herring[x]34[z]1643[height]1.0[diam]1.0
*[name]herring[x]34[z]1647[height]1.0[diam]1.0
*[name]tree[x]23[z]1648[height]2.6[diam]2.0
*[name]herring[x]33[z]1650[height]1.0[diam]1.0
*[name]flag[x]26[z]1653[height]1.0[diam]1.0
*[name]herring[x]31[z]1654[height]1.0[diam]1.0
*[name]herring[x]27[z]1659[height]1.0[diam]1.0
*[name]tree[x]52[z]1659[height]2.5[diam]1.8
*[name]tree[x]37[z]1662[height]2.5[diam]1.6
*[name]herring[x]21[z]1665[height]1.0[diam]1.0
*[name]herring[x]18[z]1670[height]1.0[diam]1.0
*[name]tree[x]10[z]1674[height]3.1[diam]2.7
*[name]herring[x]15[z]1675[height]1.0[diam]1.0
*[name]tree[x]34[z]1678[height]3.5[diam]1.9
*[name]tree[x]46[z]1698[height]2.0[diam]1.2
*[name]float[x]44[z]1707[height]1.0[diam]1.0
*[name]flag[x]38[z]1709[height]1.0[diam]1.0
*[name]herring[x]49[z]1711[height]1.0[diam]1.0
*[name]tree[x]15[z]1719[height]2.5[diam]2.1
*[name]herring[x]50[z]1724[height]1.0[diam]1.0
*[name]herring[x]50[z]1734[height]1.0[diam]1.0
*[name]flag[x]54[z]1737[height]1.0[diam]1.0
*[name]tree[x]37[z]1739[height]3.5[diam]3.3
*[name]tree[x]37[z]1741[height]2.2[diam]1.7
*[name]tree[x]40[z]1742[height]3.8[diam]2.6
*[name]tree[x]39[z]1743[height]2.8[diam]2.6
*[name]tree[x]38[z]1744[height]2.2[diam]1.4
*[name]tree[x]35[z]1745[height]2.5[diam]2.4
*[name]herring[x]48[z]1745[height]1.0[diam]1.0
*[name]tree[x]37[z]1746[height]2.9[diam]1.9
*[name]tree[x]2[z]1748[height]3.7[diam]2.7
*[name]herring[x]44[z]1751[height]1.0[diam]1.0
*[name]flag[x]35[z]1752[height]1.0[diam]1.0
*[name]herring[x]39[z]1757[height]1.0[diam]1.0
*[name]flag[x]31[z]1758[height]1.0[diam]1.0
*[name]flag[x]42[z]1759[height]1.0[diam]1.0
*[name]flag[x]26[z]1763[height]1.0[diam]1.0
*[name]flag[x]35[z]1764[height]1.0[diam]1.0
*[name]herring[x]28[z]1772[height]1.0[diam]1.0
*[name]flag[x]22[z]1773[height]1.0[diam]1.0
*[name]flag[x]34[z]1774[height]1.0[diam]1.0
*[name]herring[x]28[z]1779[height]1.0[diam]1.0
*[name]flag[x]34[z]1780[height]1.0[diam]1.0
*[name]flag[x]21[z]1782[height]1.0[diam]1.0
*[name]float[x]29[z]1788[height]1.0[diam]1.0
*[name]start[x]29[z]1789[height]6.0[diam]9.0
*[name]flag[x]22[z]1790[height]1.0[diam]1.0
*[name]flag[x]35[z]1790[height]1.0[diam]1.0