*[name]tree_barren[x]27[z]4[height]4.3[diam]3.2
*[name]tree_barren[x]28[z]4[height]7.1[diam]5.0
*[name]tree_barren[x]29[z]4[height]7.0[diam]6.1
*[name]tree_barren[x]30[z]4[height]6.9[diam]6.0
*[name]tree_barren[x]33[z]4[height]4.4[diam]3.2
*[name]tree_barren[x]27[z]5[height]7.4[diam]5.4
*[name]tree_barren[x]28[z]5[height]5.1[diam]3.6
*[name]tree_barren[x]29[z]5[height]5.7[diam]4.4
*[name]tree_barren[x]30[z]5[height]7.3[diam]5.8
*[name]tree_barren[x]34[z]5[height]5.5[diam]4.8
*[name]tree_barren[x]29[z]6[height]6.5[diam]5.3
*[name]tree_barren[x]30[z]6[height]4.6[diam]3.7
*[name]tree_barren[x]31[z]6[height]7.3[diam]7.2
*[name]tree_barren[x]32[z]6[height]5.7[diam]3.9
*[name]tree_barren[x]33[z]6[height]5.2[diam]4.3
*[name]tree_barren[x]34[z]6[height]5.4[diam]4.3
*[name]tree_barren[x]35[z]6[height]6.7[diam]4.8
*[name]tree_barren[x]36[z]6[height]6.0[diam]4.9
*[name]tree_barren[x]32[z]7[height]6.9[diam]5.1
*[name]tree_barren[x]33[z]7[height]4.1[diam]3.9
*[name]tree_barren[x]34[z]7[height]5.6[diam]5.4
*[name]tree_barren[x]36[z]7[height]4.1[diam]3.7
*[name]finish[x]52[z]12[height]6.0[diam]9.0
*[name]herring[x]51[z]14[height]1.0[diam]1.0
*[name]herring[x]51[z]16[height]1.0[diam]1.0
*[name]herring[x]50[z]18[height]1.0[diam]1.0
*[name]herring[x]50[z]21[height]1.0[diam]1.0
*[name]tree_barren[x]78[z]24[height]8.0[diam]6.6
*[name]tree_barren[x]79[z]24[height]7.9[diam]7.5
*[name]tree_barren[x]76[z]25[height]7.4[diam]5.8
*[name]tree_barren[x]77[z]25[height]5.8[diam]4.8
*[name]tree[x]79[z]25[height]4.4[diam]3.5
*[name]tree[x]80[z]25[height]4.7[diam]3.7
*[name]tree_barren[x]81[z]25[height]6.3[diam]4.9
*[name]tree_barren[x]82[z]25[height]6.7[diam]6.4
*[name]tree_barren[x]75[z]26[height]7.0[diam]4.7
*[name]tree[x]77[z]26[height]2.8[diam]2.0
*[name]tree[x]78[z]26[height]2.5[diam]2.2
*[name]tree[x]79[z]26[height]4.6[diam]4.3
*[name]tree_barren[x]82[z]26[height]7.9[diam]7.7
*[name]tree[x]83[z]26[height]4.1[diam]2.9
*[name]tree[x]85[z]26[height]4.3[diam]3.8
*[name]tree[x]75[z]27[height]2.2[diam]2.0
*[name]tree[x]78[z]27[height]2.6[diam]1.4
*[name]shrub[x]80[z]27[height]1.6[diam]1.6
*[name]tree[x]84[z]27[height]2.2[diam]1.5
*[name]tree[x]85[z]27[height]2.1[diam]1.6
*[name]shrub[x]87[z]27[height]1.2[diam]1.2
*[name]tree[x]75[z]28[height]3.9[diam]2.8
*[name]tree_barren[x]76[z]28[height]7.1[diam]5.3
*[name]shrub[x]77[z]28[height]1.7[diam]1.7
*[name]tree[x]78[z]28[height]3.4[diam]1.9
*[name]shrub[x]79[z]28[height]1.5[diam]1.5
*[name]shrub[x]80[z]28[height]1.5[diam]1.5
*[name]shrub[x]87[z]28[height]1.4[diam]1.4
*[name]herring[x]44[z]29[height]1.0[diam]1.0
*[name]tree_barren[x]76[z]29[height]7.7[diam]6.7
*[name]tree[x]78[z]29[height]2.5[diam]2.2
*[name]shrub[x]79[z]29[height]1.5[diam]1.5
*[name]shrub[x]80[z]29[height]1.1[diam]1.1
*[name]tree[x]85[z]29[height]4.0[diam]2.4
*[name]tree_barren[x]86[z]29[height]6.1[diam]5.0
*[name]tree_barren[x]74[z]30[height]7.8[diam]6.8
*[name]tree_barren[x]75[z]30[height]4.9[diam]3.5
*[name]tree_barren[x]76[z]30[height]6.6[diam]6.2
*[name]tree[x]78[z]30[height]2.6[diam]1.4
*[name]shrub[x]80[z]30[height]1.9[diam]1.9
*[name]tree[x]81[z]30[height]4.2[diam]2.6
*[name]tree[x]82[z]30[height]3.5[diam]2.0
*[name]tree_barren[x]86[z]30[height]4.1[diam]3.7
*[name]tree_barren[x]73[z]31[height]7.6[diam]6.3
*[name]tree[x]75[z]31[height]4.5[diam]3.1
*[name]tree[x]79[z]31[height]4.8[diam]3.0
*[name]tree[x]80[z]31[height]2.9[diam]2.3
*[name]shrub[x]83[z]31[height]1.4[diam]1.4
*[name]shrub[x]87[z]31[height]1.1[diam]1.1
*[name]tree[x]73[z]32[height]2.3[diam]1.7
*[name]tree[x]74[z]32[height]4.3[diam]2.8
*[name]tree[x]75[z]32[height]2.2[diam]1.3
*[name]tree_barren[x]76[z]32[height]5.0[diam]4.5
*[name]tree[x]80[z]32[height]3.3[diam]2.3
*[name]tree[x]87[z]32[height]3.0[diam]1.9
*[name]tree_barren[x]73[z]33[height]6.5[diam]5.2
*[name]shrub[x]74[z]33[height]1.1[diam]1.1
*[name]tree_barren[x]77[z]33[height]5.5[diam]4.8
*[name]shrub[x]83[z]33[height]1.6[diam]1.6
*[name]shrub[x]74[z]34[height]1.5[diam]1.5
*[name]tree_barren[x]87[z]34[height]6.6[diam]5.1
*[name]tree_barren[x]74[z]35[height]5.7[diam]4.1
*[name]shrub[x]75[z]35[height]1.1[diam]1.1
*[name]tree_barren[x]86[z]35[height]7.3[diam]5.1
*[name]tree_barren[x]77[z]36[height]5.5[diam]3.9
*[name]tree_barren[x]79[z]36[height]6.7[diam]6.1
*[name]tree_barren[x]82[z]36[height]4.9[diam]4.5
*[name]tree_barren[x]85[z]36[height]5.1[diam]5.1
*[name]shrub[x]80[z]37[height]1.1[diam]1.1
*[name]herring[x]38[z]41[height]1.0[diam]1.0
*[name]herring[x]34[z]50[height]1.0[diam]1.0
*[name]shrub[x]29[z]59[height]1.4[diam]1.4
*[name]herring[x]59[z]60[height]1.0[diam]1.0
*[name]herring[x]62[z]61[height]1.0[diam]1.0
*[name]shrub[x]29[z]62[height]1.2[diam]1.2
*[name]shrub[x]28[z]63[height]1.3[diam]1.3
*[name]shrub[x]27[z]64[height]1.0[diam]1.0
*[name]shrub[x]28[z]64[height]1.6[diam]1.6
*[name]tree[x]14[z]73[height]4.3[diam]2.9
*[name]tree[x]15[z]73[height]4.7[diam]3.2
*[name]herring[x]69[z]75[height]1.0[diam]1.0
*[name]tree[x]14[z]76[height]4.3[diam]2.2
*[name]tree[x]14[z]77[height]4.3[diam]3.0
*[name]tree[x]14[z]78[height]3.8[diam]2.5
*[name]tree[x]15[z]78[height]2.2[diam]2.1
*[name]herring[x]69[z]78[height]1.0[diam]1.0
*[name]tree[x]15[z]79[height]4.2[diam]2.5
*[name]tree[x]37[z]79[height]2.2[diam]1.7
*[name]tree[x]38[z]79[height]2.9[diam]2.1
*[name]tree[x]15[z]80[height]4.1[diam]4.0
*[name]tree[x]16[z]80[height]2.6[diam]2.5
*[name]tree[x]36[z]80[height]4.2[diam]3.1
*[name]tree[x]37[z]80[height]4.8[diam]4.3
*[name]herring[x]70[z]80[height]1.0[diam]1.0
*[name]tree[x]17[z]81[height]4.5[diam]2.6
*[name]tree[x]36[z]81[height]2.4[diam]2.2
*[name]tree[x]37[z]81[height]4.4[diam]4.1
*[name]tree[x]17[z]82[height]2.7[diam]2.2
*[name]tree[x]18[z]82[height]2.8[diam]2.7
*[name]tree[x]18[z]83[height]4.1[diam]2.1
*[name]tree[x]38[z]83[height]3.1[diam]2.0
*[name]tree[x]37[z]85[height]2.9[diam]2.1
*[name]tree[x]18[z]87[height]2.7[diam]1.4
*[name]shrub[x]43[z]87[height]1.6[diam]1.6
*[name]shrub[x]44[z]87[height]1.3[diam]1.3
*[name]tree[x]18[z]88[height]3.8[diam]3.6
*[name]shrub[x]44[z]88[height]1.7[diam]1.7
*[name]tree[x]19[z]89[height]2.9[diam]2.7
*[name]shrub[x]44[z]90[height]1.9[diam]1.9
*[name]tree[x]19[z]92[height]2.7[diam]2.2
*[name]shrub[x]41[z]92[height]1.4[diam]1.4
*[name]shrub[x]42[z]92[height]1.2[diam]1.2
*[name]shrub[x]40[z]93[height]1.4[diam]1.4
*[name]shrub[x]40[z]94[height]1.2[diam]1.2
*[name]herring[x]47[z]109[height]1.0[diam]1.0
*[name]herring[x]63[z]110[height]1.0[diam]1.0
*[name]herring[x]47[z]112[height]1.0[diam]1.0
*[name]herring[x]64[z]113[height]1.0[diam]1.0
*[name]tree[x]14[z]115[height]3.0[diam]2.2
*[name]tree[x]9[z]116[height]2.2[diam]1.2
*[name]tree[x]16[z]116[height]3.1[diam]2.0
*[name]tree[x]9[z]118[height]4.4[diam]3.6
*[name]tree[x]13[z]119[height]2.8[diam]2.1
*[name]tree[x]12[z]120[height]3.9[diam]3.2
*[name]tree[x]13[z]120[height]4.4[diam]4.2
*[name]tree[x]18[z]120[height]2.2[diam]1.1
*[name]tree[x]19[z]120[height]4.9[diam]4.1
*[name]tree[x]12[z]121[height]2.9[diam]2.3
*[name]tree[x]14[z]122[height]3.8[diam]2.0
*[name]tree[x]15[z]122[height]4.5[diam]3.4
*[name]tree[x]15[z]123[height]4.9[diam]2.6
*[name]tree[x]16[z]123[height]2.2[diam]1.5
*[name]tree[x]17[z]123[height]2.8[diam]2.0
*[name]tree[x]18[z]123[height]3.6[diam]2.9
*[name]tree[x]17[z]124[height]4.9[diam]3.9
*[name]tree[x]40[z]124[height]4.1[diam]2.7
*[name]tree[x]40[z]125[height]4.6[diam]3.5
*[name]tree[x]41[z]125[height]4.8[diam]2.7
*[name]tree[x]69[z]125[height]2.0[diam]1.6
*[name]tree[x]11[z]126[height]4.3[diam]3.9
*[name]herring[x]52[z]126[height]1.0[diam]1.0
*[name]tree[x]69[z]126[height]3.4[diam]3.1
*[name]tree[x]69[z]127[height]4.5[diam]3.2
*[name]tree[x]69[z]128[height]3.5[diam]2.0
*[name]tree[x]70[z]128[height]5.0[diam]2.8
*[name]tree[x]70[z]129[height]2.6[diam]2.4
*[name]tree[x]70[z]130[height]3.8[diam]2.2
*[name]tree[x]70[z]131[height]4.8[diam]4.0
*[name]tree[x]71[z]131[height]3.4[diam]2.0
*[name]tree[x]70[z]132[height]2.4[diam]1.2
*[name]tree[x]71[z]132[height]4.3[diam]2.3
*[name]tree[x]70[z]133[height]3.8[diam]2.8
*[name]tree[x]71[z]133[height]3.2[diam]2.4
*[name]tree[x]42[z]134[height]4.9[diam]3.3
*[name]herring[x]52[z]134[height]1.0[diam]1.0
*[name]tree[x]71[z]134[height]3.8[diam]3.8
*[name]tree[x]42[z]135[height]4.7[diam]3.2
*[name]tree[x]71[z]135[height]4.4[diam]3.0
*[name]tree[x]72[z]135[height]2.6[diam]2.1
*[name]tree[x]42[z]136[height]4.5[diam]3.8
*[name]tree[x]72[z]136[height]4.3[diam]3.9
*[name]tree[x]43[z]137[height]4.5[diam]4.4
*[name]tree[x]71[z]137[height]3.9[diam]2.8
*[name]tree[x]72[z]137[height]2.3[diam]1.8
*[name]tree[x]73[z]137[height]2.4[diam]1.9
*[name]tree[x]43[z]138[height]4.2[diam]2.6
*[name]tree[x]42[z]139[height]3.8[diam]2.9
*[name]tree[x]73[z]139[height]3.0[diam]1.8
*[name]tree[x]42[z]140[height]4.9[diam]4.3
*[name]shrub[x]60[z]140[height]1.7[diam]1.7
*[name]herring[x]65[z]140[height]1.0[diam]1.0
*[name]tree[x]71[z]140[height]4.9[diam]2.6
*[name]tree[x]73[z]140[height]2.9[diam]2.8
*[name]tree[x]74[z]140[height]5.0[diam]4.1
*[name]tree[x]41[z]141[height]4.2[diam]2.9
*[name]tree[x]59[z]141[height]4.6[diam]3.1
*[name]shrub[x]60[z]141[height]1.2[diam]1.2
*[name]tree[x]71[z]141[height]3.7[diam]2.1
*[name]tree[x]74[z]141[height]5.0[diam]3.5
*[name]tree[x]59[z]142[height]2.3[diam]1.9
*[name]shrub[x]60[z]142[height]1.8[diam]1.8
*[name]tree[x]71[z]142[height]2.7[diam]1.6
*[name]tree[x]74[z]142[height]4.9[diam]4.4
*[name]shrub[x]59[z]143[height]1.9[diam]1.9
*[name]shrub[x]60[z]143[height]1.2[diam]1.2
*[name]tree[x]74[z]143[height]3.2[diam]2.3
*[name]tree[x]59[z]144[height]3.6[diam]2.9
*[name]tree[x]71[z]144[height]3.3[diam]2.1
*[name]shrub[x]59[z]145[height]1.3[diam]1.3
*[name]tree[x]73[z]145[height]3.1[diam]2.2
*[name]tree[x]59[z]146[height]3.7[diam]2.4
*[name]shrub[x]60[z]146[height]1.4[diam]1.4
*[name]tree[x]73[z]146[height]2.7[diam]1.4
*[name]shrub[x]59[z]147[height]1.7[diam]1.7
*[name]shrub[x]60[z]147[height]1.1[diam]1.1
*[name]herring[x]64[z]147[height]1.0[diam]1.0
*[name]tree[x]70[z]147[height]3.2[diam]3.1
*[name]tree[x]72[z]147[height]4.0[diam]3.1
*[name]tree[x]73[z]147[height]4.7[diam]2.5
*[name]tree[x]28[z]148[height]4.0[diam]3.1
*[name]shrub[x]59[z]148[height]1.9[diam]1.9
*[name]tree[x]60[z]148[height]4.6[diam]4.1
*[name]tree[x]70[z]148[height]4.6[diam]3.9
*[name]tree[x]71[z]148[height]4.1[diam]2.2
*[name]shrub[x]58[z]149[height]1.1[diam]1.1
*[name]shrub[x]59[z]149[height]1.2[diam]1.2
*[name]tree[x]70[z]149[height]3.9[diam]3.2
*[name]tree[x]71[z]149[height]3.8[diam]3.6
*[name]tree[x]72[z]149[height]4.9[diam]4.8
*[name]tree[x]26[z]150[height]2.8[diam]2.2
*[name]shrub[x]58[z]150[height]1.3[diam]1.3
*[name]herring[x]64[z]150[height]1.0[diam]1.0
*[name]tree[x]70[z]150[height]3.9[diam]3.5
*[name]tree[x]71[z]150[height]3.0[diam]2.0
*[name]tree[x]72[z]150[height]4.6[diam]4.0
*[name]tree[x]22[z]151[height]2.8[diam]2.1
*[name]tree[x]24[z]151[height]2.8[diam]1.7
*[name]tree[x]25[z]151[height]3.7[diam]3.6
*[name]shrub[x]58[z]151[height]1.7[diam]1.7
*[name]tree[x]70[z]151[height]3.4[diam]3.1
*[name]tree[x]71[z]151[height]3.5[diam]2.4
*[name]tree[x]72[z]151[height]3.5[diam]2.1
*[name]tree[x]24[z]152[height]3.2[diam]2.5
*[name]shrub[x]57[z]152[height]1.4[diam]1.4
*[name]shrub[x]58[z]152[height]1.0[diam]1.0
*[name]tree[x]71[z]152[height]2.8[diam]2.7
*[name]tree[x]23[z]153[height]4.8[diam]3.0
*[name]shrub[x]56[z]153[height]1.9[diam]1.9
*[name]herring[x]65[z]153[height]1.0[diam]1.0
*[name]tree[x]71[z]153[height]2.6[diam]2.3
*[name]shrub[x]55[z]154[height]1.2[diam]1.2
*[name]tree[x]71[z]155[height]4.5[diam]3.5
*[name]tree[x]23[z]156[height]3.6[diam]2.1
*[name]tree[x]71[z]157[height]3.3[diam]2.1
*[name]shrub[x]49[z]162[height]1.5[diam]1.5
*[name]shrub[x]52[z]162[height]1.9[diam]1.9
*[name]shrub[x]45[z]163[height]1.5[diam]1.5
*[name]shrub[x]46[z]163[height]1.7[diam]1.7
*[name]shrub[x]47[z]163[height]1.5[diam]1.5
*[name]shrub[x]49[z]163[height]1.5[diam]1.5
*[name]shrub[x]70[z]163[height]1.4[diam]1.4
*[name]shrub[x]44[z]164[height]1.0[diam]1.0
*[name]shrub[x]49[z]164[height]1.3[diam]1.3
*[name]shrub[x]69[z]164[height]1.9[diam]1.9
*[name]herring[x]32[z]165[height]1.0[diam]1.0
*[name]shrub[x]47[z]165[height]1.3[diam]1.3
*[name]shrub[x]69[z]165[height]1.8[diam]1.8
*[name]shrub[x]70[z]165[height]1.1[diam]1.1
*[name]shrub[x]43[z]166[height]1.8[diam]1.8
*[name]shrub[x]47[z]166[height]1.4[diam]1.4
*[name]shrub[x]69[z]166[height]1.5[diam]1.5
*[name]shrub[x]70[z]166[height]1.8[diam]1.8
*[name]shrub[x]42[z]167[height]1.6[diam]1.6
*[name]shrub[x]43[z]167[height]1.4[diam]1.4
*[name]shrub[x]69[z]167[height]1.7[diam]1.7
*[name]herring[x]32[z]168[height]1.0[diam]1.0
*[name]shrub[x]68[z]168[height]1.9[diam]1.9
*[name]shrub[x]69[z]168[height]1.3[diam]1.3
*[name]tree[x]90[z]168[height]4.8[diam]3.9
*[name]shrub[x]42[z]169[height]1.5[diam]1.5
*[name]shrub[x]68[z]169[height]1.8[diam]1.8
*[name]tree[x]89[z]169[height]2.5[diam]1.4
*[name]tree[x]90[z]169[height]4.9[diam]3.9
*[name]shrub[x]42[z]170[height]1.3[diam]1.3
*[name]shrub[x]68[z]170[height]1.4[diam]1.4
*[name]shrub[x]69[z]170[height]1.5[diam]1.5
*[name]tree[x]88[z]170[height]4.7[diam]2.6
*[name]tree[x]88[z]171[height]2.2[diam]1.5
*[name]shrub[x]43[z]172[height]1.5[diam]1.5
*[name]shrub[x]69[z]172[height]1.1[diam]1.1
*[name]tree[x]88[z]172[height]4.0[diam]2.8
*[name]tree[x]89[z]172[height]3.2[diam]2.3
*[name]shrub[x]43[z]173[height]1.5[diam]1.5
*[name]shrub[x]69[z]173[height]1.2[diam]1.2
*[name]shrub[x]70[z]173[height]1.8[diam]1.8
*[name]tree[x]87[z]173[height]2.0[diam]2.0
*[name]shrub[x]68[z]174[height]1.4[diam]1.4
*[name]tree[x]87[z]174[height]3.3[diam]2.8
*[name]shrub[x]44[z]175[height]1.3[diam]1.3
*[name]shrub[x]45[z]175[height]1.8[diam]1.8
*[name]shrub[x]68[z]175[height]1.6[diam]1.6
*[name]shrub[x]68[z]176[height]1.9[diam]1.9
*[name]tree[x]69[z]176[height]3.0[diam]2.0
*[name]tree[x]70[z]176[height]2.3[diam]1.6
*[name]tree[x]87[z]176[height]3.0[diam]2.5
*[name]shrub[x]68[z]177[height]1.7[diam]1.7
*[name]shrub[x]69[z]177[height]1.8[diam]1.8
*[name]tree[x]87[z]177[height]2.7[diam]2.2
*[name]tree[x]69[z]178[height]4.6[diam]3.0
*[name]shrub[x]70[z]178[height]2.0[diam]2.0
*[name]tree[x]87[z]178[height]3.1[diam]2.1
*[name]tree[x]68[z]179[height]3.9[diam]3.5
*[name]shrub[x]71[z]179[height]1.8[diam]1.8
*[name]tree[x]69[z]180[height]2.3[diam]1.5
*[name]tree[x]69[z]181[height]4.8[diam]4.5
*[name]tree[x]21[z]183[height]3.0[diam]2.8
*[name]tree[x]71[z]183[height]2.9[diam]2.6
*[name]tree[x]72[z]184[height]3.6[diam]2.9
*[name]tree[x]22[z]185[height]3.6[diam]2.1
*[name]tree[x]23[z]185[height]3.5[diam]3.3
*[name]tree[x]71[z]185[height]3.5[diam]2.8
*[name]tree[x]72[z]185[height]2.8[diam]2.6
*[name]tree[x]71[z]186[height]2.8[diam]1.4
*[name]tree[x]72[z]186[height]3.9[diam]2.9
*[name]tree[x]66[z]187[height]3.9[diam]3.0
*[name]tree[x]67[z]187[height]4.4[diam]3.6
*[name]tree[x]72[z]187[height]4.7[diam]2.7
*[name]tree[x]73[z]187[height]2.9[diam]2.4
*[name]tree[x]76[z]187[height]4.8[diam]3.3
*[name]tree[x]26[z]188[height]5.0[diam]4.7
*[name]tree[x]52[z]188[height]2.8[diam]1.8
*[name]tree[x]66[z]188[height]4.3[diam]3.4
*[name]tree[x]71[z]188[height]2.2[diam]1.4
*[name]tree[x]72[z]188[height]2.5[diam]2.0
*[name]tree[x]73[z]188[height]3.3[diam]2.8
*[name]tree[x]74[z]188[height]3.5[diam]3.4
*[name]tree[x]77[z]188[height]2.7[diam]2.4
*[name]tree[x]52[z]189[height]4.4[diam]3.3
*[name]tree[x]55[z]189[height]4.3[diam]3.1
*[name]tree[x]66[z]189[height]2.0[diam]1.5
*[name]tree[x]74[z]189[height]4.7[diam]4.3
*[name]tree[x]78[z]189[height]2.2[diam]2.0
*[name]tree[x]93[z]189[height]4.9[diam]3.3
*[name]tree[x]52[z]190[height]3.4[diam]3.3
*[name]tree[x]66[z]190[height]4.2[diam]3.1
*[name]tree[x]72[z]190[height]4.4[diam]4.4
*[name]tree[x]75[z]190[height]4.4[diam]3.4
*[name]tree[x]95[z]190[height]3.7[diam]3.5
*[name]tree[x]52[z]191[height]4.6[diam]4.0
*[name]tree[x]53[z]191[height]3.4[diam]2.2
*[name]tree[x]66[z]191[height]3.3[diam]3.2
*[name]tree[x]72[z]191[height]2.7[diam]2.3
*[name]tree[x]75[z]191[height]4.2[diam]2.2
*[name]tree[x]76[z]191[height]2.5[diam]1.9
*[name]tree[x]77[z]191[height]3.3[diam]2.0
*[name]tree[x]95[z]191[height]4.8[diam]3.3
*[name]tree[x]96[z]191[height]2.0[diam]2.0
*[name]tree[x]52[z]192[height]2.5[diam]2.5
*[name]herring[x]60[z]192[height]1.0[diam]1.0
*[name]tree[x]91[z]192[height]3.0[diam]2.5
*[name]tree[x]92[z]192[height]4.7[diam]2.5
*[name]tree[x]94[z]192[height]2.3[diam]2.0
*[name]tree[x]95[z]192[height]2.2[diam]2.1
*[name]tree[x]52[z]193[height]2.8[diam]2.3
*[name]tree[x]53[z]193[height]4.3[diam]2.3
*[name]tree[x]75[z]193[height]3.2[diam]1.9
*[name]tree[x]76[z]193[height]3.2[diam]2.9
*[name]tree[x]94[z]193[height]2.6[diam]2.1
*[name]tree[x]95[z]193[height]3.4[diam]3.3
*[name]tree[x]53[z]194[height]4.0[diam]3.3
*[name]tree[x]74[z]194[height]3.3[diam]1.8
*[name]tree[x]75[z]194[height]4.5[diam]3.1
*[name]tree[x]79[z]194[height]3.4[diam]3.2
*[name]tree[x]74[z]195[height]3.1[diam]2.5
*[name]tree[x]79[z]195[height]4.5[diam]3.9
*[name]tree[x]50[z]196[height]2.8[diam]2.5
*[name]tree[x]51[z]196[height]4.4[diam]3.0
*[name]tree[x]53[z]196[height]3.3[diam]3.1
*[name]shrub[x]77[z]196[height]1.3[diam]1.3
*[name]shrub[x]78[z]196[height]1.7[diam]1.7
*[name]tree[x]51[z]197[height]3.5[diam]1.8
*[name]tree[x]53[z]197[height]4.4[diam]4.1
*[name]shrub[x]78[z]197[height]1.3[diam]1.3
*[name]tree[x]81[z]197[height]2.6[diam]2.2
*[name]tree[x]49[z]198[height]3.3[diam]3.1
*[name]tree[x]51[z]198[height]2.5[diam]1.7
*[name]tree[x]53[z]198[height]3.5[diam]3.2
*[name]herring[x]59[z]198[height]1.0[diam]1.0
*[name]tree[x]75[z]198[height]4.4[diam]3.6
*[name]shrub[x]78[z]198[height]1.7[diam]1.7
*[name]shrub[x]80[z]198[height]1.2[diam]1.2
*[name]tree[x]81[z]198[height]2.3[diam]1.7
*[name]tree[x]49[z]199[height]3.6[diam]3.1
*[name]tree[x]53[z]199[height]3.0[diam]1.9
*[name]shrub[x]78[z]199[height]1.0[diam]1.0
*[name]shrub[x]80[z]199[height]1.1[diam]1.1
*[name]tree[x]82[z]199[height]2.1[diam]1.5
*[name]tree[x]53[z]200[height]3.5[diam]3.4
*[name]tree[x]77[z]200[height]4.0[diam]2.4
*[name]tree[x]78[z]200[height]3.1[diam]2.6
*[name]tree[x]79[z]200[height]2.0[diam]1.3
*[name]tree[x]81[z]200[height]4.8[diam]2.9
*[name]tree[x]52[z]201[height]4.8[diam]3.3
*[name]shrub[x]81[z]201[height]1.0[diam]1.0
*[name]tree[x]52[z]202[height]2.3[diam]2.0
*[name]tree[x]77[z]202[height]3.6[diam]3.4
*[name]tree[x]52[z]203[height]3.7[diam]2.1
*[name]tree[x]76[z]203[height]3.7[diam]3.2
*[name]tree[x]79[z]203[height]2.7[diam]1.5
*[name]tree[x]52[z]204[height]2.8[diam]2.8
*[name]tree[x]66[z]204[height]3.2[diam]2.4
*[name]tree[x]75[z]204[height]5.0[diam]3.7
*[name]tree[x]52[z]205[height]3.7[diam]2.6
*[name]tree[x]65[z]205[height]5.0[diam]3.6
*[name]tree[x]66[z]205[height]2.1[diam]1.3
*[name]tree[x]75[z]205[height]4.5[diam]3.9
*[name]tree[x]79[z]205[height]2.6[diam]1.4
*[name]tree[x]52[z]206[height]4.0[diam]2.8
*[name]tree[x]64[z]206[height]2.1[diam]1.1
*[name]tree[x]65[z]206[height]3.3[diam]1.9
*[name]tree[x]74[z]206[height]4.4[diam]4.4
*[name]tree[x]79[z]206[height]2.1[diam]1.4
*[name]tree[x]95[z]206[height]2.3[diam]1.9
*[name]tree[x]96[z]206[height]2.3[diam]1.6
*[name]tree[x]51[z]207[height]4.0[diam]2.7
*[name]tree[x]74[z]207[height]3.0[diam]1.6
*[name]tree[x]75[z]207[height]4.8[diam]3.2
*[name]tree[x]76[z]207[height]3.5[diam]2.7
*[name]tree[x]77[z]207[height]4.2[diam]3.1
*[name]tree[x]78[z]207[height]4.9[diam]4.3
*[name]tree[x]95[z]207[height]4.1[diam]3.7
*[name]tree[x]51[z]208[height]3.5[diam]3.3
*[name]tree[x]65[z]208[height]4.7[diam]2.8
*[name]tree[x]74[z]208[height]2.9[diam]2.8
*[name]tree[x]75[z]208[height]2.7[diam]2.3
*[name]tree[x]95[z]208[height]2.2[diam]1.2
*[name]tree[x]95[z]209[height]4.0[diam]2.2
*[name]tree[x]76[z]210[height]3.3[diam]3.0
*[name]tree[x]77[z]210[height]4.1[diam]3.1
*[name]tree[x]93[z]210[height]2.5[diam]1.7
*[name]tree[x]94[z]210[height]4.8[diam]3.6
*[name]tree[x]77[z]211[height]3.2[diam]2.9
*[name]tree[x]78[z]211[height]4.6[diam]4.3
*[name]tree[x]91[z]211[height]3.0[diam]2.4
*[name]tree[x]92[z]211[height]3.2[diam]2.1
*[name]tree[x]93[z]211[height]3.1[diam]1.7
*[name]tree[x]94[z]211[height]2.3[diam]2.2
*[name]tree[x]23[z]212[height]5.0[diam]2.5
*[name]tree[x]24[z]212[height]2.1[diam]1.4
*[name]tree[x]23[z]213[height]4.8[diam]3.1
*[name]tree[x]23[z]214[height]5.0[diam]2.5
*[name]tree[x]23[z]215[height]3.0[diam]2.5
*[name]herring[x]39[z]219[height]1.0[diam]1.0
*[name]herring[x]65[z]220[height]1.0[diam]1.0
*[name]herring[x]41[z]221[height]1.0[diam]1.0
*[name]herring[x]42[z]222[height]1.0[diam]1.0
*[name]herring[x]44[z]224[height]1.0[diam]1.0
*[name]herring[x]46[z]225[height]1.0[diam]1.0
*[name]tree[x]14[z]226[height]2.3[diam]2.0
*[name]tree[x]14[z]228[height]3.4[diam]3.0
*[name]tree[x]14[z]229[height]2.9[diam]2.4
*[name]tree[x]32[z]229[height]2.4[diam]1.5
*[name]tree[x]33[z]229[height]2.4[diam]1.8
*[name]tree[x]33[z]230[height]2.2[diam]2.2
*[name]tree[x]34[z]230[height]3.2[diam]2.3
*[name]tree[x]14[z]231[height]3.7[diam]3.3
*[name]tree[x]14[z]232[height]4.2[diam]4.0
*[name]tree[x]35[z]232[height]4.7[diam]4.3
*[name]tree[x]36[z]232[height]4.3[diam]4.1
*[name]tree[x]15[z]233[height]4.6[diam]4.2
*[name]tree[x]84[z]235[height]2.5[diam]2.2
*[name]tree[x]85[z]235[height]2.3[diam]1.3
*[name]tree[x]86[z]235[height]4.4[diam]3.2
*[name]herring[x]52[z]236[height]1.0[diam]1.0
*[name]tree[x]82[z]236[height]4.4[diam]4.2
*[name]tree[x]83[z]236[height]2.7[diam]1.7
*[name]tree[x]84[z]236[height]4.1[diam]3.1
*[name]tree[x]86[z]236[height]4.7[diam]4.3
*[name]tree[x]87[z]236[height]4.3[diam]2.2
*[name]tree[x]82[z]237[height]3.0[diam]2.8
*[name]tree[x]88[z]237[height]2.0[diam]1.7
*[name]tree[x]90[z]237[height]2.8[diam]2.2
*[name]tree[x]91[z]237[height]3.7[diam]3.6
*[name]tree[x]87[z]238[height]3.4[diam]2.5
*[name]tree[x]88[z]238[height]4.5[diam]2.8
*[name]tree[x]85[z]240[height]3.0[diam]2.6
*[name]flag[x]77[z]241[height]1.0[diam]1.0
*[name]tree[x]86[z]242[height]2.2[diam]1.7
*[name]tree[x]87[z]242[height]3.5[diam]2.1
*[name]tree[x]89[z]242[height]4.0[diam]2.6
*[name]herring[x]52[z]243[height]1.0[diam]1.0
*[name]tree[x]63[z]244[height]3.9[diam]2.8
*[name]tree[x]64[z]244[height]2.6[diam]2.4
*[name]flag[x]80[z]244[height]1.0[diam]1.0
*[name]tree[x]65[z]245[height]4.2[diam]4.0
*[name]tree[x]65[z]246[height]3.1[diam]2.6
*[name]tree[x]66[z]246[height]4.2[diam]2.4
*[name]tree[x]66[z]247[height]4.0[diam]2.1
*[name]tree[x]67[z]247[height]5.0[diam]4.1
*[name]tree[x]67[z]248[height]4.4[diam]2.8
*[name]tree[x]68[z]248[height]2.7[diam]1.8
*[name]tree[x]69[z]248[height]2.7[diam]2.3
*[name]tree[x]70[z]248[height]4.4[diam]2.4
*[name]tree[x]69[z]249[height]4.9[diam]2.8
*[name]tree[x]70[z]249[height]4.3[diam]2.2
*[name]tree[x]22[z]251[height]4.0[diam]2.5
*[name]tree[x]71[z]251[height]2.6[diam]1.7
*[name]tree[x]21[z]252[height]3.7[diam]3.4
*[name]tree[x]22[z]252[height]4.3[diam]3.8
*[name]tree[x]23[z]252[height]4.1[diam]3.1
*[name]tree[x]71[z]252[height]4.0[diam]2.1
*[name]tree[x]22[z]253[height]2.4[diam]1.7
*[name]herring[x]58[z]253[height]1.0[diam]1.0
*[name]tree[x]23[z]255[height]2.6[diam]2.3
*[name]tree[x]25[z]257[height]3.4[diam]2.0
*[name]tree[x]22[z]260[height]3.4[diam]2.1
*[name]tree[x]24[z]260[height]3.3[diam]2.8
*[name]herring[x]48[z]265[height]1.0[diam]1.0
*[name]herring[x]48[z]268[height]1.0[diam]1.0
*[name]tree[x]57[z]270[height]3.9[diam]3.3
*[name]tree[x]57[z]271[height]3.1[diam]2.2
*[name]tree[x]56[z]273[height]4.2[diam]2.8
*[name]tree[x]56[z]274[height]3.8[diam]2.8
*[name]herring[x]65[z]275[height]1.0[diam]1.0
*[name]tree[x]56[z]276[height]3.0[diam]1.9
*[name]herring[x]66[z]277[height]1.0[diam]1.0
*[name]tree[x]57[z]278[height]4.3[diam]3.3
*[name]herring[x]66[z]279[height]1.0[diam]1.0
*[name]herring[x]44[z]286[height]1.0[diam]1.0
*[name]shrub[x]77[z]288[height]1.6[diam]1.6
*[name]shrub[x]78[z]289[height]1.3[diam]1.3
*[name]herring[x]42[z]290[height]1.0[diam]1.0
*[name]shrub[x]76[z]290[height]1.4[diam]1.4
*[name]shrub[x]75[z]291[height]1.3[diam]1.3
*[name]shrub[x]78[z]291[height]1.1[diam]1.1
*[name]tree[x]13[z]292[height]2.2[diam]2.1
*[name]shrub[x]77[z]292[height]1.7[diam]1.7
*[name]shrub[x]75[z]293[height]1.1[diam]1.1
*[name]shrub[x]76[z]293[height]2.0[diam]2.0
*[name]tree[x]14[z]294[height]2.5[diam]1.7
*[name]herring[x]40[z]294[height]1.0[diam]1.0
*[name]tree[x]17[z]295[height]4.4[diam]3.6
*[name]tree[x]47[z]295[height]3.6[diam]2.2
*[name]tree[x]15[z]296[height]4.7[diam]4.6
*[name]tree[x]47[z]296[height]4.7[diam]3.6
*[name]tree[x]45[z]298[height]3.9[diam]2.5
*[name]tree[x]89[z]299[height]4.9[diam]3.4
*[name]tree[x]92[z]300[height]3.8[diam]2.9
*[name]tree[x]91[z]301[height]4.7[diam]4.5
*[name]tree[x]89[z]302[height]4.4[diam]3.6
*[name]tree[x]90[z]302[height]3.5[diam]2.4
*[name]tree[x]96[z]302[height]4.8[diam]4.6
*[name]herring[x]54[z]303[height]1.0[diam]1.0
*[name]tree[x]89[z]303[height]4.1[diam]2.1
*[name]tree[x]96[z]303[height]4.9[diam]3.8
*[name]tree[x]88[z]304[height]4.3[diam]2.4
*[name]tree[x]96[z]304[height]3.6[diam]3.5
*[name]flag[x]19[z]305[height]1.0[diam]1.0
*[name]tree[x]92[z]305[height]3.3[diam]2.2
*[name]tree[x]96[z]305[height]3.6[diam]3.6
*[name]tree[x]88[z]306[height]3.7[diam]2.7
*[name]tree[x]92[z]306[height]4.8[diam]3.6
*[name]tree[x]93[z]306[height]4.9[diam]3.9
*[name]herring[x]55[z]307[height]1.0[diam]1.0
*[name]tree[x]91[z]307[height]4.3[diam]4.2
*[name]tree[x]93[z]307[height]4.9[diam]3.4
*[name]tree[x]94[z]307[height]3.4[diam]3.2
*[name]tree[x]96[z]308[height]3.0[diam]1.9
*[name]flag[x]18[z]309[height]1.0[diam]1.0
*[name]tree[x]94[z]309[height]3.5[diam]3.2
*[name]tree[x]94[z]310[height]3.9[diam]2.8
*[name]tree[x]69[z]311[height]4.1[diam]2.7
*[name]tree[x]94[z]311[height]3.4[diam]2.8
*[name]tree[x]66[z]313[height]4.6[diam]2.8
*[name]tree[x]66[z]314[height]4.3[diam]3.0
*[name]tree[x]70[z]314[height]2.4[diam]1.5
*[name]tree[x]71[z]314[height]4.2[diam]3.6
*[name]tree[x]72[z]314[height]2.6[diam]1.7
*[name]tree[x]74[z]314[height]2.4[diam]1.4
*[name]tree[x]64[z]316[height]4.4[diam]2.5
*[name]tree[x]65[z]316[height]4.1[diam]3.3
*[name]tree[x]73[z]316[height]2.1[diam]1.7
*[name]tree[x]74[z]316[height]4.9[diam]3.7
*[name]tree[x]64[z]317[height]3.6[diam]2.3
*[name]tree[x]75[z]317[height]4.3[diam]2.2
*[name]tree[x]77[z]317[height]2.3[diam]1.6
*[name]tree[x]78[z]317[height]3.4[diam]3.1
*[name]tree[x]76[z]318[height]4.1[diam]4.0
*[name]tree[x]78[z]318[height]3.5[diam]2.8
*[name]tree[x]75[z]319[height]2.5[diam]1.6
*[name]tree[x]64[z]320[height]4.9[diam]3.2
*[name]tree[x]67[z]320[height]3.5[diam]3.0
*[name]tree[x]75[z]320[height]2.0[diam]1.7
*[name]tree[x]76[z]320[height]2.1[diam]1.2
*[name]tree[x]77[z]320[height]4.4[diam]4.1
*[name]tree[x]69[z]321[height]2.7[diam]2.1
*[name]tree[x]71[z]321[height]3.3[diam]2.1
*[name]tree[x]65[z]322[height]2.5[diam]1.8
*[name]tree[x]67[z]323[height]4.3[diam]3.7
*[name]tree[x]59[z]325[height]4.1[diam]3.2
*[name]tree[x]61[z]326[height]4.2[diam]3.8
*[name]tree[x]62[z]326[height]4.9[diam]3.0
*[name]tree[x]21[z]327[height]3.9[diam]3.3
*[name]tree[x]21[z]328[height]2.5[diam]1.4
*[name]tree[x]63[z]328[height]2.7[diam]1.8
*[name]tree[x]64[z]328[height]3.3[diam]2.0
*[name]tree[x]64[z]329[height]3.9[diam]3.8
*[name]tree[x]64[z]330[height]4.7[diam]3.9
*[name]tree[x]22[z]331[height]3.9[diam]3.7
*[name]tree[x]62[z]331[height]4.4[diam]3.1
*[name]tree[x]63[z]331[height]4.3[diam]2.3
*[name]tree[x]22[z]332[height]4.8[diam]2.9
*[name]tree[x]60[z]332[height]3.0[diam]1.7
*[name]tree[x]61[z]332[height]3.9[diam]2.2
*[name]tree[x]23[z]333[height]4.5[diam]3.0
*[name]tree[x]58[z]333[height]4.0[diam]3.1
*[name]herring[x]42[z]342[height]1.0[diam]1.0
*[name]herring[x]43[z]344[height]1.0[diam]1.0
*[name]herring[x]76[z]347[height]1.0[diam]1.0
*[name]herring[x]45[z]349[height]1.0[diam]1.0
*[name]shrub[x]19[z]352[height]1.1[diam]1.1
*[name]shrub[x]20[z]352[height]1.6[diam]1.6
*[name]shrub[x]22[z]352[height]1.8[diam]1.8
*[name]shrub[x]23[z]352[height]1.8[diam]1.8
*[name]shrub[x]23[z]353[height]1.3[diam]1.3
*[name]shrub[x]24[z]354[height]1.9[diam]1.9
*[name]tree[x]18[z]355[height]4.8[diam]3.6
*[name]tree[x]19[z]355[height]2.8[diam]1.9
*[name]tree[x]20[z]355[height]4.2[diam]4.0
*[name]shrub[x]24[z]355[height]1.3[diam]1.3
*[name]tree[x]21[z]356[height]3.9[diam]3.1
*[name]tree[x]20[z]357[height]4.7[diam]3.7
*[name]shrub[x]25[z]357[height]1.4[diam]1.4
*[name]shrub[x]38[z]363[height]1.3[diam]1.3
*[name]shrub[x]39[z]363[height]1.4[diam]1.4
*[name]shrub[x]40[z]363[height]1.4[diam]1.4
*[name]shrub[x]85[z]364[height]1.3[diam]1.3
*[name]shrub[x]38[z]365[height]1.6[diam]1.6
*[name]shrub[x]86[z]365[height]1.8[diam]1.8
*[name]shrub[x]37[z]367[height]1.4[diam]1.4
*[name]shrub[x]38[z]367[height]1.2[diam]1.2
*[name]shrub[x]85[z]367[height]1.9[diam]1.9
*[name]shrub[x]19[z]368[height]1.2[diam]1.2
*[name]shrub[x]85[z]368[height]1.5[diam]1.5
*[name]shrub[x]20[z]369[height]1.5[diam]1.5
*[name]shrub[x]21[z]369[height]1.8[diam]1.8
*[name]shrub[x]36[z]369[height]1.7[diam]1.7
*[name]shrub[x]37[z]369[height]1.2[diam]1.2
*[name]shrub[x]84[z]369[height]1.6[diam]1.6
*[name]shrub[x]85[z]369[height]1.4[diam]1.4
*[name]shrub[x]19[z]370[height]1.4[diam]1.4
*[name]shrub[x]20[z]370[height]1.5[diam]1.5
*[name]shrub[x]21[z]370[height]1.4[diam]1.4
*[name]shrub[x]35[z]370[height]2.0[diam]2.0
*[name]shrub[x]34[z]371[height]1.8[diam]1.8
*[name]tree[x]32[z]372[height]4.2[diam]3.5
*[name]shrub[x]83[z]372[height]1.7[diam]1.7
*[name]shrub[x]32[z]373[height]1.0[diam]1.0
*[name]shrub[x]84[z]373[height]1.3[diam]1.3
*[name]shrub[x]31[z]374[height]1.3[diam]1.3
*[name]tree[x]32[z]374[height]4.8[diam]4.6
*[name]herring[x]44[z]374[height]1.0[diam]1.0
*[name]shrub[x]85[z]374[height]1.7[diam]1.7
*[name]shrub[x]31[z]375[height]1.3[diam]1.3
*[name]shrub[x]85[z]375[height]1.3[diam]1.3
*[name]shrub[x]83[z]377[height]1.1[diam]1.1
*[name]shrub[x]84[z]377[height]1.6[diam]1.6
*[name]tree[x]90[z]378[height]4.5[diam]4.2
*[name]tree[x]91[z]378[height]4.9[diam]2.6
*[name]tree[x]90[z]379[height]4.2[diam]2.5
*[name]tree[x]91[z]379[height]3.7[diam]2.4
*[name]shrub[x]83[z]380[height]2.0[diam]2.0
*[name]shrub[x]83[z]381[height]1.2[diam]1.2
*[name]tree[x]90[z]381[height]3.3[diam]2.6
*[name]tree[x]91[z]381[height]4.0[diam]3.8
*[name]tree[x]92[z]381[height]2.4[diam]1.2
*[name]shrub[x]83[z]384[height]1.9[diam]1.9
*[name]shrub[x]85[z]385[height]1.9[diam]1.9
*[name]shrub[x]86[z]385[height]1.8[diam]1.8
*[name]shrub[x]85[z]386[height]1.6[diam]1.6
*[name]shrub[x]86[z]386[height]1.7[diam]1.7
*[name]shrub[x]87[z]386[height]1.8[diam]1.8
*[name]shrub[x]12[z]387[height]1.9[diam]1.9
*[name]shrub[x]13[z]387[height]2.0[diam]2.0
*[name]shrub[x]84[z]387[height]1.7[diam]1.7
*[name]shrub[x]87[z]387[height]1.8[diam]1.8
*[name]shrub[x]12[z]388[height]1.7[diam]1.7
*[name]herring[x]76[z]388[height]1.0[diam]1.0
*[name]shrub[x]84[z]388[height]2.0[diam]2.0
*[name]herring[x]35[z]389[height]1.0[diam]1.0
*[name]shrub[x]84[z]389[height]1.1[diam]1.1
*[name]shrub[x]89[z]389[height]1.8[diam]1.8
*[name]shrub[x]84[z]390[height]1.6[diam]1.6
*[name]shrub[x]84[z]391[height]1.9[diam]1.9
*[name]herring[x]77[z]392[height]1.0[diam]1.0
*[name]shrub[x]83[z]392[height]1.6[diam]1.6
*[name]shrub[x]26[z]395[height]1.5[diam]1.5
*[name]herring[x]36[z]395[height]1.0[diam]1.0
*[name]herring[x]77[z]395[height]1.0[diam]1.0
*[name]shrub[x]26[z]396[height]2.0[diam]2.0
*[name]shrub[x]26[z]397[height]1.4[diam]1.4
*[name]shrub[x]25[z]398[height]1.7[diam]1.7
*[name]tree[x]87[z]398[height]3.6[diam]3.0
*[name]tree[x]88[z]398[height]4.1[diam]3.6
*[name]tree[x]89[z]398[height]2.3[diam]1.5
*[name]tree[x]92[z]398[height]3.3[diam]3.3
*[name]shrub[x]25[z]399[height]1.4[diam]1.4
*[name]shrub[x]26[z]399[height]1.5[diam]1.5
*[name]tree[x]92[z]399[height]4.5[diam]3.1
*[name]shrub[x]26[z]400[height]1.2[diam]1.2
*[name]tree[x]85[z]400[height]3.2[diam]1.6
*[name]tree[x]94[z]400[height]2.1[diam]1.3
*[name]shrub[x]26[z]401[height]2.0[diam]2.0
*[name]shrub[x]27[z]401[height]1.8[diam]1.8
*[name]tree[x]85[z]401[height]2.2[diam]1.9
*[name]shrub[x]27[z]402[height]1.8[diam]1.8
*[name]tree[x]86[z]402[height]2.4[diam]1.7
*[name]tree[x]93[z]402[height]2.9[diam]1.6
*[name]tree[x]94[z]402[height]2.1[diam]1.9
*[name]shrub[x]28[z]403[height]1.0[diam]1.0
*[name]tree[x]84[z]403[height]3.2[diam]2.5
*[name]tree[x]85[z]403[height]3.7[diam]2.0
*[name]tree[x]91[z]403[height]2.6[diam]1.8
*[name]tree[x]93[z]403[height]2.5[diam]1.9
*[name]tree[x]94[z]403[height]4.3[diam]2.5
*[name]shrub[x]28[z]404[height]1.9[diam]1.9
*[name]tree[x]90[z]404[height]2.7[diam]2.7
*[name]tree[x]91[z]404[height]2.9[diam]2.1
*[name]tree[x]93[z]404[height]3.2[diam]2.1
*[name]shrub[x]29[z]405[height]1.5[diam]1.5
*[name]tree[x]83[z]405[height]4.0[diam]2.7
*[name]tree[x]87[z]406[height]2.8[diam]2.5
*[name]tree[x]83[z]407[height]4.9[diam]2.5
*[name]tree[x]9[z]408[height]4.7[diam]3.3
*[name]tree[x]84[z]408[height]3.0[diam]2.9
*[name]tree[x]9[z]409[height]3.3[diam]1.9
*[name]tree[x]84[z]409[height]5.0[diam]4.6
*[name]tree[x]9[z]410[height]3.9[diam]3.1
*[name]tree[x]22[z]410[height]4.7[diam]4.4
*[name]tree[x]54[z]410[height]4.7[diam]2.5
*[name]tree[x]86[z]410[height]3.1[diam]2.6
*[name]tree[x]9[z]411[height]2.6[diam]1.7
*[name]tree[x]24[z]411[height]4.7[diam]2.8
*[name]tree[x]54[z]411[height]3.8[diam]2.6
*[name]tree[x]82[z]411[height]3.8[diam]3.6
*[name]tree[x]83[z]411[height]4.6[diam]2.9
*[name]tree[x]9[z]412[height]2.7[diam]1.5
*[name]tree[x]24[z]412[height]2.1[diam]1.3
*[name]tree[x]82[z]412[height]2.5[diam]2.4
*[name]tree[x]9[z]413[height]3.8[diam]2.8
*[name]tree[x]23[z]413[height]4.7[diam]2.4
*[name]tree[x]51[z]413[height]3.8[diam]3.7
*[name]tree[x]54[z]413[height]4.5[diam]2.9
*[name]tree[x]80[z]413[height]3.4[diam]3.0
*[name]tree[x]81[z]413[height]2.4[diam]1.6
*[name]tree[x]9[z]414[height]4.4[diam]3.3
*[name]tree[x]21[z]414[height]2.0[diam]1.0
*[name]tree[x]52[z]414[height]4.4[diam]4.1
*[name]tree[x]54[z]414[height]2.7[diam]1.9
*[name]tree[x]81[z]414[height]2.8[diam]2.5
*[name]tree[x]7[z]415[height]2.9[diam]1.7
*[name]tree[x]54[z]415[height]2.3[diam]1.7
*[name]tree[x]5[z]416[height]2.8[diam]1.6
*[name]tree[x]6[z]416[height]4.2[diam]3.0
*[name]tree[x]54[z]416[height]2.1[diam]1.4
*[name]tree[x]55[z]416[height]4.8[diam]4.6
*[name]tree[x]81[z]416[height]3.0[diam]2.3
*[name]tree[x]82[z]416[height]4.5[diam]2.7
*[name]tree[x]56[z]417[height]4.4[diam]2.9
*[name]tree[x]81[z]417[height]4.8[diam]4.6
*[name]tree[x]4[z]418[height]4.0[diam]3.5
*[name]tree[x]84[z]418[height]3.3[diam]2.7
*[name]tree[x]4[z]419[height]4.3[diam]2.6
*[name]tree[x]84[z]419[height]3.7[diam]3.7
*[name]tree[x]85[z]419[height]3.8[diam]3.4
*[name]herring[x]36[z]420[height]1.0[diam]1.0
*[name]tree[x]19[z]421[height]4.4[diam]4.2
*[name]herring[x]36[z]421[height]1.0[diam]1.0
*[name]tree[x]19[z]422[height]4.9[diam]4.7
*[name]tree[x]18[z]425[height]3.3[diam]2.0
*[name]tree[x]18[z]426[height]2.0[diam]1.2
*[name]tree[x]17[z]427[height]4.1[diam]2.2
*[name]tree[x]17[z]429[height]3.5[diam]2.8
*[name]herring[x]35[z]429[height]1.0[diam]1.0
*[name]tree[x]84[z]429[height]2.0[diam]1.9
*[name]tree[x]17[z]430[height]2.4[diam]2.3
*[name]herring[x]34[z]430[height]1.0[diam]1.0
*[name]tree[x]52[z]430[height]2.1[diam]2.0
*[name]tree[x]84[z]430[height]2.5[diam]2.4
*[name]tree[x]88[z]430[height]4.6[diam]4.2
*[name]tree[x]89[z]430[height]4.1[diam]2.6
*[name]tree[x]52[z]431[height]3.5[diam]2.5
*[name]tree[x]81[z]431[height]3.5[diam]1.9
*[name]tree[x]84[z]431[height]3.3[diam]1.8
*[name]tree[x]85[z]431[height]4.7[diam]2.9
*[name]tree[x]17[z]432[height]4.9[diam]4.6
*[name]tree[x]53[z]432[height]2.4[diam]1.7
*[name]tree[x]82[z]432[height]2.3[diam]1.4
*[name]tree[x]83[z]432[height]3.7[diam]3.3
*[name]tree[x]85[z]432[height]2.7[diam]1.4
*[name]tree[x]86[z]432[height]3.2[diam]2.0
*[name]tree[x]88[z]432[height]4.7[diam]3.7
*[name]tree[x]53[z]433[height]2.3[diam]2.2
*[name]tree[x]81[z]433[height]3.5[diam]2.2
*[name]tree[x]82[z]433[height]4.6[diam]3.2
*[name]tree[x]82[z]435[height]2.3[diam]1.8
*[name]tree[x]81[z]436[height]4.0[diam]3.2
*[name]tree[x]82[z]436[height]2.0[diam]1.2
*[name]tree[x]83[z]436[height]3.9[diam]2.8
*[name]tree[x]84[z]436[height]2.8[diam]2.1
*[name]tree[x]84[z]437[height]4.1[diam]2.5
*[name]tree[x]52[z]438[height]3.2[diam]2.9
*[name]tree[x]53[z]438[height]3.9[diam]2.9
*[name]tree[x]83[z]438[height]2.0[diam]1.2
*[name]tree[x]84[z]438[height]2.9[diam]1.8
*[name]tree[x]83[z]439[height]2.8[diam]2.4
*[name]tree[x]81[z]440[height]3.4[diam]2.0
*[name]tree[x]82[z]440[height]2.8[diam]2.2
*[name]tree[x]83[z]440[height]2.3[diam]2.1
*[name]herring[x]74[z]441[height]1.0[diam]1.0
*[name]tree[x]83[z]441[height]4.4[diam]4.4
*[name]tree[x]84[z]441[height]2.5[diam]2.3
*[name]tree[x]68[z]443[height]3.6[diam]3.3
*[name]herring[x]74[z]443[height]1.0[diam]1.0
*[name]tree[x]68[z]444[height]3.5[diam]2.7
*[name]tree[x]68[z]445[height]5.0[diam]2.8
*[name]tree[x]68[z]446[height]2.0[diam]1.3
*[name]herring[x]74[z]446[height]1.0[diam]1.0
*[name]shrub[x]23[z]447[height]1.7[diam]1.7
*[name]tree[x]67[z]447[height]4.1[diam]3.1
*[name]tree[x]68[z]447[height]2.1[diam]1.7
*[name]shrub[x]21[z]448[height]1.1[diam]1.1
*[name]shrub[x]22[z]448[height]1.5[diam]1.5
*[name]shrub[x]53[z]448[height]1.5[diam]1.5
*[name]tree[x]68[z]448[height]3.0[diam]2.8
*[name]shrub[x]21[z]449[height]1.8[diam]1.8
*[name]shrub[x]24[z]449[height]1.6[diam]1.6
*[name]shrub[x]52[z]449[height]1.5[diam]1.5
*[name]shrub[x]54[z]449[height]1.2[diam]1.2
*[name]shrub[x]55[z]449[height]1.8[diam]1.8
*[name]shrub[x]51[z]450[height]1.8[diam]1.8
*[name]shrub[x]56[z]450[height]1.8[diam]1.8
*[name]shrub[x]56[z]451[height]1.9[diam]1.9
*[name]tree[x]68[z]451[height]3.7[diam]3.0
*[name]shrub[x]56[z]452[height]1.9[diam]1.9
*[name]tree[x]68[z]452[height]4.2[diam]3.2
*[name]shrub[x]52[z]453[height]1.5[diam]1.5
*[name]shrub[x]55[z]453[height]1.6[diam]1.6
*[name]shrub[x]56[z]453[height]1.0[diam]1.0
*[name]tree[x]68[z]453[height]2.1[diam]1.6
*[name]tree[x]3[z]454[height]2.4[diam]1.2
*[name]tree[x]4[z]454[height]4.4[diam]4.0
*[name]shrub[x]52[z]454[height]1.7[diam]1.7
*[name]shrub[x]54[z]454[height]1.3[diam]1.3
*[name]shrub[x]55[z]454[height]1.8[diam]1.8
*[name]tree[x]68[z]454[height]2.8[diam]2.1
*[name]tree[x]4[z]455[height]3.2[diam]2.9
*[name]shrub[x]52[z]455[height]1.8[diam]1.8
*[name]tree[x]68[z]455[height]2.7[diam]2.2
*[name]tree[x]17[z]456[height]3.3[diam]2.9
*[name]shrub[x]54[z]456[height]1.9[diam]1.9
*[name]tree[x]68[z]456[height]2.7[diam]2.2
*[name]tree[x]18[z]457[height]4.0[diam]2.3
*[name]tree[x]19[z]457[height]2.5[diam]1.6
*[name]shrub[x]53[z]457[height]1.1[diam]1.1
*[name]tree[x]68[z]457[height]4.7[diam]4.2
*[name]tree[x]19[z]458[height]3.6[diam]2.6
*[name]tree[x]68[z]458[height]4.4[diam]3.5
*[name]herring[x]37[z]459[height]1.0[diam]1.0
*[name]shrub[x]52[z]459[height]2.0[diam]2.0
*[name]tree[x]68[z]459[height]4.8[diam]3.8
*[name]tree[x]69[z]459[height]4.4[diam]3.9
*[name]tree[x]70[z]459[height]3.0[diam]1.7
*[name]tree[x]71[z]459[height]3.8[diam]3.0
*[name]tree[x]20[z]460[height]3.7[diam]3.7
*[name]tree[x]70[z]460[height]3.3[diam]2.3
*[name]tree[x]20[z]461[height]2.6[diam]1.4
*[name]tree[x]21[z]461[height]4.4[diam]4.4
*[name]herring[x]39[z]461[height]1.0[diam]1.0
*[name]tree[x]67[z]461[height]4.6[diam]2.4
*[name]tree[x]69[z]461[height]3.7[diam]2.9
*[name]tree[x]70[z]461[height]2.6[diam]2.3
*[name]tree[x]6[z]462[height]4.5[diam]2.9
*[name]tree[x]66[z]462[height]3.9[diam]3.1
*[name]tree[x]68[z]462[height]4.5[diam]2.4
*[name]tree[x]69[z]462[height]3.3[diam]2.3
*[name]tree[x]7[z]463[height]2.2[diam]1.5
*[name]tree[x]22[z]463[height]4.9[diam]4.6
*[name]tree[x]7[z]464[height]2.4[diam]1.5
*[name]tree[x]8[z]464[height]2.0[diam]1.7
*[name]tree[x]7[z]465[height]4.7[diam]3.7
*[name]tree[x]8[z]465[height]4.0[diam]2.7
*[name]tree[x]22[z]465[height]4.9[diam]4.7
*[name]tree[x]9[z]466[height]3.0[diam]2.7
*[name]tree[x]9[z]467[height]4.6[diam]2.8
*[name]tree[x]10[z]467[height]4.5[diam]3.3
*[name]tree[x]9[z]468[height]4.3[diam]2.3
*[name]tree[x]10[z]469[height]2.6[diam]2.0
*[name]tree[x]26[z]469[height]3.0[diam]2.8
*[name]herring[x]49[z]470[height]1.0[diam]1.0
*[name]tree[x]11[z]472[height]2.6[diam]1.5
*[name]tree[x]13[z]472[height]4.7[diam]3.8
*[name]tree[x]28[z]472[height]3.7[diam]3.6
*[name]tree[x]29[z]472[height]2.0[diam]1.6
*[name]herring[x]49[z]472[height]1.0[diam]1.0
*[name]tree[x]11[z]473[height]4.5[diam]2.6
*[name]tree[x]13[z]473[height]4.5[diam]4.2
*[name]tree[x]27[z]473[height]4.5[diam]3.9
*[name]tree[x]28[z]473[height]3.3[diam]2.5
*[name]tree[x]31[z]473[height]2.2[diam]1.5
*[name]tree[x]11[z]474[height]3.2[diam]2.3
*[name]tree[x]12[z]474[height]2.6[diam]1.7
*[name]tree[x]12[z]475[height]3.9[diam]2.0
*[name]tree[x]29[z]475[height]4.3[diam]3.0
*[name]tree[x]32[z]475[height]2.3[diam]2.2
*[name]herring[x]49[z]475[height]1.0[diam]1.0
*[name]tree[x]6[z]476[height]4.9[diam]3.5
*[name]tree[x]13[z]476[height]4.3[diam]2.5
*[name]tree[x]29[z]476[height]3.8[diam]3.2
*[name]herring[x]49[z]476[height]1.0[diam]1.0
*[name]tree[x]7[z]477[height]4.5[diam]2.6
*[name]tree[x]9[z]477[height]3.8[diam]3.5
*[name]tree[x]13[z]477[height]4.1[diam]3.0
*[name]tree[x]33[z]477[height]4.9[diam]3.8
*[name]tree[x]34[z]477[height]2.9[diam]2.6
*[name]tree[x]35[z]477[height]2.9[diam]2.5
*[name]tree[x]7[z]478[height]3.0[diam]2.0
*[name]tree[x]29[z]478[height]2.5[diam]2.2
*[name]tree[x]33[z]478[height]4.2[diam]2.9
*[name]tree[x]11[z]479[height]2.1[diam]1.5
*[name]tree[x]29[z]479[height]3.2[diam]2.9
*[name]tree[x]34[z]479[height]4.3[diam]3.2
*[name]tree[x]12[z]480[height]4.2[diam]3.7
*[name]tree[x]14[z]480[height]4.8[diam]3.6
*[name]tree[x]29[z]480[height]4.8[diam]3.7
*[name]tree[x]31[z]480[height]2.5[diam]2.2
*[name]tree[x]34[z]480[height]4.1[diam]3.7
*[name]tree[x]11[z]481[height]3.7[diam]2.6
*[name]tree[x]12[z]481[height]2.7[diam]2.1
*[name]tree[x]34[z]481[height]4.9[diam]3.8
*[name]tree[x]11[z]482[height]3.0[diam]1.9
*[name]tree[x]12[z]486[height]2.9[diam]2.4
*[name]tree[x]11[z]488[height]3.8[diam]2.8
*[name]tree[x]12[z]488[height]3.3[diam]2.2
*[name]tree[x]14[z]488[height]4.4[diam]3.3
*[name]tree[x]12[z]489[height]4.2[diam]2.6
*[name]tree[x]13[z]489[height]2.8[diam]2.1
*[name]tree[x]14[z]489[height]4.1[diam]2.1
*[name]tree[x]13[z]491[height]2.7[diam]2.2
*[name]tree[x]15[z]493[height]3.5[diam]2.1
*[name]tree[x]93[z]493[height]2.5[diam]2.1
*[name]tree[x]75[z]494[height]4.7[diam]4.4
*[name]flag[x]78[z]494[height]1.0[diam]1.0
*[name]tree[x]91[z]494[height]3.4[diam]2.5
*[name]tree[x]92[z]494[height]2.9[diam]2.5
*[name]tree[x]93[z]494[height]2.1[diam]1.3
*[name]shrub[x]30[z]495[height]1.2[diam]1.2
*[name]tree[x]70[z]495[height]3.1[diam]2.4
*[name]tree[x]75[z]495[height]3.5[diam]1.8
*[name]tree[x]91[z]495[height]2.5[diam]2.5
*[name]shrub[x]30[z]496[height]1.5[diam]1.5
*[name]flag[x]78[z]496[height]1.0[diam]1.0
*[name]tree[x]95[z]496[height]3.6[diam]3.2
*[name]tree[x]96[z]496[height]4.8[diam]3.0
*[name]herring[x]49[z]497[height]1.0[diam]1.0
*[name]tree[x]75[z]497[height]5.0[diam]3.0
*[name]shrub[x]31[z]498[height]1.8[diam]1.8
*[name]shrub[x]32[z]498[height]1.7[diam]1.7
*[name]tree[x]72[z]498[height]2.6[diam]1.3
*[name]shrub[x]31[z]499[height]1.3[diam]1.3
*[name]shrub[x]35[z]499[height]1.7[diam]1.7
*[name]herring[x]51[z]499[height]1.0[diam]1.0
*[name]shrub[x]31[z]500[height]1.2[diam]1.2
*[name]shrub[x]31[z]501[height]1.5[diam]1.5
*[name]shrub[x]37[z]501[height]1.4[diam]1.4
*[name]herring[x]53[z]501[height]1.0[diam]1.0
*[name]shrub[x]38[z]502[height]1.1[diam]1.1
*[name]shrub[x]40[z]503[height]1.4[diam]1.4
*[name]shrub[x]32[z]504[height]1.8[diam]1.8
*[name]shrub[x]36[z]504[height]1.5[diam]1.5
*[name]shrub[x]37[z]504[height]1.7[diam]1.7
*[name]shrub[x]40[z]504[height]1.5[diam]1.5
*[name]tree[x]8[z]505[height]3.7[diam]1.9
*[name]tree[x]19[z]505[height]4.3[diam]4.1
*[name]shrub[x]36[z]505[height]1.6[diam]1.6
*[name]tree[x]7[z]506[height]2.8[diam]2.8
*[name]tree[x]8[z]506[height]4.2[diam]2.6
*[name]tree[x]9[z]506[height]3.4[diam]2.1
*[name]tree[x]19[z]506[height]5.0[diam]3.5
*[name]shrub[x]40[z]506[height]1.5[diam]1.5
*[name]tree[x]9[z]507[height]5.0[diam]3.9
*[name]tree[x]13[z]507[height]2.9[diam]2.5
*[name]tree[x]19[z]507[height]4.4[diam]2.9
*[name]shrub[x]39[z]507[height]1.0[diam]1.0
*[name]shrub[x]40[z]507[height]1.5[diam]1.5
*[name]tree[x]85[z]507[height]3.4[diam]2.7
*[name]tree[x]9[z]508[height]4.7[diam]3.7
*[name]tree[x]10[z]508[height]4.9[diam]4.3
*[name]tree[x]13[z]508[height]2.3[diam]1.9
*[name]tree[x]14[z]508[height]2.9[diam]2.4
*[name]tree[x]15[z]508[height]4.0[diam]2.1
*[name]tree[x]18[z]508[height]3.8[diam]2.3
*[name]shrub[x]41[z]508[height]1.3[diam]1.3
*[name]tree[x]42[z]508[height]3.8[diam]3.7
*[name]tree[x]43[z]508[height]3.6[diam]1.9
*[name]tree[x]86[z]508[height]2.7[diam]2.1
*[name]shrub[x]18[z]509[height]1.4[diam]1.4
*[name]shrub[x]19[z]509[height]1.8[diam]1.8
*[name]tree[x]20[z]509[height]3.6[diam]1.8
*[name]tree[x]21[z]509[height]2.2[diam]1.3
*[name]tree[x]22[z]509[height]4.4[diam]3.0
*[name]tree[x]39[z]509[height]2.7[diam]1.8
*[name]tree[x]40[z]509[height]4.6[diam]4.1
*[name]tree[x]43[z]509[height]2.6[diam]1.9
*[name]tree[x]85[z]509[height]4.3[diam]4.2
*[name]tree[x]86[z]509[height]3.5[diam]2.5
*[name]tree[x]13[z]510[height]2.8[diam]1.6
*[name]tree[x]43[z]510[height]2.3[diam]1.5
*[name]tree[x]44[z]510[height]4.3[diam]2.9
*[name]shrub[x]22[z]511[height]1.6[diam]1.6
*[name]tree[x]40[z]511[height]3.1[diam]2.0
*[name]tree[x]41[z]511[height]2.4[diam]1.7
*[name]tree[x]42[z]511[height]3.6[diam]3.0
*[name]tree[x]44[z]511[height]4.5[diam]2.9
*[name]tree[x]85[z]511[height]2.6[diam]2.4
*[name]tree[x]11[z]512[height]3.1[diam]2.2
*[name]tree[x]12[z]512[height]4.0[diam]3.4
*[name]shrub[x]22[z]512[height]1.7[diam]1.7
*[name]tree[x]23[z]512[height]4.9[diam]3.9
*[name]tree[x]24[z]512[height]3.4[diam]2.0
*[name]tree[x]39[z]512[height]5.0[diam]3.0
*[name]tree[x]22[z]513[height]2.5[diam]1.8
*[name]shrub[x]23[z]514[height]1.6[diam]1.6
*[name]herring[x]59[z]514[height]1.0[diam]1.0
*[name]tree[x]24[z]515[height]3.2[diam]2.7
*[name]tree[x]71[z]515[height]4.1[diam]3.5
*[name]tree[x]71[z]516[height]3.4[diam]1.7
*[name]herring[x]60[z]517[height]1.0[diam]1.0
*[name]tree[x]71[z]517[height]2.9[diam]2.7
*[name]tree[x]23[z]518[height]3.0[diam]2.1
*[name]shrub[x]24[z]518[height]1.2[diam]1.2
*[name]shrub[x]25[z]518[height]1.8[diam]1.8
*[name]tree[x]71[z]518[height]2.4[diam]1.2
*[name]tree[x]23[z]519[height]2.4[diam]1.6
*[name]shrub[x]25[z]519[height]1.9[diam]1.9
*[name]herring[x]59[z]519[height]1.0[diam]1.0
*[name]tree[x]19[z]520[height]3.4[diam]3.0
*[name]tree[x]21[z]520[height]3.7[diam]2.2
*[name]tree[x]22[z]520[height]3.1[diam]2.4
*[name]shrub[x]26[z]520[height]1.8[diam]1.8
*[name]tree[x]72[z]520[height]4.5[diam]3.9
*[name]shrub[x]27[z]521[height]1.8[diam]1.8
*[name]tree[x]73[z]521[height]2.1[diam]2.0
*[name]tree[x]24[z]522[height]2.8[diam]2.4
*[name]shrub[x]28[z]523[height]1.3[diam]1.3
*[name]shrub[x]28[z]524[height]2.0[diam]2.0
*[name]shrub[x]28[z]525[height]1.4[diam]1.4
*[name]shrub[x]43[z]525[height]2.0[diam]2.0
*[name]shrub[x]46[z]525[height]1.4[diam]1.4
*[name]shrub[x]26[z]526[height]1.4[diam]1.4
*[name]shrub[x]28[z]526[height]1.3[diam]1.3
*[name]shrub[x]29[z]526[height]1.2[diam]1.2
*[name]shrub[x]41[z]526[height]1.7[diam]1.7
*[name]shrub[x]46[z]526[height]1.7[diam]1.7
*[name]shrub[x]29[z]527[height]1.5[diam]1.5
*[name]shrub[x]41[z]527[height]1.6[diam]1.6
*[name]shrub[x]44[z]527[height]1.8[diam]1.8
*[name]shrub[x]29[z]528[height]1.5[diam]1.5
*[name]shrub[x]41[z]528[height]1.7[diam]1.7
*[name]shrub[x]43[z]528[height]1.2[diam]1.2
*[name]shrub[x]29[z]529[height]1.4[diam]1.4
*[name]shrub[x]43[z]529[height]1.2[diam]1.2
*[name]shrub[x]44[z]529[height]1.9[diam]1.9
*[name]shrub[x]29[z]530[height]1.0[diam]1.0
*[name]shrub[x]41[z]530[height]1.4[diam]1.4
*[name]shrub[x]43[z]530[height]1.3[diam]1.3
*[name]shrub[x]44[z]530[height]1.5[diam]1.5
*[name]shrub[x]26[z]531[height]1.2[diam]1.2
*[name]shrub[x]40[z]532[height]1.1[diam]1.1
*[name]shrub[x]41[z]532[height]1.3[diam]1.3
*[name]shrub[x]42[z]533[height]2.0[diam]2.0
*[name]tree[x]80[z]533[height]2.4[diam]1.3
*[name]tree[x]81[z]533[height]2.7[diam]2.4
*[name]shrub[x]42[z]534[height]1.4[diam]1.4
*[name]tree[x]81[z]534[height]2.6[diam]1.5
*[name]tree[x]81[z]535[height]3.2[diam]2.6
*[name]tree[x]82[z]535[height]3.6[diam]3.1
*[name]tree[x]26[z]537[height]4.5[diam]2.8
*[name]tree[x]43[z]537[height]3.2[diam]2.1
*[name]tree[x]21[z]539[height]4.5[diam]2.8
*[name]tree[x]22[z]539[height]4.4[diam]3.3
*[name]tree[x]26[z]539[height]3.3[diam]2.0
*[name]tree[x]40[z]539[height]4.1[diam]2.6
*[name]tree[x]41[z]539[height]2.7[diam]1.4
*[name]tree[x]21[z]540[height]3.7[diam]3.3
*[name]tree[x]26[z]540[height]2.7[diam]2.2
*[name]tree[x]40[z]540[height]2.1[diam]1.3
*[name]tree[x]41[z]540[height]4.3[diam]2.5
*[name]tree[x]43[z]540[height]3.3[diam]2.5
*[name]tree[x]44[z]540[height]3.8[diam]3.1
*[name]tree[x]45[z]540[height]4.0[diam]4.0
*[name]tree[x]18[z]541[height]2.6[diam]1.6
*[name]tree[x]39[z]541[height]4.0[diam]2.1
*[name]tree[x]47[z]541[height]3.4[diam]1.9
*[name]tree[x]49[z]541[height]3.0[diam]1.9
*[name]tree[x]16[z]542[height]3.1[diam]1.7
*[name]tree[x]25[z]542[height]4.5[diam]4.0
*[name]tree[x]45[z]542[height]3.1[diam]2.3
*[name]tree[x]46[z]542[height]2.3[diam]1.8
*[name]tree[x]47[z]542[height]3.7[diam]3.0
*[name]tree[x]50[z]542[height]3.1[diam]2.8
*[name]tree[x]16[z]543[height]2.9[diam]2.0
*[name]tree[x]22[z]543[height]5.0[diam]2.6
*[name]tree[x]23[z]543[height]3.8[diam]2.7
*[name]tree[x]38[z]543[height]3.7[diam]2.2
*[name]tree[x]45[z]543[height]2.1[diam]1.3
*[name]tree[x]49[z]543[height]2.6[diam]1.6
*[name]tree[x]16[z]544[height]3.4[diam]3.2
*[name]tree[x]22[z]544[height]2.9[diam]2.8
*[name]tree[x]44[z]544[height]4.9[diam]3.9
*[name]tree[x]49[z]544[height]2.7[diam]1.8
*[name]tree[x]16[z]545[height]4.2[diam]2.2
*[name]tree[x]21[z]545[height]2.3[diam]1.3
*[name]tree[x]45[z]545[height]3.7[diam]2.2
*[name]tree[x]16[z]546[height]4.1[diam]2.3
*[name]tree[x]37[z]546[height]4.5[diam]2.4
*[name]tree[x]46[z]546[height]4.8[diam]2.7
*[name]tree[x]48[z]546[height]3.5[diam]3.4
*[name]herring[x]72[z]546[height]1.0[diam]1.0
*[name]tree[x]16[z]547[height]2.5[diam]1.4
*[name]tree[x]22[z]547[height]3.1[diam]2.7
*[name]tree[x]37[z]547[height]2.9[diam]2.0
*[name]tree[x]46[z]547[height]2.0[diam]1.5
*[name]tree[x]48[z]547[height]3.9[diam]2.9
*[name]tree[x]22[z]548[height]3.0[diam]2.9
*[name]tree[x]47[z]548[height]3.3[diam]2.1
*[name]tree[x]48[z]548[height]3.6[diam]3.0
*[name]herring[x]55[z]548[height]1.0[diam]1.0
*[name]herring[x]72[z]548[height]1.0[diam]1.0
*[name]tree[x]16[z]549[height]3.9[diam]2.5
*[name]tree[x]35[z]549[height]4.2[diam]3.7
*[name]herring[x]72[z]549[height]1.0[diam]1.0
*[name]tree[x]20[z]550[height]3.2[diam]2.1
*[name]tree[x]17[z]552[height]4.8[diam]2.6
*[name]tree[x]17[z]553[height]3.3[diam]3.0
*[name]tree[x]33[z]553[height]2.5[diam]1.7
*[name]tree[x]34[z]553[height]4.7[diam]4.0
*[name]tree[x]17[z]554[height]3.0[diam]1.6
*[name]tree[x]33[z]554[height]4.3[diam]3.6
*[name]tree[x]16[z]555[height]4.6[diam]2.4
*[name]tree[x]36[z]555[height]2.2[diam]2.1
*[name]tree[x]30[z]556[height]3.6[diam]3.1
*[name]tree[x]31[z]556[height]3.0[diam]2.9
*[name]tree[x]36[z]556[height]4.0[diam]3.5
*[name]tree[x]15[z]557[height]2.6[diam]1.5
*[name]tree[x]29[z]557[height]3.3[diam]3.0
*[name]tree[x]30[z]557[height]3.4[diam]2.0
*[name]tree[x]34[z]557[height]3.7[diam]3.5
*[name]tree[x]28[z]558[height]3.5[diam]2.6
*[name]tree[x]29[z]558[height]4.9[diam]4.7
*[name]tree[x]33[z]558[height]2.9[diam]1.6
*[name]tree[x]34[z]558[height]2.9[diam]1.8
*[name]tree[x]15[z]559[height]4.4[diam]3.6
*[name]tree[x]33[z]559[height]2.9[diam]2.3
*[name]tree[x]34[z]559[height]2.9[diam]1.7
*[name]tree[x]15[z]560[height]3.8[diam]2.6
*[name]tree[x]27[z]560[height]2.0[diam]1.2
*[name]tree[x]34[z]560[height]2.2[diam]1.5
*[name]tree[x]35[z]561[height]2.0[diam]1.8
*[name]tree[x]15[z]562[height]2.4[diam]1.5
*[name]tree[x]27[z]562[height]4.8[diam]3.8
*[name]tree[x]34[z]562[height]2.1[diam]1.5
*[name]tree[x]35[z]562[height]4.3[diam]3.4
*[name]tree[x]73[z]562[height]2.8[diam]1.8
*[name]tree[x]28[z]564[height]2.3[diam]1.4
*[name]tree[x]32[z]564[height]2.5[diam]1.8
*[name]tree[x]35[z]564[height]3.1[diam]2.3
*[name]herring[x]49[z]564[height]1.0[diam]1.0
*[name]tree[x]69[z]564[height]3.8[diam]2.2
*[name]tree[x]33[z]565[height]2.3[diam]2.2
*[name]tree[x]34[z]565[height]4.2[diam]3.0
*[name]tree[x]35[z]565[height]2.2[diam]1.5
*[name]tree[x]14[z]566[height]4.3[diam]2.3
*[name]tree[x]16[z]566[height]3.5[diam]3.2
*[name]tree[x]30[z]566[height]3.3[diam]2.5
*[name]tree[x]34[z]566[height]3.8[diam]3.0
*[name]tree[x]11[z]567[height]4.1[diam]3.1
*[name]tree[x]12[z]567[height]2.5[diam]2.2
*[name]tree[x]16[z]567[height]4.8[diam]4.7
*[name]tree[x]34[z]567[height]3.0[diam]1.8
*[name]tree[x]35[z]567[height]2.6[diam]1.8
*[name]tree[x]10[z]568[height]3.4[diam]2.3
*[name]tree[x]31[z]568[height]4.5[diam]4.1
*[name]tree[x]9[z]569[height]4.6[diam]3.3
*[name]tree[x]10[z]569[height]5.0[diam]4.9
*[name]tree[x]17[z]570[height]3.0[diam]2.6
*[name]tree[x]32[z]570[height]3.2[diam]2.2
*[name]tree[x]32[z]571[height]2.2[diam]1.3
*[name]tree[x]9[z]572[height]3.4[diam]2.7
*[name]tree[x]16[z]572[height]2.1[diam]2.0
*[name]tree[x]19[z]572[height]2.2[diam]1.8
*[name]tree[x]32[z]572[height]3.5[diam]3.1
*[name]herring[x]48[z]572[height]1.0[diam]1.0
*[name]tree[x]15[z]573[height]2.4[diam]2.0
*[name]tree[x]32[z]573[height]3.5[diam]1.9
*[name]tree[x]10[z]574[height]3.8[diam]3.5
*[name]tree[x]15[z]574[height]2.9[diam]2.6
*[name]tree[x]32[z]574[height]2.8[diam]2.4
*[name]tree[x]31[z]575[height]2.5[diam]1.3
*[name]tree[x]32[z]575[height]3.7[diam]1.9
*[name]tree[x]31[z]576[height]3.5[diam]2.8
*[name]tree[x]32[z]576[height]5.0[diam]4.6
*[name]herring[x]81[z]576[height]1.0[diam]1.0
*[name]tree[x]16[z]577[height]2.9[diam]2.0
*[name]tree[x]30[z]577[height]2.8[diam]1.9
*[name]tree[x]32[z]577[height]3.6[diam]3.2
*[name]herring[x]46[z]577[height]1.0[diam]1.0
*[name]tree[x]16[z]578[height]4.8[diam]3.8
*[name]tree[x]32[z]578[height]4.0[diam]2.0
*[name]tree[x]15[z]579[height]2.5[diam]1.5
*[name]tree[x]30[z]579[height]4.4[diam]2.9
*[name]tree[x]32[z]579[height]4.4[diam]2.9
*[name]tree[x]15[z]580[height]3.2[diam]2.3
*[name]tree[x]31[z]580[height]2.4[diam]2.1
*[name]tree[x]12[z]581[height]2.6[diam]1.8
*[name]tree[x]13[z]581[height]3.4[diam]2.3
*[name]tree[x]29[z]581[height]3.4[diam]1.8
*[name]tree[x]30[z]581[height]3.1[diam]3.0
*[name]tree[x]10[z]582[height]3.9[diam]2.6
*[name]tree[x]30[z]582[height]4.5[diam]4.4
*[name]tree[x]28[z]583[height]4.2[diam]2.3
*[name]tree[x]27[z]584[height]2.9[diam]1.8
*[name]herring[x]81[z]584[height]1.0[diam]1.0
*[name]tree[x]26[z]585[height]4.6[diam]2.8
*[name]tree[x]27[z]585[height]4.5[diam]3.4
*[name]tree[x]25[z]586[height]2.8[diam]1.4
*[name]tree[x]26[z]586[height]4.0[diam]2.1
*[name]tree[x]24[z]587[height]3.0[diam]2.2
*[name]tree[x]25[z]587[height]3.1[diam]2.7
*[name]herring[x]53[z]587[height]1.0[diam]1.0
*[name]tree[x]24[z]588[height]4.6[diam]3.5
*[name]tree[x]24[z]589[height]3.4[diam]1.8
*[name]herring[x]35[z]589[height]1.0[diam]1.0
*[name]herring[x]51[z]589[height]1.0[diam]1.0
*[name]tree[x]76[z]590[height]4.7[diam]4.5
*[name]tree[x]76[z]593[height]3.2[diam]2.2
*[name]tree[x]75[z]595[height]4.9[diam]4.3
*[name]tree[x]75[z]596[height]3.0[diam]2.4
*[name]tree[x]56[z]597[height]2.3[diam]1.4
*[name]tree[x]76[z]597[height]3.6[diam]3.3
*[name]tree[x]56[z]598[height]2.9[diam]2.6
*[name]tree[x]60[z]598[height]2.3[diam]1.3
*[name]tree[x]61[z]598[height]2.2[diam]2.1
*[name]tree[x]75[z]598[height]4.0[diam]2.6
*[name]tree[x]76[z]598[height]4.8[diam]3.2
*[name]tree[x]74[z]599[height]3.2[diam]2.0
*[name]tree[x]75[z]599[height]4.3[diam]3.8
*[name]herring[x]83[z]599[height]1.0[diam]1.0
*[name]tree[x]74[z]601[height]2.1[diam]1.7
*[name]tree[x]73[z]602[height]2.8[diam]2.1
*[name]shrub[x]9[z]603[height]1.7[diam]1.7
*[name]shrub[x]10[z]603[height]1.2[diam]1.2
*[name]tree[x]71[z]603[height]3.3[diam]1.8
*[name]tree[x]72[z]603[height]3.6[diam]2.5
*[name]tree[x]69[z]605[height]4.6[diam]4.3
*[name]tree[x]71[z]605[height]5.0[diam]4.9
*[name]herring[x]82[z]605[height]1.0[diam]1.0
*[name]shrub[x]10[z]606[height]1.1[diam]1.1
*[name]tree[x]71[z]606[height]3.5[diam]3.2
*[name]herring[x]44[z]607[height]1.0[diam]1.0
*[name]tree[x]66[z]607[height]3.1[diam]2.0
*[name]tree[x]70[z]607[height]4.6[diam]3.5
*[name]tree[x]71[z]607[height]3.2[diam]2.9
*[name]shrub[x]7[z]608[height]1.1[diam]1.1
*[name]tree[x]66[z]608[height]4.2[diam]3.7
*[name]tree[x]67[z]608[height]3.4[diam]1.9
*[name]tree[x]68[z]608[height]2.1[diam]1.3
*[name]tree[x]69[z]608[height]4.7[diam]2.5
*[name]tree[x]70[z]608[height]4.7[diam]2.7
*[name]flag[x]11[z]609[height]1.0[diam]1.0
*[name]tree[x]66[z]609[height]3.6[diam]2.9
*[name]tree[x]69[z]609[height]3.0[diam]3.0
*[name]herring[x]81[z]609[height]1.0[diam]1.0
*[name]flag[x]10[z]610[height]1.0[diam]1.0
*[name]tree[x]65[z]610[height]4.1[diam]3.8
*[name]tree[x]66[z]610[height]3.1[diam]2.4
*[name]tree[x]67[z]610[height]4.3[diam]2.9
*[name]tree[x]68[z]610[height]3.5[diam]3.2
*[name]tree[x]64[z]611[height]4.6[diam]3.0
*[name]tree[x]64[z]612[height]2.5[diam]1.5
*[name]tree[x]68[z]612[height]2.5[diam]2.1
*[name]tree[x]69[z]612[height]3.8[diam]3.8
*[name]tree[x]64[z]613[height]4.4[diam]3.0
*[name]herring[x]35[z]614[height]1.0[diam]1.0
*[name]tree[x]63[z]614[height]4.2[diam]2.7
*[name]tree[x]88[z]615[height]3.4[diam]3.0
*[name]tree[x]89[z]615[height]3.6[diam]2.4
*[name]tree[x]6[z]616[height]4.4[diam]3.1
*[name]tree[x]87[z]616[height]3.6[diam]2.4
*[name]tree[x]89[z]616[height]2.0[diam]1.9
*[name]tree[x]6[z]617[height]3.0[diam]2.5
*[name]tree[x]6[z]618[height]4.3[diam]3.6
*[name]tree[x]90[z]619[height]2.8[diam]2.1
*[name]tree[x]91[z]619[height]2.1[diam]1.9
*[name]tree[x]7[z]620[height]3.0[diam]2.8
*[name]tree[x]92[z]620[height]2.2[diam]1.6
*[name]tree[x]7[z]621[height]2.3[diam]1.4
*[name]shrub[x]21[z]621[height]1.2[diam]1.2
*[name]herring[x]31[z]621[height]1.0[diam]1.0
*[name]tree[x]92[z]622[height]4.1[diam]2.5
*[name]shrub[x]16[z]624[height]2.0[diam]2.0
*[name]shrub[x]17[z]624[height]1.0[diam]1.0
*[name]shrub[x]16[z]625[height]1.9[diam]1.9
*[name]shrub[x]17[z]625[height]1.2[diam]1.2
*[name]tree[x]93[z]627[height]3.5[diam]3.0
*[name]tree[x]18[z]628[height]4.3[diam]4.0
*[name]tree[x]93[z]628[height]3.5[diam]2.1
*[name]shrub[x]16[z]629[height]1.4[diam]1.4
*[name]tree[x]93[z]630[height]4.6[diam]2.7
*[name]tree[x]18[z]631[height]2.8[diam]1.7
*[name]tree[x]93[z]631[height]4.7[diam]2.4
*[name]tree[x]18[z]632[height]4.6[diam]2.7
*[name]tree[x]4[z]633[height]3.6[diam]3.5
*[name]shrub[x]22[z]633[height]1.9[diam]1.9
*[name]tree[x]91[z]633[height]4.6[diam]4.1
*[name]tree[x]93[z]633[height]5.0[diam]3.4
*[name]tree[x]4[z]634[height]4.7[diam]2.9
*[name]tree[x]91[z]634[height]3.6[diam]2.8
*[name]tree[x]90[z]635[height]3.3[diam]2.5
*[name]tree[x]3[z]636[height]3.9[diam]2.7
*[name]tree[x]4[z]638[height]4.2[diam]2.4
*[name]herring[x]83[z]638[height]1.0[diam]1.0
*[name]tree[x]3[z]640[height]2.2[diam]1.7
*[name]tree[x]48[z]640[height]5.0[diam]3.9
*[name]tree[x]48[z]641[height]4.1[diam]2.8
*[name]shrub[x]70[z]641[height]1.4[diam]1.4
*[name]tree[x]50[z]642[height]4.7[diam]3.9
*[name]tree[x]51[z]642[height]3.8[diam]3.5
*[name]shrub[x]71[z]642[height]1.7[diam]1.7
*[name]shrub[x]72[z]643[height]1.5[diam]1.5
*[name]shrub[x]72[z]644[height]2.0[diam]2.0
*[name]shrub[x]73[z]644[height]1.2[diam]1.2
*[name]shrub[x]71[z]645[height]1.4[diam]1.4
*[name]shrub[x]72[z]645[height]1.9[diam]1.9
*[name]shrub[x]71[z]646[height]1.1[diam]1.1
*[name]shrub[x]73[z]646[height]1.2[diam]1.2
*[name]shrub[x]71[z]647[height]1.9[diam]1.9
*[name]tree[x]4[z]648[height]3.5[diam]1.8
*[name]shrub[x]71[z]649[height]1.1[diam]1.1
*[name]tree[x]92[z]649[height]2.1[diam]1.7
*[name]tree[x]4[z]650[height]3.7[diam]2.8
*[name]herring[x]39[z]650[height]1.0[diam]1.0
*[name]tree[x]92[z]650[height]2.8[diam]2.7
*[name]tree[x]4[z]651[height]2.8[diam]1.9
*[name]tree[x]91[z]651[height]2.1[diam]1.9
*[name]tree[x]92[z]651[height]3.1[diam]2.5
*[name]herring[x]39[z]652[height]1.0[diam]1.0
*[name]tree[x]92[z]652[height]3.4[diam]3.0
*[name]tree[x]70[z]653[height]2.1[diam]1.4
*[name]tree[x]71[z]653[height]3.3[diam]2.7
*[name]tree[x]72[z]653[height]2.5[diam]1.4
*[name]tree[x]73[z]653[height]2.4[diam]1.3
*[name]tree[x]91[z]653[height]3.1[diam]2.3
*[name]tree[x]72[z]654[height]2.1[diam]1.6
*[name]tree[x]73[z]654[height]4.0[diam]3.9
*[name]tree[x]74[z]654[height]4.9[diam]4.3
*[name]tree[x]92[z]654[height]2.3[diam]2.3
*[name]tree[x]70[z]655[height]3.1[diam]2.6
*[name]tree[x]72[z]655[height]3.6[diam]2.9
*[name]tree[x]73[z]655[height]3.9[diam]3.5
*[name]tree[x]74[z]655[height]2.1[diam]1.7
*[name]tree[x]93[z]655[height]3.7[diam]2.6
*[name]tree[x]70[z]656[height]2.8[diam]1.4
*[name]tree[x]71[z]656[height]2.5[diam]1.6
*[name]tree[x]75[z]656[height]3.2[diam]2.5
*[name]tree[x]92[z]656[height]4.8[diam]3.7
*[name]tree[x]93[z]656[height]4.2[diam]2.2
*[name]tree[x]71[z]657[height]4.0[diam]2.2
*[name]tree[x]80[z]657[height]3.7[diam]3.2
*[name]tree[x]93[z]657[height]3.7[diam]2.3
*[name]tree[x]80[z]658[height]4.0[diam]3.1
*[name]herring[x]87[z]658[height]1.0[diam]1.0
*[name]tree[x]76[z]659[height]4.9[diam]4.3
*[name]tree[x]77[z]659[height]3.7[diam]2.5
*[name]tree[x]79[z]659[height]3.2[diam]1.7
*[name]tree[x]58[z]660[height]4.9[diam]2.5
*[name]tree[x]76[z]660[height]4.6[diam]4.6
*[name]tree[x]79[z]660[height]4.1[diam]2.9
*[name]tree[x]80[z]660[height]3.2[diam]3.1
*[name]tree[x]4[z]661[height]3.3[diam]2.6
*[name]tree[x]58[z]661[height]2.7[diam]2.5
*[name]tree[x]59[z]661[height]2.5[diam]1.5
*[name]tree[x]79[z]661[height]3.1[diam]3.0
*[name]tree[x]80[z]661[height]2.7[diam]1.4
*[name]tree[x]5[z]662[height]5.0[diam]4.5
*[name]tree[x]24[z]662[height]4.3[diam]3.3
*[name]tree[x]75[z]662[height]2.2[diam]1.5
*[name]tree[x]79[z]662[height]2.4[diam]1.2
*[name]tree[x]80[z]662[height]2.4[diam]2.1
*[name]tree[x]5[z]663[height]3.1[diam]2.4
*[name]tree[x]59[z]663[height]4.3[diam]2.9
*[name]tree[x]75[z]663[height]3.8[diam]3.1
*[name]tree[x]79[z]663[height]3.0[diam]1.9
*[name]tree[x]80[z]663[height]2.1[diam]1.8
*[name]tree[x]28[z]664[height]2.7[diam]2.0
*[name]tree[x]79[z]664[height]2.9[diam]2.1
*[name]tree[x]27[z]665[height]3.0[diam]2.2
*[name]tree[x]31[z]665[height]3.9[diam]3.3
*[name]tree[x]58[z]665[height]3.1[diam]2.9
*[name]tree[x]73[z]665[height]4.2[diam]2.8
*[name]tree[x]79[z]665[height]4.0[diam]3.0
*[name]tree[x]28[z]666[height]4.7[diam]4.1
*[name]tree[x]58[z]666[height]4.7[diam]2.4
*[name]tree[x]73[z]666[height]4.3[diam]2.2
*[name]tree[x]79[z]666[height]4.2[diam]2.3
*[name]tree[x]80[z]666[height]3.8[diam]2.9
*[name]tree[x]31[z]667[height]3.3[diam]2.0
*[name]tree[x]58[z]667[height]2.4[diam]2.1
*[name]tree[x]72[z]667[height]3.4[diam]2.0
*[name]tree[x]73[z]667[height]3.5[diam]2.9
*[name]tree[x]74[z]667[height]4.0[diam]3.6
*[name]tree[x]78[z]667[height]2.4[diam]2.4
*[name]tree[x]79[z]667[height]2.7[diam]2.4
*[name]herring[x]88[z]667[height]1.0[diam]1.0
*[name]tree[x]72[z]668[height]4.1[diam]3.3
*[name]tree[x]74[z]668[height]3.9[diam]2.8
*[name]tree[x]78[z]668[height]4.8[diam]3.2
*[name]tree[x]79[z]668[height]4.8[diam]4.4
*[name]tree[x]6[z]669[height]2.2[diam]2.0
*[name]tree[x]58[z]669[height]4.7[diam]4.2
*[name]tree[x]72[z]669[height]4.7[diam]3.8
*[name]tree[x]75[z]669[height]4.8[diam]3.6
*[name]tree[x]77[z]669[height]2.3[diam]1.6
*[name]tree[x]6[z]670[height]4.1[diam]2.5
*[name]tree[x]72[z]670[height]2.4[diam]1.4
*[name]tree[x]76[z]670[height]3.2[diam]2.7
*[name]tree[x]77[z]670[height]4.6[diam]2.5
*[name]tree[x]7[z]671[height]3.2[diam]1.6
*[name]tree[x]58[z]671[height]2.2[diam]1.9
*[name]tree[x]73[z]671[height]4.3[diam]3.9
*[name]herring[x]43[z]672[height]1.0[diam]1.0
*[name]tree[x]58[z]673[height]2.7[diam]1.9
*[name]tree[x]74[z]673[height]2.7[diam]1.6
*[name]tree[x]76[z]673[height]4.2[diam]2.5
*[name]tree[x]58[z]674[height]2.1[diam]1.9
*[name]tree[x]58[z]675[height]2.0[diam]1.9
*[name]tree[x]59[z]678[height]3.9[diam]3.7
*[name]tree[x]60[z]678[height]3.6[diam]2.8
*[name]shrub[x]80[z]678[height]1.4[diam]1.4
*[name]tree[x]60[z]679[height]3.9[diam]3.8
*[name]shrub[x]80[z]679[height]1.1[diam]1.1
*[name]shrub[x]81[z]679[height]1.9[diam]1.9
*[name]tree[x]11[z]680[height]2.3[diam]1.4
*[name]tree[x]60[z]680[height]2.8[diam]2.5
*[name]tree[x]61[z]680[height]2.3[diam]1.6
*[name]tree[x]62[z]680[height]2.4[diam]1.4
*[name]shrub[x]81[z]680[height]1.4[diam]1.4
*[name]shrub[x]82[z]680[height]1.8[diam]1.8
*[name]tree[x]11[z]681[height]4.7[diam]2.9
*[name]shrub[x]83[z]681[height]1.0[diam]1.0
*[name]tree[x]10[z]682[height]2.9[diam]2.1
*[name]tree[x]64[z]682[height]2.6[diam]1.4
*[name]shrub[x]83[z]682[height]1.6[diam]1.6
*[name]tree[x]10[z]683[height]2.7[diam]2.5
*[name]herring[x]53[z]683[height]1.0[diam]1.0
*[name]shrub[x]83[z]684[height]1.6[diam]1.6
*[name]shrub[x]84[z]684[height]1.1[diam]1.1
*[name]tree[x]8[z]685[height]3.4[diam]2.7
*[name]tree[x]9[z]685[height]4.0[diam]2.1
*[name]herring[x]55[z]685[height]1.0[diam]1.0
*[name]tree[x]8[z]686[height]4.9[diam]3.1
*[name]shrub[x]84[z]686[height]2.0[diam]2.0
*[name]herring[x]19[z]688[height]1.0[diam]1.0
*[name]tree[x]9[z]690[height]2.2[diam]1.2
*[name]tree[x]6[z]691[height]2.2[diam]1.5
*[name]tree[x]9[z]691[height]3.3[diam]3.0
*[name]tree[x]10[z]691[height]3.3[diam]3.0
*[name]tree[x]25[z]691[height]4.9[diam]3.7
*[name]tree[x]6[z]692[height]2.8[diam]2.4
*[name]tree[x]7[z]692[height]3.3[diam]2.4
*[name]tree[x]8[z]692[height]4.4[diam]3.8
*[name]tree[x]9[z]692[height]4.8[diam]2.4
*[name]tree[x]26[z]692[height]4.4[diam]3.4
*[name]tree[x]27[z]692[height]2.7[diam]2.3
*[name]tree[x]10[z]693[height]2.7[diam]1.8
*[name]herring[x]19[z]693[height]1.0[diam]1.0
*[name]tree[x]25[z]693[height]2.4[diam]2.1
*[name]tree[x]26[z]693[height]2.1[diam]1.2
*[name]tree[x]28[z]693[height]4.2[diam]2.8
*[name]tree[x]41[z]693[height]2.5[diam]2.2
*[name]tree[x]9[z]694[height]3.5[diam]2.1
*[name]tree[x]25[z]694[height]2.3[diam]2.2
*[name]tree[x]26[z]694[height]2.2[diam]1.6
*[name]tree[x]28[z]694[height]4.2[diam]2.1
*[name]tree[x]41[z]694[height]2.2[diam]2.1
*[name]tree[x]43[z]694[height]4.3[diam]3.2
*[name]tree[x]70[z]694[height]3.4[diam]2.6
*[name]tree[x]6[z]695[height]2.7[diam]1.9
*[name]tree[x]8[z]695[height]3.7[diam]1.9
*[name]tree[x]9[z]695[height]4.9[diam]4.5
*[name]tree[x]25[z]695[height]4.0[diam]2.4
*[name]tree[x]26[z]695[height]2.6[diam]2.3
*[name]tree[x]27[z]695[height]4.9[diam]3.0
*[name]tree[x]40[z]695[height]4.9[diam]4.2
*[name]tree[x]41[z]695[height]3.7[diam]2.1
*[name]tree[x]43[z]695[height]3.4[diam]1.8
*[name]tree[x]68[z]695[height]3.1[diam]2.4
*[name]tree[x]69[z]695[height]4.9[diam]3.5
*[name]tree[x]8[z]696[height]2.2[diam]1.9
*[name]tree[x]27[z]696[height]3.3[diam]1.9
*[name]tree[x]28[z]696[height]4.0[diam]2.4
*[name]tree[x]29[z]696[height]3.9[diam]2.2
*[name]tree[x]40[z]696[height]4.2[diam]3.9
*[name]tree[x]44[z]696[height]3.6[diam]2.4
*[name]tree[x]67[z]696[height]4.6[diam]3.5
*[name]tree[x]69[z]696[height]2.4[diam]1.8
*[name]tree[x]40[z]697[height]4.1[diam]2.7
*[name]tree[x]8[z]698[height]3.0[diam]2.5
*[name]shrub[x]84[z]698[height]1.5[diam]1.5
*[name]tree[x]23[z]699[height]2.9[diam]2.0
*[name]tree[x]24[z]699[height]2.3[diam]1.6
*[name]tree[x]25[z]699[height]4.6[diam]2.6
*[name]tree[x]29[z]699[height]4.4[diam]3.1
*[name]tree[x]41[z]699[height]2.3[diam]1.4
*[name]tree[x]43[z]699[height]3.5[diam]3.2
*[name]tree[x]23[z]700[height]3.9[diam]3.2
*[name]shrub[x]25[z]700[height]1.5[diam]1.5
*[name]shrub[x]26[z]700[height]1.8[diam]1.8
*[name]tree[x]29[z]700[height]2.8[diam]2.3
*[name]tree[x]41[z]700[height]3.7[diam]2.1
*[name]shrub[x]83[z]700[height]1.1[diam]1.1
*[name]shrub[x]84[z]700[height]1.9[diam]1.9
*[name]tree[x]23[z]701[height]5.0[diam]4.1
*[name]tree[x]41[z]701[height]2.0[diam]1.5
*[name]shrub[x]83[z]701[height]1.4[diam]1.4
*[name]shrub[x]84[z]701[height]1.3[diam]1.3
*[name]tree[x]8[z]702[height]4.5[diam]2.4
*[name]herring[x]15[z]702[height]1.0[diam]1.0
*[name]shrub[x]27[z]702[height]1.9[diam]1.9
*[name]shrub[x]29[z]702[height]1.1[diam]1.1
*[name]shrub[x]30[z]702[height]1.4[diam]1.4
*[name]tree[x]42[z]702[height]4.9[diam]3.7
*[name]flag[x]74[z]702[height]1.0[diam]1.0
*[name]shrub[x]84[z]702[height]1.3[diam]1.3
*[name]tree[x]22[z]703[height]2.3[diam]1.5
*[name]tree[x]23[z]703[height]4.1[diam]2.5
*[name]tree[x]25[z]703[height]3.6[diam]2.2
*[name]tree[x]28[z]703[height]2.0[diam]1.2
*[name]shrub[x]30[z]703[height]1.9[diam]1.9
*[name]tree[x]43[z]703[height]3.4[diam]3.4
*[name]shrub[x]81[z]703[height]1.1[diam]1.1
*[name]shrub[x]82[z]703[height]1.1[diam]1.1
*[name]shrub[x]83[z]703[height]1.6[diam]1.6
*[name]tree[x]22[z]704[height]2.8[diam]1.7
*[name]tree[x]25[z]704[height]3.3[diam]2.1
*[name]tree[x]27[z]704[height]4.6[diam]3.4
*[name]shrub[x]30[z]704[height]1.7[diam]1.7
*[name]tree[x]43[z]704[height]2.7[diam]2.5
*[name]flag[x]73[z]704[height]1.0[diam]1.0
*[name]shrub[x]81[z]704[height]1.6[diam]1.6
*[name]shrub[x]83[z]704[height]1.3[diam]1.3
*[name]tree[x]22[z]705[height]4.0[diam]3.3
*[name]tree[x]28[z]705[height]4.2[diam]3.4
*[name]tree[x]44[z]705[height]2.6[diam]1.4
*[name]tree[x]8[z]706[height]4.2[diam]3.2
*[name]tree[x]28[z]706[height]4.2[diam]4.1
*[name]shrub[x]31[z]706[height]1.1[diam]1.1
*[name]shrub[x]81[z]706[height]2.0[diam]2.0
*[name]tree[x]22[z]707[height]4.8[diam]2.9
*[name]shrub[x]32[z]707[height]1.8[diam]1.8
*[name]shrub[x]33[z]707[height]1.4[diam]1.4
*[name]shrub[x]81[z]707[height]1.2[diam]1.2
*[name]shrub[x]82[z]707[height]2.0[diam]2.0
*[name]shrub[x]83[z]707[height]1.5[diam]1.5
*[name]herring[x]15[z]708[height]1.0[diam]1.0
*[name]tree[x]21[z]708[height]4.3[diam]2.6
*[name]tree[x]22[z]708[height]4.2[diam]2.5
*[name]tree[x]29[z]708[height]3.4[diam]2.7
*[name]shrub[x]81[z]708[height]1.7[diam]1.7
*[name]shrub[x]82[z]708[height]1.2[diam]1.2
*[name]shrub[x]83[z]708[height]1.8[diam]1.8
*[name]tree[x]8[z]709[height]3.3[diam]3.0
*[name]tree[x]21[z]709[height]2.5[diam]1.4
*[name]tree[x]23[z]709[height]3.4[diam]3.2
*[name]shrub[x]33[z]709[height]1.7[diam]1.7
*[name]tree[x]8[z]710[height]4.1[diam]3.9
*[name]tree[x]21[z]710[height]3.4[diam]2.0
*[name]tree[x]23[z]710[height]4.0[diam]2.8
*[name]shrub[x]34[z]710[height]1.3[diam]1.3
*[name]tree[x]8[z]711[height]3.9[diam]2.6
*[name]tree[x]21[z]711[height]3.4[diam]2.5
*[name]tree[x]31[z]711[height]4.3[diam]3.6
*[name]shrub[x]34[z]711[height]1.4[diam]1.4
*[name]tree[x]21[z]712[height]2.8[diam]2.0
*[name]tree[x]30[z]712[height]3.9[diam]3.9
*[name]tree[x]31[z]712[height]3.9[diam]2.1
*[name]tree[x]8[z]713[height]3.7[diam]2.4
*[name]tree[x]21[z]713[height]2.9[diam]2.0
*[name]tree[x]32[z]713[height]4.2[diam]2.3
*[name]shrub[x]48[z]713[height]1.6[diam]1.6
*[name]herring[x]65[z]713[height]1.0[diam]1.0
*[name]tree[x]8[z]714[height]4.5[diam]3.5
*[name]tree[x]21[z]714[height]3.4[diam]2.7
*[name]tree[x]32[z]714[height]2.7[diam]1.9
*[name]shrub[x]50[z]714[height]1.0[diam]1.0
*[name]tree[x]51[z]714[height]3.3[diam]1.7
*[name]tree[x]8[z]715[height]3.3[diam]2.8
*[name]tree[x]21[z]715[height]4.1[diam]3.6
*[name]tree[x]22[z]715[height]2.5[diam]1.5
*[name]tree[x]32[z]715[height]3.6[diam]3.3
*[name]shrub[x]50[z]715[height]1.6[diam]1.6
*[name]shrub[x]51[z]715[height]1.8[diam]1.8
*[name]tree[x]8[z]716[height]2.8[diam]1.7
*[name]tree[x]21[z]716[height]4.3[diam]4.1
*[name]tree[x]31[z]716[height]2.8[diam]1.9
*[name]shrub[x]50[z]716[height]1.2[diam]1.2
*[name]shrub[x]51[z]716[height]1.6[diam]1.6
*[name]shrub[x]52[z]716[height]1.8[diam]1.8
*[name]shrub[x]53[z]716[height]1.9[diam]1.9
*[name]tree[x]54[z]716[height]3.9[diam]2.6
*[name]tree[x]8[z]717[height]4.3[diam]2.6
*[name]shrub[x]51[z]717[height]1.8[diam]1.8
*[name]tree[x]8[z]718[height]3.1[diam]2.2
*[name]tree[x]22[z]718[height]2.5[diam]1.7
*[name]tree[x]24[z]718[height]4.6[diam]2.8
*[name]tree[x]33[z]718[height]4.4[diam]3.4
*[name]shrub[x]51[z]718[height]1.9[diam]1.9
*[name]tree[x]55[z]718[height]3.7[diam]3.2
*[name]shrub[x]75[z]718[height]1.1[diam]1.1
*[name]tree[x]8[z]719[height]2.3[diam]1.8
*[name]tree[x]22[z]719[height]3.8[diam]3.6
*[name]tree[x]24[z]719[height]4.6[diam]4.2
*[name]shrub[x]55[z]719[height]1.7[diam]1.7
*[name]shrub[x]75[z]719[height]1.8[diam]1.8
*[name]tree[x]7[z]720[height]2.3[diam]1.1
*[name]tree[x]23[z]720[height]4.9[diam]4.1
*[name]tree[x]33[z]720[height]4.3[diam]4.1
*[name]tree[x]36[z]720[height]2.9[diam]1.6
*[name]tree[x]24[z]721[height]4.1[diam]3.0
*[name]tree[x]33[z]721[height]4.6[diam]2.4
*[name]tree[x]34[z]721[height]4.7[diam]2.5
*[name]tree[x]36[z]721[height]3.3[diam]2.9
*[name]shrub[x]51[z]721[height]1.3[diam]1.3
*[name]shrub[x]52[z]721[height]1.2[diam]1.2
*[name]shrub[x]75[z]721[height]1.3[diam]1.3
*[name]tree[x]25[z]722[height]2.5[diam]2.3
*[name]tree[x]31[z]722[height]2.2[diam]1.3
*[name]tree[x]32[z]722[height]4.7[diam]3.9
*[name]tree[x]33[z]722[height]4.5[diam]4.1
*[name]tree[x]34[z]722[height]3.6[diam]2.9
*[name]shrub[x]52[z]722[height]1.5[diam]1.5
*[name]tree[x]25[z]723[height]2.9[diam]2.5
*[name]tree[x]26[z]723[height]3.4[diam]2.2
*[name]tree[x]37[z]723[height]3.2[diam]2.0
*[name]shrub[x]51[z]723[height]1.2[diam]1.2
*[name]shrub[x]52[z]723[height]1.7[diam]1.7
*[name]tree[x]29[z]724[height]3.0[diam]2.8
*[name]tree[x]26[z]725[height]2.6[diam]1.6
*[name]tree[x]36[z]727[height]4.8[diam]2.7
*[name]tree[x]37[z]727[height]2.7[diam]1.9
*[name]tree[x]38[z]727[height]4.6[diam]3.5
*[name]shrub[x]36[z]728[height]1.6[diam]1.6
*[name]tree[x]38[z]728[height]2.5[diam]2.2
*[name]shrub[x]33[z]729[height]1.4[diam]1.4
*[name]shrub[x]34[z]729[height]1.2[diam]1.2
*[name]shrub[x]36[z]729[height]1.9[diam]1.9
*[name]tree[x]37[z]729[height]2.9[diam]2.7
*[name]tree[x]38[z]729[height]4.3[diam]2.4
*[name]shrub[x]82[z]731[height]1.4[diam]1.4
*[name]herring[x]18[z]732[height]1.0[diam]1.0
*[name]shrub[x]82[z]732[height]1.4[diam]1.4
*[name]shrub[x]83[z]732[height]1.6[diam]1.6
*[name]shrub[x]83[z]733[height]1.7[diam]1.7
*[name]herring[x]18[z]734[height]1.0[diam]1.0
*[name]shrub[x]85[z]735[height]1.2[diam]1.2
*[name]tree[x]33[z]737[height]2.1[diam]2.1
*[name]herring[x]18[z]738[height]1.0[diam]1.0
*[name]shrub[x]85[z]738[height]1.6[diam]1.6
*[name]herring[x]18[z]740[height]1.0[diam]1.0
*[name]tree[x]33[z]740[height]2.8[diam]1.7
*[name]tree[x]34[z]740[height]2.9[diam]2.3
*[name]herring[x]18[z]742[height]1.0[diam]1.0
*[name]tree[x]36[z]748[height]2.2[diam]1.6
*[name]tree[x]35[z]749[height]4.4[diam]4.4
*[name]tree[x]35[z]750[height]3.8[diam]2.0
*[name]tree[x]36[z]751[height]3.1[diam]2.3
*[name]tree[x]36[z]752[height]3.7[diam]3.6
*[name]tree[x]37[z]752[height]4.0[diam]2.5
*[name]tree[x]37[z]754[height]3.0[diam]2.8
*[name]tree[x]38[z]754[height]2.6[diam]2.2
*[name]tree[x]38[z]755[height]4.3[diam]4.3
*[name]tree[x]52[z]755[height]4.3[diam]2.5
*[name]tree[x]53[z]755[height]3.3[diam]2.2
*[name]tree[x]39[z]756[height]4.6[diam]3.7
*[name]tree[x]50[z]756[height]3.1[diam]2.9
*[name]tree[x]55[z]757[height]2.6[diam]2.1
*[name]tree[x]39[z]758[height]2.0[diam]1.5
*[name]tree[x]55[z]758[height]2.7[diam]1.5
*[name]tree[x]39[z]759[height]5.0[diam]2.6
*[name]tree[x]52[z]759[height]2.2[diam]1.7
*[name]tree[x]56[z]759[height]2.3[diam]1.6
*[name]tree[x]55[z]760[height]2.3[diam]1.9
*[name]tree[x]39[z]761[height]3.0[diam]2.7
*[name]herring[x]13[z]766[height]1.0[diam]1.0
*[name]herring[x]12[z]769[height]1.0[diam]1.0
*[name]tree[x]33[z]769[height]4.9[diam]4.1
*[name]tree[x]32[z]770[height]3.9[diam]2.3
*[name]tree[x]32[z]771[height]3.0[diam]2.1
*[name]herring[x]74[z]771[height]1.0[diam]1.0
*[name]tree[x]31[z]772[height]2.5[diam]1.4
*[name]tree[x]30[z]773[height]3.7[diam]2.9
*[name]tree[x]31[z]773[height]3.2[diam]2.3
*[name]herring[x]55[z]773[height]1.0[diam]1.0
*[name]herring[x]75[z]773[height]1.0[diam]1.0
*[name]tree[x]15[z]774[height]2.6[diam]2.3
*[name]tree[x]28[z]774[height]2.8[diam]1.9
*[name]tree[x]48[z]774[height]3.3[diam]2.1
*[name]tree[x]28[z]775[height]4.6[diam]3.9
*[name]tree[x]48[z]775[height]3.0[diam]2.8
*[name]herring[x]55[z]775[height]1.0[diam]1.0
*[name]tree[x]15[z]776[height]4.2[diam]2.9
*[name]tree[x]17[z]776[height]3.5[diam]3.2
*[name]tree[x]27[z]776[height]4.3[diam]3.5
*[name]tree[x]15[z]777[height]3.6[diam]2.0
*[name]tree[x]18[z]777[height]3.0[diam]2.2
*[name]tree[x]19[z]778[height]4.5[diam]4.4
*[name]tree[x]20[z]778[height]3.9[diam]2.3
*[name]herring[x]55[z]778[height]1.0[diam]1.0
*[name]tree[x]17[z]779[height]3.1[diam]2.8
*[name]tree[x]21[z]779[height]2.7[diam]2.6
*[name]tree[x]22[z]779[height]3.2[diam]2.6
*[name]tree[x]43[z]779[height]3.0[diam]2.4
*[name]tree[x]44[z]779[height]3.3[diam]2.6
*[name]tree[x]45[z]779[height]4.9[diam]4.6
*[name]tree[x]21[z]780[height]4.5[diam]4.2
*[name]tree[x]22[z]780[height]3.6[diam]2.1
*[name]tree[x]24[z]780[height]4.2[diam]2.7
*[name]tree[x]45[z]780[height]3.6[diam]2.3
*[name]tree[x]46[z]780[height]2.3[diam]1.5
*[name]herring[x]55[z]780[height]1.0[diam]1.0
*[name]herring[x]7[z]781[height]1.0[diam]1.0
*[name]tree[x]18[z]781[height]4.5[diam]3.6
*[name]tree[x]25[z]781[height]3.4[diam]2.0
*[name]tree[x]28[z]781[height]2.3[diam]1.4
*[name]tree[x]44[z]781[height]2.4[diam]2.1
*[name]tree[x]47[z]781[height]3.3[diam]2.4
*[name]tree[x]18[z]782[height]3.6[diam]3.0
*[name]tree[x]25[z]782[height]3.1[diam]3.0
*[name]tree[x]42[z]782[height]3.0[diam]2.5
*[name]tree[x]43[z]782[height]3.6[diam]3.2
*[name]tree[x]44[z]782[height]2.8[diam]2.1
*[name]tree[x]47[z]782[height]3.9[diam]2.2
*[name]tree[x]25[z]783[height]3.1[diam]1.8
*[name]tree[x]27[z]783[height]2.8[diam]1.6
*[name]tree[x]45[z]783[height]3.2[diam]3.0
*[name]tree[x]20[z]784[height]3.1[diam]2.4
*[name]tree[x]30[z]784[height]2.4[diam]1.5
*[name]tree[x]41[z]784[height]2.4[diam]1.9
*[name]tree[x]20[z]785[height]3.1[diam]1.9
*[name]tree[x]41[z]785[height]4.7[diam]3.5
*[name]tree[x]27[z]786[height]4.8[diam]3.2
*[name]tree[x]28[z]786[height]4.9[diam]3.6
*[name]tree[x]29[z]786[height]5.0[diam]3.4
*[name]shrub[x]77[z]786[height]1.4[diam]1.4
*[name]shrub[x]78[z]786[height]1.3[diam]1.3
*[name]tree[x]21[z]787[height]2.1[diam]2.1
*[name]tree[x]22[z]787[height]2.3[diam]1.5
*[name]tree[x]29[z]787[height]3.4[diam]2.9
*[name]tree[x]30[z]787[height]3.3[diam]3.1
*[name]shrub[x]76[z]787[height]1.9[diam]1.9
*[name]shrub[x]77[z]787[height]1.7[diam]1.7
*[name]tree[x]22[z]788[height]5.0[diam]3.2
*[name]tree[x]29[z]788[height]3.6[diam]2.5
*[name]tree[x]30[z]788[height]4.4[diam]3.7
*[name]shrub[x]77[z]788[height]1.6[diam]1.6
*[name]tree[x]30[z]789[height]4.8[diam]3.1
*[name]shrub[x]77[z]789[height]1.9[diam]1.9
*[name]shrub[x]75[z]790[height]1.1[diam]1.1
*[name]shrub[x]76[z]790[height]1.2[diam]1.2
*[name]tree[x]30[z]791[height]3.3[diam]1.7
*[name]shrub[x]73[z]791[height]1.5[diam]1.5
*[name]tree[x]25[z]792[height]3.2[diam]2.5
*[name]tree[x]29[z]792[height]3.5[diam]3.0
*[name]tree[x]29[z]793[height]4.9[diam]4.5
*[name]tree[x]27[z]794[height]4.3[diam]4.2
*[name]tree[x]28[z]794[height]4.8[diam]2.6
*[name]tree[x]29[z]794[height]3.2[diam]2.6
*[name]herring[x]8[z]795[height]1.0[diam]1.0
*[name]tree[x]27[z]796[height]3.6[diam]2.2
*[name]tree[x]76[z]796[height]3.6[diam]2.2
*[name]tree[x]28[z]797[height]2.7[diam]2.5
*[name]tree[x]65[z]797[height]4.3[diam]3.4
*[name]tree[x]66[z]797[height]3.9[diam]2.9
*[name]tree[x]76[z]797[height]2.5[diam]1.9
*[name]tree[x]77[z]797[height]4.3[diam]2.3
*[name]tree[x]78[z]797[height]4.1[diam]3.9
*[name]tree[x]27[z]798[height]3.5[diam]3.1
*[name]tree[x]63[z]798[height]3.3[diam]3.1
*[name]tree[x]64[z]798[height]2.9[diam]2.8
*[name]tree[x]65[z]798[height]3.9[diam]2.5
*[name]tree[x]77[z]798[height]4.1[diam]3.1
*[name]tree[x]78[z]798[height]3.8[diam]2.5
*[name]tree[x]64[z]799[height]2.1[diam]1.9
*[name]tree[x]65[z]799[height]4.6[diam]3.0
*[name]tree[x]77[z]799[height]2.2[diam]1.9
*[name]tree[x]79[z]799[height]2.2[diam]1.8
*[name]tree[x]59[z]800[height]3.1[diam]2.4
*[name]tree[x]61[z]800[height]4.4[diam]4.2
*[name]tree[x]62[z]800[height]2.9[diam]2.7
*[name]tree[x]63[z]800[height]3.8[diam]2.4
*[name]tree[x]65[z]800[height]3.2[diam]2.2
*[name]tree[x]77[z]800[height]4.0[diam]2.6
*[name]tree[x]78[z]800[height]4.0[diam]3.2
*[name]tree[x]41[z]801[height]4.8[diam]4.7
*[name]herring[x]51[z]801[height]1.0[diam]1.0
*[name]tree[x]58[z]801[height]3.1[diam]2.1
*[name]tree[x]61[z]801[height]2.4[diam]1.3
*[name]tree[x]62[z]801[height]4.6[diam]4.0
*[name]tree[x]75[z]801[height]3.2[diam]3.1
*[name]tree[x]77[z]801[height]3.7[diam]2.4
*[name]tree[x]78[z]801[height]2.6[diam]2.1
*[name]tree[x]79[z]801[height]2.0[diam]1.3
*[name]tree[x]41[z]802[height]2.8[diam]1.9
*[name]tree[x]58[z]802[height]4.4[diam]2.3
*[name]tree[x]60[z]802[height]2.8[diam]1.5
*[name]herring[x]71[z]802[height]1.0[diam]1.0
*[name]tree[x]75[z]802[height]4.8[diam]4.6
*[name]tree[x]41[z]803[height]2.9[diam]2.0
*[name]herring[x]51[z]803[height]1.0[diam]1.0
*[name]tree[x]74[z]803[height]2.8[diam]2.8
*[name]tree[x]75[z]803[height]4.0[diam]3.9
*[name]tree[x]40[z]804[height]3.7[diam]3.0
*[name]tree[x]59[z]804[height]4.7[diam]4.5
*[name]tree[x]65[z]804[height]4.9[diam]2.5
*[name]tree[x]74[z]804[height]5.0[diam]4.5
*[name]tree[x]40[z]805[height]4.3[diam]3.0
*[name]tree[x]59[z]805[height]4.2[diam]2.8
*[name]tree[x]64[z]805[height]4.0[diam]3.9
*[name]tree[x]40[z]806[height]4.8[diam]4.0
*[name]tree[x]59[z]806[height]2.6[diam]1.5
*[name]tree[x]64[z]806[height]2.1[diam]1.1
*[name]tree[x]74[z]806[height]2.7[diam]1.8
*[name]tree[x]79[z]806[height]2.3[diam]1.4
*[name]tree[x]39[z]807[height]2.7[diam]1.9
*[name]tree[x]40[z]807[height]3.6[diam]2.7
*[name]tree[x]59[z]807[height]3.1[diam]1.9
*[name]tree[x]63[z]807[height]3.3[diam]3.2
*[name]tree[x]64[z]807[height]4.4[diam]2.9
*[name]tree[x]74[z]807[height]4.6[diam]4.0
*[name]tree[x]75[z]807[height]3.1[diam]2.8
*[name]tree[x]77[z]807[height]3.7[diam]2.1
*[name]tree[x]78[z]807[height]2.7[diam]1.8
*[name]tree[x]79[z]807[height]3.3[diam]3.1
*[name]tree[x]59[z]808[height]2.7[diam]1.8
*[name]tree[x]62[z]808[height]3.8[diam]2.7
*[name]tree[x]64[z]808[height]3.6[diam]2.9
*[name]herring[x]69[z]808[height]1.0[diam]1.0
*[name]tree[x]78[z]808[height]3.3[diam]3.0
*[name]tree[x]79[z]808[height]4.9[diam]3.7
*[name]tree[x]39[z]809[height]4.9[diam]2.9
*[name]tree[x]61[z]809[height]4.8[diam]3.7
*[name]tree[x]62[z]809[height]4.0[diam]2.6
*[name]tree[x]63[z]809[height]4.2[diam]2.3
*[name]tree[x]64[z]809[height]2.7[diam]2.1
*[name]tree[x]80[z]809[height]3.2[diam]1.8
*[name]tree[x]38[z]810[height]2.8[diam]2.5
*[name]tree[x]63[z]810[height]4.9[diam]4.6
*[name]tree[x]32[z]811[height]4.6[diam]2.8
*[name]tree[x]33[z]811[height]2.5[diam]1.6
*[name]tree[x]34[z]811[height]2.4[diam]1.7
*[name]tree[x]35[z]811[height]3.9[diam]3.3
*[name]tree[x]36[z]811[height]4.6[diam]2.7
*[name]tree[x]38[z]811[height]3.1[diam]2.0
*[name]shrub[x]81[z]811[height]1.9[diam]1.9
*[name]tree[x]31[z]812[height]2.9[diam]2.7
*[name]tree[x]37[z]812[height]4.8[diam]3.5
*[name]tree[x]38[z]812[height]4.4[diam]3.2
*[name]shrub[x]81[z]813[height]1.1[diam]1.1
*[name]shrub[x]81[z]815[height]1.1[diam]1.1
*[name]shrub[x]81[z]816[height]1.2[diam]1.2
*[name]herring[x]67[z]817[height]1.0[diam]1.0
*[name]herring[x]67[z]819[height]1.0[diam]1.0
*[name]shrub[x]59[z]823[height]1.2[diam]1.2
*[name]flag[x]21[z]824[height]1.0[diam]1.0
*[name]shrub[x]59[z]824[height]1.3[diam]1.3
*[name]shrub[x]56[z]825[height]1.7[diam]1.7
*[name]shrub[x]59[z]825[height]1.6[diam]1.6
*[name]tree[x]75[z]825[height]3.4[diam]3.3
*[name]tree[x]76[z]825[height]3.2[diam]2.3
*[name]flag[x]20[z]826[height]1.0[diam]1.0
*[name]shrub[x]56[z]826[height]1.8[diam]1.8
*[name]shrub[x]59[z]826[height]1.2[diam]1.2
*[name]tree[x]72[z]826[height]3.9[diam]2.0
*[name]tree[x]73[z]826[height]3.6[diam]3.2
*[name]shrub[x]57[z]827[height]1.4[diam]1.4
*[name]shrub[x]58[z]827[height]1.2[diam]1.2
*[name]tree[x]71[z]827[height]3.5[diam]2.2
*[name]tree[x]76[z]827[height]3.0[diam]2.7
*[name]tree[x]54[z]828[height]3.8[diam]2.4
*[name]tree[x]71[z]828[height]2.4[diam]1.8
*[name]tree[x]76[z]828[height]2.6[diam]2.1
*[name]tree[x]71[z]829[height]2.8[diam]2.3
*[name]tree[x]76[z]829[height]4.3[diam]2.9
*[name]tree[x]53[z]830[height]4.4[diam]4.4
*[name]tree[x]54[z]830[height]4.1[diam]3.1
*[name]tree[x]71[z]830[height]3.8[diam]2.2
*[name]tree[x]72[z]830[height]3.4[diam]3.4
*[name]tree[x]75[z]830[height]3.8[diam]2.4
*[name]tree[x]53[z]831[height]2.7[diam]1.7
*[name]tree[x]54[z]831[height]2.9[diam]2.6
*[name]tree[x]72[z]831[height]5.0[diam]4.3
*[name]tree[x]74[z]831[height]4.8[diam]3.6
*[name]tree[x]55[z]832[height]2.0[diam]1.3
*[name]tree[x]56[z]832[height]3.0[diam]2.4
*[name]tree[x]72[z]832[height]3.6[diam]2.7
*[name]tree[x]74[z]832[height]2.2[diam]1.9
*[name]tree[x]53[z]833[height]2.3[diam]1.5
*[name]tree[x]54[z]833[height]3.1[diam]2.9
*[name]tree[x]55[z]833[height]4.1[diam]2.4
*[name]tree[x]56[z]833[height]4.5[diam]3.1
*[name]tree[x]73[z]833[height]4.0[diam]2.9
*[name]tree[x]74[z]833[height]3.6[diam]2.1
*[name]tree[x]53[z]834[height]3.3[diam]1.9
*[name]tree[x]54[z]834[height]3.3[diam]2.8
*[name]tree[x]55[z]834[height]3.1[diam]2.7
*[name]tree[x]72[z]834[height]3.4[diam]2.3
*[name]tree[x]73[z]835[height]3.3[diam]2.3
*[name]tree[x]74[z]835[height]4.6[diam]3.3
*[name]tree[x]56[z]836[height]4.0[diam]2.4
*[name]tree[x]72[z]836[height]2.2[diam]1.3
*[name]tree[x]72[z]837[height]3.9[diam]2.3
*[name]tree[x]71[z]838[height]4.8[diam]4.2
*[name]tree[x]72[z]838[height]3.4[diam]2.3
*[name]tree[x]72[z]839[height]3.8[diam]2.2
*[name]herring[x]61[z]840[height]1.0[diam]1.0
*[name]tree[x]70[z]840[height]3.5[diam]2.5
*[name]tree[x]73[z]840[height]3.7[diam]2.1
*[name]tree[x]70[z]841[height]4.6[diam]2.6
*[name]tree[x]71[z]841[height]2.9[diam]1.9
*[name]tree[x]71[z]842[height]2.7[diam]2.4
*[name]shrub[x]9[z]843[height]1.0[diam]1.0
*[name]tree[x]71[z]843[height]3.8[diam]2.8
*[name]shrub[x]11[z]844[height]1.5[diam]1.5
*[name]tree[x]69[z]844[height]5.0[diam]4.7
*[name]tree[x]71[z]844[height]4.6[diam]4.2
*[name]shrub[x]9[z]845[height]1.4[diam]1.4
*[name]shrub[x]9[z]846[height]1.5[diam]1.5
*[name]shrub[x]10[z]846[height]1.0[diam]1.0
*[name]shrub[x]9[z]847[height]1.4[diam]1.4
*[name]shrub[x]74[z]848[height]1.7[diam]1.7
*[name]shrub[x]7[z]849[height]1.7[diam]1.7
*[name]shrub[x]8[z]849[height]1.6[diam]1.6
*[name]shrub[x]7[z]850[height]1.7[diam]1.7
*[name]shrub[x]8[z]850[height]1.4[diam]1.4
*[name]shrub[x]9[z]850[height]1.1[diam]1.1
*[name]tree[x]73[z]850[height]2.0[diam]2.0
*[name]shrub[x]75[z]850[height]1.2[diam]1.2
*[name]shrub[x]8[z]851[height]1.5[diam]1.5
*[name]shrub[x]9[z]851[height]1.4[diam]1.4
*[name]shrub[x]75[z]851[height]1.8[diam]1.8
*[name]shrub[x]9[z]852[height]1.7[diam]1.7
*[name]tree[x]21[z]852[height]2.9[diam]2.8
*[name]shrub[x]76[z]852[height]2.0[diam]2.0
*[name]shrub[x]8[z]853[height]1.6[diam]1.6
*[name]tree[x]73[z]853[height]2.4[diam]2.0
*[name]shrub[x]76[z]853[height]1.7[diam]1.7
*[name]shrub[x]9[z]854[height]1.7[diam]1.7
*[name]tree[x]23[z]854[height]2.4[diam]1.4
*[name]shrub[x]75[z]854[height]1.7[diam]1.7
*[name]shrub[x]8[z]855[height]1.1[diam]1.1
*[name]shrub[x]9[z]855[height]2.0[diam]2.0
*[name]shrub[x]10[z]855[height]1.6[diam]1.6
*[name]tree[x]24[z]855[height]3.2[diam]2.5
*[name]herring[x]62[z]855[height]1.0[diam]1.0
*[name]tree[x]72[z]855[height]3.7[diam]3.4
*[name]shrub[x]75[z]855[height]1.3[diam]1.3
*[name]shrub[x]10[z]856[height]1.2[diam]1.2
*[name]tree[x]72[z]856[height]3.3[diam]3.2
*[name]shrub[x]74[z]856[height]1.6[diam]1.6
*[name]shrub[x]8[z]857[height]1.5[diam]1.5
*[name]shrub[x]11[z]857[height]2.0[diam]2.0
*[name]shrub[x]73[z]857[height]1.6[diam]1.6
*[name]shrub[x]8[z]858[height]1.7[diam]1.7
*[name]tree[x]71[z]858[height]3.5[diam]1.9
*[name]shrub[x]9[z]859[height]1.5[diam]1.5
*[name]shrub[x]10[z]859[height]1.2[diam]1.2
*[name]shrub[x]11[z]859[height]1.4[diam]1.4
*[name]shrub[x]10[z]860[height]1.4[diam]1.4
*[name]shrub[x]11[z]860[height]1.1[diam]1.1
*[name]shrub[x]12[z]861[height]1.0[diam]1.0
*[name]herring[x]44[z]861[height]1.0[diam]1.0
*[name]shrub[x]10[z]864[height]1.5[diam]1.5
*[name]shrub[x]12[z]864[height]1.8[diam]1.8
*[name]herring[x]46[z]864[height]1.0[diam]1.0
*[name]shrub[x]11[z]866[height]1.7[diam]1.7
*[name]shrub[x]13[z]868[height]1.2[diam]1.2
*[name]shrub[x]14[z]868[height]2.0[diam]2.0
*[name]herring[x]46[z]868[height]1.0[diam]1.0
*[name]shrub[x]14[z]869[height]1.8[diam]1.8
*[name]shrub[x]15[z]870[height]2.0[diam]2.0
*[name]shrub[x]15[z]871[height]1.0[diam]1.0
*[name]herring[x]45[z]872[height]1.0[diam]1.0
*[name]shrub[x]17[z]874[height]1.8[diam]1.8
*[name]shrub[x]18[z]874[height]1.5[diam]1.5
*[name]shrub[x]14[z]876[height]1.4[diam]1.4
*[name]shrub[x]15[z]876[height]1.3[diam]1.3
*[name]shrub[x]18[z]876[height]1.1[diam]1.1
*[name]shrub[x]15[z]877[height]1.3[diam]1.3
*[name]shrub[x]18[z]877[height]1.6[diam]1.6
*[name]shrub[x]16[z]878[height]1.3[diam]1.3
*[name]shrub[x]18[z]878[height]1.7[diam]1.7
*[name]shrub[x]16[z]880[height]1.6[diam]1.6
*[name]shrub[x]19[z]880[height]2.0[diam]2.0
*[name]herring[x]53[z]880[height]1.0[diam]1.0
*[name]shrub[x]15[z]881[height]1.2[diam]1.2
*[name]shrub[x]19[z]881[height]1.6[diam]1.6
*[name]flag[x]79[z]881[height]1.0[diam]1.0
*[name]tree[x]86[z]881[height]3.9[diam]3.7
*[name]tree[x]87[z]881[height]2.2[diam]1.9
*[name]tree[x]88[z]881[height]3.2[diam]1.9
*[name]shrub[x]15[z]882[height]1.1[diam]1.1
*[name]tree[x]87[z]882[height]4.3[diam]2.9
*[name]shrub[x]19[z]883[height]1.1[diam]1.1
*[name]flag[x]79[z]883[height]1.0[diam]1.0
*[name]tree[x]87[z]883[height]2.9[diam]1.7
*[name]tree[x]89[z]883[height]4.4[diam]3.4
*[name]tree[x]90[z]883[height]2.3[diam]1.9
*[name]tree[x]91[z]883[height]3.5[diam]2.0
*[name]tree[x]92[z]883[height]3.2[diam]1.6
*[name]tree[x]88[z]885[height]3.6[diam]3.1
*[name]tree[x]89[z]885[height]2.4[diam]2.2
*[name]tree[x]93[z]885[height]3.0[diam]2.2
*[name]shrub[x]19[z]886[height]1.5[diam]1.5
*[name]tree[x]44[z]886[height]4.8[diam]3.5
*[name]tree[x]89[z]886[height]4.0[diam]3.0
*[name]tree[x]93[z]886[height]2.3[diam]1.8
*[name]tree[x]45[z]887[height]3.7[diam]3.3
*[name]tree[x]46[z]887[height]4.9[diam]4.4
*[name]tree[x]89[z]887[height]4.7[diam]4.1
*[name]tree[x]93[z]887[height]2.4[diam]1.2
*[name]tree[x]35[z]888[height]2.1[diam]1.4
*[name]tree[x]46[z]888[height]4.5[diam]3.5
*[name]tree[x]93[z]888[height]3.2[diam]2.3
*[name]tree[x]35[z]889[height]2.2[diam]1.7
*[name]tree[x]36[z]889[height]4.5[diam]2.5
*[name]tree[x]45[z]889[height]2.2[diam]1.7
*[name]tree[x]90[z]889[height]2.7[diam]2.6
*[name]tree[x]91[z]889[height]4.6[diam]4.0
*[name]tree[x]92[z]889[height]3.1[diam]2.8
*[name]tree[x]35[z]890[height]2.6[diam]1.3
*[name]tree[x]45[z]890[height]2.9[diam]1.9
*[name]herring[x]60[z]890[height]1.0[diam]1.0
*[name]tree[x]91[z]890[height]3.9[diam]3.6
*[name]tree[x]32[z]891[height]2.3[diam]1.8
*[name]tree[x]35[z]891[height]4.0[diam]3.9
*[name]tree[x]90[z]891[height]3.1[diam]2.7
*[name]tree[x]17[z]892[height]2.0[diam]1.4
*[name]tree[x]37[z]892[height]2.2[diam]2.0
*[name]tree[x]47[z]892[height]4.9[diam]3.6
*[name]tree[x]90[z]892[height]2.8[diam]1.5
*[name]tree[x]91[z]892[height]4.9[diam]2.6
*[name]tree[x]16[z]893[height]2.5[diam]1.3
*[name]tree[x]17[z]893[height]3.9[diam]2.7
*[name]tree[x]18[z]893[height]4.7[diam]3.5
*[name]tree[x]19[z]893[height]2.4[diam]1.5
*[name]tree[x]20[z]893[height]2.9[diam]1.9
*[name]tree[x]33[z]893[height]3.0[diam]2.4
*[name]tree[x]34[z]893[height]3.8[diam]3.7
*[name]tree[x]35[z]893[height]3.5[diam]2.9
*[name]tree[x]37[z]893[height]3.7[diam]2.1
*[name]tree[x]90[z]893[height]4.0[diam]3.9
*[name]tree[x]32[z]894[height]4.8[diam]4.0
*[name]tree[x]33[z]894[height]2.9[diam]2.9
*[name]tree[x]35[z]894[height]3.6[diam]2.3
*[name]tree[x]91[z]894[height]3.4[diam]3.0
*[name]tree[x]18[z]895[height]3.0[diam]2.2
*[name]tree[x]21[z]895[height]4.5[diam]3.4
*[name]tree[x]33[z]895[height]3.4[diam]2.5
*[name]tree[x]35[z]895[height]4.7[diam]3.2
*[name]tree[x]36[z]895[height]4.9[diam]2.5
*[name]tree[x]37[z]895[height]4.0[diam]2.5
*[name]tree[x]91[z]895[height]3.0[diam]3.0
*[name]tree[x]92[z]895[height]4.7[diam]4.5
*[name]tree[x]14[z]896[height]4.8[diam]3.3
*[name]tree[x]16[z]896[height]3.9[diam]2.9
*[name]tree[x]17[z]896[height]3.5[diam]2.3
*[name]tree[x]18[z]896[height]3.3[diam]2.3
*[name]tree[x]33[z]896[height]4.9[diam]4.3
*[name]tree[x]36[z]896[height]3.3[diam]2.5
*[name]tree[x]37[z]896[height]2.1[diam]1.9
*[name]tree[x]14[z]897[height]2.8[diam]1.9
*[name]tree[x]17[z]897[height]2.9[diam]1.6
*[name]tree[x]20[z]897[height]4.6[diam]4.1
*[name]tree[x]36[z]897[height]3.7[diam]3.3
*[name]tree[x]37[z]897[height]2.5[diam]1.9
*[name]tree[x]13[z]898[height]4.4[diam]4.0
*[name]tree[x]14[z]898[height]4.5[diam]2.6
*[name]tree[x]20[z]898[height]4.4[diam]3.7
*[name]tree[x]21[z]898[height]2.3[diam]2.0
*[name]tree[x]33[z]898[height]2.3[diam]1.9
*[name]tree[x]37[z]898[height]2.7[diam]2.2
*[name]tree[x]16[z]899[height]2.0[diam]1.7
*[name]tree[x]17[z]899[height]2.1[diam]2.1
*[name]tree[x]20[z]899[height]3.2[diam]2.3
*[name]tree[x]21[z]899[height]3.5[diam]2.5
*[name]tree[x]35[z]899[height]3.0[diam]2.7
*[name]tree[x]37[z]899[height]4.3[diam]3.6
*[name]shrub[x]93[z]899[height]1.9[diam]1.9
*[name]tree[x]37[z]900[height]3.9[diam]2.8
*[name]shrub[x]93[z]900[height]1.5[diam]1.5
*[name]shrub[x]94[z]900[height]1.4[diam]1.4
*[name]tree[x]12[z]901[height]3.8[diam]1.9
*[name]tree[x]13[z]901[height]2.7[diam]1.9
*[name]tree[x]14[z]901[height]4.5[diam]3.1
*[name]tree[x]19[z]901[height]2.5[diam]1.9
*[name]tree[x]21[z]901[height]3.4[diam]3.2
*[name]tree[x]34[z]901[height]3.9[diam]2.3
*[name]tree[x]35[z]901[height]2.4[diam]1.5
*[name]shrub[x]92[z]901[height]1.2[diam]1.2
*[name]shrub[x]94[z]901[height]1.8[diam]1.8
*[name]shrub[x]95[z]901[height]1.3[diam]1.3
*[name]shrub[x]94[z]902[height]1.2[diam]1.2
*[name]shrub[x]95[z]902[height]1.2[diam]1.2
*[name]shrub[x]96[z]902[height]1.7[diam]1.7
*[name]tree[x]22[z]903[height]4.1[diam]3.2
*[name]shrub[x]95[z]903[height]1.1[diam]1.1
*[name]shrub[x]96[z]903[height]1.5[diam]1.5
*[name]tree[x]22[z]904[height]3.1[diam]2.7
*[name]shrub[x]96[z]904[height]1.3[diam]1.3
*[name]shrub[x]97[z]904[height]1.0[diam]1.0
*[name]tree[x]80[z]905[height]2.5[diam]2.2
*[name]shrub[x]96[z]905[height]1.4[diam]1.4
*[name]tree[x]80[z]907[height]4.3[diam]3.9
*[name]tree[x]83[z]907[height]3.9[diam]2.2
*[name]tree[x]81[z]908[height]3.9[diam]2.0
*[name]tree[x]82[z]908[height]2.9[diam]1.7
*[name]tree[x]83[z]908[height]3.5[diam]2.1
*[name]tree[x]80[z]909[height]4.4[diam]3.7
*[name]tree[x]81[z]909[height]3.0[diam]1.6
*[name]tree[x]81[z]910[height]4.6[diam]2.6
*[name]tree[x]82[z]910[height]2.9[diam]1.5
*[name]tree[x]83[z]910[height]2.9[diam]1.5
*[name]shrub[x]95[z]910[height]1.8[diam]1.8
*[name]shrub[x]96[z]910[height]1.9[diam]1.9
*[name]tree[x]82[z]911[height]2.3[diam]1.4
*[name]tree[x]83[z]911[height]2.8[diam]2.5
*[name]shrub[x]96[z]911[height]1.6[diam]1.6
*[name]shrub[x]96[z]912[height]1.3[diam]1.3
*[name]shrub[x]97[z]912[height]2.0[diam]2.0
*[name]shrub[x]97[z]913[height]1.4[diam]1.4
*[name]tree[x]55[z]914[height]4.1[diam]3.5
*[name]shrub[x]97[z]914[height]1.2[diam]1.2
*[name]tree[x]54[z]915[height]3.0[diam]2.8
*[name]tree[x]55[z]915[height]4.4[diam]3.0
*[name]shrub[x]97[z]915[height]1.2[diam]1.2
*[name]shrub[x]97[z]916[height]2.0[diam]2.0
*[name]shrub[x]97[z]917[height]1.8[diam]1.8
*[name]herring[x]77[z]920[height]1.0[diam]1.0
*[name]shrub[x]97[z]920[height]1.4[diam]1.4
*[name]tree[x]25[z]921[height]4.4[diam]3.3
*[name]tree[x]25[z]922[height]4.2[diam]3.9
*[name]herring[x]79[z]922[height]1.0[diam]1.0
*[name]tree[x]18[z]923[height]3.1[diam]3.0
*[name]tree[x]19[z]923[height]2.4[diam]1.8
*[name]tree[x]26[z]923[height]2.6[diam]1.5
*[name]shrub[x]96[z]923[height]1.2[diam]1.2
*[name]tree[x]15[z]924[height]2.3[diam]1.4
*[name]tree[x]17[z]924[height]3.3[diam]2.2
*[name]tree[x]18[z]924[height]2.2[diam]2.2
*[name]tree[x]19[z]924[height]3.8[diam]2.0
*[name]herring[x]79[z]924[height]1.0[diam]1.0
*[name]shrub[x]96[z]924[height]1.3[diam]1.3
*[name]tree[x]27[z]925[height]2.9[diam]2.6
*[name]shrub[x]96[z]925[height]1.5[diam]1.5
*[name]shrub[x]96[z]926[height]1.6[diam]1.6
*[name]shrub[x]97[z]926[height]1.7[diam]1.7
*[name]tree[x]26[z]927[height]2.9[diam]2.9
*[name]shrub[x]95[z]927[height]1.9[diam]1.9
*[name]shrub[x]97[z]927[height]1.3[diam]1.3
*[name]tree[x]26[z]928[height]4.4[diam]2.8
*[name]tree[x]26[z]929[height]2.4[diam]1.6
*[name]shrub[x]96[z]929[height]1.0[diam]1.0
*[name]shrub[x]97[z]929[height]2.0[diam]2.0
*[name]tree[x]26[z]930[height]4.1[diam]3.9
*[name]shrub[x]96[z]930[height]1.1[diam]1.1
*[name]shrub[x]97[z]930[height]1.2[diam]1.2
*[name]tree[x]26[z]931[height]2.3[diam]1.4
*[name]shrub[x]97[z]931[height]1.4[diam]1.4
*[name]tree[x]25[z]932[height]2.5[diam]1.9
*[name]tree[x]26[z]932[height]4.4[diam]3.3
*[name]tree[x]24[z]933[height]3.8[diam]3.3
*[name]tree[x]23[z]934[height]2.4[diam]2.0
*[name]tree[x]24[z]936[height]2.3[diam]1.7
*[name]tree[x]24[z]938[height]3.4[diam]2.7
*[name]herring[x]69[z]938[height]1.0[diam]1.0
*[name]tree[x]23[z]939[height]2.2[diam]1.2
*[name]tree[x]23[z]940[height]4.8[diam]2.5
*[name]tree[x]23[z]941[height]2.0[diam]1.3
*[name]tree[x]24[z]941[height]4.5[diam]2.9
*[name]tree[x]24[z]942[height]3.1[diam]1.8
*[name]tree[x]24[z]943[height]2.9[diam]1.9
*[name]tree[x]24[z]944[height]4.6[diam]2.8
*[name]tree[x]23[z]945[height]3.3[diam]1.7
*[name]tree[x]45[z]945[height]2.9[diam]2.5
*[name]tree[x]22[z]946[height]3.2[diam]2.4
*[name]tree[x]45[z]946[height]2.6[diam]1.5
*[name]tree[x]47[z]946[height]2.1[diam]1.8
*[name]tree[x]24[z]947[height]4.9[diam]2.8
*[name]tree[x]47[z]947[height]3.3[diam]1.8
*[name]tree[x]48[z]948[height]3.7[diam]3.5
*[name]herring[x]49[z]965[height]1.0[diam]1.0
*[name]start[x]50[z]996[height]6.0[diam]9.0