*[name]tree[x]6[z]0[height]3.4[diam]3.3
*[name]tree[x]27[z]0[height]4.0[diam]2.5
*[name]tree[x]68[z]0[height]3.2[diam]2.5
*[name]shrub[x]88[z]0[height]0.6[diam]0.6
*[name]tree[x]93[z]0[height]3.3[diam]2.5
*[name]tree[x]97[z]0[height]3.8[diam]3.3
*[name]tree[x]99[z]0[height]3.4[diam]1.7
*[name]tree[x]2[z]1[height]3.6[diam]2.5
*[name]tree[x]5[z]1[height]3.2[diam]1.6
*[name]finish[x]51[z]1[height]6.0[diam]9.0
*[name]tree_barren[x]65[z]1[height]2.5[diam]1.7
*[name]tree[x]91[z]1[height]3.0[diam]3.0
*[name]tree[x]0[z]2[height]3.5[diam]3.5
*[name]shrub[x]9[z]2[height]1.0[diam]1.0
*[name]tree[x]33[z]2[height]2.5[diam]1.8
*[name]tree[x]95[z]2[height]2.7[diam]1.6
*[name]tree[x]5[z]3[height]2.9[diam]2.3
*[name]tree[x]90[z]3[height]3.5[diam]1.8
*[name]tree[x]99[z]3[height]3.5[diam]2.2
*[name]tree[x]3[z]4[height]2.0[diam]1.4
*[name]tree[x]7[z]4[height]2.9[diam]1.4
*[name]tree[x]68[z]4[height]2.0[diam]1.9
*[name]tree[x]96[z]4[height]3.8[diam]3.4
*[name]tree[x]10[z]5[height]3.2[diam]3.1
*[name]tree[x]13[z]5[height]3.1[diam]1.6
*[name]tree_barren[x]31[z]5[height]3.0[diam]2.4
*[name]tree[x]98[z]5[height]2.5[diam]2.4
*[name]tree[x]0[z]6[height]2.2[diam]1.3
*[name]tree[x]2[z]6[height]3.3[diam]1.8
*[name]tree[x]5[z]7[height]3.7[diam]3.5
*[name]tree[x]9[z]7[height]3.1[diam]1.8
*[name]shrub[x]17[z]7[height]0.6[diam]0.6
*[name]tree[x]27[z]8[height]4.0[diam]3.5
*[name]tree[x]65[z]8[height]3.6[diam]1.8
*[name]tree[x]0[z]9[height]3.0[diam]1.6
*[name]tree[x]3[z]9[height]2.0[diam]1.9
*[name]tree[x]8[z]9[height]2.9[diam]1.5
*[name]tree[x]14[z]9[height]3.7[diam]2.6
*[name]tree[x]34[z]9[height]3.8[diam]3.2
*[name]shrub[x]98[z]9[height]1.2[diam]1.2
*[name]tree[x]5[z]10[height]3.7[diam]2.2
*[name]tree[x]74[z]10[height]2.0[diam]1.4
*[name]tree[x]2[z]11[height]3.6[diam]2.2
*[name]tree[x]17[z]11[height]2.5[diam]2.3
*[name]tree[x]9[z]12[height]2.9[diam]2.7
*[name]tree[x]14[z]12[height]3.9[diam]2.5
*[name]tree[x]29[z]12[height]3.5[diam]2.6
*[name]tree[x]94[z]12[height]2.9[diam]2.6
*[name]tree[x]97[z]12[height]3.0[diam]1.8
*[name]tree[x]99[z]12[height]3.2[diam]2.4
*[name]tree[x]26[z]13[height]3.5[diam]2.8
*[name]tree[x]98[z]13[height]3.0[diam]2.4
*[name]tree[x]2[z]14[height]2.2[diam]1.7
*[name]tree[x]4[z]14[height]2.9[diam]2.2
*[name]tree[x]7[z]14[height]3.0[diam]1.6
*[name]tree[x]11[z]14[height]2.9[diam]1.9
*[name]tree[x]16[z]14[height]2.6[diam]1.9
*[name]shrub[x]76[z]14[height]1.0[diam]1.0
*[name]tree[x]0[z]15[height]2.2[diam]1.9
*[name]tree[x]74[z]15[height]3.8[diam]3.7
*[name]tree[x]95[z]15[height]2.4[diam]2.1
*[name]tree[x]98[z]15[height]3.9[diam]2.9
*[name]tree[x]9[z]16[height]3.0[diam]2.1
*[name]tree[x]13[z]16[height]3.9[diam]2.5
*[name]tree[x]72[z]16[height]3.8[diam]2.2
*[name]tree[x]93[z]16[height]3.8[diam]2.6
*[name]tree[x]1[z]17[height]3.8[diam]2.9
*[name]tree[x]6[z]17[height]3.8[diam]2.9
*[name]tree[x]76[z]17[height]3.2[diam]2.3
*[name]tree[x]96[z]17[height]3.9[diam]2.1
*[name]tree[x]3[z]18[height]3.9[diam]2.1
*[name]tree[x]9[z]18[height]3.1[diam]1.9
*[name]shrub[x]17[z]18[height]0.8[diam]0.8
*[name]tree[x]30[z]18[height]2.0[diam]1.9
*[name]tree[x]74[z]18[height]3.0[diam]2.6
*[name]shrub[x]90[z]18[height]1.1[diam]1.1
*[name]tree[x]93[z]18[height]2.9[diam]2.8
*[name]tree[x]95[z]18[height]3.1[diam]2.1
*[name]tree[x]0[z]19[height]2.8[diam]1.5
*[name]tree[x]5[z]19[height]3.6[diam]2.5
*[name]tree[x]7[z]19[height]2.7[diam]2.3
*[name]tree[x]12[z]19[height]3.1[diam]1.9
*[name]tree[x]15[z]19[height]2.2[diam]1.6
*[name]tree[x]71[z]19[height]3.5[diam]3.5
*[name]tree[x]98[z]19[height]3.9[diam]2.6
*[name]tree[x]3[z]20[height]2.9[diam]2.8
*[name]tree[x]75[z]20[height]2.9[diam]2.0
*[name]tree[x]93[z]20[height]2.0[diam]2.0
*[name]tree[x]96[z]20[height]3.2[diam]2.3
*[name]tree[x]1[z]21[height]4.0[diam]3.0
*[name]tree[x]9[z]21[height]3.8[diam]3.3
*[name]tree[x]11[z]21[height]2.5[diam]1.7
*[name]tree[x]14[z]21[height]3.3[diam]3.0
*[name]tree[x]61[z]21[height]3.5[diam]1.9
*[name]tree[x]88[z]21[height]3.7[diam]2.9
*[name]tree[x]92[z]21[height]2.9[diam]1.7
*[name]tree[x]95[z]21[height]2.5[diam]2.5
*[name]tree[x]99[z]21[height]2.8[diam]1.9
*[name]tree[x]5[z]22[height]2.8[diam]1.6
*[name]shrub[x]73[z]22[height]0.8[diam]0.8
*[name]tree[x]90[z]22[height]2.7[diam]2.0
*[name]tree[x]3[z]23[height]3.5[diam]2.2
*[name]tree[x]89[z]23[height]3.9[diam]2.2
*[name]tree[x]92[z]23[height]2.6[diam]2.4
*[name]tree[x]95[z]23[height]3.5[diam]2.9
*[name]tree[x]98[z]23[height]3.8[diam]2.4
*[name]tree[x]1[z]24[height]3.1[diam]2.6
*[name]shrub[x]12[z]24[height]0.9[diam]0.9
*[name]tree[x]57[z]24[height]3.9[diam]2.5
*[name]tree[x]68[z]24[height]2.6[diam]2.2
*[name]shrub[x]86[z]24[height]0.8[diam]0.8
*[name]tree[x]64[z]25[height]2.3[diam]1.4
*[name]shrub[x]85[z]25[height]1.1[diam]1.1
*[name]tree[x]89[z]25[height]2.6[diam]2.0
*[name]tree[x]92[z]25[height]3.5[diam]3.0
*[name]tree[x]94[z]25[height]3.7[diam]2.2
*[name]tree[x]3[z]26[height]3.7[diam]2.2
*[name]tree[x]97[z]26[height]3.1[diam]2.1
*[name]tree[x]83[z]27[height]3.8[diam]3.5
*[name]tree[x]87[z]27[height]2.6[diam]1.4
*[name]tree[x]90[z]27[height]2.2[diam]1.3
*[name]tree[x]98[z]27[height]3.6[diam]3.1
*[name]shrub[x]1[z]28[height]0.7[diam]0.7
*[name]tree[x]5[z]28[height]2.1[diam]1.4
*[name]tree[x]94[z]28[height]3.5[diam]2.8
*[name]tree[x]68[z]29[height]2.5[diam]1.3
*[name]shrub[x]82[z]29[height]1.1[diam]1.1
*[name]tree[x]85[z]29[height]3.9[diam]2.8
*[name]tree[x]90[z]29[height]2.1[diam]1.2
*[name]tree_barren[x]24[z]30[height]2.4[diam]1.6
*[name]tree[x]70[z]30[height]3.4[diam]3.4
*[name]tree[x]93[z]30[height]2.1[diam]1.6
*[name]tree[x]97[z]30[height]2.3[diam]2.2
*[name]tree[x]7[z]31[height]3.4[diam]2.9
*[name]tree[x]87[z]31[height]2.6[diam]2.1
*[name]tree[x]95[z]31[height]3.0[diam]2.4
*[name]tree[x]4[z]32[height]3.3[diam]2.6
*[name]tree[x]84[z]32[height]3.7[diam]2.7
*[name]tree[x]89[z]32[height]2.7[diam]2.6
*[name]tree[x]92[z]32[height]3.0[diam]2.5
*[name]tree[x]97[z]32[height]3.5[diam]1.8
*[name]tree[x]99[z]32[height]3.9[diam]3.5
*[name]shrub[x]71[z]34[height]1.1[diam]1.1
*[name]tree[x]83[z]34[height]3.8[diam]2.3
*[name]tree[x]87[z]34[height]3.9[diam]2.1
*[name]tree[x]89[z]34[height]2.9[diam]1.9
*[name]tree[x]95[z]34[height]3.6[diam]2.6
*[name]tree[x]98[z]34[height]2.7[diam]1.8
*[name]shrub[x]9[z]35[height]1.0[diam]1.0
*[name]tree[x]80[z]35[height]2.6[diam]1.3
*[name]tree[x]85[z]35[height]2.6[diam]2.0
*[name]tree[x]90[z]35[height]3.3[diam]3.0
*[name]tree[x]93[z]35[height]2.4[diam]1.6
*[name]shrub[x]16[z]36[height]0.8[diam]0.8
*[name]tree[x]87[z]36[height]2.1[diam]1.9
*[name]tree[x]97[z]36[height]3.4[diam]1.8
*[name]tree[x]83[z]37[height]2.5[diam]1.7
*[name]tree[x]94[z]37[height]3.6[diam]2.3
*[name]tree[x]87[z]38[height]2.5[diam]2.1
*[name]tree[x]90[z]38[height]2.4[diam]1.4
*[name]tree[x]92[z]38[height]3.8[diam]2.1
*[name]tree[x]85[z]39[height]2.5[diam]1.7
*[name]tree[x]96[z]39[height]2.8[diam]1.4
*[name]tree[x]98[z]39[height]3.6[diam]3.2
*[name]tree[x]93[z]40[height]2.7[diam]1.9
*[name]tree[x]82[z]41[height]2.1[diam]1.5
*[name]tree[x]86[z]41[height]3.4[diam]2.7
*[name]tree[x]88[z]41[height]2.2[diam]1.6
*[name]tree[x]90[z]41[height]3.7[diam]2.6
*[name]tree[x]96[z]41[height]3.6[diam]3.4
*[name]tree[x]94[z]43[height]2.4[diam]1.8
*[name]shrub[x]84[z]44[height]1.2[diam]1.2
*[name]tree[x]89[z]44[height]2.9[diam]2.7
*[name]tree[x]92[z]44[height]3.5[diam]3.0
*[name]tree[x]96[z]44[height]2.2[diam]1.5
*[name]tree[x]98[z]44[height]3.9[diam]2.4
*[name]shrub[x]2[z]45[height]0.7[diam]0.7
*[name]herring[x]43[z]45[height]1.0[diam]1.0
*[name]tree[x]0[z]46[height]2.1[diam]1.6
*[name]tree[x]87[z]46[height]3.2[diam]2.4
*[name]tree[x]93[z]46[height]3.0[diam]2.1
*[name]tree[x]98[z]46[height]2.5[diam]2.3
*[name]tree[x]90[z]47[height]3.6[diam]2.3
*[name]tree[x]4[z]48[height]2.6[diam]1.9
*[name]tree[x]65[z]48[height]3.8[diam]2.6
*[name]tree[x]95[z]48[height]3.9[diam]3.4
*[name]herring[x]42[z]49[height]1.0[diam]1.0
*[name]tree[x]85[z]49[height]3.6[diam]3.2
*[name]tree[x]89[z]49[height]3.2[diam]3.2
*[name]tree[x]93[z]49[height]2.6[diam]2.0
*[name]tree[x]97[z]49[height]2.8[diam]1.6
*[name]tree[x]99[z]49[height]2.6[diam]1.5
*[name]tree[x]4[z]51[height]2.4[diam]2.0
*[name]tree[x]7[z]51[height]2.2[diam]1.6
*[name]tree[x]64[z]51[height]3.8[diam]2.2
*[name]tree[x]66[z]51[height]3.9[diam]2.9
*[name]shrub[x]87[z]51[height]1.0[diam]1.0
*[name]tree[x]92[z]51[height]3.0[diam]2.8
*[name]tree[x]95[z]51[height]3.8[diam]2.6
*[name]shrub[x]9[z]53[height]1.0[diam]1.0
*[name]herring[x]41[z]53[height]1.0[diam]1.0
*[name]tree[x]65[z]53[height]2.3[diam]1.9
*[name]tree[x]92[z]53[height]2.3[diam]1.2
*[name]tree[x]97[z]53[height]2.1[diam]1.2
*[name]tree[x]99[z]53[height]3.6[diam]3.2
*[name]tree[x]7[z]54[height]3.8[diam]2.6
*[name]tree[x]95[z]54[height]3.6[diam]2.1
*[name]tree[x]68[z]55[height]3.8[diam]2.3
*[name]tree[x]1[z]56[height]2.6[diam]1.6
*[name]shrub[x]94[z]56[height]0.8[diam]0.8
*[name]tree[x]97[z]56[height]3.1[diam]2.8
*[name]herring[x]40[z]57[height]1.0[diam]1.0
*[name]tree[x]98[z]58[height]3.0[diam]1.5
*[name]tree[x]0[z]59[height]3.5[diam]2.9
*[name]tree[x]96[z]59[height]4.0[diam]2.4
*[name]herring[x]39[z]61[height]1.0[diam]1.0
*[name]tree[x]99[z]61[height]2.6[diam]1.9
*[name]shrub[x]97[z]62[height]0.7[diam]0.7
*[name]tree[x]2[z]63[height]2.4[diam]2.2
*[name]shrub[x]4[z]63[height]1.1[diam]1.1
*[name]tree[x]0[z]64[height]2.8[diam]2.1
*[name]tree[x]3[z]65[height]3.9[diam]2.8
*[name]tree[x]95[z]66[height]3.0[diam]1.6
*[name]tree[x]97[z]67[height]2.5[diam]1.6
*[name]shrub[x]93[z]68[height]0.6[diam]0.6
*[name]tree[x]95[z]69[height]3.2[diam]1.8
*[name]tree[x]99[z]69[height]2.4[diam]1.8
*[name]tree[x]92[z]70[height]2.7[diam]2.0
*[name]tree[x]95[z]72[height]3.5[diam]3.0
*[name]tree[x]97[z]72[height]2.1[diam]1.6
*[name]tree[x]99[z]72[height]2.4[diam]1.2
*[name]shrub[x]7[z]74[height]0.8[diam]0.8
*[name]shrub[x]4[z]76[height]1.1[diam]1.1
*[name]shrub[x]98[z]76[height]0.6[diam]0.6
*[name]tree[x]1[z]78[height]3.1[diam]1.9
*[name]tree[x]5[z]79[height]3.0[diam]2.5
*[name]tree[x]3[z]81[height]2.8[diam]1.8
*[name]shrub[x]8[z]81[height]0.9[diam]0.9
*[name]tree[x]6[z]83[height]3.6[diam]3.2
*[name]tree_barren[x]21[z]83[height]2.9[diam]1.8
*[name]tree[x]3[z]84[height]2.6[diam]2.0
*[name]tree[x]1[z]85[height]2.9[diam]2.4
*[name]tree[x]6[z]86[height]3.1[diam]1.7
*[name]tree[x]9[z]86[height]3.5[diam]3.0
*[name]shrub[x]22[z]86[height]1.0[diam]1.0
*[name]tree[x]1[z]88[height]2.1[diam]1.3
*[name]shrub[x]7[z]88[height]0.8[diam]0.8
*[name]tree[x]25[z]88[height]3.6[diam]2.2
*[name]tree[x]28[z]88[height]3.9[diam]3.8
*[name]tree[x]9[z]89[height]2.6[diam]1.7
*[name]tree[x]22[z]89[height]3.7[diam]2.4
*[name]tree[x]24[z]90[height]3.7[diam]1.9
*[name]tree[x]2[z]91[height]3.6[diam]2.8
*[name]shrub[x]11[z]91[height]0.9[diam]0.9
*[name]tree[x]21[z]91[height]2.2[diam]1.1
*[name]tree[x]26[z]91[height]2.4[diam]2.3
*[name]tree[x]29[z]91[height]2.9[diam]2.1
*[name]tree[x]4[z]92[height]2.4[diam]2.3
*[name]tree[x]23[z]92[height]3.8[diam]3.5
*[name]tree[x]0[z]93[height]3.0[diam]3.0
*[name]tree_barren[x]8[z]93[height]3.0[diam]1.9
*[name]tree[x]28[z]93[height]3.2[diam]2.6
*[name]tree[x]3[z]94[height]3.0[diam]2.9
*[name]tree[x]24[z]94[height]2.7[diam]2.4
*[name]tree[x]31[z]94[height]3.8[diam]2.6
*[name]shrub[x]22[z]95[height]0.6[diam]0.6
*[name]tree[x]32[z]95[height]2.4[diam]1.4
*[name]tree[x]1[z]96[height]2.7[diam]1.4
*[name]tree[x]28[z]96[height]2.4[diam]1.4
*[name]tree[x]30[z]96[height]3.2[diam]2.6
*[name]tree[x]0[z]98[height]2.6[diam]2.0
*[name]tree[x]31[z]98[height]3.7[diam]2.2
*[name]shrub[x]34[z]98[height]0.6[diam]0.6
*[name]shrub[x]3[z]99[height]0.8[diam]0.8
*[name]tree[x]29[z]99[height]2.7[diam]1.4
*[name]tree[x]1[z]100[height]2.4[diam]1.4
*[name]tree[x]27[z]101[height]3.1[diam]1.9
*[name]tree[x]33[z]101[height]3.4[diam]3.0
*[name]tree[x]0[z]102[height]3.6[diam]2.3
*[name]tree[x]3[z]102[height]2.5[diam]2.3
*[name]shrub[x]25[z]102[height]1.0[diam]1.0
*[name]shrub[x]35[z]103[height]0.6[diam]0.6
*[name]tree[x]1[z]104[height]3.4[diam]3.4
*[name]shrub[x]3[z]104[height]0.6[diam]0.6
*[name]tree[x]23[z]104[height]3.8[diam]2.2
*[name]tree[x]32[z]105[height]2.9[diam]2.8
*[name]tree[x]34[z]105[height]2.8[diam]2.2
*[name]tree[x]0[z]106[height]3.0[diam]1.5
*[name]tree[x]22[z]106[height]3.8[diam]2.1
*[name]tree[x]1[z]107[height]3.7[diam]2.0
*[name]tree[x]16[z]107[height]2.2[diam]1.3
*[name]tree[x]18[z]107[height]2.9[diam]1.7
*[name]shrub[x]14[z]108[height]0.8[diam]0.8
*[name]shrub[x]24[z]108[height]1.0[diam]1.0
*[name]tree[x]2[z]109[height]3.3[diam]2.6
*[name]tree[x]21[z]109[height]2.7[diam]1.9
*[name]tree[x]31[z]109[height]2.8[diam]2.2
*[name]tree[x]17[z]110[height]3.5[diam]2.0
*[name]tree[x]19[z]110[height]2.5[diam]2.2
*[name]shrub[x]0[z]112[height]1.1[diam]1.1
*[name]shrub[x]22[z]112[height]0.8[diam]0.8
*[name]tree[x]34[z]112[height]3.6[diam]3.2
*[name]tree[x]20[z]113[height]2.9[diam]1.8
*[name]tree_barren[x]17[z]114[height]3.4[diam]3.1
*[name]tree[x]98[z]114[height]3.8[diam]2.2
*[name]shrub[x]32[z]115[height]1.1[diam]1.1
*[name]tree[x]0[z]116[height]3.6[diam]2.3
*[name]tree[x]20[z]116[height]3.4[diam]3.2
*[name]tree[x]23[z]116[height]2.8[diam]2.6
*[name]tree[x]99[z]116[height]2.7[diam]2.1
*[name]tree[x]25[z]117[height]2.4[diam]2.4
*[name]tree[x]96[z]117[height]2.4[diam]2.1
*[name]tree[x]2[z]118[height]2.6[diam]2.2
*[name]tree[x]23[z]118[height]2.3[diam]2.2
*[name]shrub[x]20[z]119[height]0.8[diam]0.8
*[name]tree[x]97[z]119[height]2.6[diam]1.6
*[name]tree[x]0[z]120[height]2.3[diam]1.4
*[name]tree[x]99[z]120[height]2.9[diam]2.9
*[name]tree[x]3[z]121[height]3.9[diam]3.7
*[name]tree[x]21[z]121[height]2.5[diam]2.0
*[name]tree[x]25[z]121[height]3.5[diam]2.0
*[name]tree[x]99[z]122[height]3.6[diam]2.8
*[name]tree[x]1[z]123[height]3.8[diam]2.0
*[name]shrub[x]25[z]123[height]0.8[diam]0.8
*[name]tree[x]97[z]123[height]3.6[diam]2.6
*[name]tree[x]0[z]125[height]2.3[diam]1.3
*[name]shrub[x]4[z]125[height]1.2[diam]1.2
*[name]tree[x]2[z]126[height]2.7[diam]1.5
*[name]tree[x]97[z]126[height]2.4[diam]1.3
*[name]tree_barren[x]5[z]127[height]2.9[diam]2.7
*[name]shrub[x]1[z]129[height]0.8[diam]0.8
*[name]tree_barren[x]12[z]133[height]2.8[diam]1.7
*[name]tree[x]9[z]135[height]3.2[diam]2.5
*[name]shrub[x]7[z]136[height]0.8[diam]0.8
*[name]tree[x]13[z]136[height]3.5[diam]1.9
*[name]shrub[x]16[z]136[height]0.8[diam]0.8
*[name]tree[x]7[z]138[height]3.4[diam]3.4
*[name]tree[x]9[z]138[height]3.2[diam]2.2
*[name]tree[x]12[z]138[height]3.4[diam]3.0
*[name]tree[x]18[z]138[height]2.3[diam]1.4
*[name]tree[x]15[z]139[height]3.3[diam]2.0
*[name]tree[x]6[z]140[height]3.1[diam]2.3
*[name]tree[x]10[z]140[height]3.3[diam]2.8
*[name]tree[x]12[z]140[height]3.2[diam]2.6
*[name]tree[x]8[z]141[height]2.1[diam]1.8
*[name]tree[x]14[z]141[height]3.6[diam]2.1
*[name]tree[x]96[z]141[height]2.4[diam]2.0
*[name]shrub[x]4[z]142[height]0.9[diam]0.9
*[name]tree[x]8[z]143[height]3.2[diam]3.0
*[name]tree[x]11[z]143[height]2.0[diam]1.2
*[name]tree[x]14[z]143[height]2.5[diam]2.3
*[name]tree[x]3[z]144[height]2.6[diam]2.1
*[name]tree[x]6[z]144[height]3.0[diam]1.9
*[name]tree[x]95[z]144[height]2.5[diam]2.3
*[name]tree[x]6[z]146[height]4.0[diam]2.0
*[name]tree[x]10[z]146[height]3.9[diam]2.5
*[name]tree[x]13[z]146[height]3.3[diam]1.9
*[name]shrub[x]98[z]146[height]1.1[diam]1.1
*[name]shrub[x]16[z]147[height]0.7[diam]0.7
*[name]tree[x]2[z]148[height]3.6[diam]2.8
*[name]tree[x]11[z]148[height]3.5[diam]2.4
*[name]shrub[x]91[z]148[height]1.0[diam]1.0
*[name]tree[x]96[z]148[height]3.0[diam]1.8
*[name]tree[x]5[z]149[height]3.5[diam]3.0
*[name]tree[x]14[z]149[height]3.6[diam]2.2
*[name]tree[x]94[z]149[height]2.7[diam]2.3
*[name]tree[x]9[z]150[height]2.4[diam]1.9
*[name]tree[x]17[z]150[height]3.9[diam]3.9
*[name]tree[x]96[z]150[height]3.7[diam]3.0
*[name]tree[x]99[z]150[height]3.0[diam]1.7
*[name]tree[x]14[z]151[height]3.7[diam]2.5
*[name]tree[x]91[z]151[height]2.2[diam]2.1
*[name]tree[x]94[z]151[height]2.6[diam]1.8
*[name]tree[x]11[z]152[height]3.1[diam]2.3
*[name]herring[x]56[z]152[height]1.0[diam]1.0
*[name]tree[x]14[z]153[height]2.4[diam]2.1
*[name]tree[x]95[z]153[height]2.5[diam]2.2
*[name]tree[x]99[z]153[height]2.9[diam]2.3
*[name]tree[x]93[z]154[height]2.7[diam]2.7
*[name]tree[x]97[z]154[height]3.6[diam]2.1
*[name]shrub[x]13[z]155[height]1.0[diam]1.0
*[name]herring[x]55[z]156[height]1.0[diam]1.0
*[name]tree[x]94[z]156[height]3.2[diam]2.2
*[name]tree[x]99[z]156[height]4.0[diam]2.6
*[name]shrub[x]93[z]157[height]0.9[diam]0.9
*[name]tree[x]96[z]157[height]3.1[diam]2.0
*[name]tree[x]97[z]159[height]3.1[diam]2.2
*[name]shrub[x]99[z]159[height]1.1[diam]1.1
*[name]herring[x]53[z]160[height]1.0[diam]1.0
*[name]shrub[x]1[z]162[height]0.6[diam]0.6
*[name]shrub[x]90[z]163[height]0.9[diam]0.9
*[name]herring[x]51[z]164[height]1.0[diam]1.0
*[name]tree[x]88[z]164[height]3.5[diam]2.4
*[name]tree[x]94[z]164[height]3.4[diam]2.8
*[name]tree[x]97[z]164[height]3.4[diam]1.8
*[name]tree[x]0[z]165[height]2.4[diam]1.3
*[name]tree[x]2[z]165[height]2.6[diam]2.4
*[name]tree[x]85[z]165[height]2.7[diam]1.4
*[name]tree[x]91[z]165[height]2.7[diam]2.6
*[name]shrub[x]99[z]165[height]0.9[diam]0.9
*[name]tree[x]89[z]166[height]2.5[diam]2.3
*[name]tree[x]92[z]166[height]3.1[diam]3.0
*[name]tree[x]95[z]166[height]2.8[diam]2.7
*[name]tree[x]86[z]167[height]3.8[diam]3.3
*[name]tree[x]98[z]167[height]2.9[diam]2.1
*[name]herring[x]50[z]168[height]1.0[diam]1.0
*[name]shrub[x]83[z]168[height]1.2[diam]1.2
*[name]tree[x]8[z]169[height]4.0[diam]3.8
*[name]tree[x]88[z]169[height]3.7[diam]1.9
*[name]shrub[x]90[z]169[height]0.9[diam]0.9
*[name]tree[x]99[z]169[height]3.2[diam]2.3
*[name]tree[x]85[z]170[height]2.3[diam]1.4
*[name]tree[x]83[z]171[height]2.2[diam]1.4
*[name]shrub[x]97[z]171[height]0.9[diam]0.9
*[name]shrub[x]6[z]172[height]0.7[diam]0.7
*[name]herring[x]48[z]172[height]1.0[diam]1.0
*[name]tree[x]81[z]172[height]3.0[diam]2.0
*[name]tree[x]86[z]172[height]3.2[diam]2.5
*[name]tree[x]99[z]172[height]3.3[diam]2.6
*[name]tree[x]89[z]173[height]2.0[diam]1.9
*[name]tree[x]84[z]174[height]2.7[diam]2.1
*[name]tree[x]82[z]175[height]3.7[diam]3.2
*[name]tree[x]4[z]176[height]3.0[diam]2.6
*[name]tree[x]95[z]177[height]2.9[diam]2.8
*[name]shrub[x]84[z]178[height]0.7[diam]0.7
*[name]tree[x]93[z]178[height]2.9[diam]2.8
*[name]shrub[x]5[z]179[height]0.7[diam]0.7
*[name]tree[x]0[z]180[height]2.6[diam]2.6
*[name]tree[x]82[z]180[height]3.2[diam]3.1
*[name]tree[x]84[z]180[height]2.8[diam]2.5
*[name]tree[x]94[z]180[height]2.3[diam]1.7
*[name]tree[x]2[z]181[height]4.0[diam]3.1
*[name]shrub[x]91[z]181[height]1.0[diam]1.0
*[name]shrub[x]95[z]182[height]0.9[diam]0.9
*[name]tree[x]1[z]183[height]3.8[diam]2.5
*[name]shrub[x]3[z]183[height]0.7[diam]0.7
*[name]tree[x]85[z]183[height]3.1[diam]2.9
*[name]tree[x]83[z]184[height]2.2[diam]1.6
*[name]tree[x]92[z]184[height]2.5[diam]2.1
*[name]tree[x]1[z]186[height]2.6[diam]1.3
*[name]tree[x]3[z]186[height]2.3[diam]1.2
*[name]shrub[x]82[z]186[height]0.9[diam]0.9
*[name]tree[x]85[z]187[height]2.2[diam]1.4
*[name]tree[x]4[z]188[height]3.9[diam]2.0
*[name]tree[x]83[z]188[height]2.8[diam]1.8
*[name]tree[x]1[z]189[height]4.0[diam]2.0
*[name]tree[x]87[z]189[height]2.3[diam]1.6
*[name]shrub[x]5[z]190[height]1.1[diam]1.1
*[name]tree[x]0[z]191[height]2.6[diam]2.4
*[name]shrub[x]85[z]191[height]1.1[diam]1.1
*[name]tree[x]3[z]192[height]3.7[diam]3.0
*[name]tree[x]1[z]194[height]2.6[diam]2.3
*[name]tree[x]4[z]194[height]3.9[diam]2.8
*[name]tree[x]77[z]194[height]2.5[diam]2.4
*[name]tree[x]2[z]196[height]3.0[diam]2.6
*[name]shrub[x]5[z]196[height]0.7[diam]0.7
*[name]tree[x]3[z]197[height]2.4[diam]1.2
*[name]shrub[x]77[z]197[height]0.7[diam]0.7
*[name]tree[x]74[z]198[height]2.7[diam]1.4
*[name]tree[x]3[z]199[height]3.3[diam]2.4
*[name]tree[x]5[z]199[height]2.7[diam]2.2
*[name]tree[x]75[z]200[height]2.9[diam]2.6
*[name]tree[x]78[z]200[height]3.7[diam]2.6
*[name]tree[x]2[z]201[height]3.6[diam]3.6
*[name]tree[x]6[z]201[height]3.6[diam]2.9
*[name]tree[x]80[z]202[height]2.6[diam]2.2
*[name]tree[x]4[z]203[height]2.8[diam]1.6
*[name]shrub[x]73[z]203[height]0.8[diam]0.8
*[name]tree[x]75[z]203[height]3.4[diam]3.2
*[name]shrub[x]0[z]204[height]0.8[diam]0.8
*[name]tree[x]2[z]204[height]2.2[diam]1.2
*[name]tree[x]78[z]204[height]2.3[diam]1.9
*[name]shrub[x]6[z]205[height]1.1[diam]1.1
*[name]shrub[x]72[z]205[height]0.8[diam]0.8
*[name]tree[x]4[z]206[height]3.6[diam]3.4
*[name]tree[x]74[z]206[height]3.0[diam]1.7
*[name]tree[x]77[z]206[height]3.8[diam]2.2
*[name]tree[x]96[z]207[height]3.2[diam]2.0
*[name]tree[x]2[z]208[height]3.5[diam]1.8
*[name]tree[x]4[z]208[height]2.1[diam]1.7
*[name]tree[x]72[z]208[height]2.9[diam]2.7
*[name]shrub[x]98[z]208[height]1.0[diam]1.0
*[name]tree[x]6[z]209[height]2.5[diam]1.8
*[name]shrub[x]75[z]209[height]1.1[diam]1.1
*[name]shrub[x]92[z]209[height]1.2[diam]1.2
*[name]tree[x]96[z]210[height]3.7[diam]1.9
*[name]tree[x]99[z]210[height]2.5[diam]2.0
*[name]tree[x]98[z]211[height]3.7[diam]2.9
*[name]tree[x]4[z]212[height]3.3[diam]1.6
*[name]tree[x]74[z]212[height]3.5[diam]2.2
*[name]tree[x]94[z]212[height]3.7[diam]1.9
*[name]tree[x]6[z]214[height]2.1[diam]1.8
*[name]tree[x]98[z]215[height]3.1[diam]1.9
*[name]shrub[x]8[z]216[height]1.0[diam]1.0
*[name]shrub[x]91[z]216[height]1.0[diam]1.0
*[name]tree[x]95[z]216[height]3.6[diam]3.4
*[name]tree[x]97[z]217[height]2.9[diam]2.7
*[name]tree[x]81[z]218[height]3.9[diam]2.1
*[name]tree[x]94[z]218[height]2.6[diam]2.4
*[name]tree[x]7[z]219[height]3.4[diam]2.7
*[name]tree[x]96[z]219[height]2.5[diam]2.0
*[name]tree[x]83[z]220[height]3.1[diam]1.7
*[name]tree[x]91[z]220[height]3.2[diam]2.9
*[name]tree[x]94[z]220[height]3.3[diam]2.4
*[name]tree[x]98[z]220[height]2.7[diam]1.8
*[name]shrub[x]62[z]221[height]0.9[diam]0.9
*[name]tree[x]82[z]221[height]2.2[diam]1.7
*[name]tree[x]2[z]222[height]2.6[diam]1.5
*[name]tree[x]93[z]222[height]3.3[diam]3.3
*[name]tree[x]95[z]222[height]3.4[diam]3.1
*[name]tree[x]97[z]222[height]3.2[diam]2.2
*[name]tree[x]0[z]223[height]3.3[diam]2.5
*[name]tree[x]71[z]223[height]3.7[diam]2.8
*[name]shrub[x]84[z]223[height]0.9[diam]0.9
*[name]tree[x]87[z]223[height]3.8[diam]3.5
*[name]tree[x]99[z]223[height]2.6[diam]2.0
*[name]tree[x]2[z]224[height]2.8[diam]2.2
*[name]shrub[x]62[z]224[height]0.7[diam]0.7
*[name]shrub[x]4[z]225[height]1.2[diam]1.2
*[name]tree[x]96[z]225[height]3.3[diam]2.9
*[name]tree[x]99[z]225[height]3.5[diam]2.3
*[name]tree[x]0[z]226[height]2.4[diam]1.4
*[name]tree[x]62[z]226[height]3.2[diam]2.7
*[name]tree[x]73[z]226[height]2.5[diam]1.5
*[name]tree[x]65[z]228[height]3.9[diam]2.7
*[name]shrub[x]76[z]228[height]1.1[diam]1.1
*[name]tree[x]97[z]228[height]3.9[diam]2.0
*[name]tree[x]0[z]229[height]3.3[diam]2.6
*[name]tree[x]2[z]229[height]2.9[diam]1.9
*[name]tree[x]63[z]229[height]2.2[diam]1.4
*[name]tree[x]64[z]230[height]3.7[diam]2.9
*[name]shrub[x]95[z]230[height]0.7[diam]0.7
*[name]tree[x]98[z]230[height]3.3[diam]3.1
*[name]tree[x]1[z]231[height]3.6[diam]2.0
*[name]tree[x]62[z]232[height]2.8[diam]2.7
*[name]tree[x]65[z]232[height]2.1[diam]1.1
*[name]shrub[x]96[z]232[height]1.0[diam]1.0
*[name]tree[x]3[z]233[height]3.6[diam]2.5
*[name]tree[x]68[z]233[height]3.8[diam]3.8
*[name]tree[x]1[z]234[height]3.9[diam]3.1
*[name]shrub[x]5[z]234[height]0.7[diam]0.7
*[name]shrub[x]66[z]234[height]0.7[diam]0.7
*[name]tree[x]0[z]235[height]3.0[diam]2.4
*[name]tree[x]3[z]235[height]3.9[diam]2.9
*[name]tree[x]69[z]236[height]3.2[diam]2.6
*[name]tree[x]1[z]237[height]2.1[diam]1.1
*[name]tree[x]5[z]237[height]3.9[diam]2.2
*[name]tree[x]3[z]238[height]2.6[diam]2.3
*[name]tree[x]70[z]239[height]3.4[diam]2.5
*[name]shrub[x]94[z]239[height]0.9[diam]0.9
*[name]tree[x]1[z]240[height]3.1[diam]2.0
*[name]shrub[x]6[z]240[height]0.9[diam]0.9
*[name]tree[x]4[z]241[height]3.8[diam]2.4
*[name]tree[x]69[z]241[height]3.2[diam]3.1
*[name]shrub[x]71[z]241[height]1.2[diam]1.2
*[name]tree[x]97[z]241[height]2.8[diam]1.8
*[name]tree[x]1[z]242[height]3.8[diam]2.6
*[name]tree[x]3[z]242[height]2.5[diam]1.9
*[name]shrub[x]67[z]242[height]0.9[diam]0.9
*[name]tree[x]92[z]242[height]2.8[diam]2.8
*[name]tree[x]5[z]243[height]2.2[diam]1.5
*[name]tree[x]95[z]243[height]2.9[diam]2.5
*[name]shrub[x]99[z]243[height]1.2[diam]1.2
*[name]shrub[x]0[z]244[height]0.9[diam]0.9
*[name]shrub[x]2[z]245[height]1.1[diam]1.1
*[name]tree[x]4[z]245[height]3.8[diam]3.1
*[name]shrub[x]91[z]245[height]0.6[diam]0.6
*[name]tree[x]94[z]245[height]3.3[diam]2.2
*[name]tree[x]97[z]245[height]3.1[diam]1.7
*[name]tree[x]96[z]246[height]3.7[diam]3.5
*[name]tree[x]4[z]247[height]3.2[diam]2.9
*[name]tree[x]7[z]247[height]2.3[diam]1.4
*[name]tree[x]93[z]247[height]3.5[diam]1.9
*[name]tree[x]99[z]248[height]3.2[diam]1.6
*[name]tree[x]5[z]249[height]2.0[diam]2.0
*[name]shrub[x]95[z]249[height]0.8[diam]0.8
*[name]tree[x]97[z]249[height]3.0[diam]2.2
*[name]shrub[x]8[z]250[height]1.0[diam]1.0
*[name]tree[x]99[z]251[height]2.9[diam]2.4
*[name]tree[x]7[z]252[height]2.1[diam]2.0
*[name]tree[x]9[z]252[height]2.7[diam]1.4
*[name]shrub[x]85[z]252[height]0.9[diam]0.9
*[name]tree[x]97[z]252[height]2.2[diam]2.1
*[name]shrub[x]8[z]255[height]0.6[diam]0.6
*[name]shrub[x]85[z]255[height]0.7[diam]0.7
*[name]tree[x]99[z]255[height]3.2[diam]2.2
*[name]tree[x]88[z]257[height]3.5[diam]3.0
*[name]tree[x]87[z]258[height]2.5[diam]2.0
*[name]tree[x]86[z]260[height]2.7[diam]1.4
*[name]tree[x]89[z]260[height]3.5[diam]2.7
*[name]tree[x]91[z]261[height]3.5[diam]3.3
*[name]tree[x]88[z]263[height]2.3[diam]2.0
*[name]shrub[x]90[z]263[height]1.1[diam]1.1
*[name]tree[x]85[z]264[height]2.2[diam]1.2
*[name]tree[x]0[z]269[height]2.7[diam]2.2
*[name]tree[x]99[z]270[height]3.6[diam]3.2
*[name]shrub[x]94[z]271[height]0.7[diam]0.7
*[name]tree[x]97[z]271[height]3.7[diam]3.2
*[name]shrub[x]1[z]272[height]0.9[diam]0.9
*[name]tree[x]99[z]273[height]3.8[diam]2.2
*[name]tree[x]94[z]274[height]3.4[diam]3.0
*[name]tree[x]97[z]274[height]2.5[diam]2.3
*[name]shrub[x]1[z]275[height]0.9[diam]0.9
*[name]tree[x]91[z]275[height]3.2[diam]2.6
*[name]tree[x]93[z]276[height]2.3[diam]2.1
*[name]tree[x]0[z]277[height]2.4[diam]1.8
*[name]tree[x]96[z]277[height]3.8[diam]3.7
*[name]tree[x]99[z]277[height]4.0[diam]3.3
*[name]tree[x]89[z]278[height]3.6[diam]2.1
*[name]tree[x]94[z]278[height]2.9[diam]2.5
*[name]tree[x]2[z]279[height]2.4[diam]1.9
*[name]tree[x]97[z]279[height]2.1[diam]1.9
*[name]shrub[x]5[z]280[height]0.8[diam]0.8
*[name]shrub[x]87[z]280[height]1.1[diam]1.1
*[name]tree[x]91[z]280[height]2.1[diam]1.2
*[name]tree[x]0[z]281[height]3.2[diam]2.6
*[name]tree[x]94[z]281[height]2.1[diam]1.9
*[name]tree[x]97[z]281[height]2.6[diam]2.4
*[name]tree[x]2[z]282[height]2.0[diam]1.1
*[name]shrub[x]91[z]282[height]0.8[diam]0.8
*[name]tree[x]99[z]282[height]3.3[diam]2.8
*[name]tree[x]0[z]283[height]2.8[diam]2.1
*[name]tree[x]6[z]283[height]3.9[diam]3.7
*[name]tree[x]1[z]285[height]2.8[diam]2.7
*[name]tree[x]3[z]285[height]3.8[diam]2.0
*[name]tree[x]4[z]286[height]3.5[diam]1.8
*[name]tree[x]95[z]286[height]3.1[diam]2.2
*[name]tree[x]1[z]288[height]2.4[diam]1.4
*[name]tree[x]3[z]289[height]3.0[diam]1.5
*[name]shrub[x]7[z]289[height]0.9[diam]0.9
*[name]tree[x]5[z]290[height]2.7[diam]1.5
*[name]tree[x]96[z]290[height]3.2[diam]3.2
*[name]tree[x]2[z]291[height]3.4[diam]2.8
*[name]tree[x]91[z]291[height]3.5[diam]3.4
*[name]tree[x]4[z]292[height]3.0[diam]2.7
*[name]tree[x]7[z]292[height]2.2[diam]2.0
*[name]tree[x]98[z]292[height]2.8[diam]2.6
*[name]tree[x]1[z]293[height]2.4[diam]2.3
*[name]shrub[x]19[z]293[height]1.1[diam]1.1
*[name]tree[x]21[z]293[height]2.2[diam]1.5
*[name]tree[x]5[z]294[height]3.4[diam]3.4
*[name]tree[x]9[z]294[height]2.8[diam]2.0
*[name]tree[x]3[z]295[height]2.0[diam]2.0
*[name]tree[x]18[z]295[height]3.7[diam]2.3
*[name]tree[x]20[z]295[height]2.1[diam]1.4
*[name]shrub[x]93[z]295[height]0.8[diam]0.8
*[name]tree[x]1[z]296[height]3.0[diam]2.6
*[name]tree[x]5[z]296[height]2.7[diam]1.5
*[name]tree[x]8[z]296[height]3.4[diam]1.7
*[name]tree[x]22[z]296[height]3.5[diam]2.5
*[name]tree[x]19[z]297[height]3.9[diam]2.5
*[name]tree[x]3[z]298[height]2.4[diam]1.3
*[name]shrub[x]7[z]298[height]0.6[diam]0.6
*[name]tree[x]21[z]298[height]3.2[diam]3.1
*[name]tree[x]95[z]298[height]2.6[diam]2.0
*[name]tree[x]1[z]299[height]3.4[diam]2.4
*[name]shrub[x]5[z]299[height]1.1[diam]1.1
*[name]shrub[x]21[z]300[height]0.8[diam]0.8
*[name]tree[x]2[z]301[height]2.8[diam]1.7
*[name]tree[x]94[z]301[height]3.6[diam]2.5
*[name]tree[x]1[z]302[height]2.4[diam]2.0
*[name]tree[x]5[z]302[height]3.3[diam]2.0
*[name]tree[x]7[z]303[height]2.1[diam]2.0
*[name]shrub[x]96[z]303[height]1.1[diam]1.1
*[name]tree[x]2[z]304[height]3.5[diam]2.1
*[name]tree[x]0[z]305[height]3.7[diam]2.7
*[name]shrub[x]6[z]305[height]0.7[diam]0.7
*[name]shrub[x]92[z]305[height]1.0[diam]1.0
*[name]tree[x]1[z]308[height]3.8[diam]2.3
*[name]shrub[x]10[z]317[height]1.1[diam]1.1
*[name]tree[x]10[z]319[height]2.2[diam]1.4
*[name]tree[x]7[z]320[height]3.9[diam]3.3
*[name]tree[x]12[z]321[height]2.3[diam]1.4
*[name]tree[x]6[z]322[height]2.4[diam]2.2
*[name]tree[x]9[z]322[height]3.3[diam]1.7
*[name]shrub[x]11[z]323[height]0.7[diam]0.7
*[name]tree[x]8[z]324[height]2.1[diam]1.3
*[name]shrub[x]6[z]325[height]0.6[diam]0.6
*[name]shrub[x]11[z]325[height]0.9[diam]0.9
*[name]tree[x]9[z]326[height]2.9[diam]2.5
*[name]tree[x]5[z]328[height]2.2[diam]1.8
*[name]tree[x]7[z]328[height]3.5[diam]3.4
*[name]tree[x]6[z]330[height]2.9[diam]2.2
*[name]tree[x]4[z]331[height]2.4[diam]1.6
*[name]shrub[x]2[z]332[height]1.2[diam]1.2
*[name]tree[x]7[z]332[height]2.8[diam]2.7
*[name]shrub[x]99[z]333[height]1.1[diam]1.1
*[name]tree[x]6[z]334[height]3.2[diam]2.9
*[name]tree[x]1[z]335[height]3.9[diam]3.6
*[name]tree[x]4[z]335[height]3.5[diam]2.9
*[name]shrub[x]8[z]335[height]0.6[diam]0.6
*[name]tree[x]13[z]335[height]2.0[diam]1.9
*[name]tree[x]99[z]336[height]3.7[diam]3.1
*[name]tree[x]4[z]337[height]3.8[diam]2.0
*[name]tree[x]6[z]337[height]3.4[diam]2.0
*[name]shrub[x]88[z]337[height]0.6[diam]0.6
*[name]tree[x]92[z]337[height]2.3[diam]1.9
*[name]tree[x]97[z]337[height]3.6[diam]2.2
*[name]tree[x]2[z]338[height]2.7[diam]2.1
*[name]tree[x]0[z]339[height]2.4[diam]2.2
*[name]tree[x]6[z]339[height]2.1[diam]1.4
*[name]shrub[x]12[z]339[height]0.7[diam]0.7
*[name]tree[x]90[z]339[height]2.0[diam]1.8
*[name]tree[x]98[z]339[height]2.2[diam]2.0
*[name]tree[x]3[z]340[height]2.7[diam]2.6
*[name]tree[x]94[z]340[height]3.6[diam]2.2
*[name]tree[x]10[z]341[height]3.4[diam]2.5
*[name]tree[x]87[z]341[height]2.5[diam]2.1
*[name]tree[x]91[z]341[height]2.7[diam]1.4
*[name]tree[x]96[z]341[height]2.8[diam]1.7
*[name]tree[x]1[z]342[height]2.2[diam]1.2
*[name]tree[x]4[z]342[height]2.9[diam]1.7
*[name]tree[x]7[z]342[height]2.5[diam]1.3
*[name]tree[x]99[z]342[height]4.0[diam]2.9
*[name]tree[x]89[z]343[height]2.9[diam]2.2
*[name]tree[x]93[z]343[height]3.3[diam]2.1
*[name]tree[x]96[z]343[height]3.1[diam]1.6
*[name]tree[x]1[z]344[height]2.9[diam]2.2
*[name]shrub[x]86[z]344[height]1.1[diam]1.1
*[name]tree[x]2[z]345[height]3.1[diam]2.2
*[name]shrub[x]5[z]345[height]0.7[diam]0.7
*[name]tree[x]91[z]345[height]2.9[diam]1.8
*[name]tree[x]96[z]345[height]2.8[diam]1.6
*[name]tree[x]98[z]345[height]3.3[diam]2.8
*[name]tree[x]0[z]346[height]3.8[diam]1.9
*[name]shrub[x]85[z]346[height]1.0[diam]1.0
*[name]tree[x]88[z]346[height]2.5[diam]1.6
*[name]tree[x]94[z]346[height]3.7[diam]2.5
*[name]tree[x]3[z]347[height]3.4[diam]1.7
*[name]tree[x]82[z]347[height]3.2[diam]2.8
*[name]tree[x]87[z]347[height]2.0[diam]1.1
*[name]tree[x]91[z]347[height]2.4[diam]1.8
*[name]tree[x]99[z]347[height]3.5[diam]2.5
*[name]tree[x]2[z]348[height]2.2[diam]1.9
*[name]tree[x]95[z]348[height]3.8[diam]3.1
*[name]tree[x]97[z]348[height]3.2[diam]2.3
*[name]tree[x]0[z]349[height]2.1[diam]1.9
*[name]tree[x]80[z]349[height]3.8[diam]2.5
*[name]tree[x]84[z]349[height]2.4[diam]1.3
*[name]tree[x]89[z]349[height]3.9[diam]3.6
*[name]tree[x]93[z]349[height]3.9[diam]3.8
*[name]tree[x]4[z]350[height]3.1[diam]1.9
*[name]tree[x]1[z]351[height]2.4[diam]1.7
*[name]shrub[x]82[z]351[height]0.9[diam]0.9
*[name]tree[x]86[z]351[height]3.8[diam]2.7
*[name]tree[x]96[z]351[height]2.3[diam]1.9
*[name]tree[x]0[z]352[height]2.9[diam]1.7
*[name]shrub[x]89[z]352[height]1.1[diam]1.1
*[name]shrub[x]93[z]352[height]1.2[diam]1.2
*[name]tree[x]99[z]352[height]3.8[diam]2.5
*[name]tree[x]95[z]353[height]2.1[diam]1.8
*[name]tree[x]0[z]355[height]2.4[diam]2.1
*[name]shrub[x]2[z]355[height]0.8[diam]0.8
*[name]tree[x]98[z]355[height]3.3[diam]2.9
*[name]tree[x]93[z]356[height]2.1[diam]1.7
*[name]tree[x]96[z]356[height]2.1[diam]1.3
*[name]tree[x]1[z]357[height]3.3[diam]1.7
*[name]tree[x]99[z]358[height]2.2[diam]1.8
*[name]tree[x]97[z]359[height]3.9[diam]3.2
*[name]shrub[x]84[z]363[height]1.1[diam]1.1
*[name]tree[x]78[z]364[height]2.4[diam]1.2
*[name]tree[x]86[z]365[height]2.8[diam]1.5
*[name]tree[x]77[z]367[height]2.9[diam]2.2
*[name]tree[x]80[z]367[height]3.4[diam]3.2
*[name]tree[x]83[z]367[height]3.5[diam]2.7
*[name]shrub[x]98[z]368[height]1.1[diam]1.1
*[name]tree[x]81[z]369[height]3.3[diam]3.1
*[name]tree[x]85[z]369[height]3.7[diam]2.5
*[name]shrub[x]61[z]370[height]0.7[diam]0.7
*[name]shrub[x]78[z]370[height]0.9[diam]0.9
*[name]tree[x]62[z]372[height]3.3[diam]2.9
*[name]tree[x]98[z]372[height]2.6[diam]2.2
*[name]tree[x]58[z]373[height]2.7[diam]1.8
*[name]tree[x]60[z]374[height]3.9[diam]2.0
*[name]tree[x]97[z]375[height]2.7[diam]1.4
*[name]tree[x]99[z]375[height]3.3[diam]2.2
*[name]tree[x]58[z]376[height]3.3[diam]2.4
*[name]shrub[x]94[z]376[height]0.9[diam]0.9
*[name]tree[x]97[z]377[height]3.3[diam]3.1
*[name]tree[x]92[z]378[height]3.2[diam]1.7
*[name]shrub[x]1[z]379[height]0.8[diam]0.8
*[name]tree[x]95[z]379[height]2.6[diam]2.5
*[name]tree[x]99[z]379[height]2.3[diam]2.1
*[name]shrub[x]58[z]380[height]1.0[diam]1.0
*[name]tree[x]90[z]380[height]3.6[diam]3.1
*[name]tree[x]60[z]381[height]3.2[diam]1.8
*[name]tree[x]93[z]381[height]3.6[diam]2.1
*[name]tree[x]97[z]382[height]3.5[diam]2.8
*[name]shrub[x]0[z]383[height]0.9[diam]0.9
*[name]shrub[x]95[z]383[height]0.9[diam]0.9
*[name]tree[x]99[z]384[height]3.8[diam]3.5
*[name]tree[x]2[z]385[height]2.8[diam]2.7
*[name]tree[x]98[z]386[height]2.4[diam]1.7
*[name]tree[x]1[z]387[height]3.2[diam]2.4
*[name]tree[x]0[z]389[height]2.1[diam]1.1
*[name]tree[x]3[z]389[height]2.1[diam]1.8
*[name]tree[x]1[z]392[height]3.9[diam]3.2
*[name]tree[x]3[z]392[height]3.5[diam]2.4
*[name]tree[x]0[z]393[height]3.9[diam]3.3
*[name]shrub[x]4[z]394[height]0.9[diam]0.9
*[name]tree[x]2[z]395[height]3.6[diam]2.6
*[name]tree[x]73[z]396[height]2.6[diam]2.0
*[name]tree[x]0[z]397[height]2.1[diam]1.5
*[name]tree[x]2[z]398[height]2.7[diam]1.6
*[name]shrub[x]88[z]398[height]0.7[diam]0.7
*[name]tree[x]90[z]398[height]3.8[diam]3.2
*[name]shrub[x]72[z]399[height]1.0[diam]1.0
*[name]tree[x]0[z]400[height]3.7[diam]2.8
*[name]tree[x]87[z]400[height]2.1[diam]1.9
*[name]tree[x]91[z]400[height]3.5[diam]2.5
*[name]shrub[x]94[z]401[height]0.8[diam]0.8
*[name]tree[x]73[z]402[height]2.6[diam]1.9
*[name]tree[x]89[z]402[height]2.8[diam]1.9
*[name]shrub[x]98[z]402[height]0.7[diam]0.7
*[name]shrub[x]1[z]403[height]0.8[diam]0.8
*[name]shrub[x]87[z]403[height]0.6[diam]0.6
*[name]tree[x]93[z]403[height]3.8[diam]3.3
*[name]tree[x]96[z]403[height]3.9[diam]3.1
*[name]tree[x]71[z]404[height]2.4[diam]2.1
*[name]tree[x]90[z]404[height]2.0[diam]1.5
*[name]tree[x]89[z]405[height]2.6[diam]1.3
*[name]tree[x]94[z]405[height]3.9[diam]3.2
*[name]tree[x]99[z]405[height]2.5[diam]1.4
*[name]tree[x]92[z]406[height]3.1[diam]3.0
*[name]tree[x]96[z]406[height]3.6[diam]2.5
*[name]tree[x]90[z]407[height]2.8[diam]2.7
*[name]tree[x]98[z]407[height]2.4[diam]1.3
*[name]tree[x]93[z]408[height]2.7[diam]2.0
*[name]tree[x]97[z]409[height]2.8[diam]2.6
*[name]shrub[x]93[z]410[height]1.2[diam]1.2
*[name]tree[x]95[z]410[height]3.5[diam]1.8
*[name]tree[x]99[z]410[height]2.6[diam]2.3
*[name]shrub[x]0[z]411[height]1.2[diam]1.2
*[name]tree[x]97[z]411[height]2.0[diam]1.8
*[name]tree[x]1[z]413[height]3.0[diam]1.8
*[name]tree[x]99[z]414[height]3.0[diam]2.3
*[name]tree[x]0[z]415[height]3.5[diam]3.1
*[name]tree[x]82[z]415[height]3.1[diam]2.6
*[name]tree[x]82[z]417[height]2.9[diam]2.6
*[name]tree[x]84[z]417[height]3.6[diam]1.8
*[name]shrub[x]0[z]418[height]1.0[diam]1.0
*[name]herring[x]46[z]419[height]1.0[diam]1.0
*[name]tree[x]85[z]419[height]3.3[diam]2.3
*[name]tree[x]0[z]420[height]2.2[diam]1.6
*[name]shrub[x]2[z]422[height]1.0[diam]1.0
*[name]shrub[x]85[z]422[height]0.7[diam]0.7
*[name]tree[x]0[z]423[height]3.7[diam]2.1
*[name]herring[x]48[z]423[height]1.0[diam]1.0
*[name]tree[x]5[z]424[height]3.3[diam]2.8
*[name]tree[x]3[z]425[height]2.1[diam]1.5
*[name]shrub[x]8[z]425[height]1.0[diam]1.0
*[name]herring[x]51[z]426[height]1.0[diam]1.0
*[name]tree[x]1[z]427[height]2.7[diam]1.7
*[name]tree[x]6[z]427[height]3.2[diam]2.2
*[name]shrub[x]99[z]427[height]1.2[diam]1.2
*[name]tree[x]4[z]428[height]2.2[diam]1.8
*[name]tree[x]9[z]428[height]2.9[diam]2.4
*[name]tree[x]0[z]429[height]2.7[diam]1.7
*[name]tree[x]6[z]429[height]2.3[diam]1.2
*[name]tree[x]3[z]430[height]3.4[diam]3.3
*[name]herring[x]53[z]430[height]1.0[diam]1.0
*[name]tree[x]98[z]430[height]3.7[diam]3.1
*[name]shrub[x]95[z]431[height]1.0[diam]1.0
*[name]tree[x]1[z]432[height]2.9[diam]1.6
*[name]tree[x]98[z]432[height]3.4[diam]3.4
*[name]shrub[x]3[z]433[height]1.0[diam]1.0
*[name]tree[x]5[z]433[height]3.9[diam]3.5
*[name]herring[x]55[z]433[height]1.0[diam]1.0
*[name]tree[x]94[z]433[height]3.7[diam]3.0
*[name]shrub[x]0[z]434[height]0.9[diam]0.9
*[name]shrub[x]90[z]434[height]1.1[diam]1.1
*[name]tree[x]97[z]434[height]2.1[diam]1.2
*[name]tree[x]94[z]435[height]2.5[diam]1.6
*[name]tree[x]5[z]436[height]3.5[diam]2.9
*[name]shrub[x]7[z]436[height]0.7[diam]0.7
*[name]tree[x]98[z]436[height]3.8[diam]2.4
*[name]herring[x]57[z]437[height]1.0[diam]1.0
*[name]tree[x]99[z]437[height]3.3[diam]2.5
*[name]tree[x]93[z]438[height]3.2[diam]3.1
*[name]tree[x]96[z]438[height]3.4[diam]2.7
*[name]tree[x]98[z]439[height]3.3[diam]2.6
*[name]shrub[x]92[z]440[height]0.9[diam]0.9
*[name]tree[x]95[z]440[height]2.7[diam]1.7
*[name]herring[x]59[z]441[height]1.0[diam]1.0
*[name]tree[x]97[z]441[height]3.8[diam]2.8
*[name]tree[x]99[z]441[height]3.9[diam]3.6
*[name]tree[x]94[z]443[height]2.4[diam]2.3
*[name]tree[x]96[z]443[height]3.3[diam]1.7
*[name]tree[x]98[z]444[height]3.1[diam]1.8
*[name]herring[x]60[z]445[height]1.0[diam]1.0
*[name]tree[x]99[z]445[height]3.8[diam]3.0
*[name]shrub[x]95[z]446[height]0.8[diam]0.8
*[name]tree[x]97[z]447[height]2.3[diam]2.2
*[name]shrub[x]93[z]448[height]0.6[diam]0.6
*[name]herring[x]62[z]449[height]1.0[diam]1.0
*[name]tree[x]96[z]449[height]3.6[diam]1.9
*[name]tree[x]99[z]449[height]3.9[diam]2.1
*[name]tree[x]94[z]451[height]3.4[diam]2.5
*[name]tree[x]95[z]452[height]3.3[diam]2.7
*[name]tree[x]97[z]452[height]2.3[diam]1.5
*[name]herring[x]64[z]453[height]1.0[diam]1.0
*[name]tree[x]92[z]454[height]2.5[diam]2.2
*[name]shrub[x]0[z]455[height]1.0[diam]1.0
*[name]shrub[x]91[z]456[height]1.0[diam]1.0
*[name]tree[x]94[z]456[height]2.0[diam]1.6
*[name]tree[x]2[z]457[height]2.1[diam]2.1
*[name]tree[x]93[z]458[height]2.9[diam]1.8
*[name]tree[x]99[z]458[height]3.8[diam]2.1
*[name]tree[x]1[z]459[height]2.5[diam]1.8
*[name]tree[x]97[z]459[height]2.5[diam]1.5
*[name]tree[x]3[z]460[height]2.1[diam]1.6
*[name]tree[x]1[z]461[height]2.7[diam]2.5
*[name]shrub[x]5[z]461[height]1.0[diam]1.0
*[name]shrub[x]92[z]461[height]0.7[diam]0.7
*[name]tree[x]98[z]461[height]3.9[diam]3.1
*[name]tree[x]0[z]462[height]2.4[diam]2.0
*[name]shrub[x]6[z]462[height]0.6[diam]0.6
*[name]tree[x]94[z]462[height]3.8[diam]2.4
*[name]tree[x]99[z]462[height]2.4[diam]1.4
*[name]tree[x]4[z]463[height]3.1[diam]3.1
*[name]tree[x]96[z]463[height]3.7[diam]2.1
*[name]tree[x]2[z]464[height]4.0[diam]2.9
*[name]tree[x]7[z]464[height]2.5[diam]2.4
*[name]tree[x]98[z]464[height]3.8[diam]2.8
*[name]tree[x]4[z]465[height]3.7[diam]1.9
*[name]tree[x]1[z]466[height]3.5[diam]2.3
*[name]tree[x]6[z]466[height]2.5[diam]2.4
*[name]tree[x]9[z]466[height]2.7[diam]2.5
*[name]tree[x]95[z]466[height]2.5[diam]1.5
*[name]tree[x]98[z]466[height]2.9[diam]2.0
*[name]tree[x]97[z]467[height]2.4[diam]1.2
*[name]tree[x]99[z]467[height]3.2[diam]3.0
*[name]tree[x]4[z]468[height]2.2[diam]1.6
*[name]tree[x]7[z]468[height]2.3[diam]1.5
*[name]shrub[x]9[z]468[height]1.0[diam]1.0
*[name]tree[x]23[z]468[height]3.4[diam]2.2
*[name]tree[x]2[z]469[height]3.0[diam]2.8
*[name]tree[x]1[z]470[height]2.6[diam]2.5
*[name]tree[x]5[z]470[height]2.2[diam]1.4
*[name]shrub[x]25[z]470[height]1.1[diam]1.1
*[name]tree[x]95[z]470[height]3.2[diam]1.8
*[name]tree[x]98[z]470[height]3.7[diam]2.5
*[name]shrub[x]10[z]471[height]0.9[diam]0.9
*[name]tree[x]23[z]471[height]2.2[diam]1.4
*[name]tree[x]3[z]472[height]3.5[diam]3.4
*[name]tree[x]5[z]472[height]3.0[diam]3.0
*[name]tree[x]8[z]472[height]2.8[diam]2.7
*[name]shrub[x]92[z]472[height]0.7[diam]0.7
*[name]tree[x]95[z]472[height]3.0[diam]2.2
*[name]tree[x]0[z]473[height]2.0[diam]1.6
*[name]tree[x]11[z]473[height]3.9[diam]2.3
*[name]tree[x]97[z]473[height]3.8[diam]3.1
*[name]tree[x]99[z]473[height]3.7[diam]2.2
*[name]tree[x]2[z]474[height]2.2[diam]1.9
*[name]tree[x]23[z]474[height]3.0[diam]1.5
*[name]tree[x]93[z]474[height]3.6[diam]3.1
*[name]tree[x]4[z]475[height]3.7[diam]2.6
*[name]tree[x]6[z]475[height]3.7[diam]3.1
*[name]tree[x]10[z]475[height]3.5[diam]2.2
*[name]tree[x]21[z]475[height]3.6[diam]3.6
*[name]shrub[x]91[z]475[height]0.6[diam]0.6
*[name]tree[x]94[z]475[height]3.5[diam]2.6
*[name]tree[x]8[z]476[height]2.0[diam]1.2
*[name]tree[x]97[z]476[height]2.7[diam]1.6
*[name]tree[x]99[z]476[height]3.3[diam]3.1
*[name]tree[x]1[z]477[height]2.4[diam]1.5
*[name]shrub[x]5[z]477[height]1.1[diam]1.1
*[name]shrub[x]2[z]478[height]0.8[diam]0.8
*[name]shrub[x]9[z]478[height]0.7[diam]0.7
*[name]shrub[x]22[z]478[height]0.9[diam]0.9
*[name]tree[x]92[z]478[height]2.4[diam]1.6
*[name]tree[x]95[z]478[height]3.0[diam]2.9
*[name]shrub[x]97[z]479[height]1.1[diam]1.1
*[name]tree[x]91[z]480[height]3.1[diam]2.6
*[name]tree[x]94[z]480[height]3.1[diam]2.2
*[name]tree[x]0[z]481[height]2.2[diam]1.6
*[name]tree[x]91[z]483[height]2.2[diam]2.0
*[name]shrub[x]89[z]484[height]1.0[diam]1.0
*[name]tree[x]0[z]485[height]3.8[diam]3.5
*[name]tree[x]88[z]486[height]3.4[diam]2.9
*[name]tree[x]0[z]487[height]2.6[diam]2.3
*[name]tree[x]3[z]487[height]3.7[diam]3.1
*[name]tree[x]90[z]487[height]3.8[diam]2.9
*[name]shrub[x]83[z]488[height]0.9[diam]0.9
*[name]tree[x]4[z]489[height]2.2[diam]2.0
*[name]tree[x]86[z]489[height]2.8[diam]2.0
*[name]tree[x]1[z]490[height]3.9[diam]3.6
*[name]tree[x]80[z]490[height]3.3[diam]2.2
*[name]tree[x]83[z]490[height]2.7[diam]2.1
*[name]shrub[x]88[z]490[height]0.7[diam]0.7
*[name]tree[x]84[z]491[height]3.8[diam]2.4
*[name]shrub[x]4[z]492[height]1.0[diam]1.0
*[name]shrub[x]82[z]492[height]0.8[diam]0.8
*[name]tree[x]1[z]493[height]2.8[diam]1.6
*[name]tree[x]98[z]494[height]2.7[diam]1.7
*[name]shrub[x]3[z]495[height]1.1[diam]1.1
*[name]tree[x]1[z]496[height]2.5[diam]1.3
*[name]shrub[x]95[z]496[height]0.9[diam]0.9
*[name]tree[x]2[z]497[height]3.8[diam]2.6
*[name]tree[x]99[z]497[height]2.6[diam]2.3
*[name]tree[x]94[z]498[height]2.1[diam]1.3
*[name]tree[x]96[z]498[height]2.6[diam]2.1
*[name]tree[x]0[z]500[height]2.7[diam]1.5
*[name]tree[x]92[z]500[height]3.9[diam]3.5
*[name]tree[x]99[z]500[height]2.1[diam]1.9
*[name]tree[x]95[z]501[height]2.9[diam]2.0
*[name]shrub[x]96[z]502[height]0.7[diam]0.7
*[name]shrub[x]1[z]503[height]0.6[diam]0.6
*[name]shrub[x]90[z]503[height]0.9[diam]0.9
*[name]tree[x]93[z]503[height]4.0[diam]2.6
*[name]tree[x]88[z]504[height]2.6[diam]1.6
*[name]tree[x]90[z]505[height]3.4[diam]2.5
*[name]tree[x]1[z]507[height]3.2[diam]3.1
*[name]tree[x]11[z]507[height]2.6[diam]2.4
*[name]tree[x]89[z]507[height]4.0[diam]3.7
*[name]tree[x]0[z]509[height]3.6[diam]2.4
*[name]tree[x]98[z]509[height]2.3[diam]1.8
*[name]shrub[x]9[z]510[height]0.8[diam]0.8
*[name]shrub[x]96[z]510[height]0.8[diam]0.8
*[name]tree[x]0[z]512[height]3.7[diam]3.7
*[name]tree[x]98[z]512[height]3.4[diam]3.3
*[name]tree[x]6[z]513[height]3.8[diam]2.9
*[name]tree[x]9[z]513[height]2.0[diam]1.7
*[name]tree[x]1[z]514[height]3.9[diam]2.7
*[name]tree[x]87[z]514[height]3.6[diam]3.5
*[name]tree[x]3[z]515[height]3.9[diam]3.4
*[name]tree[x]6[z]515[height]2.5[diam]1.5
*[name]tree[x]1[z]516[height]2.1[diam]2.0
*[name]tree[x]9[z]516[height]3.3[diam]2.7
*[name]tree[x]89[z]516[height]3.8[diam]3.7
*[name]tree[x]5[z]517[height]3.0[diam]2.8
*[name]tree[x]7[z]518[height]3.6[diam]2.3
*[name]shrub[x]89[z]518[height]0.7[diam]0.7
*[name]tree[x]0[z]519[height]3.9[diam]3.6
*[name]tree[x]3[z]519[height]3.2[diam]2.2
*[name]tree[x]5[z]521[height]3.4[diam]2.7
*[name]shrub[x]89[z]521[height]0.6[diam]0.6
*[name]tree[x]2[z]522[height]3.4[diam]2.5
*[name]tree[x]90[z]522[height]3.1[diam]2.6
*[name]tree[x]0[z]524[height]2.3[diam]1.7
*[name]shrub[x]9[z]524[height]0.6[diam]0.6
*[name]tree[x]2[z]525[height]3.9[diam]2.8
*[name]tree[x]90[z]525[height]2.0[diam]1.8
*[name]tree[x]99[z]525[height]3.3[diam]2.0
*[name]tree[x]7[z]526[height]3.5[diam]2.8
*[name]tree[x]4[z]527[height]3.8[diam]2.7
*[name]shrub[x]88[z]527[height]0.9[diam]0.9
*[name]tree[x]97[z]527[height]3.7[diam]3.5
*[name]tree[x]1[z]528[height]2.7[diam]2.2
*[name]tree[x]7[z]529[height]2.4[diam]1.9
*[name]tree[x]99[z]529[height]3.2[diam]1.7
*[name]tree[x]3[z]530[height]2.4[diam]2.3
*[name]tree[x]4[z]531[height]3.5[diam]3.2
*[name]shrub[x]97[z]531[height]1.2[diam]1.2
*[name]tree[x]98[z]532[height]2.9[diam]1.8
*[name]tree[x]1[z]533[height]3.0[diam]1.7
*[name]shrub[x]4[z]535[height]0.9[diam]0.9
*[name]tree[x]0[z]536[height]3.9[diam]2.3
*[name]tree[x]92[z]538[height]2.8[diam]1.9
*[name]tree[x]91[z]540[height]2.4[diam]1.4
*[name]shrub[x]93[z]542[height]0.6[diam]0.6
*[name]tree[x]99[z]549[height]2.9[diam]2.8
*[name]tree[x]99[z]553[height]3.2[diam]2.2
*[name]tree[x]99[z]556[height]2.6[diam]1.4
*[name]tree[x]97[z]557[height]2.4[diam]1.5
*[name]tree[x]97[z]559[height]2.9[diam]2.6
*[name]shrub[x]18[z]560[height]0.9[diam]0.9
*[name]shrub[x]20[z]561[height]0.6[diam]0.6
*[name]shrub[x]94[z]561[height]0.9[diam]0.9
*[name]tree[x]98[z]561[height]3.0[diam]1.9
*[name]tree[x]17[z]562[height]2.7[diam]1.7
*[name]tree[x]96[z]563[height]2.1[diam]1.4
*[name]shrub[x]10[z]565[height]1.0[diam]1.0
*[name]tree[x]12[z]567[height]2.7[diam]2.4
*[name]tree[x]92[z]568[height]3.6[diam]3.2
*[name]tree[x]12[z]569[height]3.5[diam]3.5
*[name]tree[x]15[z]570[height]2.3[diam]1.3
*[name]shrub[x]19[z]570[height]0.7[diam]0.7
*[name]tree[x]94[z]571[height]2.6[diam]1.5
*[name]tree[x]15[z]572[height]3.3[diam]2.0
*[name]tree[x]99[z]572[height]3.5[diam]3.5
*[name]shrub[x]12[z]573[height]0.9[diam]0.9
*[name]tree[x]18[z]573[height]3.7[diam]2.2
*[name]shrub[x]86[z]573[height]1.1[diam]1.1
*[name]tree[x]96[z]573[height]2.6[diam]1.3
*[name]tree[x]15[z]574[height]2.4[diam]1.6
*[name]tree[x]20[z]575[height]2.9[diam]2.4
*[name]shrub[x]84[z]575[height]0.9[diam]0.9
*[name]tree[x]18[z]576[height]3.6[diam]3.5
*[name]tree[x]87[z]576[height]3.2[diam]1.8
*[name]tree[x]96[z]576[height]3.2[diam]3.2
*[name]tree[x]15[z]577[height]3.8[diam]2.7
*[name]tree[x]99[z]577[height]3.4[diam]2.9
*[name]tree[x]20[z]578[height]2.8[diam]2.7
*[name]tree[x]17[z]579[height]3.6[diam]2.9
*[name]tree[x]89[z]579[height]2.4[diam]2.3
*[name]shrub[x]95[z]579[height]0.8[diam]0.8
*[name]tree[x]97[z]579[height]2.8[diam]2.4
*[name]shrub[x]14[z]580[height]0.8[diam]0.8
*[name]tree[x]19[z]580[height]3.9[diam]3.0
*[name]shrub[x]86[z]580[height]0.9[diam]0.9
*[name]tree[x]96[z]581[height]3.4[diam]3.1
*[name]tree[x]17[z]582[height]2.9[diam]2.8
*[name]shrub[x]88[z]582[height]0.7[diam]0.7
*[name]tree[x]93[z]582[height]3.7[diam]3.1
*[name]tree[x]19[z]583[height]3.4[diam]2.8
*[name]tree[x]89[z]583[height]3.2[diam]2.1
*[name]tree[x]98[z]583[height]3.5[diam]2.1
*[name]tree[x]94[z]584[height]2.5[diam]2.1
*[name]tree[x]18[z]585[height]3.3[diam]3.2
*[name]tree[x]20[z]585[height]2.7[diam]1.4
*[name]shrub[x]88[z]585[height]1.1[diam]1.1
*[name]tree[x]92[z]585[height]2.3[diam]1.9
*[name]tree[x]96[z]585[height]2.1[diam]1.2
*[name]tree[x]17[z]586[height]3.9[diam]2.8
*[name]tree[x]99[z]586[height]3.6[diam]2.2
*[name]tree[x]90[z]587[height]2.8[diam]1.9
*[name]tree[x]97[z]587[height]3.3[diam]1.8
*[name]tree[x]18[z]588[height]2.4[diam]1.3
*[name]shrub[x]20[z]588[height]0.6[diam]0.6
*[name]tree[x]93[z]588[height]2.6[diam]2.6
*[name]shrub[x]95[z]589[height]1.0[diam]1.0
*[name]tree[x]99[z]589[height]2.0[diam]1.7
*[name]tree[x]18[z]592[height]2.5[diam]1.7
*[name]tree[x]20[z]592[height]2.8[diam]2.1
*[name]tree[x]13[z]593[height]3.2[diam]1.7
*[name]shrub[x]14[z]593[height]0.7[diam]0.7
*[name]tree[x]11[z]594[height]3.2[diam]2.2
*[name]tree[x]17[z]594[height]2.3[diam]1.7
*[name]shrub[x]7[z]595[height]0.9[diam]0.9
*[name]tree[x]13[z]595[height]3.7[diam]2.8
*[name]tree[x]11[z]596[height]3.4[diam]3.0
*[name]tree[x]16[z]596[height]3.9[diam]3.0
*[name]tree[x]5[z]597[height]2.0[diam]1.4
*[name]tree[x]9[z]597[height]3.7[diam]3.1
*[name]tree[x]14[z]597[height]2.9[diam]1.5
*[name]shrub[x]18[z]597[height]1.1[diam]1.1
*[name]tree[x]7[z]598[height]3.0[diam]2.0
*[name]tree[x]11[z]598[height]3.6[diam]2.1
*[name]tree[x]16[z]598[height]2.7[diam]1.9
*[name]shrub[x]1[z]599[height]0.9[diam]0.9
*[name]tree[x]4[z]599[height]3.4[diam]3.1
*[name]tree[x]9[z]599[height]3.8[diam]2.5
*[name]tree[x]13[z]599[height]3.8[diam]3.8
*[name]tree[x]6[z]600[height]3.8[diam]2.5
*[name]tree[x]0[z]601[height]2.3[diam]1.5
*[name]shrub[x]11[z]601[height]1.1[diam]1.1
*[name]tree[x]2[z]602[height]3.9[diam]3.7
*[name]shrub[x]4[z]602[height]0.9[diam]0.9
*[name]shrub[x]3[z]603[height]1.0[diam]1.0
*[name]tree[x]0[z]604[height]3.7[diam]1.9
*[name]tree[x]1[z]605[height]3.5[diam]2.1
*[name]shrub[x]1[z]607[height]1.1[diam]1.1
*[name]tree[x]4[z]618[height]2.9[diam]2.4
*[name]shrub[x]6[z]621[height]1.2[diam]1.2
*[name]shrub[x]94[z]621[height]0.7[diam]0.7
*[name]herring[x]55[z]622[height]1.0[diam]1.0
*[name]tree[x]5[z]624[height]2.3[diam]1.5
*[name]tree[x]95[z]624[height]2.0[diam]1.3
*[name]tree[x]97[z]624[height]3.3[diam]2.4
*[name]tree[x]99[z]625[height]3.5[diam]2.3
*[name]tree[x]3[z]626[height]2.5[diam]2.1
*[name]herring[x]53[z]626[height]1.0[diam]1.0
*[name]shrub[x]93[z]626[height]1.0[diam]1.0
*[name]tree[x]96[z]626[height]2.3[diam]1.9
*[name]tree[x]97[z]627[height]3.1[diam]2.2
*[name]tree[x]99[z]627[height]3.5[diam]3.3
*[name]tree[x]1[z]628[height]2.7[diam]2.3
*[name]shrub[x]5[z]628[height]1.1[diam]1.1
*[name]tree[x]94[z]628[height]3.8[diam]2.8
*[name]shrub[x]3[z]629[height]1.0[diam]1.0
*[name]tree[x]96[z]629[height]3.9[diam]2.4
*[name]tree[x]99[z]629[height]3.6[diam]3.3
*[name]tree[x]2[z]630[height]3.3[diam]2.4
*[name]herring[x]51[z]630[height]1.0[diam]1.0
*[name]tree[x]0[z]631[height]3.5[diam]3.3
*[name]tree[x]97[z]631[height]3.3[diam]1.7
*[name]tree[x]99[z]631[height]3.8[diam]3.7
*[name]shrub[x]96[z]633[height]1.0[diam]1.0
*[name]tree[x]2[z]634[height]2.6[diam]2.2
*[name]shrub[x]8[z]634[height]0.6[diam]0.6
*[name]herring[x]49[z]634[height]1.0[diam]1.0
*[name]tree[x]99[z]634[height]3.2[diam]2.1
*[name]tree[x]0[z]635[height]3.4[diam]2.9
*[name]shrub[x]97[z]635[height]1.2[diam]1.2
*[name]tree[x]2[z]636[height]2.4[diam]1.4
*[name]tree[x]5[z]636[height]3.4[diam]1.9
*[name]tree[x]99[z]636[height]3.1[diam]2.2
*[name]tree[x]4[z]637[height]3.7[diam]2.6
*[name]tree[x]7[z]637[height]3.8[diam]2.8
*[name]tree[x]1[z]638[height]2.7[diam]1.5
*[name]herring[x]47[z]638[height]1.0[diam]1.0
*[name]tree[x]3[z]639[height]2.5[diam]1.5
*[name]tree[x]98[z]639[height]3.6[diam]3.1
*[name]shrub[x]5[z]640[height]1.2[diam]1.2
*[name]tree[x]0[z]641[height]3.3[diam]2.3
*[name]tree[x]3[z]642[height]2.0[diam]1.5
*[name]herring[x]45[z]642[height]1.0[diam]1.0
*[name]tree[x]99[z]642[height]2.7[diam]2.3
*[name]tree[x]1[z]643[height]3.7[diam]2.0
*[name]tree[x]5[z]643[height]3.5[diam]2.5
*[name]tree[x]1[z]645[height]2.8[diam]1.9
*[name]tree[x]98[z]645[height]2.3[diam]1.6
*[name]tree[x]4[z]646[height]3.2[diam]2.2
*[name]herring[x]43[z]646[height]1.0[diam]1.0
*[name]tree[x]99[z]646[height]2.1[diam]1.8
*[name]tree[x]0[z]647[height]3.8[diam]2.8
*[name]shrub[x]2[z]648[height]0.9[diam]0.9
*[name]tree[x]98[z]648[height]2.6[diam]1.8
*[name]tree[x]96[z]649[height]2.1[diam]1.7
*[name]shrub[x]1[z]650[height]0.9[diam]0.9
*[name]herring[x]42[z]650[height]1.0[diam]1.0
*[name]shrub[x]92[z]650[height]0.8[diam]0.8
*[name]tree[x]98[z]650[height]3.6[diam]2.3
*[name]shrub[x]91[z]651[height]0.6[diam]0.6
*[name]tree[x]95[z]651[height]3.5[diam]3.4
*[name]tree[x]99[z]652[height]2.9[diam]2.6
*[name]tree[x]97[z]653[height]2.9[diam]2.7
*[name]herring[x]40[z]654[height]1.0[diam]1.0
*[name]shrub[x]88[z]654[height]0.9[diam]0.9
*[name]tree[x]92[z]654[height]2.7[diam]2.5
*[name]tree[x]94[z]654[height]2.4[diam]2.1
*[name]tree[x]93[z]655[height]2.5[diam]2.0
*[name]tree[x]98[z]655[height]3.8[diam]3.0
*[name]tree[x]91[z]656[height]2.4[diam]1.5
*[name]tree[x]96[z]656[height]3.2[diam]3.1
*[name]tree[x]85[z]657[height]2.3[diam]1.3
*[name]tree[x]88[z]657[height]3.0[diam]2.2
*[name]tree[x]94[z]657[height]2.9[diam]2.2
*[name]tree[x]99[z]657[height]2.2[diam]2.2
*[name]tree[x]93[z]658[height]3.7[diam]3.6
*[name]tree[x]96[z]658[height]2.5[diam]2.4
*[name]tree[x]86[z]659[height]3.4[diam]2.0
*[name]tree[x]90[z]659[height]2.7[diam]2.0
*[name]tree[x]87[z]660[height]3.3[diam]1.9
*[name]tree[x]92[z]660[height]3.9[diam]3.8
*[name]tree[x]94[z]660[height]2.0[diam]1.1
*[name]tree[x]96[z]660[height]3.5[diam]2.1
*[name]tree[x]89[z]661[height]3.5[diam]2.9
*[name]tree[x]83[z]662[height]3.6[diam]3.5
*[name]tree[x]85[z]662[height]3.9[diam]2.7
*[name]tree[x]94[z]662[height]3.7[diam]2.0
*[name]shrub[x]80[z]663[height]0.9[diam]0.9
*[name]tree[x]86[z]663[height]2.7[diam]2.1
*[name]tree[x]91[z]663[height]3.9[diam]3.7
*[name]tree[x]81[z]665[height]3.3[diam]3.2
*[name]tree[x]84[z]665[height]3.4[diam]2.8
*[name]shrub[x]88[z]665[height]0.7[diam]0.7
*[name]tree[x]79[z]666[height]3.3[diam]2.1
*[name]tree[x]79[z]668[height]2.7[diam]2.6
*[name]tree[x]82[z]668[height]3.6[diam]3.5
*[name]shrub[x]77[z]669[height]0.7[diam]0.7
*[name]tree[x]83[z]670[height]3.5[diam]3.4
*[name]tree[x]79[z]671[height]2.3[diam]2.1
*[name]shrub[x]74[z]672[height]1.0[diam]1.0
*[name]tree[x]76[z]673[height]2.7[diam]2.2
*[name]shrub[x]81[z]673[height]0.8[diam]0.8
*[name]tree[x]74[z]676[height]2.4[diam]1.8
*[name]tree[x]76[z]676[height]2.5[diam]2.0
*[name]tree[x]79[z]676[height]2.8[diam]1.9
*[name]tree[x]72[z]677[height]2.2[diam]1.9
*[name]tree[x]1[z]679[height]3.8[diam]2.0
*[name]tree[x]75[z]679[height]3.3[diam]2.6
*[name]tree[x]73[z]680[height]4.0[diam]2.7
*[name]shrub[x]71[z]681[height]0.7[diam]0.7
*[name]shrub[x]76[z]681[height]0.7[diam]0.7
*[name]shrub[x]4[z]682[height]1.2[diam]1.2
*[name]herring[x]33[z]682[height]1.0[diam]1.0
*[name]shrub[x]99[z]685[height]0.9[diam]0.9
*[name]tree[x]2[z]686[height]2.9[diam]2.9
*[name]herring[x]33[z]686[height]1.0[diam]1.0
*[name]shrub[x]97[z]687[height]0.8[diam]0.8
*[name]tree[x]99[z]687[height]2.9[diam]1.6
*[name]tree[x]96[z]689[height]2.0[diam]1.4
*[name]tree[x]98[z]689[height]2.5[diam]2.3
*[name]herring[x]33[z]690[height]1.0[diam]1.0
*[name]shrub[x]94[z]691[height]0.6[diam]0.6
*[name]tree[x]98[z]691[height]3.2[diam]2.4
*[name]tree[x]96[z]692[height]2.7[diam]2.5
*[name]herring[x]32[z]694[height]1.0[diam]1.0
*[name]tree[x]93[z]694[height]2.1[diam]1.7
*[name]tree[x]98[z]694[height]2.8[diam]2.0
*[name]tree[x]96[z]695[height]3.9[diam]2.9
*[name]tree[x]99[z]696[height]2.4[diam]2.3
*[name]tree[x]96[z]697[height]3.1[diam]2.9
*[name]herring[x]32[z]698[height]1.0[diam]1.0
*[name]shrub[x]94[z]698[height]0.9[diam]0.9
*[name]tree[x]97[z]698[height]3.1[diam]1.9
*[name]tree[x]97[z]700[height]3.2[diam]2.7
*[name]tree[x]99[z]700[height]2.4[diam]1.3
*[name]herring[x]34[z]702[height]1.0[diam]1.0
*[name]tree[x]98[z]703[height]2.3[diam]1.3
*[name]herring[x]35[z]706[height]1.0[diam]1.0
*[name]tree[x]81[z]706[height]2.7[diam]2.1
*[name]shrub[x]73[z]708[height]0.8[diam]0.8
*[name]tree[x]1[z]709[height]2.7[diam]2.6
*[name]tree[x]79[z]709[height]3.0[diam]1.9
*[name]herring[x]36[z]710[height]1.0[diam]1.0
*[name]tree[x]76[z]710[height]4.0[diam]2.2
*[name]shrub[x]80[z]710[height]1.0[diam]1.0
*[name]shrub[x]74[z]711[height]0.8[diam]0.8
*[name]shrub[x]2[z]712[height]1.1[diam]1.1
*[name]tree[x]76[z]713[height]3.6[diam]3.6
*[name]herring[x]38[z]714[height]1.0[diam]1.0
*[name]tree[x]91[z]715[height]2.6[diam]1.6
*[name]tree[x]94[z]715[height]3.9[diam]3.5
*[name]tree[x]91[z]717[height]2.9[diam]2.7
*[name]herring[x]39[z]718[height]1.0[diam]1.0
*[name]shrub[x]89[z]719[height]0.8[diam]0.8
*[name]tree[x]92[z]719[height]2.6[diam]1.6
*[name]tree[x]93[z]721[height]3.8[diam]2.9
*[name]herring[x]40[z]722[height]1.0[diam]1.0
*[name]tree[x]88[z]722[height]3.7[diam]2.9
*[name]tree[x]91[z]722[height]3.5[diam]3.3
*[name]tree[x]89[z]724[height]3.4[diam]3.3
*[name]tree[x]91[z]724[height]2.5[diam]1.6
*[name]tree[x]93[z]725[height]2.4[diam]1.9
*[name]herring[x]42[z]726[height]1.0[diam]1.0
*[name]tree[x]91[z]726[height]2.4[diam]2.1
*[name]shrub[x]88[z]727[height]1.1[diam]1.1
*[name]shrub[x]90[z]729[height]0.7[diam]0.7
*[name]tree[x]2[z]763[height]3.6[diam]2.9
*[name]shrub[x]5[z]763[height]0.9[diam]0.9
*[name]tree[x]5[z]765[height]3.4[diam]2.3
*[name]shrub[x]8[z]766[height]0.9[diam]0.9
*[name]tree[x]4[z]767[height]4.0[diam]3.2
*[name]tree[x]6[z]768[height]3.0[diam]2.7
*[name]tree[x]8[z]769[height]2.2[diam]1.4
*[name]tree[x]7[z]771[height]2.2[diam]1.6
*[name]shrub[x]10[z]771[height]0.9[diam]0.9
*[name]tree[x]0[z]777[height]4.0[diam]3.9
*[name]shrub[x]2[z]779[height]0.8[diam]0.8
*[name]tree[x]0[z]780[height]3.1[diam]2.7
*[name]tree[x]2[z]781[height]2.6[diam]1.6
*[name]tree[x]0[z]783[height]3.3[diam]2.6
*[name]shrub[x]3[z]783[height]0.9[diam]0.9
*[name]tree[x]1[z]785[height]3.7[diam]2.1
*[name]tree[x]0[z]787[height]3.5[diam]2.6
*[name]tree[x]1[z]789[height]2.1[diam]2.0
*[name]shrub[x]2[z]790[height]0.8[diam]0.8
*[name]tree[x]0[z]793[height]3.2[diam]2.5
*[name]tree[x]0[z]796[height]2.0[diam]1.0
*[name]tree[x]2[z]798[height]2.1[diam]2.1
*[name]shrub[x]3[z]799[height]1.0[diam]1.0
*[name]tree[x]1[z]800[height]3.2[diam]2.8
*[name]tree[x]0[z]802[height]3.5[diam]3.3
*[name]shrub[x]12[z]806[height]1.1[diam]1.1
*[name]tree[x]98[z]806[height]2.3[diam]1.7
*[name]shrub[x]8[z]807[height]1.1[diam]1.1
*[name]tree[x]10[z]808[height]2.3[diam]2.1
*[name]shrub[x]97[z]808[height]0.8[diam]0.8
*[name]shrub[x]11[z]809[height]1.1[diam]1.1
*[name]tree[x]6[z]810[height]2.3[diam]1.9
*[name]tree[x]8[z]810[height]3.0[diam]2.5
*[name]tree[x]7[z]812[height]2.4[diam]1.6
*[name]shrub[x]9[z]812[height]1.1[diam]1.1
*[name]tree[x]98[z]812[height]3.9[diam]3.5
*[name]tree[x]5[z]813[height]3.8[diam]3.6
*[name]tree[x]96[z]813[height]2.3[diam]1.7
*[name]tree[x]99[z]815[height]2.8[diam]1.6
*[name]shrub[x]94[z]816[height]0.9[diam]0.9
*[name]tree[x]96[z]816[height]2.9[diam]1.7
*[name]herring[x]55[z]817[height]1.0[diam]1.0
*[name]tree[x]97[z]817[height]2.4[diam]1.2
*[name]tree[x]95[z]819[height]3.8[diam]3.6
*[name]tree[x]0[z]821[height]3.9[diam]3.4
*[name]herring[x]53[z]821[height]1.0[diam]1.0
*[name]tree[x]93[z]821[height]2.2[diam]1.5
*[name]shrub[x]91[z]823[height]1.0[diam]1.0
*[name]shrub[x]17[z]824[height]0.7[diam]0.7
*[name]tree[x]1[z]825[height]2.4[diam]1.2
*[name]tree[x]14[z]825[height]2.1[diam]1.4
*[name]herring[x]52[z]825[height]1.0[diam]1.0
*[name]shrub[x]3[z]826[height]1.0[diam]1.0
*[name]tree[x]93[z]826[height]3.1[diam]1.6
*[name]tree[x]96[z]827[height]3.8[diam]3.4
*[name]tree[x]1[z]829[height]3.8[diam]3.5
*[name]herring[x]50[z]829[height]1.0[diam]1.0
*[name]shrub[x]3[z]830[height]1.0[diam]1.0
*[name]shrub[x]95[z]830[height]1.1[diam]1.1
*[name]tree[x]98[z]830[height]3.4[diam]3.0
*[name]tree[x]0[z]831[height]2.7[diam]1.5
*[name]tree[x]98[z]832[height]3.9[diam]3.6
*[name]herring[x]48[z]833[height]1.0[diam]1.0
*[name]tree[x]2[z]834[height]3.1[diam]1.7
*[name]shrub[x]5[z]834[height]0.6[diam]0.6
*[name]tree[x]0[z]835[height]3.2[diam]3.1
*[name]tree[x]3[z]836[height]3.9[diam]3.0
*[name]herring[x]46[z]837[height]1.0[diam]1.0
*[name]tree[x]1[z]838[height]3.4[diam]1.8
*[name]tree[x]4[z]838[height]3.8[diam]2.5
*[name]tree[x]0[z]840[height]2.5[diam]1.4
*[name]shrub[x]2[z]840[height]0.8[diam]0.8
*[name]herring[x]46[z]841[height]1.0[diam]1.0
*[name]tree[x]87[z]841[height]2.6[diam]1.9
*[name]tree[x]89[z]844[height]2.0[diam]1.9
*[name]herring[x]46[z]845[height]1.0[diam]1.0
*[name]shrub[x]87[z]846[height]0.9[diam]0.9
*[name]tree[x]98[z]850[height]3.8[diam]3.1
*[name]tree[x]99[z]852[height]2.8[diam]2.4
*[name]tree[x]97[z]853[height]2.6[diam]1.6
*[name]shrub[x]94[z]854[height]0.8[diam]0.8
*[name]tree[x]96[z]855[height]2.2[diam]1.7
*[name]tree[x]98[z]855[height]2.9[diam]1.5
*[name]tree[x]93[z]857[height]2.9[diam]1.5
*[name]tree[x]97[z]857[height]2.2[diam]1.7
*[name]tree[x]98[z]859[height]3.2[diam]1.7
*[name]shrub[x]92[z]860[height]0.9[diam]0.9
*[name]tree[x]95[z]860[height]2.2[diam]2.0
*[name]shrub[x]95[z]862[height]0.9[diam]0.9
*[name]tree[x]98[z]862[height]4.0[diam]2.2
*[name]tree[x]85[z]868[height]3.6[diam]2.0
*[name]tree[x]86[z]871[height]2.9[diam]1.6
*[name]tree[x]83[z]873[height]3.1[diam]2.2
*[name]tree[x]99[z]873[height]3.9[diam]2.0
*[name]tree[x]81[z]875[height]2.6[diam]2.1
*[name]tree[x]98[z]875[height]2.9[diam]1.5
*[name]shrub[x]82[z]876[height]1.2[diam]1.2
*[name]tree[x]99[z]877[height]3.4[diam]2.4
*[name]tree[x]1[z]881[height]2.1[diam]1.4
*[name]shrub[x]2[z]883[height]1.1[diam]1.1
*[name]shrub[x]87[z]883[height]0.7[diam]0.7
*[name]shrub[x]99[z]885[height]1.1[diam]1.1
*[name]tree[x]1[z]886[height]3.7[diam]2.2
*[name]tree[x]86[z]886[height]2.5[diam]1.8
*[name]tree[x]89[z]886[height]2.5[diam]2.2
*[name]tree[x]0[z]887[height]3.1[diam]1.6
*[name]tree[x]98[z]887[height]2.6[diam]2.0
*[name]shrub[x]2[z]888[height]0.7[diam]0.7
*[name]tree[x]94[z]888[height]2.2[diam]1.8
*[name]tree[x]99[z]889[height]3.2[diam]1.9
*[name]tree[x]96[z]890[height]2.4[diam]1.2
*[name]tree[x]94[z]892[height]2.4[diam]1.5
*[name]tree[x]98[z]892[height]2.7[diam]2.4
*[name]tree[x]96[z]893[height]3.4[diam]2.3
*[name]tree[x]98[z]894[height]3.5[diam]2.5
*[name]shrub[x]91[z]895[height]1.0[diam]1.0
*[name]tree[x]94[z]895[height]3.6[diam]3.1
*[name]tree[x]93[z]897[height]3.1[diam]3.0
*[name]tree[x]95[z]897[height]2.9[diam]2.0
*[name]tree[x]98[z]897[height]2.2[diam]1.9
*[name]tree[x]97[z]899[height]3.7[diam]2.6
*[name]tree[x]94[z]900[height]2.9[diam]2.1
*[name]tree[x]92[z]901[height]2.9[diam]2.5
*[name]tree[x]97[z]902[height]3.9[diam]3.1
*[name]tree[x]99[z]902[height]3.7[diam]3.0
*[name]tree[x]94[z]903[height]2.4[diam]1.3
*[name]shrub[x]91[z]905[height]1.1[diam]1.1
*[name]tree[x]97[z]905[height]2.4[diam]1.5
*[name]herring[x]39[z]906[height]1.0[diam]1.0
*[name]tree[x]94[z]906[height]2.1[diam]1.6
*[name]shrub[x]92[z]908[height]0.7[diam]0.7
*[name]tree[x]96[z]908[height]3.5[diam]3.2
*[name]tree[x]99[z]908[height]3.8[diam]2.1
*[name]herring[x]40[z]910[height]1.0[diam]1.0
*[name]tree[x]96[z]911[height]3.1[diam]2.6
*[name]tree[x]96[z]913[height]3.7[diam]2.0
*[name]tree[x]98[z]913[height]3.2[diam]2.0
*[name]herring[x]41[z]914[height]1.0[diam]1.0
*[name]tree[x]98[z]916[height]3.1[diam]2.6
*[name]shrub[x]77[z]917[height]1.2[diam]1.2
*[name]tree[x]80[z]917[height]2.8[diam]1.5
*[name]shrub[x]82[z]917[height]0.9[diam]0.9
*[name]herring[x]43[z]918[height]1.0[diam]1.0
*[name]shrub[x]97[z]918[height]1.1[diam]1.1
*[name]tree[x]81[z]919[height]3.0[diam]1.8
*[name]tree[x]76[z]921[height]3.5[diam]2.0
*[name]tree[x]79[z]921[height]2.2[diam]1.5
*[name]herring[x]44[z]922[height]1.0[diam]1.0
*[name]tree[x]99[z]922[height]2.6[diam]1.5
*[name]tree[x]79[z]923[height]2.4[diam]1.7
*[name]shrub[x]75[z]925[height]0.9[diam]0.9
*[name]herring[x]45[z]926[height]1.0[diam]1.0
*[name]tree[x]77[z]927[height]2.5[diam]2.4
*[name]tree[x]98[z]927[height]3.1[diam]3.1
*[name]tree[x]96[z]929[height]3.7[diam]2.7
*[name]herring[x]46[z]930[height]1.0[diam]1.0
*[name]tree[x]98[z]932[height]2.2[diam]1.6
*[name]shrub[x]95[z]933[height]0.7[diam]0.7
*[name]herring[x]47[z]934[height]1.0[diam]1.0
*[name]tree[x]97[z]934[height]3.9[diam]2.9
*[name]shrub[x]94[z]935[height]1.0[diam]1.0
*[name]tree[x]98[z]935[height]2.5[diam]1.3
*[name]tree[x]96[z]936[height]2.9[diam]1.8
*[name]herring[x]49[z]938[height]1.0[diam]1.0
*[name]tree[x]99[z]938[height]2.9[diam]2.2
*[name]tree[x]94[z]939[height]3.3[diam]2.0
*[name]tree[x]97[z]939[height]2.1[diam]2.0
*[name]shrub[x]97[z]941[height]1.2[diam]1.2
*[name]tree[x]0[z]942[height]2.3[diam]2.3
*[name]herring[x]50[z]942[height]1.0[diam]1.0
*[name]tree[x]1[z]945[height]2.8[diam]2.0
*[name]herring[x]51[z]946[height]1.0[diam]1.0
*[name]tree[x]2[z]949[height]2.3[diam]1.8
*[name]tree[x]1[z]954[height]3.8[diam]3.1
*[name]tree[x]1[z]957[height]3.6[diam]3.4
*[name]tree[x]4[z]957[height]2.3[diam]2.1
*[name]tree[x]0[z]960[height]3.5[diam]2.8
*[name]tree[x]0[z]965[height]3.8[diam]2.1
*[name]tree_barren[x]45[z]966[height]3.5[diam]3.2
*[name]shrub[x]3[z]968[height]1.0[diam]1.0
*[name]tree[x]2[z]971[height]3.0[diam]1.6
*[name]start[x]61[z]972[height]6.0[diam]9.0
*[name]tree[x]8[z]973[height]3.4[diam]3.3
*[name]tree[x]81[z]974[height]2.5[diam]1.4
*[name]tree[x]4[z]975[height]3.0[diam]2.9
*[name]tree[x]7[z]975[height]2.7[diam]2.1
*[name]tree[x]53[z]976[height]3.6[diam]2.4
*[name]tree[x]73[z]976[height]3.4[diam]3.0
*[name]shrub[x]10[z]977[height]1.0[diam]1.0
*[name]tree[x]3[z]978[height]2.3[diam]2.1
*[name]tree[x]11[z]979[height]2.6[diam]1.4
*[name]tree_barren[x]82[z]980[height]3.0[diam]1.6
*[name]tree[x]90[z]981[height]3.9[diam]3.3
*[name]tree[x]53[z]982[height]3.7[diam]3.2
*[name]shrub[x]11[z]983[height]0.8[diam]0.8
*[name]shrub[x]7[z]984[height]1.0[diam]1.0
*[name]tree[x]72[z]984[height]3.7[diam]1.9
*[name]tree[x]47[z]985[height]3.1[diam]2.3
*[name]tree[x]80[z]988[height]3.1[diam]2.5
*[name]tree[x]51[z]989[height]2.4[diam]1.8
*[name]tree[x]39[z]996[height]3.7[diam]2.5
*[name]tree[x]85[z]996[height]2.1[diam]1.8
*[name]tree[x]46[z]998[height]3.3[diam]2.6
*[name]shrub[x]0[z]999[height]1.0[diam]1.0