# Generated by Tuxracer tools

# Materials:
*[material] 1 [mat] whitecol [diff] 0.48 0.48 0.48 [spec] 0.2 0.2 0.2 [exp] 50.0
*[material] 1 [mat] greycol [diff] 0.3 0.3 0.3 [spec] 0.5 0.5 0.5 [exp] 20.0
*[material] 1 [mat] blackcol [diff] 0.1 0.1 0.1 [spec] 0.4 0.4 0.4 [exp] 5.0
*[material] 1 [mat] iriscol [diff] 0.01 0.01 0.41 [spec] 0.4 0.4 0.4 [exp] 90.0

# Nodes:
*[node] 1 [par] 0 [order] 4 [scale] 0.35 0.35 0.35 [name] complete figure
*[node] 2 [par] 1 [order] 4 [scale] 0.90 0.90 0.90 [name] body
*[node] 72 [par] 2 [order] 45 [scale] 0.85 1.00 0.74 [vis] 10 [mat] greycol [name] black part of the body [shad] 1

*[node] 3 [par] 1 [order] 0 [trans] 0.00 0.40 0.05 [name] breast
*[node] 4 [par] 3 [order] 4 [scale] 0.72 0.72 0.72 [name] breast
*[node] 74 [par] 4 [order] 45 [scale] 0.95 1.00 0.80 [vis] 10 [mat] greycol [name] black part of the breast

# neck
*[node] 5 [par] 1 [order] 02 [trans] 0.00 0.90 0.07 [rot] 0.00 90.00 0.00 [name] neck and head
*[node] 6 [par] 5 [joint] neck [name] joint for neck
*[node] 7 [par] 6 [order] 2 [rot] 0.00 -90.00 0.00 [name] neck and head
*[node] 8 [par] 7 [order] 4 [scale] 0.45 0.50 0.45 [name] neck
*[node] 9 [par] 8 [order] 5 [vis] 10 [mat] greycol [name] black part of the neck [shad] 1

# head
*[node] 11 [par] 7 [order] 02 [trans] 0.00 0.30 0.07 [rot] 0.00 90.00 0.00 [name] head
*[node] 12 [par] 11 [joint] head [name] joint for head
*[node] 14 [par] 12 [order] 02 [trans] 0.00 0.20 0.00 [rot] 0.00 -90.00 0.00 [name] head
*[node] 15 [par] 14 [order] 45 [scale] 0.42 0.50 0.42 [vis] 10 [mat] greycol [name] head [shad] 1
*[node] 16 [par] 14 [order] 0145 [trans] 0.00 -0.20 0.30 [scale] 0.23 0.22 0.40 [vis] 6 [rot] 30.00 0.00 0.00 [mat] greycol [name] nose
*[node] 17 [par] 14 [order] 0145 [trans] -0.00 -0.30 0.62 [scale] 0.08 0.08 0.08 [vis] 6 [rot] 10.00 0.00 0.00 [mat] blackcol [name] nose
*[node] 18 [par] 14 [order] 023145 [trans] 0.13 0.02 0.38 [scale] 0.10 0.13 0.03 [vis] 4 [rot] 5.00 18.00 -5.00 [mat] whitecol [name] left eye
*[node] 19 [par] 14 [order] 023145 [trans] -0.13 0.02 0.38 [scale] 0.10 0.13 0.03 [vis] 4 [rot] 5.00 -18.00 -5.00 [mat] whitecol [name] right eye
*[node] 20 [par] 14 [order] 023145 [trans] 0.12 -0.00 0.40 [scale] 0.05 0.07 0.03 [vis] 2 [rot] 5.00 18.00 5.00 [mat] iriscol [name] left iris
*[node] 21 [par] 14 [order] 023145 [trans] -0.12 -0.00 0.40 [scale] 0.05 0.07 0.03 [vis] 2 [rot] 5.00 -18.00 -5.00 [mat] iriscol [name] right iris

# left_shldr
*[node] 22 [par] 3 [order] 2031 [trans] -0.56 0.30 0.00 [rot] 90.00 180.00 45.00 [name] left arm
*[node] 23 [par] 22 [joint] left_shldr [name] joint for left shoulder
*[node] 24 [par] 23 [order] 01 [trans] -0.22 0.00 0.00 [rot] -90.00 0.00 0.00 [name] left arm
*[node] 25 [par] 24 [order] 45 [scale] 0.34 0.10 0.20 [vis] 5 [mat] greycol [name] left upper arm [shad] 1

# joint
*[node] 30 [par] 24 [order] 031 [trans] -0.23 0.00 0.00 [rot] 90.00 0.00 20.00 [name] left forearm and hand
*[node] 31 [par] 30 [joint] joint [name] joint for left_elbow
*[node] 32 [par] 31 [order] 01 [trans] -0.19 0.00 0.00 [rot] -90.00 0.00 0.00 [name] left forearm and hand
*[node] 33 [par] 32 [order] 45 [scale] 0.30 0.07 0.15 [vis] 5 [mat] greycol [name] left forearm [shad] 1

# right_shldr
*[node] 26 [par] 3 [order] 031 [trans] -0.56 0.30 0.00 [rot] -90.00 0.00 45.00 [name] right arm
*[node] 27 [par] 26 [joint] right_shldr [name] joint for right shoulder
*[node] 28 [par] 27 [order] 01 [trans] -0.22 0.00 0.00 [rot] 90.00 0.00 0.00 [name] right arm
*[node] 29 [par] 28 [order] 45 [scale] 0.34 0.10 0.20 [vis] 5 [mat] greycol [name] right upper arm [shad] 1

# right_elbow
*[node] 34 [par] 28 [order] 031 [trans] -0.23 0.00 0.00 [rot] -90.00 0.00 20.00 [name] rigth forearm and hand
*[node] 35 [par] 34 [joint] right_elbow [name] joint for right elbow
*[node] 36 [par] 35 [order] 01 [trans] -0.19 0.00 0.00 [rot] 90.00 0.00 0.00 [name] right forearm and hand
*[node] 37 [par] 36 [order] 45 [scale] 0.30 0.07 0.15 [vis] 5 [mat] greycol [name] right forearm [shad] 1

# left_hip
*[node] 46 [par] 1 [order] 209 [trans] 0.00 -0.80 0.00 [rot] 0.00 180.00 110.00 [name] left leg
*[node] 47 [par] 46 [joint] left_hip [name] joint for left leg
*[node] 48 [par] 47 [order] 02 [trans] 0.00 -0.10 0.00 [rot] 0.00 -110.00 0.00 [name] left leg
*[node] 49 [par] 48 [order] 45 [scale] 0.31 0.40 0.35 [vis] 5 [mat] greycol [name] left highbone [shad] 1
*[node] 50 [par] 48 [order] 045 [trans] 0.00 0.17 0.00 [scale] 0.41 0.34 0.41 [vis] 6 [mat] greycol [name] left hip

# left_knee
*[node] 56 [par] 48 [order] 02 [trans] 0.00 -0.21 0.00 [rot] 0.00 90.00 0.00 [name] left lower leg and foot
*[node] 57 [par] 56 [joint] left_knee [name] joint for left knee
*[node] 58 [par] 57 [order] 02 [trans] 0.00 -0.13 0.00 [rot] 0.00 0.00 0.00 [name] left lower leg and foot
*[node] 59 [par] 58 [order] 45 [scale] 0.24 0.18 0.22 [vis] 4 [mat] greycol [name] left lower leg

# left_ankle
*[node] 64 [par] 58 [order] 02 [trans] 0.00 -0.18 0.00 [rot] 0.00 -50.00 0.00 [name] left foot
*[node] 65 [par] 64 [joint] left_ankle [name] joint for left ankle
*[node] 76 [par] 65 [order] 0234 [trans] 0.00 0.08 0.00 [scale] 1.10 1.00 1.30 [rot] 0.00 45.00 115.00 [name] left foot
*[node] 77 [par] 76 [order] 0245 [trans] -0.38 0.00 -0.18 [scale] 0.27 0.07 0.10 [vis] 8 [rot] 0.00 0.00 0.00 [mat] blackcol [name] toe at left foot [shad] 1
*[node] 78 [par] 76 [order] 0245 [trans] -0.07 0.00 0.16 [scale] 0.27 0.07 0.11 [vis] 8 [rot] 0.00 30.00 0.00 [mat] blackcol [name] toe at left foot [shad] 1
*[node] 79 [par] 76 [order] 0245 [trans] -0.07 0.00 -0.10 [scale] 0.27 0.07 0.11 [vis] 8 [rot] 0.00 -30.00 0.00 [mat] blackcol [name] toe at left foot [shad] 1
*[node] 80 [par] 76 [order] 0245 [trans] -0.38 0.00 0.24 [scale] 0.27 0.07 0.10 [vis] 8 [rot] 0.00 0.00 0.00 [mat] blackcol [name] toe at left foot [shad] 1
*[node] 81 [par] 14 [order] 045 [trans] -0.00 -0.30 0.64 [scale] 0.36 0.01 -0.00 [vis] 1 [mat] blackcol [name] whisker
*[node] 82 [par] 14 [order] 0345 [trans] -0.00 -0.30 0.64 [scale] 0.36 0.01 -0.00 [vis] 1 [rot] 0.00 0.00 20.00 [mat] blackcol [name] whisker
*[node] 83 [par] 14 [order] 0345 [trans] -0.00 -0.30 0.64 [scale] 0.36 0.01 -0.00 [vis] 1 [rot] 0.00 0.00 -20.00 [mat] blackcol [name] whisker
*[node] 84 [par] 14 [order] 012345 [trans] -0.00 0.30 -0.00 [scale] 0.44 0.07 0.44 [vis] 6 [rot] 0.00 0.00 0.00 [mat] blackcol [name] hat
*[node] 85 [par] 14 [order] 012345 [trans] -0.00 0.30 -0.00 [scale] 0.34 0.35 0.34 [vis] 6 [rot] 0.00 0.00 0.00 [mat] blackcol [name] hat