*[name]tree[x]41[z]1[height]4.0[diam]3.3
*[name]flag[x]44[z]1[height]1.0[diam]1.0
*[name]tree[x]45[z]1[height]2.8[diam]2.2
*[name]tree[x]49[z]1[height]3.0[diam]2.1
*[name]flag[x]51[z]1[height]1.0[diam]1.0
*[name]tree[x]5[z]2[height]3.5[diam]3.0
*[name]tree[x]38[z]2[height]3.9[diam]2.0
*[name]tree[x]39[z]2[height]3.5[diam]2.7
*[name]flag[x]47[z]2[height]1.0[diam]1.0
*[name]flag[x]49[z]2[height]1.0[diam]1.0
*[name]tree[x]34[z]3[height]2.8[diam]2.3
*[name]tree[x]37[z]3[height]3.3[diam]2.4
*[name]tree[x]39[z]3[height]2.9[diam]2.8
*[name]flag[x]40[z]3[height]1.0[diam]1.0
*[name]flag[x]42[z]3[height]1.0[diam]1.0
*[name]tree[x]53[z]3[height]3.4[diam]2.5
*[name]shrub[x]56[z]3[height]1.1[diam]1.1
*[name]tree[x]84[z]3[height]2.5[diam]2.1
*[name]shrub[x]26[z]4[height]1.1[diam]1.1
*[name]tree[x]36[z]4[height]3.7[diam]3.1
*[name]flag[x]37[z]4[height]1.0[diam]1.0
*[name]flag[x]40[z]4[height]1.0[diam]1.0
*[name]flag[x]50[z]4[height]1.0[diam]1.0
*[name]flag[x]51[z]4[height]1.0[diam]1.0
*[name]tree[x]15[z]5[height]2.5[diam]1.3
*[name]tree[x]33[z]5[height]3.6[diam]3.1
*[name]tree[x]34[z]5[height]2.8[diam]2.5
*[name]flag[x]37[z]5[height]1.0[diam]1.0
*[name]flag[x]39[z]5[height]1.0[diam]1.0
*[name]tree[x]50[z]5[height]2.9[diam]2.6
*[name]flag[x]51[z]5[height]1.0[diam]1.0
*[name]tree[x]34[z]6[height]2.6[diam]2.5
*[name]flag[x]35[z]6[height]1.0[diam]1.0
*[name]tree[x]39[z]6[height]2.4[diam]1.2
*[name]finish[x]45[z]6[height]6.0[diam]9.0
*[name]flag[x]49[z]6[height]1.0[diam]1.0
*[name]tree[x]50[z]6[height]3.3[diam]1.9
*[name]tree[x]52[z]6[height]2.1[diam]1.5
*[name]flag[x]55[z]6[height]1.0[diam]1.0
*[name]tree[x]60[z]6[height]3.4[diam]2.5
*[name]tree[x]25[z]7[height]2.1[diam]1.4
*[name]tree[x]33[z]7[height]3.9[diam]2.9
*[name]tree[x]35[z]7[height]2.5[diam]2.0
*[name]tree[x]37[z]7[height]2.0[diam]1.1
*[name]tree[x]38[z]7[height]3.8[diam]3.1
*[name]flag[x]40[z]7[height]1.0[diam]1.0
*[name]tree[x]50[z]7[height]3.8[diam]3.3
*[name]flag[x]51[z]7[height]1.0[diam]1.0
*[name]flag[x]52[z]7[height]1.0[diam]1.0
*[name]flag[x]56[z]7[height]1.0[diam]1.0
*[name]shrub[x]20[z]8[height]0.8[diam]0.8
*[name]tree[x]28[z]8[height]2.3[diam]2.0
*[name]tree[x]31[z]8[height]2.2[diam]2.1
*[name]tree[x]32[z]8[height]2.4[diam]2.2
*[name]tree[x]33[z]8[height]2.7[diam]2.7
*[name]flag[x]39[z]8[height]1.0[diam]1.0
*[name]tree[x]51[z]8[height]2.4[diam]1.5
*[name]tree[x]52[z]8[height]2.3[diam]1.4
*[name]tree[x]54[z]8[height]3.9[diam]2.5
*[name]tree[x]55[z]8[height]2.6[diam]1.7
*[name]tree[x]30[z]9[height]2.0[diam]1.8
*[name]tree[x]37[z]9[height]2.8[diam]1.9
*[name]tree[x]53[z]9[height]3.4[diam]3.2
*[name]tree[x]55[z]9[height]3.2[diam]2.1
*[name]tree[x]56[z]9[height]3.8[diam]3.1
*[name]tree[x]61[z]9[height]2.3[diam]1.8
*[name]tree[x]62[z]9[height]3.1[diam]2.9
*[name]tree[x]72[z]9[height]3.8[diam]3.2
*[name]tree[x]22[z]10[height]3.4[diam]1.7
*[name]tree[x]28[z]10[height]3.2[diam]3.0
*[name]flag[x]36[z]10[height]1.0[diam]1.0
*[name]flag[x]55[z]10[height]1.0[diam]1.0
*[name]tree[x]57[z]10[height]3.8[diam]3.7
*[name]tree[x]59[z]10[height]3.7[diam]2.0
*[name]tree[x]77[z]10[height]2.5[diam]1.3
*[name]tree[x]12[z]11[height]2.6[diam]1.5
*[name]tree[x]26[z]11[height]2.7[diam]2.1
*[name]tree[x]58[z]11[height]3.1[diam]2.0
*[name]tree[x]60[z]11[height]2.7[diam]2.6
*[name]tree[x]61[z]11[height]3.4[diam]1.7
*[name]tree[x]62[z]11[height]3.6[diam]2.3
*[name]tree[x]64[z]11[height]2.7[diam]2.3
*[name]tree[x]65[z]11[height]3.8[diam]2.9
*[name]tree[x]67[z]11[height]2.5[diam]1.8
*[name]tree[x]77[z]11[height]2.8[diam]1.6
*[name]tree[x]78[z]11[height]2.3[diam]1.3
*[name]tree[x]24[z]12[height]2.3[diam]2.0
*[name]flag[x]56[z]12[height]1.0[diam]1.0
*[name]tree[x]62[z]12[height]2.0[diam]1.1
*[name]tree[x]64[z]12[height]3.4[diam]3.1
*[name]tree[x]23[z]13[height]2.3[diam]2.2
*[name]tree[x]24[z]13[height]3.8[diam]2.7
*[name]tree[x]63[z]13[height]2.2[diam]1.4
*[name]tree[x]65[z]13[height]2.1[diam]1.7
*[name]shrub[x]67[z]13[height]0.9[diam]0.9
*[name]tree[x]70[z]13[height]2.8[diam]2.2
*[name]tree[x]83[z]13[height]2.5[diam]1.8
*[name]tree[x]21[z]14[height]2.7[diam]2.1
*[name]flag[x]37[z]14[height]1.0[diam]1.0
*[name]tree[x]54[z]14[height]3.5[diam]1.9
*[name]tree[x]66[z]14[height]2.9[diam]1.8
*[name]tree[x]67[z]14[height]2.6[diam]2.5
*[name]tree[x]70[z]14[height]3.4[diam]2.5
*[name]tree[x]72[z]14[height]2.0[diam]1.9
*[name]tree[x]20[z]15[height]3.2[diam]2.8
*[name]tree[x]21[z]15[height]3.7[diam]3.1
*[name]tree[x]22[z]15[height]2.9[diam]2.5
*[name]tree[x]38[z]15[height]3.6[diam]2.5
*[name]flag[x]54[z]15[height]1.0[diam]1.0
*[name]tree[x]67[z]15[height]3.2[diam]2.0
*[name]tree[x]70[z]15[height]2.9[diam]2.7
*[name]tree[x]17[z]16[height]2.6[diam]1.4
*[name]tree[x]53[z]16[height]2.8[diam]2.4
*[name]tree[x]68[z]16[height]3.3[diam]2.7
*[name]tree[x]5[z]17[height]2.3[diam]1.2
*[name]tree[x]20[z]17[height]2.3[diam]2.2
*[name]shrub[x]22[z]17[height]0.6[diam]0.6
*[name]tree[x]39[z]17[height]3.2[diam]1.9
*[name]tree[x]70[z]17[height]2.8[diam]2.1
*[name]tree[x]20[z]18[height]3.8[diam]3.5
*[name]flag[x]38[z]18[height]1.0[diam]1.0
*[name]flag[x]52[z]18[height]1.0[diam]1.0
*[name]tree[x]69[z]18[height]3.0[diam]2.6
*[name]tree[x]18[z]19[height]3.0[diam]1.9
*[name]tree[x]19[z]19[height]3.2[diam]1.8
*[name]tree[x]39[z]19[height]3.4[diam]2.2
*[name]herring[x]45[z]19[height]1.0[diam]1.0
*[name]tree[x]71[z]19[height]3.9[diam]2.1
*[name]tree[x]72[z]19[height]3.8[diam]2.3
*[name]flag[x]17[z]20[height]1.0[diam]1.0
*[name]tree[x]19[z]20[height]3.1[diam]2.6
*[name]tree[x]80[z]20[height]3.1[diam]2.5
*[name]tree[x]8[z]21[height]2.2[diam]1.4
*[name]tree[x]71[z]21[height]2.6[diam]2.3
*[name]tree[x]73[z]21[height]2.7[diam]1.8
*[name]tree[x]8[z]22[height]3.8[diam]2.5
*[name]tree[x]17[z]22[height]2.8[diam]2.1
*[name]tree[x]18[z]22[height]3.0[diam]2.7
*[name]tree[x]40[z]22[height]4.0[diam]2.8
*[name]herring[x]45[z]22[height]1.0[diam]1.0
*[name]flag[x]51[z]22[height]1.0[diam]1.0
*[name]tree[x]52[z]22[height]3.3[diam]2.5
*[name]tree[x]73[z]22[height]2.3[diam]1.3
*[name]flag[x]39[z]23[height]1.0[diam]1.0
*[name]flag[x]51[z]23[height]1.0[diam]1.0
*[name]tree[x]72[z]23[height]3.5[diam]3.0
*[name]tree[x]17[z]24[height]2.6[diam]1.9
*[name]tree[x]52[z]24[height]4.0[diam]2.5
*[name]tree[x]13[z]25[height]3.1[diam]2.9
*[name]tree[x]40[z]25[height]3.0[diam]1.6
*[name]herring[x]45[z]25[height]1.0[diam]1.0
*[name]flag[x]72[z]25[height]1.0[diam]1.0
*[name]tree[x]16[z]26[height]3.2[diam]1.6
*[name]tree[x]39[z]26[height]3.4[diam]2.9
*[name]tree[x]52[z]26[height]2.5[diam]1.3
*[name]tree[x]72[z]26[height]2.9[diam]2.4
*[name]tree[x]73[z]26[height]2.7[diam]1.8
*[name]tree[x]5[z]27[height]3.9[diam]3.4
*[name]tree[x]17[z]27[height]3.7[diam]2.6
*[name]flag[x]38[z]27[height]1.0[diam]1.0
*[name]flag[x]51[z]27[height]1.0[diam]1.0
*[name]tree[x]73[z]27[height]3.1[diam]2.8
*[name]tree[x]37[z]29[height]3.6[diam]2.2
*[name]tree[x]51[z]29[height]2.7[diam]2.6
*[name]flag[x]53[z]29[height]1.0[diam]1.0
*[name]flag[x]36[z]30[height]1.0[diam]1.0
*[name]tree[x]52[z]31[height]2.7[diam]1.5
*[name]tree[x]17[z]32[height]3.3[diam]2.7
*[name]tree[x]37[z]32[height]3.1[diam]2.5
*[name]flag[x]53[z]32[height]1.0[diam]1.0
*[name]tree[x]87[z]32[height]3.8[diam]2.1
*[name]tree[x]88[z]32[height]3.0[diam]2.1
*[name]flag[x]17[z]33[height]1.0[diam]1.0
*[name]tree[x]52[z]33[height]2.3[diam]1.3
*[name]tree[x]73[z]33[height]2.9[diam]2.7
*[name]tree[x]88[z]33[height]3.6[diam]3.1
*[name]flag[x]36[z]34[height]1.0[diam]1.0
*[name]tree[x]73[z]34[height]3.8[diam]2.3
*[name]tree[x]15[z]35[height]2.8[diam]1.7
*[name]tree[x]36[z]35[height]3.2[diam]2.1
*[name]tree[x]82[z]35[height]4.0[diam]2.9
*[name]tree[x]7[z]36[height]3.4[diam]2.6
*[name]flag[x]52[z]36[height]1.0[diam]1.0
*[name]shrub[x]78[z]36[height]0.8[diam]0.8
*[name]flag[x]35[z]37[height]1.0[diam]1.0
*[name]tree[x]3[z]38[height]3.0[diam]2.6
*[name]flag[x]35[z]38[height]1.0[diam]1.0
*[name]tree[x]36[z]38[height]3.2[diam]2.3
*[name]tree[x]71[z]38[height]2.2[diam]1.9
*[name]tree[x]3[z]39[height]2.1[diam]1.9
*[name]tree[x]19[z]39[height]2.6[diam]2.2
*[name]flag[x]49[z]39[height]1.0[diam]1.0
*[name]tree[x]73[z]40[height]3.3[diam]2.3
*[name]tree[x]35[z]41[height]2.4[diam]1.3
*[name]flag[x]33[z]42[height]1.0[diam]1.0
*[name]flag[x]47[z]42[height]1.0[diam]1.0
*[name]flag[x]72[z]42[height]1.0[diam]1.0
*[name]tree[x]16[z]43[height]3.1[diam]2.0
*[name]herring[x]43[z]44[height]1.0[diam]1.0
*[name]tree[x]14[z]45[height]3.1[diam]2.2
*[name]tree[x]48[z]45[height]2.1[diam]1.3
*[name]tree[x]74[z]45[height]2.7[diam]1.7
*[name]flag[x]17[z]46[height]1.0[diam]1.0
*[name]flag[x]47[z]46[height]1.0[diam]1.0
*[name]shrub[x]11[z]48[height]1.0[diam]1.0
*[name]flag[x]33[z]48[height]1.0[diam]1.0
*[name]tree[x]82[z]48[height]3.2[diam]2.9
*[name]flag[x]33[z]49[height]1.0[diam]1.0
*[name]tree[x]35[z]49[height]3.9[diam]3.1
*[name]flag[x]49[z]49[height]1.0[diam]1.0
*[name]tree[x]18[z]50[height]2.6[diam]2.2
*[name]shrub[x]62[z]50[height]0.7[diam]0.7
*[name]tree[x]74[z]51[height]3.1[diam]1.9
*[name]tree[x]9[z]52[height]3.7[diam]2.2
*[name]flag[x]51[z]52[height]1.0[diam]1.0
*[name]shrub[x]67[z]53[height]1.0[diam]1.0
*[name]tree[x]15[z]54[height]3.9[diam]3.7
*[name]flag[x]36[z]54[height]1.0[diam]1.0
*[name]tree[x]70[z]54[height]3.4[diam]2.9
*[name]tree[x]73[z]54[height]2.4[diam]1.7
*[name]tree[x]87[z]54[height]2.6[diam]2.2
*[name]tree[x]19[z]55[height]3.2[diam]2.2
*[name]tree[x]72[z]55[height]2.4[diam]2.2
*[name]flag[x]53[z]56[height]1.0[diam]1.0
*[name]flag[x]37[z]58[height]1.0[diam]1.0
*[name]herring[x]46[z]58[height]1.0[diam]1.0
*[name]tree[x]80[z]59[height]3.9[diam]3.2
*[name]tree[x]5[z]60[height]3.8[diam]2.4
*[name]tree[x]16[z]60[height]4.0[diam]2.3
*[name]tree[x]53[z]60[height]3.8[diam]3.0
*[name]flag[x]54[z]60[height]1.0[diam]1.0
*[name]tree[x]68[z]60[height]2.1[diam]1.9
*[name]tree[x]69[z]60[height]2.3[diam]1.5
*[name]tree[x]72[z]60[height]3.1[diam]2.0
*[name]tree[x]5[z]61[height]3.8[diam]3.3
*[name]flag[x]34[z]61[height]1.0[diam]1.0
*[name]tree[x]53[z]61[height]2.2[diam]1.2
*[name]tree[x]72[z]61[height]2.8[diam]1.5
*[name]tree[x]5[z]62[height]4.0[diam]2.2
*[name]flag[x]17[z]63[height]1.0[diam]1.0
*[name]tree[x]52[z]63[height]3.4[diam]2.1
*[name]flag[x]53[z]63[height]1.0[diam]1.0
*[name]tree[x]8[z]64[height]3.1[diam]1.6
*[name]flag[x]31[z]64[height]1.0[diam]1.0
*[name]flag[x]52[z]64[height]1.0[diam]1.0
*[name]tree[x]70[z]64[height]3.7[diam]2.1
*[name]tree[x]19[z]65[height]2.9[diam]1.5
*[name]flag[x]31[z]65[height]1.0[diam]1.0
*[name]tree[x]50[z]65[height]3.9[diam]2.8
*[name]flag[x]72[z]65[height]1.0[diam]1.0
*[name]tree[x]74[z]65[height]3.4[diam]3.1
*[name]shrub[x]77[z]65[height]1.0[diam]1.0
*[name]tree[x]24[z]66[height]3.3[diam]1.7
*[name]tree[x]22[z]67[height]3.1[diam]2.0
*[name]flag[x]50[z]67[height]1.0[diam]1.0
*[name]tree[x]17[z]68[height]2.1[diam]1.5
*[name]tree[x]47[z]68[height]2.8[diam]1.9
*[name]tree[x]74[z]68[height]4.0[diam]3.3
*[name]tree[x]15[z]69[height]2.5[diam]2.2
*[name]tree[x]18[z]69[height]3.6[diam]2.4
*[name]tree[x]22[z]69[height]2.3[diam]2.1
*[name]tree[x]21[z]70[height]2.7[diam]1.7
*[name]flag[x]31[z]70[height]1.0[diam]1.0
*[name]flag[x]48[z]70[height]1.0[diam]1.0
*[name]tree[x]71[z]70[height]3.1[diam]2.4
*[name]tree[x]10[z]71[height]3.6[diam]2.8
*[name]tree[x]72[z]71[height]2.8[diam]2.7
*[name]tree[x]18[z]72[height]2.1[diam]1.5
*[name]tree[x]21[z]72[height]3.7[diam]2.7
*[name]flag[x]50[z]72[height]1.0[diam]1.0
*[name]tree[x]56[z]73[height]2.2[diam]1.9
*[name]tree[x]19[z]74[height]2.2[diam]2.0
*[name]tree[x]73[z]74[height]3.5[diam]2.9
*[name]flag[x]34[z]75[height]1.0[diam]1.0
*[name]tree[x]70[z]75[height]2.1[diam]1.9
*[name]tree[x]3[z]76[height]2.2[diam]1.6
*[name]flag[x]17[z]76[height]1.0[diam]1.0
*[name]tree[x]20[z]76[height]2.3[diam]1.3
*[name]flag[x]54[z]76[height]1.0[diam]1.0
*[name]flag[x]57[z]76[height]1.0[diam]1.0
*[name]tree[x]84[z]76[height]2.2[diam]1.6
*[name]tree[x]3[z]77[height]3.7[diam]3.5
*[name]tree[x]71[z]77[height]3.5[diam]3.5
*[name]tree[x]15[z]78[height]3.4[diam]1.9
*[name]herring[x]46[z]78[height]1.0[diam]1.0
*[name]flag[x]39[z]79[height]1.0[diam]1.0
*[name]flag[x]61[z]79[height]1.0[diam]1.0
*[name]tree[x]7[z]80[height]2.5[diam]1.6
*[name]herring[x]48[z]80[height]1.0[diam]1.0
*[name]flag[x]64[z]80[height]1.0[diam]1.0
*[name]tree[x]69[z]80[height]3.3[diam]1.7
*[name]tree[x]72[z]80[height]3.7[diam]1.9
*[name]tree[x]7[z]81[height]3.9[diam]3.6
*[name]tree[x]18[z]81[height]3.0[diam]2.7
*[name]herring[x]50[z]81[height]1.0[diam]1.0
*[name]tree[x]72[z]81[height]2.6[diam]2.1
*[name]tree[x]16[z]82[height]3.0[diam]2.1
*[name]flag[x]43[z]82[height]1.0[diam]1.0
*[name]flag[x]72[z]82[height]1.0[diam]1.0
*[name]herring[x]52[z]83[height]1.0[diam]1.0
*[name]flag[x]67[z]83[height]1.0[diam]1.0
*[name]shrub[x]82[z]84[height]0.8[diam]0.8
*[name]tree[x]70[z]85[height]2.5[diam]1.4
*[name]flag[x]71[z]85[height]1.0[diam]1.0
*[name]tree[x]7[z]87[height]2.9[diam]1.5
*[name]tree[x]15[z]87[height]2.3[diam]2.2
*[name]tree[x]32[z]87[height]2.5[diam]1.6
*[name]flag[x]47[z]87[height]1.0[diam]1.0
*[name]tree[x]72[z]87[height]2.0[diam]1.7
*[name]tree[x]34[z]88[height]2.2[diam]2.1
*[name]tree[x]37[z]89[height]2.8[diam]1.5
*[name]tree[x]38[z]89[height]3.3[diam]2.5
*[name]tree[x]40[z]90[height]2.6[diam]2.5
*[name]tree[x]41[z]90[height]2.3[diam]1.6
*[name]flag[x]51[z]90[height]1.0[diam]1.0
*[name]flag[x]72[z]90[height]1.0[diam]1.0
*[name]tree[x]78[z]90[height]3.5[diam]2.1
*[name]shrub[x]10[z]91[height]0.8[diam]0.8
*[name]tree[x]18[z]91[height]3.2[diam]2.7
*[name]tree[x]43[z]91[height]2.1[diam]2.1
*[name]tree[x]44[z]91[height]2.6[diam]2.1
*[name]tree[x]72[z]91[height]2.7[diam]2.2
*[name]tree[x]0[z]92[height]3.7[diam]2.6
*[name]tree[x]1[z]92[height]2.3[diam]2.2
*[name]tree[x]45[z]92[height]3.1[diam]1.6
*[name]tree[x]0[z]93[height]2.4[diam]2.2
*[name]flag[x]17[z]93[height]1.0[diam]1.0
*[name]tree[x]48[z]93[height]2.1[diam]1.9
*[name]tree[x]50[z]94[height]3.9[diam]3.8
*[name]flag[x]54[z]94[height]1.0[diam]1.0
*[name]tree[x]16[z]95[height]2.5[diam]1.3
*[name]flag[x]74[z]95[height]1.0[diam]1.0
*[name]tree[x]73[z]97[height]3.1[diam]2.8
*[name]flag[x]55[z]98[height]1.0[diam]1.0
*[name]tree[x]16[z]99[height]2.6[diam]1.9
*[name]tree[x]53[z]99[height]3.8[diam]3.2
*[name]flag[x]73[z]99[height]1.0[diam]1.0
*[name]tree[x]86[z]99[height]2.4[diam]1.4
*[name]tree[x]18[z]100[height]3.9[diam]3.5
*[name]tree[x]71[z]100[height]3.6[diam]1.8
*[name]flag[x]50[z]101[height]1.0[diam]1.0
*[name]flag[x]45[z]102[height]1.0[diam]1.0
*[name]flag[x]45[z]103[height]1.0[diam]1.0
*[name]flag[x]70[z]103[height]1.0[diam]1.0
*[name]tree[x]18[z]104[height]3.5[diam]1.9
*[name]flag[x]17[z]105[height]1.0[diam]1.0
*[name]flag[x]40[z]105[height]1.0[diam]1.0
*[name]tree[x]72[z]105[height]3.2[diam]1.7
*[name]flag[x]66[z]106[height]1.0[diam]1.0
*[name]tree[x]7[z]107[height]3.6[diam]2.6
*[name]herring[x]51[z]107[height]1.0[diam]1.0
*[name]flag[x]72[z]107[height]1.0[diam]1.0
*[name]tree[x]7[z]108[height]2.9[diam]2.8
*[name]flag[x]35[z]108[height]1.0[diam]1.0
*[name]herring[x]48[z]108[height]1.0[diam]1.0
*[name]tree[x]15[z]109[height]2.8[diam]1.5
*[name]tree[x]18[z]109[height]3.9[diam]3.1
*[name]tree[x]31[z]109[height]3.8[diam]3.7
*[name]flag[x]63[z]109[height]1.0[diam]1.0
*[name]tree[x]71[z]109[height]2.8[diam]2.6
*[name]herring[x]46[z]110[height]1.0[diam]1.0
*[name]herring[x]44[z]111[height]1.0[diam]1.0
*[name]tree[x]57[z]111[height]3.8[diam]3.2
*[name]flag[x]59[z]111[height]1.0[diam]1.0
*[name]flag[x]29[z]112[height]1.0[diam]1.0
*[name]shrub[x]55[z]112[height]1.1[diam]1.1
*[name]tree[x]73[z]113[height]3.0[diam]2.1
*[name]tree[x]16[z]114[height]2.3[diam]2.2
*[name]flag[x]17[z]114[height]1.0[diam]1.0
*[name]tree[x]18[z]114[height]2.7[diam]2.4
*[name]tree[x]19[z]114[height]2.3[diam]1.7
*[name]tree[x]24[z]114[height]3.5[diam]3.4
*[name]tree[x]18[z]115[height]2.6[diam]2.2
*[name]flag[x]25[z]115[height]1.0[diam]1.0
*[name]shrub[x]26[z]115[height]1.0[diam]1.0
*[name]shrub[x]33[z]115[height]0.8[diam]0.8
*[name]tree[x]54[z]115[height]2.7[diam]2.4
*[name]flag[x]55[z]115[height]1.0[diam]1.0
*[name]tree[x]9[z]116[height]2.3[diam]2.1
*[name]tree[x]71[z]116[height]2.5[diam]1.4
*[name]tree[x]9[z]117[height]2.4[diam]1.6
*[name]shrub[x]59[z]117[height]0.6[diam]0.6
*[name]tree[x]16[z]118[height]3.6[diam]2.2
*[name]tree[x]29[z]118[height]4.0[diam]2.4
*[name]flag[x]51[z]119[height]1.0[diam]1.0
*[name]flag[x]72[z]119[height]1.0[diam]1.0
*[name]tree[x]5[z]120[height]2.0[diam]1.9
*[name]tree[x]6[z]120[height]3.8[diam]3.5
*[name]shrub[x]63[z]120[height]0.8[diam]0.8
*[name]tree[x]73[z]120[height]2.6[diam]2.6
*[name]tree[x]80[z]120[height]2.7[diam]2.3
*[name]tree[x]46[z]121[height]3.5[diam]2.7
*[name]flag[x]47[z]121[height]1.0[diam]1.0
*[name]tree[x]64[z]121[height]2.3[diam]1.7
*[name]flag[x]22[z]122[height]1.0[diam]1.0
*[name]tree[x]45[z]122[height]3.0[diam]2.1
*[name]tree[x]19[z]123[height]2.5[diam]1.5
*[name]flag[x]42[z]123[height]1.0[diam]1.0
*[name]tree[x]44[z]123[height]3.6[diam]2.8
*[name]tree[x]16[z]124[height]2.0[diam]2.0
*[name]tree[x]42[z]124[height]2.7[diam]1.8
*[name]tree[x]71[z]125[height]2.1[diam]1.6
*[name]tree[x]40[z]126[height]3.2[diam]1.7
*[name]tree[x]65[z]126[height]2.8[diam]2.5
*[name]tree[x]71[z]126[height]2.0[diam]1.6
*[name]flag[x]17[z]127[height]1.0[diam]1.0
*[name]flag[x]22[z]127[height]1.0[diam]1.0
*[name]tree[x]73[z]127[height]3.6[diam]3.5
*[name]tree[x]39[z]128[height]3.0[diam]2.4
*[name]flag[x]40[z]128[height]1.0[diam]1.0
*[name]tree[x]69[z]128[height]2.6[diam]2.4
*[name]tree[x]18[z]130[height]3.2[diam]2.7
*[name]tree[x]83[z]130[height]3.0[diam]2.1
*[name]flag[x]42[z]131[height]1.0[diam]1.0
*[name]tree[x]71[z]131[height]2.3[diam]1.9
*[name]tree[x]9[z]132[height]3.8[diam]3.1
*[name]tree[x]16[z]132[height]2.2[diam]1.2
*[name]flag[x]22[z]132[height]1.0[diam]1.0
*[name]tree[x]9[z]133[height]3.7[diam]3.5
*[name]flag[x]72[z]133[height]1.0[diam]1.0
*[name]tree[x]73[z]134[height]3.3[diam]3.1
*[name]tree[x]18[z]135[height]3.8[diam]2.0
*[name]tree[x]43[z]135[height]2.3[diam]2.2
*[name]tree[x]53[z]135[height]3.2[diam]2.8
*[name]tree[x]68[z]135[height]3.9[diam]3.9
*[name]flag[x]45[z]136[height]1.0[diam]1.0
*[name]tree[x]45[z]137[height]3.1[diam]3.1
*[name]tree[x]23[z]138[height]3.2[diam]2.2
*[name]flag[x]26[z]138[height]1.0[diam]1.0
*[name]tree[x]72[z]138[height]3.8[diam]2.0
*[name]tree[x]77[z]138[height]2.0[diam]1.2
*[name]tree[x]16[z]139[height]3.7[diam]3.0
*[name]flag[x]51[z]139[height]1.0[diam]1.0
*[name]herring[x]43[z]140[height]1.0[diam]1.0
*[name]tree[x]71[z]141[height]3.7[diam]2.5
*[name]tree[x]5[z]142[height]2.0[diam]1.0
*[name]tree[x]6[z]142[height]2.0[diam]1.9
*[name]tree[x]29[z]142[height]3.3[diam]1.8
*[name]flag[x]30[z]142[height]1.0[diam]1.0
*[name]herring[x]45[z]142[height]1.0[diam]1.0
*[name]flag[x]55[z]142[height]1.0[diam]1.0
*[name]tree[x]21[z]143[height]4.0[diam]3.1
*[name]tree[x]22[z]143[height]4.0[diam]3.3
*[name]flag[x]17[z]144[height]1.0[diam]1.0
*[name]shrub[x]26[z]144[height]0.8[diam]0.8
*[name]herring[x]47[z]144[height]1.0[diam]1.0
*[name]tree[x]15[z]145[height]3.8[diam]3.2
*[name]flag[x]34[z]145[height]1.0[diam]1.0
*[name]herring[x]49[z]145[height]1.0[diam]1.0
*[name]flag[x]72[z]145[height]1.0[diam]1.0
*[name]tree[x]24[z]146[height]3.1[diam]2.8
*[name]flag[x]60[z]146[height]1.0[diam]1.0
*[name]shrub[x]19[z]147[height]0.8[diam]0.8
*[name]tree[x]74[z]147[height]2.6[diam]2.3
*[name]tree[x]15[z]148[height]2.7[diam]2.5
*[name]tree[x]18[z]148[height]3.6[diam]3.4
*[name]flag[x]63[z]148[height]1.0[diam]1.0
*[name]tree[x]82[z]148[height]2.4[diam]2.1
*[name]flag[x]38[z]149[height]1.0[diam]1.0
*[name]tree[x]65[z]150[height]4.0[diam]2.4
*[name]tree[x]70[z]150[height]3.8[diam]3.6
*[name]tree[x]13[z]151[height]3.7[diam]3.3
*[name]tree[x]16[z]151[height]2.4[diam]2.3
*[name]tree[x]18[z]151[height]3.6[diam]2.2
*[name]flag[x]68[z]151[height]1.0[diam]1.0
*[name]tree[x]9[z]152[height]3.5[diam]2.6
*[name]tree[x]18[z]152[height]2.6[diam]2.3
*[name]flag[x]41[z]152[height]1.0[diam]1.0
*[name]tree[x]72[z]152[height]2.0[diam]1.3
*[name]tree[x]9[z]153[height]2.9[diam]2.0
*[name]tree[x]15[z]153[height]2.4[diam]1.4
*[name]tree[x]16[z]154[height]3.9[diam]3.9
*[name]flag[x]45[z]155[height]1.0[diam]1.0
*[name]flag[x]73[z]155[height]1.0[diam]1.0
*[name]tree[x]14[z]156[height]3.0[diam]1.9
*[name]tree[x]15[z]156[height]3.5[diam]3.2
*[name]tree[x]16[z]157[height]2.3[diam]1.7
*[name]flag[x]51[z]157[height]1.0[diam]1.0
*[name]tree[x]15[z]158[height]3.4[diam]2.3
*[name]tree[x]47[z]158[height]2.5[diam]2.1
*[name]tree[x]50[z]159[height]3.2[diam]1.8
*[name]tree[x]72[z]159[height]3.1[diam]2.2
*[name]tree[x]17[z]160[height]3.9[diam]3.5
*[name]flag[x]57[z]161[height]1.0[diam]1.0
*[name]flag[x]74[z]161[height]1.0[diam]1.0
*[name]shrub[x]12[z]162[height]0.8[diam]0.8
*[name]tree[x]15[z]162[height]3.5[diam]3.5
*[name]tree[x]17[z]162[height]2.1[diam]1.3
*[name]tree[x]55[z]162[height]2.6[diam]2.3
*[name]tree[x]51[z]163[height]2.6[diam]2.0
*[name]flag[x]58[z]163[height]1.0[diam]1.0
*[name]tree[x]7[z]164[height]2.5[diam]2.1
*[name]tree[x]7[z]165[height]3.6[diam]2.5
*[name]shrub[x]16[z]165[height]1.0[diam]1.0
*[name]tree[x]20[z]165[height]3.6[diam]3.3
*[name]tree[x]71[z]165[height]3.9[diam]3.0
*[name]flag[x]72[z]165[height]1.0[diam]1.0
*[name]tree[x]18[z]166[height]3.3[diam]1.8
*[name]tree[x]56[z]166[height]2.2[diam]1.5
*[name]flag[x]57[z]166[height]1.0[diam]1.0
*[name]tree[x]80[z]166[height]2.8[diam]1.9
*[name]flag[x]17[z]167[height]1.0[diam]1.0
*[name]tree[x]15[z]169[height]2.2[diam]2.1
*[name]tree[x]54[z]169[height]3.0[diam]2.5
*[name]flag[x]71[z]169[height]1.0[diam]1.0
*[name]tree[x]72[z]169[height]2.9[diam]2.1
*[name]tree[x]17[z]171[height]2.8[diam]2.4
*[name]tree[x]28[z]171[height]2.4[diam]1.7
*[name]tree[x]29[z]171[height]3.5[diam]2.6
*[name]flag[x]52[z]171[height]1.0[diam]1.0
*[name]tree[x]9[z]172[height]3.4[diam]2.7
*[name]tree[x]15[z]173[height]3.5[diam]2.3
*[name]flag[x]48[z]173[height]1.0[diam]1.0
*[name]flag[x]68[z]173[height]1.0[diam]1.0
*[name]tree[x]71[z]173[height]3.6[diam]2.6
*[name]tree[x]32[z]174[height]2.2[diam]1.3
*[name]tree[x]17[z]175[height]2.2[diam]2.1
*[name]flag[x]17[z]176[height]1.0[diam]1.0
*[name]tree[x]21[z]176[height]2.1[diam]1.1
*[name]flag[x]44[z]176[height]1.0[diam]1.0
*[name]flag[x]66[z]176[height]1.0[diam]1.0
*[name]flag[x]72[z]176[height]1.0[diam]1.0
*[name]tree[x]82[z]176[height]2.9[diam]2.4
*[name]tree[x]6[z]178[height]2.3[diam]1.8
*[name]tree[x]7[z]178[height]2.1[diam]1.7
*[name]flag[x]42[z]178[height]1.0[diam]1.0
*[name]tree[x]67[z]178[height]3.8[diam]2.2
*[name]tree[x]16[z]179[height]3.1[diam]2.2
*[name]flag[x]63[z]179[height]1.0[diam]1.0
*[name]tree[x]72[z]179[height]3.6[diam]3.5
*[name]tree[x]13[z]180[height]3.7[diam]2.2
*[name]tree[x]20[z]180[height]3.4[diam]1.8
*[name]flag[x]40[z]180[height]1.0[diam]1.0
*[name]flag[x]61[z]180[height]1.0[diam]1.0
*[name]tree[x]70[z]181[height]3.2[diam]2.3
*[name]shrub[x]75[z]181[height]0.9[diam]0.9
*[name]tree[x]37[z]182[height]2.5[diam]1.3
*[name]flag[x]59[z]182[height]1.0[diam]1.0
*[name]flag[x]36[z]184[height]1.0[diam]1.0
*[name]tree[x]10[z]185[height]2.6[diam]2.1
*[name]tree[x]18[z]185[height]3.7[diam]3.3
*[name]flag[x]56[z]185[height]1.0[diam]1.0
*[name]tree[x]68[z]185[height]3.3[diam]1.7
*[name]tree[x]78[z]185[height]3.7[diam]2.9
*[name]tree[x]35[z]186[height]2.2[diam]2.1
*[name]tree[x]68[z]186[height]4.0[diam]3.5
*[name]tree[x]73[z]186[height]2.1[diam]1.6
*[name]tree[x]53[z]187[height]3.7[diam]3.0
*[name]tree[x]56[z]187[height]2.8[diam]2.8
*[name]flag[x]32[z]188[height]1.0[diam]1.0
*[name]herring[x]41[z]188[height]1.0[diam]1.0
*[name]flag[x]52[z]188[height]1.0[diam]1.0
*[name]flag[x]72[z]188[height]1.0[diam]1.0
*[name]herring[x]40[z]189[height]1.0[diam]1.0
*[name]tree[x]70[z]189[height]2.3[diam]2.1
*[name]tree[x]5[z]190[height]3.5[diam]2.0
*[name]herring[x]39[z]190[height]1.0[diam]1.0
*[name]tree[x]51[z]190[height]3.4[diam]3.3
*[name]tree[x]29[z]191[height]3.7[diam]3.3
*[name]herring[x]38[z]191[height]1.0[diam]1.0
*[name]flag[x]50[z]191[height]1.0[diam]1.0
*[name]tree[x]64[z]191[height]3.0[diam]2.0
*[name]flag[x]26[z]192[height]1.0[diam]1.0
*[name]tree[x]49[z]192[height]2.7[diam]2.4
*[name]tree[x]56[z]192[height]2.7[diam]2.2
*[name]shrub[x]12[z]193[height]0.8[diam]0.8
*[name]tree[x]13[z]193[height]2.5[diam]1.7
*[name]flag[x]48[z]193[height]1.0[diam]1.0
*[name]tree[x]72[z]193[height]2.1[diam]1.3
*[name]tree[x]16[z]194[height]2.5[diam]2.0
*[name]tree[x]24[z]194[height]2.7[diam]1.6
*[name]tree[x]47[z]194[height]3.1[diam]1.8
*[name]tree[x]49[z]194[height]2.5[diam]1.3
*[name]flag[x]46[z]195[height]1.0[diam]1.0
*[name]tree[x]54[z]195[height]4.0[diam]3.7
*[name]tree[x]70[z]195[height]3.0[diam]2.9
*[name]flag[x]17[z]196[height]1.0[diam]1.0
*[name]tree[x]45[z]196[height]2.0[diam]1.4
*[name]tree[x]46[z]196[height]3.4[diam]2.0
*[name]tree[x]54[z]196[height]2.0[diam]1.7
*[name]flag[x]22[z]197[height]1.0[diam]1.0
*[name]tree[x]44[z]197[height]2.0[diam]1.8
*[name]tree[x]20[z]198[height]2.4[diam]1.6
*[name]flag[x]72[z]198[height]1.0[diam]1.0
*[name]tree[x]7[z]199[height]2.2[diam]2.2
*[name]flag[x]40[z]199[height]1.0[diam]1.0
*[name]tree[x]42[z]199[height]3.4[diam]3.0
*[name]tree[x]44[z]199[height]2.7[diam]2.6
*[name]flag[x]21[z]200[height]1.0[diam]1.0
*[name]tree[x]48[z]200[height]2.3[diam]1.6
*[name]tree[x]74[z]200[height]2.4[diam]1.7
*[name]tree[x]86[z]200[height]3.9[diam]3.1
*[name]tree[x]15[z]201[height]3.1[diam]2.4
*[name]tree[x]17[z]201[height]3.4[diam]3.0
*[name]tree[x]38[z]201[height]3.2[diam]2.6
*[name]tree[x]40[z]201[height]3.3[diam]1.8
*[name]tree[x]36[z]202[height]3.3[diam]2.7
*[name]flag[x]37[z]202[height]1.0[diam]1.0
*[name]tree[x]70[z]202[height]2.8[diam]1.9
*[name]tree[x]15[z]203[height]3.7[diam]2.6
*[name]tree[x]42[z]203[height]2.0[diam]1.9
*[name]shrub[x]50[z]203[height]0.7[diam]0.7
*[name]tree[x]15[z]204[height]2.4[diam]1.4
*[name]tree[x]37[z]204[height]2.6[diam]1.6
*[name]tree[x]46[z]204[height]3.8[diam]2.0
*[name]tree[x]72[z]204[height]3.1[diam]2.8
*[name]flag[x]21[z]205[height]1.0[diam]1.0
*[name]shrub[x]78[z]205[height]0.7[diam]0.7
*[name]shrub[x]15[z]206[height]1.2[diam]1.2
*[name]tree[x]17[z]206[height]2.0[diam]1.6
*[name]tree[x]19[z]206[height]3.8[diam]3.0
*[name]tree[x]37[z]206[height]2.3[diam]1.6
*[name]flag[x]38[z]206[height]1.0[diam]1.0
*[name]shrub[x]47[z]206[height]0.8[diam]0.8
*[name]tree[x]17[z]207[height]3.9[diam]3.9
*[name]tree[x]52[z]207[height]3.9[diam]3.1
*[name]tree[x]4[z]208[height]2.1[diam]1.7
*[name]flag[x]24[z]208[height]1.0[diam]1.0
*[name]tree[x]38[z]208[height]2.5[diam]1.9
*[name]flag[x]41[z]208[height]1.0[diam]1.0
*[name]tree[x]52[z]208[height]3.9[diam]2.1
*[name]tree[x]71[z]208[height]3.8[diam]3.7
*[name]flag[x]72[z]208[height]1.0[diam]1.0
*[name]tree[x]80[z]208[height]4.0[diam]2.1
*[name]flag[x]17[z]209[height]1.0[diam]1.0
*[name]tree[x]40[z]209[height]2.3[diam]1.3
*[name]shrub[x]75[z]209[height]0.8[diam]0.8
*[name]tree[x]16[z]210[height]2.7[diam]1.4
*[name]tree[x]41[z]210[height]2.9[diam]2.8
*[name]flag[x]26[z]211[height]1.0[diam]1.0
*[name]tree[x]46[z]211[height]3.8[diam]3.1
*[name]tree[x]47[z]211[height]3.7[diam]3.5
*[name]tree[x]70[z]211[height]2.5[diam]2.2
*[name]tree[x]42[z]212[height]2.9[diam]2.1
*[name]tree[x]72[z]212[height]2.3[diam]2.0
*[name]tree[x]76[z]212[height]2.7[diam]1.5
*[name]tree[x]7[z]213[height]3.4[diam]3.3
*[name]flag[x]27[z]213[height]1.0[diam]1.0
*[name]flag[x]45[z]213[height]1.0[diam]1.0
*[name]tree[x]44[z]214[height]2.4[diam]1.5
*[name]flag[x]28[z]215[height]1.0[diam]1.0
*[name]herring[x]37[z]215[height]1.0[diam]1.0
*[name]tree[x]81[z]215[height]2.4[diam]2.1
*[name]tree[x]45[z]216[height]2.4[diam]1.6
*[name]flag[x]46[z]216[height]1.0[diam]1.0
*[name]tree[x]71[z]216[height]3.1[diam]1.7
*[name]tree[x]16[z]217[height]2.6[diam]2.2
*[name]tree[x]53[z]217[height]2.5[diam]1.9
*[name]tree[x]3[z]218[height]2.1[diam]1.7
*[name]flag[x]30[z]218[height]1.0[diam]1.0
*[name]tree[x]46[z]218[height]3.1[diam]2.3
*[name]herring[x]40[z]219[height]1.0[diam]1.0
*[name]flag[x]47[z]219[height]1.0[diam]1.0
*[name]tree[x]46[z]220[height]3.0[diam]2.1
*[name]flag[x]72[z]220[height]1.0[diam]1.0
*[name]flag[x]17[z]221[height]1.0[diam]1.0
*[name]tree[x]48[z]221[height]2.3[diam]1.6
*[name]tree[x]69[z]221[height]2.6[diam]1.9
*[name]tree[x]32[z]222[height]2.1[diam]1.9
*[name]herring[x]41[z]222[height]1.0[diam]1.0
*[name]flag[x]33[z]223[height]1.0[diam]1.0
*[name]flag[x]49[z]223[height]1.0[diam]1.0
*[name]tree[x]49[z]224[height]3.7[diam]2.2
*[name]tree[x]72[z]224[height]3.0[diam]1.8
*[name]tree[x]49[z]225[height]2.7[diam]1.6
*[name]flag[x]17[z]226[height]1.0[diam]1.0
*[name]tree[x]35[z]226[height]2.3[diam]1.8
*[name]flag[x]36[z]226[height]1.0[diam]1.0
*[name]flag[x]50[z]226[height]1.0[diam]1.0
*[name]tree[x]34[z]227[height]2.9[diam]2.0
*[name]tree[x]50[z]227[height]2.4[diam]2.0
*[name]tree[x]70[z]227[height]3.4[diam]3.0
*[name]tree[x]8[z]228[height]3.5[diam]1.8
*[name]tree[x]13[z]228[height]2.8[diam]1.5
*[name]tree[x]79[z]228[height]3.0[diam]2.2
*[name]tree[x]84[z]228[height]3.3[diam]1.7
*[name]tree[x]49[z]229[height]3.9[diam]2.2
*[name]tree[x]50[z]229[height]3.0[diam]1.6
*[name]tree[x]71[z]230[height]3.0[diam]2.6
*[name]tree[x]75[z]230[height]3.1[diam]2.4
*[name]flag[x]37[z]231[height]1.0[diam]1.0
*[name]flag[x]72[z]231[height]1.0[diam]1.0
*[name]tree[x]73[z]231[height]3.1[diam]2.2
*[name]tree[x]75[z]231[height]3.5[diam]1.9
*[name]tree[x]30[z]232[height]3.2[diam]1.7
*[name]shrub[x]48[z]232[height]0.8[diam]0.8
*[name]flag[x]50[z]232[height]1.0[diam]1.0
*[name]tree[x]14[z]234[height]3.5[diam]2.8
*[name]flag[x]38[z]234[height]1.0[diam]1.0
*[name]start[x]44[z]234[height]6.0[diam]9.0
*[name]tree[x]49[z]234[height]3.5[diam]2.0
*[name]tree[x]75[z]234[height]3.7[diam]2.5
*[name]tree[x]30[z]235[height]3.7[diam]3.0
*[name]tree[x]77[z]235[height]2.3[diam]2.2
*[name]flag[x]39[z]236[height]1.0[diam]1.0
*[name]flag[x]49[z]236[height]1.0[diam]1.0
*[name]tree[x]85[z]236[height]2.0[diam]1.2
*[name]tree[x]47[z]237[height]2.8[diam]2.1
*[name]tree[x]31[z]238[height]3.7[diam]2.7
*[name]tree[x]42[z]238[height]2.8[diam]2.7
*[name]tree[x]76[z]238[height]3.9[diam]2.9
